2025-05-20 15:09:16 - ArimaModeler - INFO - [logger.py:103] - Починаємо навчання моделі ARIMA з порядком (1, 1, 1) для символу default
2025-05-20 15:09:16 - ArimaModeler - ERROR - [logger.py:111] - Помилка під час навчання моделі ARIMA: ARIMA.__init__() got multiple values for argument 'order'
2025-05-20 23:58:10 - ArimaModeler - INFO - [logger.py:103] - Починаємо навчання моделі ARIMA з порядком (1, 1, 1) для символу default
2025-05-20 23:58:10 - ArimaModeler - ERROR - [logger.py:111] - Помилка під час навчання моделі ARIMA: ARIMA.__init__() got multiple values for argument 'order'
2025-05-20 23:58:21 - ArimaModeler - INFO - [logger.py:103] - Починаємо навчання моделі SARIMA з порядком (1, 1, 1), сезонним порядком (0, 0, 1, 7) для символу default
2025-05-20 23:58:21 - ArimaModeler - INFO - [logger.py:103] - Починаємо навчання моделі ARIMA з порядком (1, 1, 1) для символу default
2025-05-20 23:58:21 - ArimaModeler - ERROR - [logger.py:111] - Помилка під час навчання моделі ARIMA: ARIMA.__init__() got multiple values for argument 'order'
2025-05-20 23:58:21 - ArimaModeler - INFO - [logger.py:103] - Починаємо навчання моделі ARIMA з порядком (1, 1, 1) для символу default
2025-05-20 23:58:21 - ArimaModeler - ERROR - [logger.py:111] - Помилка під час навчання моделі ARIMA: ARIMA.__init__() got multiple values for argument 'order'
2025-05-20 23:58:22 - ArimaModeler - INFO - [logger.py:103] - Починаємо навчання моделі SARIMA з порядком (0, 1, 0), сезонним порядком (0, 0, 0, 7) для символу default
2025-05-21 16:38:18 - ArimaModeler - INFO - [logger.py:103] - Починаємо навчання моделі ARIMA з порядком (1, 1, 1) для символу default
2025-05-21 16:38:18 - ArimaModeler - ERROR - [logger.py:111] - Помилка під час навчання моделі ARIMA: ARIMA.__init__() got multiple values for argument 'order'
2025-05-21 16:38:29 - ArimaModeler - INFO - [logger.py:103] - Починаємо навчання моделі SARIMA з порядком (1, 1, 1), сезонним порядком (0, 0, 1, 7) для символу default
2025-05-21 16:38:29 - ArimaModeler - INFO - [logger.py:103] - Починаємо навчання моделі ARIMA з порядком (1, 1, 1) для символу default
2025-05-21 16:38:29 - ArimaModeler - ERROR - [logger.py:111] - Помилка під час навчання моделі ARIMA: ARIMA.__init__() got multiple values for argument 'order'
2025-05-21 16:38:30 - ArimaModeler - INFO - [logger.py:103] - Починаємо навчання моделі ARIMA з порядком (1, 1, 1) для символу default
2025-05-21 16:38:30 - ArimaModeler - ERROR - [logger.py:111] - Помилка під час навчання моделі ARIMA: ARIMA.__init__() got multiple values for argument 'order'
2025-05-21 16:38:31 - ArimaModeler - INFO - [logger.py:103] - Починаємо навчання моделі SARIMA з порядком (0, 1, 0), сезонним порядком (0, 0, 0, 7) для символу default
2025-05-21 19:28:50 - ArimaModeler - INFO - [logger.py:103] - Починаємо навчання моделі ARIMA для символу default
2025-05-21 19:28:50 - ArimaModeler - INFO - [logger.py:103] - Автоматичне визначення параметрів ARIMA моделі
2025-05-21 19:28:50 - ArimaModeler - ERROR - [logger.py:111] - Помилка під час навчання моделі ARIMA: 'p'
2025-05-21 19:28:51 - ArimaModeler - INFO - [logger.py:103] - Починаємо навчання моделі SARIMA для символу default
2025-05-21 19:28:51 - ArimaModeler - INFO - [logger.py:103] - Автоматичне визначення параметрів SARIMA моделі
2025-05-21 19:29:02 - ArimaModeler - ERROR - [logger.py:111] - Помилка під час навчання моделі SARIMA: 'p'
2025-05-21 19:29:03 - ArimaModeler - INFO - [logger.py:103] - Починаємо навчання моделі ARIMA для символу default
2025-05-21 19:29:03 - ArimaModeler - INFO - [logger.py:103] - Автоматичне визначення параметрів ARIMA моделі
2025-05-21 19:29:04 - ArimaModeler - ERROR - [logger.py:111] - Помилка під час навчання моделі ARIMA: 'p'
2025-05-21 19:29:06 - ArimaModeler - INFO - [logger.py:103] - Починаємо навчання моделі SARIMA для символу default
2025-05-21 19:29:06 - ArimaModeler - INFO - [logger.py:103] - Автоматичне визначення параметрів SARIMA моделі
2025-05-21 19:29:08 - ArimaModeler - ERROR - [logger.py:111] - Помилка під час навчання моделі SARIMA: 'p'
2025-05-21 19:29:09 - ArimaModeler - INFO - [logger.py:103] - Починаємо навчання моделі ARIMA для символу default
2025-05-21 19:29:09 - ArimaModeler - INFO - [logger.py:103] - Автоматичне визначення параметрів ARIMA моделі
2025-05-21 19:29:09 - ArimaModeler - ERROR - [logger.py:111] - Помилка під час навчання моделі ARIMA: 'p'
2025-05-21 19:29:09 - ArimaModeler - INFO - [logger.py:103] - Починаємо навчання моделі SARIMA для символу default
2025-05-21 19:29:09 - ArimaModeler - INFO - [logger.py:103] - Автоматичне визначення параметрів SARIMA моделі
2025-05-21 19:29:10 - ArimaModeler - ERROR - [logger.py:111] - Помилка під час навчання моделі SARIMA: 'p'
2025-05-21 19:52:43 - ArimaModeler - INFO - [logger.py:103] - Починаємо навчання моделі ARIMA для символу default
2025-05-21 19:52:43 - ArimaModeler - INFO - [logger.py:103] - Автоматичне визначення параметрів ARIMA моделі
2025-05-21 19:52:43 - ArimaModeler - ERROR - [logger.py:111] - Помилка під час навчання моделі ARIMA: 'p'
2025-05-21 19:52:44 - ArimaModeler - INFO - [logger.py:103] - Починаємо навчання моделі SARIMA для символу default
2025-05-21 19:52:44 - ArimaModeler - INFO - [logger.py:103] - Автоматичне визначення параметрів SARIMA моделі
2025-05-21 19:52:49 - ArimaModeler - ERROR - [logger.py:111] - Помилка під час навчання моделі SARIMA: 'p'
2025-05-21 19:52:50 - ArimaModeler - INFO - [logger.py:103] - Починаємо навчання моделі ARIMA для символу default
2025-05-21 19:52:50 - ArimaModeler - INFO - [logger.py:103] - Автоматичне визначення параметрів ARIMA моделі
2025-05-21 19:52:51 - ArimaModeler - ERROR - [logger.py:111] - Помилка під час навчання моделі ARIMA: 'p'
2025-05-21 19:52:52 - ArimaModeler - INFO - [logger.py:103] - Починаємо навчання моделі SARIMA для символу default
2025-05-21 19:52:52 - ArimaModeler - INFO - [logger.py:103] - Автоматичне визначення параметрів SARIMA моделі
2025-05-21 19:52:54 - ArimaModeler - ERROR - [logger.py:111] - Помилка під час навчання моделі SARIMA: 'p'
2025-05-21 19:52:55 - ArimaModeler - INFO - [logger.py:103] - Починаємо навчання моделі ARIMA для символу default
2025-05-21 19:52:55 - ArimaModeler - INFO - [logger.py:103] - Автоматичне визначення параметрів ARIMA моделі
2025-05-21 19:52:55 - ArimaModeler - ERROR - [logger.py:111] - Помилка під час навчання моделі ARIMA: 'p'
2025-05-21 19:52:55 - ArimaModeler - INFO - [logger.py:103] - Починаємо навчання моделі SARIMA для символу default
2025-05-21 19:52:55 - ArimaModeler - INFO - [logger.py:103] - Автоматичне визначення параметрів SARIMA моделі
2025-05-21 19:52:56 - ArimaModeler - ERROR - [logger.py:111] - Помилка під час навчання моделі SARIMA: 'p'
2025-05-21 23:53:54 - ArimaModeler - INFO - [logger.py:103] - Починаємо навчання моделі ARIMA для символу default
2025-05-21 23:53:54 - ArimaModeler - INFO - [logger.py:103] - Автоматичне визначення параметрів ARIMA моделі
2025-05-21 23:53:55 - ArimaModeler - ERROR - [logger.py:111] - Помилка під час навчання моделі ARIMA: 'p'
2025-05-21 23:53:56 - ArimaModeler - INFO - [logger.py:103] - Починаємо навчання моделі SARIMA для символу default
2025-05-21 23:53:56 - ArimaModeler - INFO - [logger.py:103] - Автоматичне визначення параметрів SARIMA моделі
2025-05-21 23:54:00 - ArimaModeler - WARNING - [logger.py:107] - Неочікувана структура optimal_params: {'status': 'success', 'message': 'Optimal parameters found', 'parameters': {'order': (0, 1, 0), 'seasonal_order': (0, 0, 1, 7), 'seasonal_period': 7}, 'model_info': {'aic': -8555.760049000939, 'bic': -8544.308506117763, 'model_type': 'SARIMA'}}. Використовуємо стандартні параметри.
2025-05-21 23:54:00 - ArimaModeler - INFO - [logger.py:103] - Визначено оптимальні параметри SARIMA: (1, 1, 1), сезонні: (1, 1, 1, 7)
2025-05-21 23:54:01 - ArimaModeler - INFO - [logger.py:103] - Починаємо навчання моделі ARIMA для символу default
2025-05-21 23:54:01 - ArimaModeler - INFO - [logger.py:103] - Автоматичне визначення параметрів ARIMA моделі
2025-05-21 23:54:02 - ArimaModeler - ERROR - [logger.py:111] - Помилка під час навчання моделі ARIMA: 'p'
2025-05-21 23:54:03 - ArimaModeler - INFO - [logger.py:103] - Починаємо навчання моделі SARIMA для символу default
2025-05-21 23:54:03 - ArimaModeler - INFO - [logger.py:103] - Автоматичне визначення параметрів SARIMA моделі
2025-05-21 23:54:06 - ArimaModeler - WARNING - [logger.py:107] - Неочікувана структура optimal_params: {'status': 'success', 'message': 'Optimal parameters found', 'parameters': {'order': (1, 1, 0), 'seasonal_order': (0, 0, 0, 7), 'seasonal_period': 7}, 'model_info': {'aic': -6144.3467555444595, 'bic': -6132.895212661284, 'model_type': 'SARIMA'}}. Використовуємо стандартні параметри.
2025-05-21 23:54:06 - ArimaModeler - INFO - [logger.py:103] - Визначено оптимальні параметри SARIMA: (1, 1, 1), сезонні: (1, 1, 1, 7)
2025-05-21 23:54:06 - ArimaModeler - INFO - [logger.py:103] - Починаємо навчання моделі ARIMA для символу default
2025-05-21 23:54:06 - ArimaModeler - INFO - [logger.py:103] - Автоматичне визначення параметрів ARIMA моделі
2025-05-21 23:54:07 - ArimaModeler - ERROR - [logger.py:111] - Помилка під час навчання моделі ARIMA: 'p'
2025-05-21 23:54:07 - ArimaModeler - INFO - [logger.py:103] - Починаємо навчання моделі SARIMA для символу default
2025-05-21 23:54:07 - ArimaModeler - INFO - [logger.py:103] - Автоматичне визначення параметрів SARIMA моделі
2025-05-21 23:54:08 - ArimaModeler - WARNING - [logger.py:107] - Неочікувана структура optimal_params: {'status': 'success', 'message': 'Optimal parameters found', 'parameters': {'order': (0, 1, 0), 'seasonal_order': (0, 0, 0, 7), 'seasonal_period': 7}, 'model_info': {'aic': -3461.930640681612, 'bic': -3456.700077528203, 'model_type': 'SARIMA'}}. Використовуємо стандартні параметри.
2025-05-21 23:54:08 - ArimaModeler - INFO - [logger.py:103] - Визначено оптимальні параметри SARIMA: (1, 1, 1), сезонні: (1, 1, 1, 7)
2025-05-22 00:07:17 - ArimaModeler - INFO - [logger.py:103] - Починаємо навчання моделі ARIMA для символу default
2025-05-22 00:07:17 - ArimaModeler - INFO - [logger.py:103] - Автоматичне визначення параметрів ARIMA моделі
2025-05-22 00:07:17 - ArimaModeler - ERROR - [logger.py:111] - Помилка під час навчання моделі ARIMA: 'p'
2025-05-22 00:07:18 - ArimaModeler - INFO - [logger.py:103] - Починаємо навчання моделі SARIMA для символу default
2025-05-22 00:07:18 - ArimaModeler - INFO - [logger.py:103] - Автоматичне визначення параметрів SARIMA моделі
2025-05-22 00:07:23 - ArimaModeler - WARNING - [logger.py:107] - Неочікувана структура optimal_params: {'status': 'success', 'message': 'Optimal parameters found', 'parameters': {'order': (0, 1, 0), 'seasonal_order': (0, 0, 1, 7), 'seasonal_period': 7}, 'model_info': {'aic': -8555.760049000939, 'bic': -8544.308506117763, 'model_type': 'SARIMA'}}. Використовуємо стандартні параметри.
2025-05-22 00:07:23 - ArimaModeler - INFO - [logger.py:103] - Визначено оптимальні параметри SARIMA: (1, 1, 1), сезонні: (1, 1, 1, 7)
2025-05-22 00:07:24 - ArimaModeler - INFO - [logger.py:103] - Починаємо навчання моделі ARIMA для символу default
2025-05-22 00:07:24 - ArimaModeler - INFO - [logger.py:103] - Автоматичне визначення параметрів ARIMA моделі
2025-05-22 00:07:25 - ArimaModeler - ERROR - [logger.py:111] - Помилка під час навчання моделі ARIMA: 'p'
2025-05-22 00:07:26 - ArimaModeler - INFO - [logger.py:103] - Починаємо навчання моделі SARIMA для символу default
2025-05-22 00:07:26 - ArimaModeler - INFO - [logger.py:103] - Автоматичне визначення параметрів SARIMA моделі
2025-05-22 00:07:29 - ArimaModeler - WARNING - [logger.py:107] - Неочікувана структура optimal_params: {'status': 'success', 'message': 'Optimal parameters found', 'parameters': {'order': (1, 1, 0), 'seasonal_order': (0, 0, 0, 7), 'seasonal_period': 7}, 'model_info': {'aic': -6144.3467555444595, 'bic': -6132.895212661284, 'model_type': 'SARIMA'}}. Використовуємо стандартні параметри.
2025-05-22 00:07:29 - ArimaModeler - INFO - [logger.py:103] - Визначено оптимальні параметри SARIMA: (1, 1, 1), сезонні: (1, 1, 1, 7)
2025-05-22 00:07:29 - ArimaModeler - INFO - [logger.py:103] - Починаємо навчання моделі ARIMA для символу default
2025-05-22 00:07:29 - ArimaModeler - INFO - [logger.py:103] - Автоматичне визначення параметрів ARIMA моделі
2025-05-22 00:07:29 - ArimaModeler - ERROR - [logger.py:111] - Помилка під час навчання моделі ARIMA: 'p'
2025-05-22 00:07:29 - ArimaModeler - INFO - [logger.py:103] - Починаємо навчання моделі SARIMA для символу default
2025-05-22 00:07:29 - ArimaModeler - INFO - [logger.py:103] - Автоматичне визначення параметрів SARIMA моделі
2025-05-22 00:07:30 - ArimaModeler - WARNING - [logger.py:107] - Неочікувана структура optimal_params: {'status': 'success', 'message': 'Optimal parameters found', 'parameters': {'order': (0, 1, 0), 'seasonal_order': (0, 0, 0, 7), 'seasonal_period': 7}, 'model_info': {'aic': -3461.930640681612, 'bic': -3456.700077528203, 'model_type': 'SARIMA'}}. Використовуємо стандартні параметри.
2025-05-22 00:07:30 - ArimaModeler - INFO - [logger.py:103] - Визначено оптимальні параметри SARIMA: (1, 1, 1), сезонні: (1, 1, 1, 7)
2025-05-22 01:14:30 - ArimaModeler - INFO - [logger.py:103] - === Ініціалізація ARIMAModeler ===
2025-05-22 01:14:30 - ArimaModeler - INFO - [logger.py:103] - DatabaseManager успішно ініціалізовано
2025-05-22 01:14:30 - ArimaModeler - ERROR - [logger.py:111] - Помилка ініціалізації TimeSeriesAnalyzer: 'module' object is not callable
2025-05-22 01:14:30 - ArimaModeler - INFO - [logger.py:103] - === ARIMAModeler успішно ініціалізовано ===
2025-05-22 01:14:59 - ArimaModeler - INFO - [logger.py:103] - === Ініціалізація ARIMAModeler ===
2025-05-22 01:14:59 - ArimaModeler - INFO - [logger.py:103] - DatabaseManager успішно ініціалізовано
2025-05-22 01:14:59 - ArimaModeler - INFO - [logger.py:103] - TimeSeriesAnalyzer успішно ініціалізовано
2025-05-22 01:14:59 - ArimaModeler - INFO - [logger.py:103] - === ARIMAModeler успішно ініціалізовано ===
2025-05-22 01:14:59 - ArimaModeler - INFO - [logger.py:103] - === Ініціалізація ARIMAModeler ===
2025-05-22 01:14:59 - ArimaModeler - INFO - [logger.py:103] - DatabaseManager успішно ініціалізовано
2025-05-22 01:14:59 - ArimaModeler - INFO - [logger.py:103] - TimeSeriesAnalyzer успішно ініціалізовано
2025-05-22 01:14:59 - ArimaModeler - INFO - [logger.py:103] - === ARIMAModeler успішно ініціалізовано ===
2025-05-22 01:16:06 - ArimaModeler - INFO - [logger.py:103] - === Ініціалізація ARIMAModeler ===
2025-05-22 01:16:06 - ArimaModeler - INFO - [logger.py:103] - DatabaseManager успішно ініціалізовано
2025-05-22 01:16:06 - ArimaModeler - INFO - [logger.py:103] - TimeSeriesAnalyzer успішно ініціалізовано
2025-05-22 01:16:06 - ArimaModeler - INFO - [logger.py:103] - === ARIMAModeler успішно ініціалізовано ===
2025-05-22 01:16:06 - ArimaModeler - INFO - [logger.py:103] - === Ініціалізація ARIMAModeler ===
2025-05-22 01:16:06 - ArimaModeler - INFO - [logger.py:103] - DatabaseManager успішно ініціалізовано
2025-05-22 01:16:06 - ArimaModeler - INFO - [logger.py:103] - TimeSeriesAnalyzer успішно ініціалізовано
2025-05-22 01:16:06 - ArimaModeler - INFO - [logger.py:103] - === ARIMAModeler успішно ініціалізовано ===
2025-05-22 01:19:17 - ArimaModeler - INFO - [logger.py:103] - Починаємо навчання моделі ARIMA для символу default
2025-05-22 01:19:17 - ArimaModeler - INFO - [logger.py:103] - Автоматичне визначення параметрів ARIMA моделі
2025-05-22 01:19:17 - ArimaModeler - ERROR - [logger.py:111] - Помилка під час навчання моделі ARIMA: 'p'
2025-05-22 01:19:18 - ArimaModeler - INFO - [logger.py:103] - Починаємо навчання моделі SARIMA для символу default
2025-05-22 01:19:18 - ArimaModeler - INFO - [logger.py:103] - Автоматичне визначення параметрів SARIMA моделі
2025-05-22 01:19:23 - ArimaModeler - WARNING - [logger.py:107] - Неочікувана структура optimal_params: {'status': 'success', 'message': 'Optimal parameters found', 'parameters': {'order': (0, 1, 0), 'seasonal_order': (0, 0, 1, 7), 'seasonal_period': 7}, 'model_info': {'aic': -8555.760049000939, 'bic': -8544.308506117763, 'model_type': 'SARIMA'}}. Використовуємо стандартні параметри.
2025-05-22 01:19:23 - ArimaModeler - INFO - [logger.py:103] - Визначено оптимальні параметри SARIMA: (1, 1, 1), сезонні: (1, 1, 1, 7)
2025-05-22 01:19:24 - ArimaModeler - INFO - [logger.py:103] - Починаємо навчання моделі ARIMA для символу default
2025-05-22 01:19:24 - ArimaModeler - INFO - [logger.py:103] - Автоматичне визначення параметрів ARIMA моделі
2025-05-22 01:19:25 - ArimaModeler - ERROR - [logger.py:111] - Помилка під час навчання моделі ARIMA: 'p'
2025-05-22 01:19:26 - ArimaModeler - INFO - [logger.py:103] - Починаємо навчання моделі SARIMA для символу default
2025-05-22 01:19:26 - ArimaModeler - INFO - [logger.py:103] - Автоматичне визначення параметрів SARIMA моделі
2025-05-22 01:19:29 - ArimaModeler - WARNING - [logger.py:107] - Неочікувана структура optimal_params: {'status': 'success', 'message': 'Optimal parameters found', 'parameters': {'order': (1, 1, 0), 'seasonal_order': (0, 0, 0, 7), 'seasonal_period': 7}, 'model_info': {'aic': -6144.3467555444595, 'bic': -6132.895212661284, 'model_type': 'SARIMA'}}. Використовуємо стандартні параметри.
2025-05-22 01:19:29 - ArimaModeler - INFO - [logger.py:103] - Визначено оптимальні параметри SARIMA: (1, 1, 1), сезонні: (1, 1, 1, 7)
2025-05-22 01:19:29 - ArimaModeler - INFO - [logger.py:103] - Починаємо навчання моделі ARIMA для символу default
2025-05-22 01:19:29 - ArimaModeler - INFO - [logger.py:103] - Автоматичне визначення параметрів ARIMA моделі
2025-05-22 01:19:30 - ArimaModeler - ERROR - [logger.py:111] - Помилка під час навчання моделі ARIMA: 'p'
2025-05-22 01:19:30 - ArimaModeler - INFO - [logger.py:103] - Починаємо навчання моделі SARIMA для символу default
2025-05-22 01:19:30 - ArimaModeler - INFO - [logger.py:103] - Автоматичне визначення параметрів SARIMA моделі
2025-05-22 01:19:31 - ArimaModeler - WARNING - [logger.py:107] - Неочікувана структура optimal_params: {'status': 'success', 'message': 'Optimal parameters found', 'parameters': {'order': (0, 1, 0), 'seasonal_order': (0, 0, 0, 7), 'seasonal_period': 7}, 'model_info': {'aic': -3461.930640681612, 'bic': -3456.700077528203, 'model_type': 'SARIMA'}}. Використовуємо стандартні параметри.
2025-05-22 01:19:31 - ArimaModeler - INFO - [logger.py:103] - Визначено оптимальні параметри SARIMA: (1, 1, 1), сезонні: (1, 1, 1, 7)
2025-05-22 01:25:23 - ArimaModeler - INFO - [logger.py:103] - Починаємо навчання моделі ARIMA для символу default
2025-05-22 01:25:23 - ArimaModeler - INFO - [logger.py:103] - Автоматичне визначення параметрів ARIMA моделі
2025-05-22 01:25:23 - ArimaModeler - ERROR - [logger.py:111] - Помилка під час навчання моделі ARIMA: 'p'
2025-05-22 01:25:24 - ArimaModeler - INFO - [logger.py:103] - Починаємо навчання моделі SARIMA для символу default
2025-05-22 01:25:24 - ArimaModeler - INFO - [logger.py:103] - Автоматичне визначення параметрів SARIMA моделі
2025-05-22 01:25:29 - ArimaModeler - WARNING - [logger.py:107] - Неочікувана структура optimal_params: {'status': 'success', 'message': 'Optimal parameters found', 'parameters': {'order': (0, 1, 0), 'seasonal_order': (0, 0, 1, 7), 'seasonal_period': 7}, 'model_info': {'aic': -8555.760049000939, 'bic': -8544.308506117763, 'model_type': 'SARIMA'}}. Використовуємо стандартні параметри.
2025-05-22 01:25:29 - ArimaModeler - INFO - [logger.py:103] - Визначено оптимальні параметри SARIMA: (1, 1, 1), сезонні: (1, 1, 1, 7)
2025-05-22 01:25:29 - ArimaModeler - INFO - [logger.py:103] - Починаємо навчання моделі ARIMA для символу BTC
2025-05-22 01:25:29 - ArimaModeler - INFO - [logger.py:103] - Автоматичне визначення параметрів ARIMA моделі
2025-05-22 01:25:30 - ArimaModeler - ERROR - [logger.py:111] - Помилка під час навчання моделі ARIMA: 'p'
2025-05-22 01:25:31 - ArimaModeler - INFO - [logger.py:103] - Починаємо навчання моделі ARIMA для символу default
2025-05-22 01:25:31 - ArimaModeler - INFO - [logger.py:103] - Автоматичне визначення параметрів ARIMA моделі
2025-05-22 01:25:32 - ArimaModeler - ERROR - [logger.py:111] - Помилка під час навчання моделі ARIMA: 'p'
2025-05-22 01:25:33 - ArimaModeler - INFO - [logger.py:103] - Починаємо навчання моделі SARIMA для символу default
2025-05-22 01:25:33 - ArimaModeler - INFO - [logger.py:103] - Автоматичне визначення параметрів SARIMA моделі
2025-05-22 01:25:35 - ArimaModeler - WARNING - [logger.py:107] - Неочікувана структура optimal_params: {'status': 'success', 'message': 'Optimal parameters found', 'parameters': {'order': (1, 1, 0), 'seasonal_order': (0, 0, 0, 7), 'seasonal_period': 7}, 'model_info': {'aic': -6144.3467555444595, 'bic': -6132.895212661284, 'model_type': 'SARIMA'}}. Використовуємо стандартні параметри.
2025-05-22 01:25:35 - ArimaModeler - INFO - [logger.py:103] - Визначено оптимальні параметри SARIMA: (1, 1, 1), сезонні: (1, 1, 1, 7)
2025-05-22 01:25:37 - ArimaModeler - INFO - [logger.py:103] - Починаємо навчання моделі ARIMA для символу ETH
2025-05-22 01:25:37 - ArimaModeler - INFO - [logger.py:103] - Автоматичне визначення параметрів ARIMA моделі
2025-05-22 01:25:39 - ArimaModeler - ERROR - [logger.py:111] - Помилка під час навчання моделі ARIMA: 'p'
2025-05-22 01:25:40 - ArimaModeler - INFO - [logger.py:103] - Починаємо навчання моделі ARIMA для символу default
2025-05-22 01:25:40 - ArimaModeler - INFO - [logger.py:103] - Автоматичне визначення параметрів ARIMA моделі
2025-05-22 01:25:40 - ArimaModeler - ERROR - [logger.py:111] - Помилка під час навчання моделі ARIMA: 'p'
2025-05-22 01:25:40 - ArimaModeler - INFO - [logger.py:103] - Починаємо навчання моделі SARIMA для символу default
2025-05-22 01:25:40 - ArimaModeler - INFO - [logger.py:103] - Автоматичне визначення параметрів SARIMA моделі
2025-05-22 01:25:41 - ArimaModeler - WARNING - [logger.py:107] - Неочікувана структура optimal_params: {'status': 'success', 'message': 'Optimal parameters found', 'parameters': {'order': (0, 1, 0), 'seasonal_order': (0, 0, 0, 7), 'seasonal_period': 7}, 'model_info': {'aic': -3461.930640681612, 'bic': -3456.700077528203, 'model_type': 'SARIMA'}}. Використовуємо стандартні параметри.
2025-05-22 01:25:41 - ArimaModeler - INFO - [logger.py:103] - Визначено оптимальні параметри SARIMA: (1, 1, 1), сезонні: (1, 1, 1, 7)
2025-05-22 01:25:42 - ArimaModeler - INFO - [logger.py:103] - Починаємо навчання моделі ARIMA для символу SOL
2025-05-22 01:25:42 - ArimaModeler - INFO - [logger.py:103] - Автоматичне визначення параметрів ARIMA моделі
2025-05-22 01:25:42 - ArimaModeler - ERROR - [logger.py:111] - Помилка під час навчання моделі ARIMA: 'p'
2025-05-22 01:29:58 - ArimaModeler - INFO - [logger.py:103] - Починаємо навчання моделі ARIMA для символу default
2025-05-22 01:29:58 - ArimaModeler - INFO - [logger.py:103] - Автоматичне визначення параметрів ARIMA моделі
2025-05-22 01:29:59 - ArimaModeler - WARNING - [logger.py:107] - Не вдалося витягти параметри з структури: ['status', 'message', 'parameters', 'model_info']
2025-05-22 01:29:59 - ArimaModeler - INFO - [logger.py:103] - Визначено оптимальні параметри ARIMA: (1, 1, 1)
2025-05-22 01:29:59 - ArimaModeler - ERROR - [logger.py:111] - Помилка під час навчання моделі ARIMA: ARIMA.__init__() got multiple values for argument 'order'
2025-05-22 01:30:00 - ArimaModeler - INFO - [logger.py:103] - Починаємо навчання моделі SARIMA для символу default
2025-05-22 01:30:00 - ArimaModeler - INFO - [logger.py:103] - Автоматичне визначення параметрів SARIMA моделі
2025-05-22 01:30:06 - ArimaModeler - WARNING - [logger.py:107] - Не вдалося витягти параметри з структури: ['status', 'message', 'parameters', 'model_info']
2025-05-22 01:30:06 - ArimaModeler - INFO - [logger.py:103] - Визначено оптимальні параметри SARIMA: (1, 1, 1), сезонні: (1, 1, 1, 7)
2025-05-22 01:30:06 - ArimaModeler - INFO - [logger.py:103] - Починаємо навчання моделі ARIMA для символу BTC
2025-05-22 01:30:06 - ArimaModeler - INFO - [logger.py:103] - Автоматичне визначення параметрів ARIMA моделі
2025-05-22 01:30:07 - ArimaModeler - WARNING - [logger.py:107] - Не вдалося витягти параметри з структури: ['status', 'message', 'parameters', 'model_info']
2025-05-22 01:30:07 - ArimaModeler - INFO - [logger.py:103] - Визначено оптимальні параметри ARIMA: (1, 1, 1)
2025-05-22 01:30:07 - ArimaModeler - ERROR - [logger.py:111] - Помилка під час навчання моделі ARIMA: ARIMA.__init__() got multiple values for argument 'order'
2025-05-22 01:30:08 - ArimaModeler - INFO - [logger.py:103] - Починаємо навчання моделі ARIMA для символу default
2025-05-22 01:30:08 - ArimaModeler - INFO - [logger.py:103] - Автоматичне визначення параметрів ARIMA моделі
2025-05-22 01:30:09 - ArimaModeler - WARNING - [logger.py:107] - Не вдалося витягти параметри з структури: ['status', 'message', 'parameters', 'model_info']
2025-05-22 01:30:09 - ArimaModeler - INFO - [logger.py:103] - Визначено оптимальні параметри ARIMA: (1, 1, 1)
2025-05-22 01:30:09 - ArimaModeler - ERROR - [logger.py:111] - Помилка під час навчання моделі ARIMA: ARIMA.__init__() got multiple values for argument 'order'
2025-05-22 01:30:10 - ArimaModeler - INFO - [logger.py:103] - Починаємо навчання моделі SARIMA для символу default
2025-05-22 01:30:10 - ArimaModeler - INFO - [logger.py:103] - Автоматичне визначення параметрів SARIMA моделі
2025-05-22 01:30:13 - ArimaModeler - WARNING - [logger.py:107] - Не вдалося витягти параметри з структури: ['status', 'message', 'parameters', 'model_info']
2025-05-22 01:30:13 - ArimaModeler - INFO - [logger.py:103] - Визначено оптимальні параметри SARIMA: (1, 1, 1), сезонні: (1, 1, 1, 7)
2025-05-22 01:30:16 - ArimaModeler - INFO - [logger.py:103] - Починаємо навчання моделі ARIMA для символу ETH
2025-05-22 01:30:16 - ArimaModeler - INFO - [logger.py:103] - Автоматичне визначення параметрів ARIMA моделі
2025-05-22 01:30:18 - ArimaModeler - WARNING - [logger.py:107] - Не вдалося витягти параметри з структури: ['status', 'message', 'parameters', 'model_info']
2025-05-22 01:30:18 - ArimaModeler - INFO - [logger.py:103] - Визначено оптимальні параметри ARIMA: (1, 1, 1)
2025-05-22 01:30:18 - ArimaModeler - ERROR - [logger.py:111] - Помилка під час навчання моделі ARIMA: ARIMA.__init__() got multiple values for argument 'order'
2025-05-22 01:30:18 - ArimaModeler - INFO - [logger.py:103] - Починаємо навчання моделі ARIMA для символу default
2025-05-22 01:30:18 - ArimaModeler - INFO - [logger.py:103] - Автоматичне визначення параметрів ARIMA моделі
2025-05-22 01:30:18 - ArimaModeler - WARNING - [logger.py:107] - Не вдалося витягти параметри з структури: ['status', 'message', 'parameters', 'model_info']
2025-05-22 01:30:18 - ArimaModeler - INFO - [logger.py:103] - Визначено оптимальні параметри ARIMA: (1, 1, 1)
2025-05-22 01:30:18 - ArimaModeler - ERROR - [logger.py:111] - Помилка під час навчання моделі ARIMA: ARIMA.__init__() got multiple values for argument 'order'
2025-05-22 01:30:19 - ArimaModeler - INFO - [logger.py:103] - Починаємо навчання моделі SARIMA для символу default
2025-05-22 01:30:19 - ArimaModeler - INFO - [logger.py:103] - Автоматичне визначення параметрів SARIMA моделі
2025-05-22 01:30:20 - ArimaModeler - WARNING - [logger.py:107] - Не вдалося витягти параметри з структури: ['status', 'message', 'parameters', 'model_info']
2025-05-22 01:30:20 - ArimaModeler - INFO - [logger.py:103] - Визначено оптимальні параметри SARIMA: (1, 1, 1), сезонні: (1, 1, 1, 7)
2025-05-22 01:30:20 - ArimaModeler - INFO - [logger.py:103] - Починаємо навчання моделі ARIMA для символу SOL
2025-05-22 01:30:20 - ArimaModeler - INFO - [logger.py:103] - Автоматичне визначення параметрів ARIMA моделі
2025-05-22 01:30:21 - ArimaModeler - WARNING - [logger.py:107] - Не вдалося витягти параметри з структури: ['status', 'message', 'parameters', 'model_info']
2025-05-22 01:30:21 - ArimaModeler - INFO - [logger.py:103] - Визначено оптимальні параметри ARIMA: (1, 1, 1)
2025-05-22 01:30:21 - ArimaModeler - ERROR - [logger.py:111] - Помилка під час навчання моделі ARIMA: ARIMA.__init__() got multiple values for argument 'order'
2025-05-22 15:17:52 - ArimaModeler - INFO - [logger.py:103] - Починаємо навчання моделі ARIMA для символу default
2025-05-22 15:17:52 - ArimaModeler - INFO - [logger.py:103] - Автоматичне визначення параметрів ARIMA моделі
2025-05-22 15:17:52 - ArimaModeler - WARNING - [logger.py:107] - Не вдалося витягти параметри з структури: ['status', 'message', 'parameters', 'model_info']
2025-05-22 15:17:52 - ArimaModeler - INFO - [logger.py:103] - Визначено оптимальні параметри ARIMA: (1, 1, 1)
2025-05-22 15:17:52 - ArimaModeler - ERROR - [logger.py:111] - Помилка під час навчання моделі ARIMA: ARIMA.__init__() got multiple values for argument 'order'
2025-05-22 15:17:53 - ArimaModeler - INFO - [logger.py:103] - Починаємо навчання моделі SARIMA для символу default
2025-05-22 15:17:53 - ArimaModeler - INFO - [logger.py:103] - Автоматичне визначення параметрів SARIMA моделі
2025-05-22 15:17:59 - ArimaModeler - WARNING - [logger.py:107] - Не вдалося витягти параметри з структури: ['status', 'message', 'parameters', 'model_info']
2025-05-22 15:17:59 - ArimaModeler - INFO - [logger.py:103] - Визначено оптимальні параметри SARIMA: (1, 1, 1), сезонні: (1, 1, 1, 7)
2025-05-22 15:17:59 - ArimaModeler - INFO - [logger.py:103] - Починаємо навчання моделі ARIMA для символу BTC
2025-05-22 15:17:59 - ArimaModeler - INFO - [logger.py:103] - Автоматичне визначення параметрів ARIMA моделі
2025-05-22 15:18:00 - ArimaModeler - WARNING - [logger.py:107] - Не вдалося витягти параметри з структури: ['status', 'message', 'parameters', 'model_info']
2025-05-22 15:18:00 - ArimaModeler - INFO - [logger.py:103] - Визначено оптимальні параметри ARIMA: (1, 1, 1)
2025-05-22 15:18:00 - ArimaModeler - ERROR - [logger.py:111] - Помилка під час навчання моделі ARIMA: ARIMA.__init__() got multiple values for argument 'order'
2025-05-22 15:18:01 - ArimaModeler - INFO - [logger.py:103] - Починаємо навчання моделі ARIMA для символу default
2025-05-22 15:18:01 - ArimaModeler - INFO - [logger.py:103] - Автоматичне визначення параметрів ARIMA моделі
2025-05-22 15:18:02 - ArimaModeler - WARNING - [logger.py:107] - Не вдалося витягти параметри з структури: ['status', 'message', 'parameters', 'model_info']
2025-05-22 15:18:02 - ArimaModeler - INFO - [logger.py:103] - Визначено оптимальні параметри ARIMA: (1, 1, 1)
2025-05-22 15:18:02 - ArimaModeler - ERROR - [logger.py:111] - Помилка під час навчання моделі ARIMA: ARIMA.__init__() got multiple values for argument 'order'
2025-05-22 15:18:03 - ArimaModeler - INFO - [logger.py:103] - Починаємо навчання моделі SARIMA для символу default
2025-05-22 15:18:03 - ArimaModeler - INFO - [logger.py:103] - Автоматичне визначення параметрів SARIMA моделі
2025-05-22 15:18:06 - ArimaModeler - WARNING - [logger.py:107] - Не вдалося витягти параметри з структури: ['status', 'message', 'parameters', 'model_info']
2025-05-22 15:18:06 - ArimaModeler - INFO - [logger.py:103] - Визначено оптимальні параметри SARIMA: (1, 1, 1), сезонні: (1, 1, 1, 7)
2025-05-22 15:18:08 - ArimaModeler - INFO - [logger.py:103] - Починаємо навчання моделі ARIMA для символу ETH
2025-05-22 15:18:08 - ArimaModeler - INFO - [logger.py:103] - Автоматичне визначення параметрів ARIMA моделі
2025-05-22 15:18:10 - ArimaModeler - WARNING - [logger.py:107] - Не вдалося витягти параметри з структури: ['status', 'message', 'parameters', 'model_info']
2025-05-22 15:18:10 - ArimaModeler - INFO - [logger.py:103] - Визначено оптимальні параметри ARIMA: (1, 1, 1)
2025-05-22 15:18:10 - ArimaModeler - ERROR - [logger.py:111] - Помилка під час навчання моделі ARIMA: ARIMA.__init__() got multiple values for argument 'order'
2025-05-22 15:18:11 - ArimaModeler - INFO - [logger.py:103] - Починаємо навчання моделі ARIMA для символу default
2025-05-22 15:18:11 - ArimaModeler - INFO - [logger.py:103] - Автоматичне визначення параметрів ARIMA моделі
2025-05-22 15:18:11 - ArimaModeler - WARNING - [logger.py:107] - Не вдалося витягти параметри з структури: ['status', 'message', 'parameters', 'model_info']
2025-05-22 15:18:11 - ArimaModeler - INFO - [logger.py:103] - Визначено оптимальні параметри ARIMA: (1, 1, 1)
2025-05-22 15:18:11 - ArimaModeler - ERROR - [logger.py:111] - Помилка під час навчання моделі ARIMA: ARIMA.__init__() got multiple values for argument 'order'
2025-05-22 15:18:11 - ArimaModeler - INFO - [logger.py:103] - Починаємо навчання моделі SARIMA для символу default
2025-05-22 15:18:11 - ArimaModeler - INFO - [logger.py:103] - Автоматичне визначення параметрів SARIMA моделі
2025-05-22 15:18:12 - ArimaModeler - WARNING - [logger.py:107] - Не вдалося витягти параметри з структури: ['status', 'message', 'parameters', 'model_info']
2025-05-22 15:18:12 - ArimaModeler - INFO - [logger.py:103] - Визначено оптимальні параметри SARIMA: (1, 1, 1), сезонні: (1, 1, 1, 7)
2025-05-22 15:18:13 - ArimaModeler - INFO - [logger.py:103] - Починаємо навчання моделі ARIMA для символу SOL
2025-05-22 15:18:13 - ArimaModeler - INFO - [logger.py:103] - Автоматичне визначення параметрів ARIMA моделі
2025-05-22 15:18:13 - ArimaModeler - WARNING - [logger.py:107] - Не вдалося витягти параметри з структури: ['status', 'message', 'parameters', 'model_info']
2025-05-22 15:18:13 - ArimaModeler - INFO - [logger.py:103] - Визначено оптимальні параметри ARIMA: (1, 1, 1)
2025-05-22 15:18:13 - ArimaModeler - ERROR - [logger.py:111] - Помилка під час навчання моделі ARIMA: ARIMA.__init__() got multiple values for argument 'order'
2025-05-22 17:43:46 - ArimaModeler - INFO - [logger.py:103] - Починаємо навчання моделі ARIMA для символу default
2025-05-22 17:43:46 - ArimaModeler - INFO - [logger.py:103] - Автоматичне визначення параметрів ARIMA моделі
2025-05-22 17:43:47 - ArimaModeler - WARNING - [logger.py:107] - Не вдалося витягти параметри з структури: ['status', 'message', 'parameters', 'model_info']
2025-05-22 17:43:47 - ArimaModeler - INFO - [logger.py:103] - Визначено оптимальні параметри ARIMA: (1, 1, 1)
2025-05-22 17:43:47 - ArimaModeler - INFO - [logger.py:103] - Починаємо навчання моделі SARIMA для символу default
2025-05-22 17:43:47 - ArimaModeler - INFO - [logger.py:103] - Автоматичне визначення параметрів SARIMA моделі
2025-05-22 17:43:52 - ArimaModeler - WARNING - [logger.py:107] - Не вдалося витягти параметри з структури: ['status', 'message', 'parameters', 'model_info']
2025-05-22 17:43:52 - ArimaModeler - INFO - [logger.py:103] - Визначено оптимальні параметри SARIMA: (1, 1, 1), сезонні: (1, 1, 1, 7)
2025-05-22 17:43:53 - ArimaModeler - INFO - [logger.py:103] - Починаємо навчання моделі ARIMA для символу BTC
2025-05-22 17:43:53 - ArimaModeler - INFO - [logger.py:103] - Автоматичне визначення параметрів ARIMA моделі
2025-05-22 17:43:53 - ArimaModeler - WARNING - [logger.py:107] - Не вдалося витягти параметри з структури: ['status', 'message', 'parameters', 'model_info']
2025-05-22 17:43:53 - ArimaModeler - INFO - [logger.py:103] - Визначено оптимальні параметри ARIMA: (1, 1, 1)
2025-05-22 17:43:54 - ArimaModeler - ERROR - [logger.py:111] - Помилка збереження моделі в базу даних: DatabaseManager.save_model_metadata() missing 4 required positional arguments: 'model_type', 'timeframe', 'start_date', and 'end_date'
2025-05-22 17:43:54 - ArimaModeler - INFO - [logger.py:103] - Модель ARIMA BTC_arima_20250522174353 успішно навчена з параметрами (1, 1, 1)
2025-05-22 17:43:55 - ArimaModeler - INFO - [logger.py:103] - Починаємо навчання моделі ARIMA для символу default
2025-05-22 17:43:55 - ArimaModeler - INFO - [logger.py:103] - Автоматичне визначення параметрів ARIMA моделі
2025-05-22 17:43:56 - ArimaModeler - WARNING - [logger.py:107] - Не вдалося витягти параметри з структури: ['status', 'message', 'parameters', 'model_info']
2025-05-22 17:43:56 - ArimaModeler - INFO - [logger.py:103] - Визначено оптимальні параметри ARIMA: (1, 1, 1)
2025-05-22 17:43:57 - ArimaModeler - INFO - [logger.py:103] - Починаємо навчання моделі SARIMA для символу default
2025-05-22 17:43:57 - ArimaModeler - INFO - [logger.py:103] - Автоматичне визначення параметрів SARIMA моделі
2025-05-22 17:43:59 - ArimaModeler - WARNING - [logger.py:107] - Не вдалося витягти параметри з структури: ['status', 'message', 'parameters', 'model_info']
2025-05-22 17:43:59 - ArimaModeler - INFO - [logger.py:103] - Визначено оптимальні параметри SARIMA: (1, 1, 1), сезонні: (1, 1, 1, 7)
2025-05-22 17:44:02 - ArimaModeler - INFO - [logger.py:103] - Починаємо навчання моделі ARIMA для символу ETH
2025-05-22 17:44:02 - ArimaModeler - INFO - [logger.py:103] - Автоматичне визначення параметрів ARIMA моделі
2025-05-22 17:44:04 - ArimaModeler - WARNING - [logger.py:107] - Не вдалося витягти параметри з структури: ['status', 'message', 'parameters', 'model_info']
2025-05-22 17:44:04 - ArimaModeler - INFO - [logger.py:103] - Визначено оптимальні параметри ARIMA: (1, 1, 1)
2025-05-22 17:44:04 - ArimaModeler - ERROR - [logger.py:111] - Помилка збереження моделі в базу даних: DatabaseManager.save_model_metadata() missing 4 required positional arguments: 'model_type', 'timeframe', 'start_date', and 'end_date'
2025-05-22 17:44:04 - ArimaModeler - INFO - [logger.py:103] - Модель ARIMA ETH_arima_20250522174404 успішно навчена з параметрами (1, 1, 1)
2025-05-22 17:44:04 - ArimaModeler - INFO - [logger.py:103] - Починаємо навчання моделі ARIMA для символу default
2025-05-22 17:44:04 - ArimaModeler - INFO - [logger.py:103] - Автоматичне визначення параметрів ARIMA моделі
2025-05-22 17:44:04 - ArimaModeler - WARNING - [logger.py:107] - Не вдалося витягти параметри з структури: ['status', 'message', 'parameters', 'model_info']
2025-05-22 17:44:04 - ArimaModeler - INFO - [logger.py:103] - Визначено оптимальні параметри ARIMA: (1, 1, 1)
2025-05-22 17:44:05 - ArimaModeler - INFO - [logger.py:103] - Починаємо навчання моделі SARIMA для символу default
2025-05-22 17:44:05 - ArimaModeler - INFO - [logger.py:103] - Автоматичне визначення параметрів SARIMA моделі
2025-05-22 17:44:06 - ArimaModeler - WARNING - [logger.py:107] - Не вдалося витягти параметри з структури: ['status', 'message', 'parameters', 'model_info']
2025-05-22 17:44:06 - ArimaModeler - INFO - [logger.py:103] - Визначено оптимальні параметри SARIMA: (1, 1, 1), сезонні: (1, 1, 1, 7)
2025-05-22 17:44:06 - ArimaModeler - INFO - [logger.py:103] - Починаємо навчання моделі ARIMA для символу SOL
2025-05-22 17:44:06 - ArimaModeler - INFO - [logger.py:103] - Автоматичне визначення параметрів ARIMA моделі
2025-05-22 17:44:06 - ArimaModeler - WARNING - [logger.py:107] - Не вдалося витягти параметри з структури: ['status', 'message', 'parameters', 'model_info']
2025-05-22 17:44:06 - ArimaModeler - INFO - [logger.py:103] - Визначено оптимальні параметри ARIMA: (1, 1, 1)
2025-05-22 17:44:06 - ArimaModeler - ERROR - [logger.py:111] - Помилка збереження моделі в базу даних: DatabaseManager.save_model_metadata() missing 4 required positional arguments: 'model_type', 'timeframe', 'start_date', and 'end_date'
2025-05-22 17:44:06 - ArimaModeler - INFO - [logger.py:103] - Модель ARIMA SOL_arima_20250522174406 успішно навчена з параметрами (1, 1, 1)
2025-05-22 19:13:10 - ArimaModeler - INFO - [logger.py:103] - Починаємо навчання моделі ARIMA для символу default
2025-05-22 19:13:10 - ArimaModeler - WARNING - [logger.py:107] - Дані були сконвертовані з object в числовий тип
2025-05-22 19:13:10 - ArimaModeler - INFO - [logger.py:103] - Автоматичне визначення параметрів ARIMA моделі
2025-05-22 19:13:11 - ArimaModeler - WARNING - [logger.py:107] - Не вдалося витягти параметри з структури: ['status', 'message', 'parameters', 'model_info']
2025-05-22 19:13:11 - ArimaModeler - INFO - [logger.py:103] - Визначено оптимальні параметри ARIMA: (1, 1, 1)
2025-05-22 19:13:11 - ArimaModeler - ERROR - [logger.py:111] - Помилка під час навчання моделі ARIMA: ARIMA.fit() got an unexpected keyword argument 'disp'
2025-05-22 19:13:11 - ArimaModeler - INFO - [logger.py:103] - Починаємо навчання моделі SARIMA для символу default
2025-05-22 19:13:11 - ArimaModeler - WARNING - [logger.py:107] - Дані були сконвертовані з object в числовий тип
2025-05-22 19:13:11 - ArimaModeler - INFO - [logger.py:103] - Автоматичне визначення параметрів SARIMA моделі
2025-05-22 19:13:16 - ArimaModeler - WARNING - [logger.py:107] - Не вдалося витягти параметри з структури: ['status', 'message', 'parameters', 'model_info']
2025-05-22 19:13:16 - ArimaModeler - INFO - [logger.py:103] - Визначено оптимальні параметри SARIMA: (1, 1, 1), сезонні: (1, 1, 1, 7)
2025-05-22 19:13:17 - ArimaModeler - ERROR - [logger.py:111] - Помилка збереження моделі в базу даних: 'psycopg2.extensions.connection' object is not callable
2025-05-22 19:13:17 - ArimaModeler - INFO - [logger.py:103] - Модель SARIMA default_sarima_20250522191316 успішно навчена з параметрами (1, 1, 1), сезонними (1, 1, 1, 7)
2025-05-22 19:13:18 - ArimaModeler - INFO - [logger.py:103] - Починаємо навчання моделі ARIMA для символу BTC
2025-05-22 19:13:18 - ArimaModeler - INFO - [logger.py:103] - Автоматичне визначення параметрів ARIMA моделі
2025-05-22 19:13:18 - ArimaModeler - WARNING - [logger.py:107] - Не вдалося витягти параметри з структури: ['status', 'message', 'parameters', 'model_info']
2025-05-22 19:13:18 - ArimaModeler - INFO - [logger.py:103] - Визначено оптимальні параметри ARIMA: (1, 1, 1)
2025-05-22 19:13:18 - ArimaModeler - ERROR - [logger.py:111] - Помилка під час навчання моделі ARIMA: ARIMA.fit() got an unexpected keyword argument 'disp'
2025-05-22 19:13:19 - ArimaModeler - INFO - [logger.py:103] - Починаємо навчання моделі ARIMA для символу default
2025-05-22 19:13:19 - ArimaModeler - WARNING - [logger.py:107] - Дані були сконвертовані з object в числовий тип
2025-05-22 19:13:19 - ArimaModeler - INFO - [logger.py:103] - Автоматичне визначення параметрів ARIMA моделі
2025-05-22 19:13:20 - ArimaModeler - WARNING - [logger.py:107] - Не вдалося витягти параметри з структури: ['status', 'message', 'parameters', 'model_info']
2025-05-22 19:13:20 - ArimaModeler - INFO - [logger.py:103] - Визначено оптимальні параметри ARIMA: (1, 1, 1)
2025-05-22 19:13:20 - ArimaModeler - ERROR - [logger.py:111] - Помилка під час навчання моделі ARIMA: ARIMA.fit() got an unexpected keyword argument 'disp'
2025-05-22 19:13:21 - ArimaModeler - INFO - [logger.py:103] - Починаємо навчання моделі SARIMA для символу default
2025-05-22 19:13:21 - ArimaModeler - WARNING - [logger.py:107] - Дані були сконвертовані з object в числовий тип
2025-05-22 19:13:21 - ArimaModeler - INFO - [logger.py:103] - Автоматичне визначення параметрів SARIMA моделі
2025-05-22 19:13:24 - ArimaModeler - WARNING - [logger.py:107] - Не вдалося витягти параметри з структури: ['status', 'message', 'parameters', 'model_info']
2025-05-22 19:13:24 - ArimaModeler - INFO - [logger.py:103] - Визначено оптимальні параметри SARIMA: (1, 1, 1), сезонні: (1, 1, 1, 7)
2025-05-22 19:13:25 - ArimaModeler - ERROR - [logger.py:111] - Помилка збереження моделі в базу даних: 'psycopg2.extensions.connection' object is not callable
2025-05-22 19:13:25 - ArimaModeler - INFO - [logger.py:103] - Модель SARIMA default_sarima_20250522191324 успішно навчена з параметрами (1, 1, 1), сезонними (1, 1, 1, 7)
2025-05-22 19:13:27 - ArimaModeler - INFO - [logger.py:103] - Починаємо навчання моделі ARIMA для символу ETH
2025-05-22 19:13:27 - ArimaModeler - INFO - [logger.py:103] - Автоматичне визначення параметрів ARIMA моделі
2025-05-22 19:13:29 - ArimaModeler - WARNING - [logger.py:107] - Не вдалося витягти параметри з структури: ['status', 'message', 'parameters', 'model_info']
2025-05-22 19:13:29 - ArimaModeler - INFO - [logger.py:103] - Визначено оптимальні параметри ARIMA: (1, 1, 1)
2025-05-22 19:13:29 - ArimaModeler - ERROR - [logger.py:111] - Помилка під час навчання моделі ARIMA: ARIMA.fit() got an unexpected keyword argument 'disp'
2025-05-22 19:13:29 - ArimaModeler - INFO - [logger.py:103] - Починаємо навчання моделі ARIMA для символу default
2025-05-22 19:13:29 - ArimaModeler - WARNING - [logger.py:107] - Дані були сконвертовані з object в числовий тип
2025-05-22 19:13:29 - ArimaModeler - INFO - [logger.py:103] - Автоматичне визначення параметрів ARIMA моделі
2025-05-22 19:13:29 - ArimaModeler - WARNING - [logger.py:107] - Не вдалося витягти параметри з структури: ['status', 'message', 'parameters', 'model_info']
2025-05-22 19:13:29 - ArimaModeler - INFO - [logger.py:103] - Визначено оптимальні параметри ARIMA: (1, 1, 1)
2025-05-22 19:13:29 - ArimaModeler - ERROR - [logger.py:111] - Помилка під час навчання моделі ARIMA: ARIMA.fit() got an unexpected keyword argument 'disp'
2025-05-22 19:13:30 - ArimaModeler - INFO - [logger.py:103] - Починаємо навчання моделі SARIMA для символу default
2025-05-22 19:13:30 - ArimaModeler - WARNING - [logger.py:107] - Дані були сконвертовані з object в числовий тип
2025-05-22 19:13:30 - ArimaModeler - INFO - [logger.py:103] - Автоматичне визначення параметрів SARIMA моделі
2025-05-22 19:13:31 - ArimaModeler - WARNING - [logger.py:107] - Не вдалося витягти параметри з структури: ['status', 'message', 'parameters', 'model_info']
2025-05-22 19:13:31 - ArimaModeler - INFO - [logger.py:103] - Визначено оптимальні параметри SARIMA: (1, 1, 1), сезонні: (1, 1, 1, 7)
2025-05-22 19:13:32 - ArimaModeler - ERROR - [logger.py:111] - Помилка збереження моделі в базу даних: 'psycopg2.extensions.connection' object is not callable
2025-05-22 19:13:32 - ArimaModeler - INFO - [logger.py:103] - Модель SARIMA default_sarima_20250522191331 успішно навчена з параметрами (1, 1, 1), сезонними (1, 1, 1, 7)
2025-05-22 19:13:32 - ArimaModeler - INFO - [logger.py:103] - Починаємо навчання моделі ARIMA для символу SOL
2025-05-22 19:13:32 - ArimaModeler - INFO - [logger.py:103] - Автоматичне визначення параметрів ARIMA моделі
2025-05-22 19:13:32 - ArimaModeler - WARNING - [logger.py:107] - Не вдалося витягти параметри з структури: ['status', 'message', 'parameters', 'model_info']
2025-05-22 19:13:32 - ArimaModeler - INFO - [logger.py:103] - Визначено оптимальні параметри ARIMA: (1, 1, 1)
2025-05-22 19:13:32 - ArimaModeler - ERROR - [logger.py:111] - Помилка під час навчання моделі ARIMA: ARIMA.fit() got an unexpected keyword argument 'disp'
2025-05-22 19:27:11 - ArimaModeler - INFO - [logger.py:103] - Починаємо навчання моделі ARIMA для символу default
2025-05-22 19:27:11 - ArimaModeler - WARNING - [logger.py:107] - Дані були сконвертовані з object в числовий тип
2025-05-22 19:27:11 - ArimaModeler - INFO - [logger.py:103] - Автоматичне визначення параметрів ARIMA моделі
2025-05-22 19:27:12 - ArimaModeler - WARNING - [logger.py:107] - Не вдалося витягти параметри з структури: ['status', 'message', 'parameters', 'model_info']
2025-05-22 19:27:12 - ArimaModeler - INFO - [logger.py:103] - Визначено оптимальні параметри ARIMA: (1, 1, 1)
2025-05-22 19:27:12 - ArimaModeler - WARNING - [logger.py:107] - Метод lbfgs не спрацював: ARIMA.fit() got an unexpected keyword argument 'maxiter'
2025-05-22 19:27:12 - ArimaModeler - WARNING - [logger.py:107] - Метод bfgs не спрацював: ARIMA.fit() got an unexpected keyword argument 'maxiter'
2025-05-22 19:27:12 - ArimaModeler - WARNING - [logger.py:107] - Метод nm не спрацював: ARIMA.fit() got an unexpected keyword argument 'maxiter'
2025-05-22 19:27:12 - ArimaModeler - INFO - [logger.py:103] - Модель навчена з базовими параметрами
2025-05-22 19:27:12 - ArimaModeler - ERROR - [logger.py:111] - Помилка збереження моделі в базу даних: 'psycopg2.extensions.connection' object is not callable
2025-05-22 19:27:12 - ArimaModeler - INFO - [logger.py:103] - Модель ARIMA default_arima_20250522192712 успішно навчена з параметрами (1, 1, 1)
2025-05-22 19:27:12 - ArimaModeler - INFO - [logger.py:103] - Починаємо навчання моделі SARIMA для символу default
2025-05-22 19:27:12 - ArimaModeler - WARNING - [logger.py:107] - Дані були сконвертовані з object в числовий тип
2025-05-22 19:27:12 - ArimaModeler - INFO - [logger.py:103] - Автоматичне визначення параметрів SARIMA моделі
2025-05-22 19:27:19 - ArimaModeler - WARNING - [logger.py:107] - Не вдалося витягти параметри з структури: ['status', 'message', 'parameters', 'model_info']
2025-05-22 19:27:19 - ArimaModeler - INFO - [logger.py:103] - Визначено оптимальні параметри SARIMA: (1, 1, 1), сезонні: (1, 1, 1, 7)
2025-05-22 19:27:20 - ArimaModeler - INFO - [logger.py:103] - SARIMA модель успішно навчена з методом: lbfgs
2025-05-22 19:27:20 - ArimaModeler - ERROR - [logger.py:111] - Помилка збереження моделі в базу даних: 'psycopg2.extensions.connection' object is not callable
2025-05-22 19:27:20 - ArimaModeler - INFO - [logger.py:103] - Модель SARIMA default_sarima_20250522192719 успішно навчена з параметрами (1, 1, 1), сезонними (1, 1, 1, 7)
2025-05-22 19:27:21 - ArimaModeler - INFO - [logger.py:103] - Починаємо навчання моделі ARIMA для символу BTC
2025-05-22 19:27:21 - ArimaModeler - INFO - [logger.py:103] - Автоматичне визначення параметрів ARIMA моделі
2025-05-22 19:27:21 - ArimaModeler - WARNING - [logger.py:107] - Не вдалося витягти параметри з структури: ['status', 'message', 'parameters', 'model_info']
2025-05-22 19:27:21 - ArimaModeler - INFO - [logger.py:103] - Визначено оптимальні параметри ARIMA: (1, 1, 1)
2025-05-22 19:27:21 - ArimaModeler - WARNING - [logger.py:107] - Метод lbfgs не спрацював: ARIMA.fit() got an unexpected keyword argument 'maxiter'
2025-05-22 19:27:21 - ArimaModeler - WARNING - [logger.py:107] - Метод bfgs не спрацював: ARIMA.fit() got an unexpected keyword argument 'maxiter'
2025-05-22 19:27:21 - ArimaModeler - WARNING - [logger.py:107] - Метод nm не спрацював: ARIMA.fit() got an unexpected keyword argument 'maxiter'
2025-05-22 19:27:22 - ArimaModeler - INFO - [logger.py:103] - Модель навчена з базовими параметрами
2025-05-22 19:27:22 - ArimaModeler - ERROR - [logger.py:111] - Помилка збереження моделі в базу даних: 'psycopg2.extensions.connection' object is not callable
2025-05-22 19:27:22 - ArimaModeler - INFO - [logger.py:103] - Модель ARIMA BTC_arima_20250522192721 успішно навчена з параметрами (1, 1, 1)
2025-05-22 19:27:23 - ArimaModeler - INFO - [logger.py:103] - Починаємо навчання моделі ARIMA для символу default
2025-05-22 19:27:23 - ArimaModeler - WARNING - [logger.py:107] - Дані були сконвертовані з object в числовий тип
2025-05-22 19:27:23 - ArimaModeler - INFO - [logger.py:103] - Автоматичне визначення параметрів ARIMA моделі
2025-05-22 19:27:24 - ArimaModeler - WARNING - [logger.py:107] - Не вдалося витягти параметри з структури: ['status', 'message', 'parameters', 'model_info']
2025-05-22 19:27:24 - ArimaModeler - INFO - [logger.py:103] - Визначено оптимальні параметри ARIMA: (1, 1, 1)
2025-05-22 19:27:24 - ArimaModeler - WARNING - [logger.py:107] - Метод lbfgs не спрацював: ARIMA.fit() got an unexpected keyword argument 'maxiter'
2025-05-22 19:27:24 - ArimaModeler - WARNING - [logger.py:107] - Метод bfgs не спрацював: ARIMA.fit() got an unexpected keyword argument 'maxiter'
2025-05-22 19:27:24 - ArimaModeler - WARNING - [logger.py:107] - Метод nm не спрацював: ARIMA.fit() got an unexpected keyword argument 'maxiter'
2025-05-22 19:27:24 - ArimaModeler - INFO - [logger.py:103] - Модель навчена з базовими параметрами
2025-05-22 19:27:24 - ArimaModeler - ERROR - [logger.py:111] - Помилка збереження моделі в базу даних: 'psycopg2.extensions.connection' object is not callable
2025-05-22 19:27:24 - ArimaModeler - INFO - [logger.py:103] - Модель ARIMA default_arima_20250522192724 успішно навчена з параметрами (1, 1, 1)
2025-05-22 19:27:25 - ArimaModeler - INFO - [logger.py:103] - Починаємо навчання моделі SARIMA для символу default
2025-05-22 19:27:25 - ArimaModeler - WARNING - [logger.py:107] - Дані були сконвертовані з object в числовий тип
2025-05-22 19:27:25 - ArimaModeler - INFO - [logger.py:103] - Автоматичне визначення параметрів SARIMA моделі
2025-05-22 19:27:27 - ArimaModeler - WARNING - [logger.py:107] - Не вдалося витягти параметри з структури: ['status', 'message', 'parameters', 'model_info']
2025-05-22 19:27:27 - ArimaModeler - INFO - [logger.py:103] - Визначено оптимальні параметри SARIMA: (1, 1, 1), сезонні: (1, 1, 1, 7)
2025-05-22 19:27:28 - ArimaModeler - INFO - [logger.py:103] - SARIMA модель успішно навчена з методом: lbfgs
2025-05-22 19:27:28 - ArimaModeler - ERROR - [logger.py:111] - Помилка збереження моделі в базу даних: 'psycopg2.extensions.connection' object is not callable
2025-05-22 19:27:28 - ArimaModeler - INFO - [logger.py:103] - Модель SARIMA default_sarima_20250522192727 успішно навчена з параметрами (1, 1, 1), сезонними (1, 1, 1, 7)
2025-05-22 19:27:30 - ArimaModeler - INFO - [logger.py:103] - Починаємо навчання моделі ARIMA для символу ETH
2025-05-22 19:27:30 - ArimaModeler - INFO - [logger.py:103] - Автоматичне визначення параметрів ARIMA моделі
2025-05-22 19:27:33 - ArimaModeler - WARNING - [logger.py:107] - Не вдалося витягти параметри з структури: ['status', 'message', 'parameters', 'model_info']
2025-05-22 19:27:33 - ArimaModeler - INFO - [logger.py:103] - Визначено оптимальні параметри ARIMA: (1, 1, 1)
2025-05-22 19:27:33 - ArimaModeler - WARNING - [logger.py:107] - Метод lbfgs не спрацював: ARIMA.fit() got an unexpected keyword argument 'maxiter'
2025-05-22 19:27:33 - ArimaModeler - WARNING - [logger.py:107] - Метод bfgs не спрацював: ARIMA.fit() got an unexpected keyword argument 'maxiter'
2025-05-22 19:27:33 - ArimaModeler - WARNING - [logger.py:107] - Метод nm не спрацював: ARIMA.fit() got an unexpected keyword argument 'maxiter'
2025-05-22 19:27:33 - ArimaModeler - INFO - [logger.py:103] - Модель навчена з базовими параметрами
2025-05-22 19:27:33 - ArimaModeler - ERROR - [logger.py:111] - Помилка збереження моделі в базу даних: 'psycopg2.extensions.connection' object is not callable
2025-05-22 19:27:33 - ArimaModeler - INFO - [logger.py:103] - Модель ARIMA ETH_arima_20250522192733 успішно навчена з параметрами (1, 1, 1)
2025-05-22 19:27:33 - ArimaModeler - INFO - [logger.py:103] - Починаємо навчання моделі ARIMA для символу default
2025-05-22 19:27:33 - ArimaModeler - WARNING - [logger.py:107] - Дані були сконвертовані з object в числовий тип
2025-05-22 19:27:33 - ArimaModeler - INFO - [logger.py:103] - Автоматичне визначення параметрів ARIMA моделі
2025-05-22 19:27:33 - ArimaModeler - WARNING - [logger.py:107] - Не вдалося витягти параметри з структури: ['status', 'message', 'parameters', 'model_info']
2025-05-22 19:27:33 - ArimaModeler - INFO - [logger.py:103] - Визначено оптимальні параметри ARIMA: (1, 1, 1)
2025-05-22 19:27:33 - ArimaModeler - WARNING - [logger.py:107] - Метод lbfgs не спрацював: ARIMA.fit() got an unexpected keyword argument 'maxiter'
2025-05-22 19:27:33 - ArimaModeler - WARNING - [logger.py:107] - Метод bfgs не спрацював: ARIMA.fit() got an unexpected keyword argument 'maxiter'
2025-05-22 19:27:33 - ArimaModeler - WARNING - [logger.py:107] - Метод nm не спрацював: ARIMA.fit() got an unexpected keyword argument 'maxiter'
2025-05-22 19:27:33 - ArimaModeler - INFO - [logger.py:103] - Модель навчена з базовими параметрами
2025-05-22 19:27:33 - ArimaModeler - ERROR - [logger.py:111] - Помилка збереження моделі в базу даних: 'psycopg2.extensions.connection' object is not callable
2025-05-22 19:27:33 - ArimaModeler - INFO - [logger.py:103] - Модель ARIMA default_arima_20250522192733 успішно навчена з параметрами (1, 1, 1)
2025-05-22 19:27:34 - ArimaModeler - INFO - [logger.py:103] - Починаємо навчання моделі SARIMA для символу default
2025-05-22 19:27:34 - ArimaModeler - WARNING - [logger.py:107] - Дані були сконвертовані з object в числовий тип
2025-05-22 19:27:34 - ArimaModeler - INFO - [logger.py:103] - Автоматичне визначення параметрів SARIMA моделі
2025-05-22 19:27:35 - ArimaModeler - WARNING - [logger.py:107] - Не вдалося витягти параметри з структури: ['status', 'message', 'parameters', 'model_info']
2025-05-22 19:27:35 - ArimaModeler - INFO - [logger.py:103] - Визначено оптимальні параметри SARIMA: (1, 1, 1), сезонні: (1, 1, 1, 7)
2025-05-22 19:27:35 - ArimaModeler - INFO - [logger.py:103] - SARIMA модель успішно навчена з методом: lbfgs
2025-05-22 19:27:35 - ArimaModeler - ERROR - [logger.py:111] - Помилка збереження моделі в базу даних: 'psycopg2.extensions.connection' object is not callable
2025-05-22 19:27:35 - ArimaModeler - INFO - [logger.py:103] - Модель SARIMA default_sarima_20250522192735 успішно навчена з параметрами (1, 1, 1), сезонними (1, 1, 1, 7)
2025-05-22 19:27:36 - ArimaModeler - INFO - [logger.py:103] - Починаємо навчання моделі ARIMA для символу SOL
2025-05-22 19:27:36 - ArimaModeler - INFO - [logger.py:103] - Автоматичне визначення параметрів ARIMA моделі
2025-05-22 19:27:36 - ArimaModeler - WARNING - [logger.py:107] - Не вдалося витягти параметри з структури: ['status', 'message', 'parameters', 'model_info']
2025-05-22 19:27:36 - ArimaModeler - INFO - [logger.py:103] - Визначено оптимальні параметри ARIMA: (1, 1, 1)
2025-05-22 19:27:36 - ArimaModeler - WARNING - [logger.py:107] - Метод lbfgs не спрацював: ARIMA.fit() got an unexpected keyword argument 'maxiter'
2025-05-22 19:27:36 - ArimaModeler - WARNING - [logger.py:107] - Метод bfgs не спрацював: ARIMA.fit() got an unexpected keyword argument 'maxiter'
2025-05-22 19:27:36 - ArimaModeler - WARNING - [logger.py:107] - Метод nm не спрацював: ARIMA.fit() got an unexpected keyword argument 'maxiter'
2025-05-22 19:27:36 - ArimaModeler - INFO - [logger.py:103] - Модель навчена з базовими параметрами
2025-05-22 19:27:36 - ArimaModeler - ERROR - [logger.py:111] - Помилка збереження моделі в базу даних: 'psycopg2.extensions.connection' object is not callable
2025-05-22 19:27:36 - ArimaModeler - INFO - [logger.py:103] - Модель ARIMA SOL_arima_20250522192736 успішно навчена з параметрами (1, 1, 1)
2025-05-23 00:35:07 - ArimaModeler - INFO - [logger.py:103] - Починаємо навчання моделі ARIMA для символу default
2025-05-23 00:35:07 - ArimaModeler - WARNING - [logger.py:107] - Дані були сконвертовані з object в числовий тип
2025-05-23 00:35:07 - ArimaModeler - INFO - [logger.py:103] - Автоматичне визначення параметрів ARIMA моделі
2025-05-23 00:35:07 - ArimaModeler - WARNING - [logger.py:107] - Не вдалося витягти параметри з структури: ['status', 'message', 'parameters', 'model_info']
2025-05-23 00:35:07 - ArimaModeler - INFO - [logger.py:103] - Визначено оптимальні параметри ARIMA: (1, 1, 1)
2025-05-23 00:35:07 - ArimaModeler - WARNING - [logger.py:107] - Метод lbfgs не спрацював: ARIMA.fit() got an unexpected keyword argument 'maxiter'
2025-05-23 00:35:07 - ArimaModeler - WARNING - [logger.py:107] - Метод bfgs не спрацював: ARIMA.fit() got an unexpected keyword argument 'maxiter'
2025-05-23 00:35:07 - ArimaModeler - WARNING - [logger.py:107] - Метод nm не спрацював: ARIMA.fit() got an unexpected keyword argument 'maxiter'
2025-05-23 00:35:07 - ArimaModeler - INFO - [logger.py:103] - Модель навчена з базовими параметрами
2025-05-23 00:35:07 - ArimaModeler - ERROR - [logger.py:111] - Помилка збереження моделі в базу даних: 'psycopg2.extensions.connection' object is not callable
2025-05-23 00:35:07 - ArimaModeler - INFO - [logger.py:103] - Модель ARIMA default_arima_20250523003507 успішно навчена з параметрами (1, 1, 1)
2025-05-23 00:35:08 - ArimaModeler - INFO - [logger.py:103] - Починаємо навчання моделі SARIMA для символу default
2025-05-23 00:35:08 - ArimaModeler - WARNING - [logger.py:107] - Дані були сконвертовані з object в числовий тип
2025-05-23 00:35:08 - ArimaModeler - INFO - [logger.py:103] - Автоматичне визначення параметрів SARIMA моделі
2025-05-23 00:35:14 - ArimaModeler - WARNING - [logger.py:107] - Не вдалося витягти параметри з структури: ['status', 'message', 'parameters', 'model_info']
2025-05-23 00:35:14 - ArimaModeler - INFO - [logger.py:103] - Визначено оптимальні параметри SARIMA: (1, 1, 1), сезонні: (1, 1, 1, 7)
2025-05-23 00:35:15 - ArimaModeler - INFO - [logger.py:103] - SARIMA модель успішно навчена з методом: lbfgs
2025-05-23 00:35:15 - ArimaModeler - ERROR - [logger.py:111] - Помилка збереження моделі в базу даних: 'psycopg2.extensions.connection' object is not callable
2025-05-23 00:35:15 - ArimaModeler - INFO - [logger.py:103] - Модель SARIMA default_sarima_20250523003514 успішно навчена з параметрами (1, 1, 1), сезонними (1, 1, 1, 7)
2025-05-23 00:35:16 - ArimaModeler - INFO - [logger.py:103] - Починаємо навчання моделі ARIMA для символу BTC
2025-05-23 00:35:16 - ArimaModeler - INFO - [logger.py:103] - Автоматичне визначення параметрів ARIMA моделі
2025-05-23 00:35:16 - ArimaModeler - WARNING - [logger.py:107] - Не вдалося витягти параметри з структури: ['status', 'message', 'parameters', 'model_info']
2025-05-23 00:35:16 - ArimaModeler - INFO - [logger.py:103] - Визначено оптимальні параметри ARIMA: (1, 1, 1)
2025-05-23 00:35:16 - ArimaModeler - WARNING - [logger.py:107] - Метод lbfgs не спрацював: ARIMA.fit() got an unexpected keyword argument 'maxiter'
2025-05-23 00:35:16 - ArimaModeler - WARNING - [logger.py:107] - Метод bfgs не спрацював: ARIMA.fit() got an unexpected keyword argument 'maxiter'
2025-05-23 00:35:16 - ArimaModeler - WARNING - [logger.py:107] - Метод nm не спрацював: ARIMA.fit() got an unexpected keyword argument 'maxiter'
2025-05-23 00:35:17 - ArimaModeler - INFO - [logger.py:103] - Модель навчена з базовими параметрами
2025-05-23 00:35:17 - ArimaModeler - ERROR - [logger.py:111] - Помилка збереження моделі в базу даних: 'psycopg2.extensions.connection' object is not callable
2025-05-23 00:35:17 - ArimaModeler - INFO - [logger.py:103] - Модель ARIMA BTC_arima_20250523003516 успішно навчена з параметрами (1, 1, 1)
2025-05-23 00:35:18 - ArimaModeler - INFO - [logger.py:103] - Починаємо навчання моделі ARIMA для символу default
2025-05-23 00:35:18 - ArimaModeler - WARNING - [logger.py:107] - Дані були сконвертовані з object в числовий тип
2025-05-23 00:35:18 - ArimaModeler - INFO - [logger.py:103] - Автоматичне визначення параметрів ARIMA моделі
2025-05-23 00:35:19 - ArimaModeler - WARNING - [logger.py:107] - Не вдалося витягти параметри з структури: ['status', 'message', 'parameters', 'model_info']
2025-05-23 00:35:19 - ArimaModeler - INFO - [logger.py:103] - Визначено оптимальні параметри ARIMA: (1, 1, 1)
2025-05-23 00:35:19 - ArimaModeler - WARNING - [logger.py:107] - Метод lbfgs не спрацював: ARIMA.fit() got an unexpected keyword argument 'maxiter'
2025-05-23 00:35:19 - ArimaModeler - WARNING - [logger.py:107] - Метод bfgs не спрацював: ARIMA.fit() got an unexpected keyword argument 'maxiter'
2025-05-23 00:35:19 - ArimaModeler - WARNING - [logger.py:107] - Метод nm не спрацював: ARIMA.fit() got an unexpected keyword argument 'maxiter'
2025-05-23 00:35:19 - ArimaModeler - INFO - [logger.py:103] - Модель навчена з базовими параметрами
2025-05-23 00:35:19 - ArimaModeler - ERROR - [logger.py:111] - Помилка збереження моделі в базу даних: 'psycopg2.extensions.connection' object is not callable
2025-05-23 00:35:19 - ArimaModeler - INFO - [logger.py:103] - Модель ARIMA default_arima_20250523003519 успішно навчена з параметрами (1, 1, 1)
2025-05-23 00:35:20 - ArimaModeler - INFO - [logger.py:103] - Починаємо навчання моделі SARIMA для символу default
2025-05-23 00:35:20 - ArimaModeler - WARNING - [logger.py:107] - Дані були сконвертовані з object в числовий тип
2025-05-23 00:35:20 - ArimaModeler - INFO - [logger.py:103] - Автоматичне визначення параметрів SARIMA моделі
2025-05-23 00:35:23 - ArimaModeler - WARNING - [logger.py:107] - Не вдалося витягти параметри з структури: ['status', 'message', 'parameters', 'model_info']
2025-05-23 00:35:23 - ArimaModeler - INFO - [logger.py:103] - Визначено оптимальні параметри SARIMA: (1, 1, 1), сезонні: (1, 1, 1, 7)
2025-05-23 00:35:23 - ArimaModeler - INFO - [logger.py:103] - SARIMA модель успішно навчена з методом: lbfgs
2025-05-23 00:35:23 - ArimaModeler - ERROR - [logger.py:111] - Помилка збереження моделі в базу даних: 'psycopg2.extensions.connection' object is not callable
2025-05-23 00:35:23 - ArimaModeler - INFO - [logger.py:103] - Модель SARIMA default_sarima_20250523003523 успішно навчена з параметрами (1, 1, 1), сезонними (1, 1, 1, 7)
2025-05-23 00:35:26 - ArimaModeler - INFO - [logger.py:103] - Починаємо навчання моделі ARIMA для символу ETH
2025-05-23 00:35:26 - ArimaModeler - INFO - [logger.py:103] - Автоматичне визначення параметрів ARIMA моделі
2025-05-23 00:35:28 - ArimaModeler - WARNING - [logger.py:107] - Не вдалося витягти параметри з структури: ['status', 'message', 'parameters', 'model_info']
2025-05-23 00:35:28 - ArimaModeler - INFO - [logger.py:103] - Визначено оптимальні параметри ARIMA: (1, 1, 1)
2025-05-23 00:35:28 - ArimaModeler - WARNING - [logger.py:107] - Метод lbfgs не спрацював: ARIMA.fit() got an unexpected keyword argument 'maxiter'
2025-05-23 00:35:28 - ArimaModeler - WARNING - [logger.py:107] - Метод bfgs не спрацював: ARIMA.fit() got an unexpected keyword argument 'maxiter'
2025-05-23 00:35:28 - ArimaModeler - WARNING - [logger.py:107] - Метод nm не спрацював: ARIMA.fit() got an unexpected keyword argument 'maxiter'
2025-05-23 00:35:28 - ArimaModeler - INFO - [logger.py:103] - Модель навчена з базовими параметрами
2025-05-23 00:35:28 - ArimaModeler - ERROR - [logger.py:111] - Помилка збереження моделі в базу даних: 'psycopg2.extensions.connection' object is not callable
2025-05-23 00:35:28 - ArimaModeler - INFO - [logger.py:103] - Модель ARIMA ETH_arima_20250523003528 успішно навчена з параметрами (1, 1, 1)
2025-05-23 00:35:28 - ArimaModeler - INFO - [logger.py:103] - Починаємо навчання моделі ARIMA для символу default
2025-05-23 00:35:28 - ArimaModeler - WARNING - [logger.py:107] - Дані були сконвертовані з object в числовий тип
2025-05-23 00:35:28 - ArimaModeler - INFO - [logger.py:103] - Автоматичне визначення параметрів ARIMA моделі
2025-05-23 00:35:28 - ArimaModeler - WARNING - [logger.py:107] - Не вдалося витягти параметри з структури: ['status', 'message', 'parameters', 'model_info']
2025-05-23 00:35:28 - ArimaModeler - INFO - [logger.py:103] - Визначено оптимальні параметри ARIMA: (1, 1, 1)
2025-05-23 00:35:28 - ArimaModeler - WARNING - [logger.py:107] - Метод lbfgs не спрацював: ARIMA.fit() got an unexpected keyword argument 'maxiter'
2025-05-23 00:35:28 - ArimaModeler - WARNING - [logger.py:107] - Метод bfgs не спрацював: ARIMA.fit() got an unexpected keyword argument 'maxiter'
2025-05-23 00:35:28 - ArimaModeler - WARNING - [logger.py:107] - Метод nm не спрацював: ARIMA.fit() got an unexpected keyword argument 'maxiter'
2025-05-23 00:35:28 - ArimaModeler - INFO - [logger.py:103] - Модель навчена з базовими параметрами
2025-05-23 00:35:28 - ArimaModeler - ERROR - [logger.py:111] - Помилка збереження моделі в базу даних: 'psycopg2.extensions.connection' object is not callable
2025-05-23 00:35:28 - ArimaModeler - INFO - [logger.py:103] - Модель ARIMA default_arima_20250523003528 успішно навчена з параметрами (1, 1, 1)
2025-05-23 00:35:29 - ArimaModeler - INFO - [logger.py:103] - Починаємо навчання моделі SARIMA для символу default
2025-05-23 00:35:29 - ArimaModeler - WARNING - [logger.py:107] - Дані були сконвертовані з object в числовий тип
2025-05-23 00:35:29 - ArimaModeler - INFO - [logger.py:103] - Автоматичне визначення параметрів SARIMA моделі
2025-05-23 00:35:30 - ArimaModeler - WARNING - [logger.py:107] - Не вдалося витягти параметри з структури: ['status', 'message', 'parameters', 'model_info']
2025-05-23 00:35:30 - ArimaModeler - INFO - [logger.py:103] - Визначено оптимальні параметри SARIMA: (1, 1, 1), сезонні: (1, 1, 1, 7)
2025-05-23 00:35:31 - ArimaModeler - INFO - [logger.py:103] - SARIMA модель успішно навчена з методом: lbfgs
2025-05-23 00:35:31 - ArimaModeler - ERROR - [logger.py:111] - Помилка збереження моделі в базу даних: 'psycopg2.extensions.connection' object is not callable
2025-05-23 00:35:31 - ArimaModeler - INFO - [logger.py:103] - Модель SARIMA default_sarima_20250523003530 успішно навчена з параметрами (1, 1, 1), сезонними (1, 1, 1, 7)
2025-05-23 00:35:31 - ArimaModeler - INFO - [logger.py:103] - Починаємо навчання моделі ARIMA для символу SOL
2025-05-23 00:35:31 - ArimaModeler - INFO - [logger.py:103] - Автоматичне визначення параметрів ARIMA моделі
2025-05-23 00:35:31 - ArimaModeler - WARNING - [logger.py:107] - Не вдалося витягти параметри з структури: ['status', 'message', 'parameters', 'model_info']
2025-05-23 00:35:31 - ArimaModeler - INFO - [logger.py:103] - Визначено оптимальні параметри ARIMA: (1, 1, 1)
2025-05-23 00:35:31 - ArimaModeler - WARNING - [logger.py:107] - Метод lbfgs не спрацював: ARIMA.fit() got an unexpected keyword argument 'maxiter'
2025-05-23 00:35:31 - ArimaModeler - WARNING - [logger.py:107] - Метод bfgs не спрацював: ARIMA.fit() got an unexpected keyword argument 'maxiter'
2025-05-23 00:35:31 - ArimaModeler - WARNING - [logger.py:107] - Метод nm не спрацював: ARIMA.fit() got an unexpected keyword argument 'maxiter'
2025-05-23 00:35:31 - ArimaModeler - INFO - [logger.py:103] - Модель навчена з базовими параметрами
2025-05-23 00:35:31 - ArimaModeler - ERROR - [logger.py:111] - Помилка збереження моделі в базу даних: 'psycopg2.extensions.connection' object is not callable
2025-05-23 00:35:31 - ArimaModeler - INFO - [logger.py:103] - Модель ARIMA SOL_arima_20250523003531 успішно навчена з параметрами (1, 1, 1)
