2025-05-19 19:22:46 - TimeseriesAnalyzer - INFO - [logger.py:103] - Початок аналізу сезонності
2025-05-19 19:22:46 - TimeseriesAnalyzer - WARNING - [logger.py:107] - Помилка під час сезонної декомпозиції: unsupported operand type(s) for -: 'float' and 'decimal.Decimal'
2025-05-19 19:22:46 - TimeseriesAnalyzer - WARNING - [logger.py:107] - Помилка під час спектрального аналізу: unsupported operand type(s) for *: 'float' and 'decimal.Decimal'
2025-05-19 19:22:46 - TimeseriesAnalyzer - INFO - [logger.py:103] - Аналіз сезонності завершено: False
2025-05-19 23:36:23 - TimeseriesAnalyzer - INFO - [logger.py:103] - Початок аналізу сезонності
2025-05-19 23:36:23 - TimeseriesAnalyzer - WARNING - [logger.py:107] - Помилка під час сезонної декомпозиції: unsupported operand type(s) for -: 'float' and 'decimal.Decimal'
2025-05-19 23:36:23 - TimeseriesAnalyzer - WARNING - [logger.py:107] - Помилка під час спектрального аналізу: unsupported operand type(s) for *: 'float' and 'decimal.Decimal'
2025-05-19 23:36:23 - TimeseriesAnalyzer - INFO - [logger.py:103] - Аналіз сезонності завершено: False
2025-05-20 00:31:38 - TimeseriesAnalyzer - INFO - [logger.py:103] - Початок аналізу сезонності
2025-05-20 00:31:38 - TimeseriesAnalyzer - INFO - [logger.py:103] - Перетворення decimal.Decimal значень у float для обчислень
2025-05-20 00:31:38 - TimeseriesAnalyzer - INFO - [logger.py:103] - Аналіз сезонності завершено: False
2025-05-20 00:38:10 - TimeseriesAnalyzer - INFO - [logger.py:103] - Початок аналізу сезонності
2025-05-20 00:38:10 - TimeseriesAnalyzer - INFO - [logger.py:103] - Перетворення decimal.Decimal значень у float для обчислень
2025-05-20 00:38:10 - TimeseriesAnalyzer - INFO - [logger.py:103] - Аналіз сезонності завершено: True
2025-05-20 00:38:10 - TimeseriesAnalyzer - INFO - [logger.py:103] - Основний сезонний період: 354
2025-05-20 00:43:34 - TimeseriesAnalyzer - INFO - [logger.py:103] - Початок аналізу сезонності
2025-05-20 00:43:34 - TimeseriesAnalyzer - INFO - [logger.py:103] - Перетворення decimal.Decimal значень у float для обчислень
2025-05-20 00:43:34 - TimeseriesAnalyzer - INFO - [logger.py:103] - Аналіз сезонності завершено: True
2025-05-20 00:43:34 - TimeseriesAnalyzer - INFO - [logger.py:103] - Основний сезонний період: 354
2025-05-20 00:52:47 - TimeseriesAnalyzer - INFO - [logger.py:103] - Початок аналізу сезонності
2025-05-20 00:52:47 - TimeseriesAnalyzer - INFO - [logger.py:103] - Перетворення decimal.Decimal значень у float для обчислень
2025-05-20 00:52:47 - TimeseriesAnalyzer - INFO - [logger.py:103] - Аналіз сезонності завершено: True
2025-05-20 00:52:47 - TimeseriesAnalyzer - INFO - [logger.py:103] - Основний сезонний період: 354
2025-05-20 14:02:50 - TimeseriesAnalyzer - INFO - [logger.py:103] - Початок аналізу сезонності
2025-05-20 14:02:50 - TimeseriesAnalyzer - INFO - [logger.py:103] - Перетворення decimal.Decimal значень у float для обчислень
2025-05-20 14:02:50 - TimeseriesAnalyzer - INFO - [logger.py:103] - Аналіз сезонності завершено: True
2025-05-20 14:02:50 - TimeseriesAnalyzer - INFO - [logger.py:103] - Основний сезонний період: 354
2025-05-20 15:00:17 - TimeseriesAnalyzer - INFO - [logger.py:103] - Початок аналізу сезонності
2025-05-20 15:00:17 - TimeseriesAnalyzer - INFO - [logger.py:103] - Перетворення decimal.Decimal значень у float для обчислень
2025-05-20 15:00:17 - TimeseriesAnalyzer - INFO - [logger.py:103] - Аналіз сезонності завершено: True
2025-05-20 15:00:17 - TimeseriesAnalyzer - INFO - [logger.py:103] - Основний сезонний період: 354
2025-05-20 15:05:45 - TimeseriesAnalyzer - INFO - [logger.py:103] - Початок аналізу сезонності
2025-05-20 15:05:45 - TimeseriesAnalyzer - INFO - [logger.py:103] - Перетворення decimal.Decimal значень у float для обчислень
2025-05-20 15:05:45 - TimeseriesAnalyzer - INFO - [logger.py:103] - Аналіз сезонності завершено: True
2025-05-20 15:05:45 - TimeseriesAnalyzer - INFO - [logger.py:103] - Основний сезонний період: 354
2025-05-20 15:09:16 - TimeseriesAnalyzer - INFO - [logger.py:103] - Початок аналізу сезонності
2025-05-20 15:09:16 - TimeseriesAnalyzer - INFO - [logger.py:103] - Перетворення decimal.Decimal значень у float для обчислень
2025-05-20 15:09:16 - TimeseriesAnalyzer - INFO - [logger.py:103] - Аналіз сезонності завершено: True
2025-05-20 15:09:16 - TimeseriesAnalyzer - INFO - [logger.py:103] - Основний сезонний період: 354
2025-05-20 15:09:16 - TimeseriesAnalyzer - INFO - [logger.py:103] - Початок аналізу сезонності
2025-05-20 15:09:16 - TimeseriesAnalyzer - INFO - [logger.py:103] - Перетворення decimal.Decimal значень у float для обчислень
2025-05-20 15:09:16 - TimeseriesAnalyzer - INFO - [logger.py:103] - Аналіз сезонності завершено: True
2025-05-20 15:09:16 - TimeseriesAnalyzer - INFO - [logger.py:103] - Основний сезонний період: 755
2025-05-20 15:09:16 - TimeseriesAnalyzer - INFO - [logger.py:103] - Початок аналізу сезонності
2025-05-20 15:09:16 - TimeseriesAnalyzer - INFO - [logger.py:103] - Перетворення decimal.Decimal значень у float для обчислень
2025-05-20 15:09:16 - TimeseriesAnalyzer - INFO - [logger.py:103] - Аналіз сезонності завершено: True
2025-05-20 15:09:16 - TimeseriesAnalyzer - INFO - [logger.py:103] - Основний сезонний період: 755
2025-05-20 15:09:16 - TimeseriesAnalyzer - INFO - [logger.py:103] - Starting optimal parameters search
2025-05-20 15:09:16 - TimeseriesAnalyzer - INFO - [logger.py:103] - Converting decimal.Decimal values to float for calculations
2025-05-20 15:09:16 - TimeseriesAnalyzer - INFO - [logger.py:103] - Detected potential seasonal period: 7
2025-05-20 23:58:09 - TimeseriesAnalyzer - INFO - [logger.py:103] - Початок аналізу сезонності
2025-05-20 23:58:09 - TimeseriesAnalyzer - INFO - [logger.py:103] - Перетворення decimal.Decimal значень у float для обчислень
2025-05-20 23:58:10 - TimeseriesAnalyzer - INFO - [logger.py:103] - Аналіз сезонності завершено: True
2025-05-20 23:58:10 - TimeseriesAnalyzer - INFO - [logger.py:103] - Основний сезонний період: 354
2025-05-20 23:58:10 - TimeseriesAnalyzer - INFO - [logger.py:103] - Початок аналізу сезонності
2025-05-20 23:58:10 - TimeseriesAnalyzer - INFO - [logger.py:103] - Перетворення decimal.Decimal значень у float для обчислень
2025-05-20 23:58:10 - TimeseriesAnalyzer - INFO - [logger.py:103] - Аналіз сезонності завершено: True
2025-05-20 23:58:10 - TimeseriesAnalyzer - INFO - [logger.py:103] - Основний сезонний період: 755
2025-05-20 23:58:10 - TimeseriesAnalyzer - INFO - [logger.py:103] - Початок аналізу сезонності
2025-05-20 23:58:10 - TimeseriesAnalyzer - INFO - [logger.py:103] - Перетворення decimal.Decimal значень у float для обчислень
2025-05-20 23:58:10 - TimeseriesAnalyzer - INFO - [logger.py:103] - Аналіз сезонності завершено: True
2025-05-20 23:58:10 - TimeseriesAnalyzer - INFO - [logger.py:103] - Основний сезонний період: 755
2025-05-20 23:58:10 - TimeseriesAnalyzer - INFO - [logger.py:103] - Starting optimal parameters search
2025-05-20 23:58:10 - TimeseriesAnalyzer - INFO - [logger.py:103] - Converting decimal.Decimal values to float for calculations
2025-05-20 23:58:10 - TimeseriesAnalyzer - INFO - [logger.py:103] - Detected potential seasonal period: 7
2025-05-20 23:58:21 - TimeseriesAnalyzer - INFO - [logger.py:103] - Found optimal parameters: {'order': (1, 1, 1), 'seasonal_order': (0, 0, 1, 7), 'seasonal_period': 7}
2025-05-20 23:58:21 - TimeseriesAnalyzer - INFO - [logger.py:103] - Початок аналізу сезонності
2025-05-20 23:58:21 - TimeseriesAnalyzer - INFO - [logger.py:103] - Перетворення decimal.Decimal значень у float для обчислень
2025-05-20 23:58:21 - TimeseriesAnalyzer - INFO - [logger.py:103] - Аналіз сезонності завершено: True
2025-05-20 23:58:21 - TimeseriesAnalyzer - INFO - [logger.py:103] - Основний сезонний період: 944
2025-05-20 23:58:21 - TimeseriesAnalyzer - INFO - [logger.py:103] - Початок аналізу сезонності
2025-05-20 23:58:21 - TimeseriesAnalyzer - INFO - [logger.py:103] - Перетворення decimal.Decimal значень у float для обчислень
2025-05-20 23:58:21 - TimeseriesAnalyzer - INFO - [logger.py:103] - Аналіз сезонності завершено: False
2025-05-20 23:58:21 - TimeseriesAnalyzer - INFO - [logger.py:103] - Початок аналізу сезонності
2025-05-20 23:58:21 - TimeseriesAnalyzer - INFO - [logger.py:103] - Перетворення decimal.Decimal значень у float для обчислень
2025-05-20 23:58:21 - TimeseriesAnalyzer - INFO - [logger.py:103] - Аналіз сезонності завершено: False
2025-05-20 23:58:21 - TimeseriesAnalyzer - INFO - [logger.py:103] - Початок аналізу сезонності
2025-05-20 23:58:21 - TimeseriesAnalyzer - INFO - [logger.py:103] - Перетворення decimal.Decimal значень у float для обчислень
2025-05-20 23:58:21 - TimeseriesAnalyzer - INFO - [logger.py:103] - Аналіз сезонності завершено: True
2025-05-20 23:58:21 - TimeseriesAnalyzer - INFO - [logger.py:103] - Основний сезонний період: 288
2025-05-20 23:58:21 - TimeseriesAnalyzer - INFO - [logger.py:103] - Початок аналізу сезонності
2025-05-20 23:58:21 - TimeseriesAnalyzer - INFO - [logger.py:103] - Перетворення decimal.Decimal значень у float для обчислень
2025-05-20 23:58:21 - TimeseriesAnalyzer - INFO - [logger.py:103] - Аналіз сезонності завершено: True
2025-05-20 23:58:21 - TimeseriesAnalyzer - INFO - [logger.py:103] - Основний сезонний період: 276
2025-05-20 23:58:21 - TimeseriesAnalyzer - INFO - [logger.py:103] - Початок аналізу сезонності
2025-05-20 23:58:21 - TimeseriesAnalyzer - INFO - [logger.py:103] - Перетворення decimal.Decimal значень у float для обчислень
2025-05-20 23:58:21 - TimeseriesAnalyzer - INFO - [logger.py:103] - Аналіз сезонності завершено: True
2025-05-20 23:58:21 - TimeseriesAnalyzer - INFO - [logger.py:103] - Основний сезонний період: 276
2025-05-20 23:58:21 - TimeseriesAnalyzer - INFO - [logger.py:103] - Starting optimal parameters search
2025-05-20 23:58:21 - TimeseriesAnalyzer - INFO - [logger.py:103] - Converting decimal.Decimal values to float for calculations
2025-05-20 23:58:21 - TimeseriesAnalyzer - INFO - [logger.py:103] - Detected potential seasonal period: 7
2025-05-20 23:58:22 - TimeseriesAnalyzer - INFO - [logger.py:103] - Found optimal parameters: {'order': (0, 1, 0), 'seasonal_order': (0, 0, 0, 7), 'seasonal_period': 7}
2025-05-21 16:38:18 - TimeseriesAnalyzer - INFO - [logger.py:103] - Початок аналізу сезонності
2025-05-21 16:38:18 - TimeseriesAnalyzer - INFO - [logger.py:103] - Перетворення decimal.Decimal значень у float для обчислень
2025-05-21 16:38:18 - TimeseriesAnalyzer - INFO - [logger.py:103] - Аналіз сезонності завершено: True
2025-05-21 16:38:18 - TimeseriesAnalyzer - INFO - [logger.py:103] - Основний сезонний період: 354
2025-05-21 16:38:18 - TimeseriesAnalyzer - INFO - [logger.py:103] - Початок аналізу сезонності
2025-05-21 16:38:18 - TimeseriesAnalyzer - INFO - [logger.py:103] - Перетворення decimal.Decimal значень у float для обчислень
2025-05-21 16:38:18 - TimeseriesAnalyzer - INFO - [logger.py:103] - Аналіз сезонності завершено: True
2025-05-21 16:38:18 - TimeseriesAnalyzer - INFO - [logger.py:103] - Основний сезонний період: 755
2025-05-21 16:38:18 - TimeseriesAnalyzer - INFO - [logger.py:103] - Початок аналізу сезонності
2025-05-21 16:38:18 - TimeseriesAnalyzer - INFO - [logger.py:103] - Перетворення decimal.Decimal значень у float для обчислень
2025-05-21 16:38:19 - TimeseriesAnalyzer - INFO - [logger.py:103] - Аналіз сезонності завершено: True
2025-05-21 16:38:19 - TimeseriesAnalyzer - INFO - [logger.py:103] - Основний сезонний період: 755
2025-05-21 16:38:19 - TimeseriesAnalyzer - INFO - [logger.py:103] - Starting optimal parameters search
2025-05-21 16:38:19 - TimeseriesAnalyzer - INFO - [logger.py:103] - Converting decimal.Decimal values to float for calculations
2025-05-21 16:38:19 - TimeseriesAnalyzer - INFO - [logger.py:103] - Detected potential seasonal period: 7
2025-05-21 16:38:29 - TimeseriesAnalyzer - INFO - [logger.py:103] - Found optimal parameters: {'order': (1, 1, 1), 'seasonal_order': (0, 0, 1, 7), 'seasonal_period': 7}
2025-05-21 16:38:29 - TimeseriesAnalyzer - INFO - [logger.py:103] - Початок аналізу сезонності
2025-05-21 16:38:29 - TimeseriesAnalyzer - INFO - [logger.py:103] - Перетворення decimal.Decimal значень у float для обчислень
2025-05-21 16:38:29 - TimeseriesAnalyzer - INFO - [logger.py:103] - Аналіз сезонності завершено: True
2025-05-21 16:38:29 - TimeseriesAnalyzer - INFO - [logger.py:103] - Основний сезонний період: 944
2025-05-21 16:38:29 - TimeseriesAnalyzer - INFO - [logger.py:103] - Початок аналізу сезонності
2025-05-21 16:38:29 - TimeseriesAnalyzer - INFO - [logger.py:103] - Перетворення decimal.Decimal значень у float для обчислень
2025-05-21 16:38:29 - TimeseriesAnalyzer - INFO - [logger.py:103] - Аналіз сезонності завершено: False
2025-05-21 16:38:29 - TimeseriesAnalyzer - INFO - [logger.py:103] - Початок аналізу сезонності
2025-05-21 16:38:29 - TimeseriesAnalyzer - INFO - [logger.py:103] - Перетворення decimal.Decimal значень у float для обчислень
2025-05-21 16:38:29 - TimeseriesAnalyzer - INFO - [logger.py:103] - Аналіз сезонності завершено: False
2025-05-21 16:38:30 - TimeseriesAnalyzer - INFO - [logger.py:103] - Початок аналізу сезонності
2025-05-21 16:38:30 - TimeseriesAnalyzer - INFO - [logger.py:103] - Перетворення decimal.Decimal значень у float для обчислень
2025-05-21 16:38:30 - TimeseriesAnalyzer - INFO - [logger.py:103] - Аналіз сезонності завершено: True
2025-05-21 16:38:30 - TimeseriesAnalyzer - INFO - [logger.py:103] - Основний сезонний період: 288
2025-05-21 16:38:30 - TimeseriesAnalyzer - INFO - [logger.py:103] - Початок аналізу сезонності
2025-05-21 16:38:30 - TimeseriesAnalyzer - INFO - [logger.py:103] - Перетворення decimal.Decimal значень у float для обчислень
2025-05-21 16:38:30 - TimeseriesAnalyzer - INFO - [logger.py:103] - Аналіз сезонності завершено: True
2025-05-21 16:38:30 - TimeseriesAnalyzer - INFO - [logger.py:103] - Основний сезонний період: 276
2025-05-21 16:38:30 - TimeseriesAnalyzer - INFO - [logger.py:103] - Початок аналізу сезонності
2025-05-21 16:38:30 - TimeseriesAnalyzer - INFO - [logger.py:103] - Перетворення decimal.Decimal значень у float для обчислень
2025-05-21 16:38:30 - TimeseriesAnalyzer - INFO - [logger.py:103] - Аналіз сезонності завершено: True
2025-05-21 16:38:30 - TimeseriesAnalyzer - INFO - [logger.py:103] - Основний сезонний період: 276
2025-05-21 16:38:30 - TimeseriesAnalyzer - INFO - [logger.py:103] - Starting optimal parameters search
2025-05-21 16:38:30 - TimeseriesAnalyzer - INFO - [logger.py:103] - Converting decimal.Decimal values to float for calculations
2025-05-21 16:38:30 - TimeseriesAnalyzer - INFO - [logger.py:103] - Detected potential seasonal period: 7
2025-05-21 16:38:31 - TimeseriesAnalyzer - INFO - [logger.py:103] - Found optimal parameters: {'order': (0, 1, 0), 'seasonal_order': (0, 0, 0, 7), 'seasonal_period': 7}
2025-05-21 19:28:49 - TimeseriesAnalyzer - INFO - [logger.py:103] - Початок аналізу сезонності
2025-05-21 19:28:49 - TimeseriesAnalyzer - INFO - [logger.py:103] - Перетворення decimal.Decimal значень у float для обчислень
2025-05-21 19:28:49 - TimeseriesAnalyzer - INFO - [logger.py:103] - Аналіз сезонності завершено: True
2025-05-21 19:28:49 - TimeseriesAnalyzer - INFO - [logger.py:103] - Основний сезонний період: 354
2025-05-21 19:28:50 - TimeseriesAnalyzer - INFO - [logger.py:103] - Starting optimal parameters search
2025-05-21 19:28:50 - TimeseriesAnalyzer - INFO - [logger.py:103] - Converting decimal.Decimal values to float for calculations
2025-05-21 19:28:50 - TimeseriesAnalyzer - INFO - [logger.py:103] - Found optimal parameters: {'order': (0, 1, 0)}
2025-05-21 19:28:50 - TimeseriesAnalyzer - INFO - [logger.py:103] - Початок аналізу сезонності
2025-05-21 19:28:50 - TimeseriesAnalyzer - INFO - [logger.py:103] - Перетворення decimal.Decimal значень у float для обчислень
2025-05-21 19:28:50 - TimeseriesAnalyzer - INFO - [logger.py:103] - Аналіз сезонності завершено: True
2025-05-21 19:28:50 - TimeseriesAnalyzer - INFO - [logger.py:103] - Основний сезонний період: 755
2025-05-21 19:28:51 - TimeseriesAnalyzer - INFO - [logger.py:103] - Starting optimal parameters search
2025-05-21 19:28:51 - TimeseriesAnalyzer - INFO - [logger.py:103] - Converting decimal.Decimal values to float for calculations
2025-05-21 19:28:51 - TimeseriesAnalyzer - INFO - [logger.py:103] - Detected potential seasonal period: 7
2025-05-21 19:29:02 - TimeseriesAnalyzer - INFO - [logger.py:103] - Found optimal parameters: {'order': (1, 1, 1), 'seasonal_order': (0, 0, 1, 7), 'seasonal_period': 7}
2025-05-21 19:29:02 - TimeseriesAnalyzer - INFO - [logger.py:103] - Початок аналізу сезонності
2025-05-21 19:29:02 - TimeseriesAnalyzer - INFO - [logger.py:103] - Перетворення decimal.Decimal значень у float для обчислень
2025-05-21 19:29:02 - TimeseriesAnalyzer - INFO - [logger.py:103] - Аналіз сезонності завершено: True
2025-05-21 19:29:02 - TimeseriesAnalyzer - INFO - [logger.py:103] - Основний сезонний період: 944
2025-05-21 19:29:03 - TimeseriesAnalyzer - INFO - [logger.py:103] - Starting optimal parameters search
2025-05-21 19:29:03 - TimeseriesAnalyzer - INFO - [logger.py:103] - Converting decimal.Decimal values to float for calculations
2025-05-21 19:29:04 - TimeseriesAnalyzer - INFO - [logger.py:103] - Found optimal parameters: {'order': (1, 1, 0)}
2025-05-21 19:29:04 - TimeseriesAnalyzer - INFO - [logger.py:103] - Початок аналізу сезонності
2025-05-21 19:29:04 - TimeseriesAnalyzer - INFO - [logger.py:103] - Перетворення decimal.Decimal значень у float для обчислень
2025-05-21 19:29:04 - TimeseriesAnalyzer - INFO - [logger.py:103] - Аналіз сезонності завершено: False
2025-05-21 19:29:06 - TimeseriesAnalyzer - INFO - [logger.py:103] - Starting optimal parameters search
2025-05-21 19:29:06 - TimeseriesAnalyzer - INFO - [logger.py:103] - Converting decimal.Decimal values to float for calculations
2025-05-21 19:29:06 - TimeseriesAnalyzer - INFO - [logger.py:103] - Detected potential seasonal period: 7
2025-05-21 19:29:08 - TimeseriesAnalyzer - INFO - [logger.py:103] - Found optimal parameters: {'order': (1, 1, 0), 'seasonal_order': (0, 0, 0, 7), 'seasonal_period': 7}
2025-05-21 19:29:09 - TimeseriesAnalyzer - INFO - [logger.py:103] - Початок аналізу сезонності
2025-05-21 19:29:09 - TimeseriesAnalyzer - INFO - [logger.py:103] - Перетворення decimal.Decimal значень у float для обчислень
2025-05-21 19:29:09 - TimeseriesAnalyzer - INFO - [logger.py:103] - Аналіз сезонності завершено: True
2025-05-21 19:29:09 - TimeseriesAnalyzer - INFO - [logger.py:103] - Основний сезонний період: 288
2025-05-21 19:29:09 - TimeseriesAnalyzer - INFO - [logger.py:103] - Starting optimal parameters search
2025-05-21 19:29:09 - TimeseriesAnalyzer - INFO - [logger.py:103] - Converting decimal.Decimal values to float for calculations
2025-05-21 19:29:09 - TimeseriesAnalyzer - INFO - [logger.py:103] - Found optimal parameters: {'order': (0, 1, 0)}
2025-05-21 19:29:09 - TimeseriesAnalyzer - INFO - [logger.py:103] - Початок аналізу сезонності
2025-05-21 19:29:09 - TimeseriesAnalyzer - INFO - [logger.py:103] - Перетворення decimal.Decimal значень у float для обчислень
2025-05-21 19:29:09 - TimeseriesAnalyzer - INFO - [logger.py:103] - Аналіз сезонності завершено: True
2025-05-21 19:29:09 - TimeseriesAnalyzer - INFO - [logger.py:103] - Основний сезонний період: 276
2025-05-21 19:29:09 - TimeseriesAnalyzer - INFO - [logger.py:103] - Starting optimal parameters search
2025-05-21 19:29:09 - TimeseriesAnalyzer - INFO - [logger.py:103] - Converting decimal.Decimal values to float for calculations
2025-05-21 19:29:09 - TimeseriesAnalyzer - INFO - [logger.py:103] - Detected potential seasonal period: 7
2025-05-21 19:29:10 - TimeseriesAnalyzer - INFO - [logger.py:103] - Found optimal parameters: {'order': (0, 1, 0), 'seasonal_order': (0, 0, 0, 7), 'seasonal_period': 7}
2025-05-21 19:52:42 - TimeseriesAnalyzer - INFO - [logger.py:103] - Початок аналізу сезонності
2025-05-21 19:52:42 - TimeseriesAnalyzer - INFO - [logger.py:103] - Перетворення decimal.Decimal значень у float для обчислень
2025-05-21 19:52:42 - TimeseriesAnalyzer - INFO - [logger.py:103] - Аналіз сезонності завершено: True
2025-05-21 19:52:42 - TimeseriesAnalyzer - INFO - [logger.py:103] - Основний сезонний період: 354
2025-05-21 19:52:43 - TimeseriesAnalyzer - INFO - [logger.py:103] - Starting optimal parameters search
2025-05-21 19:52:43 - TimeseriesAnalyzer - INFO - [logger.py:103] - Converting decimal.Decimal values to float for calculations
2025-05-21 19:52:43 - TimeseriesAnalyzer - INFO - [logger.py:103] - Found optimal parameters: {'order': (0, 1, 0)}
2025-05-21 19:52:43 - TimeseriesAnalyzer - INFO - [logger.py:103] - Початок аналізу сезонності
2025-05-21 19:52:43 - TimeseriesAnalyzer - INFO - [logger.py:103] - Перетворення decimal.Decimal значень у float для обчислень
2025-05-21 19:52:43 - TimeseriesAnalyzer - INFO - [logger.py:103] - Аналіз сезонності завершено: False
2025-05-21 19:52:44 - TimeseriesAnalyzer - INFO - [logger.py:103] - Starting optimal parameters search
2025-05-21 19:52:44 - TimeseriesAnalyzer - INFO - [logger.py:103] - Converting decimal.Decimal values to float for calculations
2025-05-21 19:52:44 - TimeseriesAnalyzer - INFO - [logger.py:103] - Detected potential seasonal period: 7
2025-05-21 19:52:49 - TimeseriesAnalyzer - INFO - [logger.py:103] - Found optimal parameters: {'order': (0, 1, 0), 'seasonal_order': (0, 0, 1, 7), 'seasonal_period': 7}
2025-05-21 19:52:49 - TimeseriesAnalyzer - INFO - [logger.py:103] - Початок аналізу сезонності
2025-05-21 19:52:49 - TimeseriesAnalyzer - INFO - [logger.py:103] - Перетворення decimal.Decimal значень у float для обчислень
2025-05-21 19:52:49 - TimeseriesAnalyzer - INFO - [logger.py:103] - Аналіз сезонності завершено: False
2025-05-21 19:52:50 - TimeseriesAnalyzer - INFO - [logger.py:103] - Starting optimal parameters search
2025-05-21 19:52:50 - TimeseriesAnalyzer - INFO - [logger.py:103] - Converting decimal.Decimal values to float for calculations
2025-05-21 19:52:51 - TimeseriesAnalyzer - INFO - [logger.py:103] - Found optimal parameters: {'order': (1, 1, 0)}
2025-05-21 19:52:51 - TimeseriesAnalyzer - INFO - [logger.py:103] - Початок аналізу сезонності
2025-05-21 19:52:51 - TimeseriesAnalyzer - INFO - [logger.py:103] - Перетворення decimal.Decimal значень у float для обчислень
2025-05-21 19:52:51 - TimeseriesAnalyzer - INFO - [logger.py:103] - Аналіз сезонності завершено: False
2025-05-21 19:52:52 - TimeseriesAnalyzer - INFO - [logger.py:103] - Starting optimal parameters search
2025-05-21 19:52:52 - TimeseriesAnalyzer - INFO - [logger.py:103] - Converting decimal.Decimal values to float for calculations
2025-05-21 19:52:52 - TimeseriesAnalyzer - INFO - [logger.py:103] - Detected potential seasonal period: 7
2025-05-21 19:52:54 - TimeseriesAnalyzer - INFO - [logger.py:103] - Found optimal parameters: {'order': (1, 1, 0), 'seasonal_order': (0, 0, 0, 7), 'seasonal_period': 7}
2025-05-21 19:52:55 - TimeseriesAnalyzer - INFO - [logger.py:103] - Початок аналізу сезонності
2025-05-21 19:52:55 - TimeseriesAnalyzer - INFO - [logger.py:103] - Перетворення decimal.Decimal значень у float для обчислень
2025-05-21 19:52:55 - TimeseriesAnalyzer - INFO - [logger.py:103] - Аналіз сезонності завершено: True
2025-05-21 19:52:55 - TimeseriesAnalyzer - INFO - [logger.py:103] - Основний сезонний період: 288
2025-05-21 19:52:55 - TimeseriesAnalyzer - INFO - [logger.py:103] - Starting optimal parameters search
2025-05-21 19:52:55 - TimeseriesAnalyzer - INFO - [logger.py:103] - Converting decimal.Decimal values to float for calculations
2025-05-21 19:52:55 - TimeseriesAnalyzer - INFO - [logger.py:103] - Found optimal parameters: {'order': (0, 1, 0)}
2025-05-21 19:52:55 - TimeseriesAnalyzer - INFO - [logger.py:103] - Початок аналізу сезонності
2025-05-21 19:52:55 - TimeseriesAnalyzer - INFO - [logger.py:103] - Перетворення decimal.Decimal значень у float для обчислень
2025-05-21 19:52:55 - TimeseriesAnalyzer - INFO - [logger.py:103] - Аналіз сезонності завершено: True
2025-05-21 19:52:55 - TimeseriesAnalyzer - INFO - [logger.py:103] - Основний сезонний період: 276
2025-05-21 19:52:55 - TimeseriesAnalyzer - INFO - [logger.py:103] - Starting optimal parameters search
2025-05-21 19:52:55 - TimeseriesAnalyzer - INFO - [logger.py:103] - Converting decimal.Decimal values to float for calculations
2025-05-21 19:52:55 - TimeseriesAnalyzer - INFO - [logger.py:103] - Detected potential seasonal period: 7
2025-05-21 19:52:56 - TimeseriesAnalyzer - INFO - [logger.py:103] - Found optimal parameters: {'order': (0, 1, 0), 'seasonal_order': (0, 0, 0, 7), 'seasonal_period': 7}
