2025-05-19 19:22:46 - TimeseriesModelEvaluator - INFO - [logger.py:103] - Calculating volatility with window size 20
2025-05-19 19:22:46 - TimeseriesModelEvaluator - ERROR - [logger.py:111] - Error during volatility calculation: loop of ufunc does not support argument 0 of type float which has no callable log method
2025-05-19 23:36:23 - TimeseriesModelEvaluator - INFO - [logger.py:103] - Calculating volatility with window size 20
2025-05-19 23:36:23 - TimeseriesModelEvaluator - ERROR - [logger.py:111] - Error during volatility calculation: loop of ufunc does not support argument 0 of type float which has no callable log method
2025-05-20 00:31:38 - TimeseriesModelEvaluator - INFO - [logger.py:103] - Calculating volatility with window size 20
2025-05-20 00:31:38 - TimeseriesModelEvaluator - ERROR - [logger.py:111] - Error during volatility calculation: loop of ufunc does not support argument 0 of type float which has no callable log method
2025-05-20 00:38:10 - TimeseriesModelEvaluator - INFO - [logger.py:103] - Calculating volatility with window size 20
2025-05-20 00:38:10 - TimeseriesModelEvaluator - ERROR - [logger.py:111] - Error during volatility calculation: loop of ufunc does not support argument 0 of type float which has no callable log method
2025-05-20 00:43:34 - TimeseriesModelEvaluator - INFO - [logger.py:103] - Calculating volatility with window size 20
2025-05-20 00:43:34 - TimeseriesModelEvaluator - ERROR - [logger.py:111] - Error during volatility calculation: loop of ufunc does not support argument 0 of type float which has no callable log method
2025-05-20 00:52:47 - TimeseriesModelEvaluator - INFO - [logger.py:103] - Calculating volatility with window size 20
2025-05-20 00:52:47 - TimeseriesModelEvaluator - ERROR - [logger.py:111] - Error during volatility calculation: loop of ufunc does not support argument 0 of type float which has no callable log method
2025-05-20 14:02:50 - TimeseriesModelEvaluator - INFO - [logger.py:103] - Calculating volatility with window size 20
2025-05-20 14:02:50 - TimeseriesModelEvaluator - ERROR - [logger.py:111] - Error during volatility calculation: loop of ufunc does not support argument 0 of type float which has no callable log method
2025-05-20 15:00:17 - TimeseriesModelEvaluator - INFO - [logger.py:103] - Calculating volatility with window size 20
2025-05-20 15:00:17 - TimeseriesModelEvaluator - ERROR - [logger.py:111] - Error during volatility calculation: loop of ufunc does not support argument 0 of type float which has no callable log method
2025-05-20 15:05:45 - TimeseriesModelEvaluator - INFO - [logger.py:103] - Calculating volatility with window size 20
2025-05-20 15:05:45 - TimeseriesModelEvaluator - ERROR - [logger.py:111] - Error during volatility calculation: loop of ufunc does not support argument 0 of type float which has no callable log method
2025-05-20 15:09:16 - TimeseriesModelEvaluator - INFO - [logger.py:103] - Calculating volatility with window size 20
2025-05-20 15:09:16 - TimeseriesModelEvaluator - ERROR - [logger.py:111] - Error during volatility calculation: loop of ufunc does not support argument 0 of type decimal.Decimal which has no callable log method
2025-05-20 23:58:10 - TimeseriesModelEvaluator - INFO - [logger.py:103] - Calculating volatility with window size 20
2025-05-20 23:58:10 - TimeseriesModelEvaluator - ERROR - [logger.py:111] - Error during volatility calculation: loop of ufunc does not support argument 0 of type decimal.Decimal which has no callable log method
2025-05-20 23:58:21 - TimeseriesModelEvaluator - INFO - [logger.py:103] - Calculating volatility with window size 20
2025-05-20 23:58:21 - TimeseriesModelEvaluator - ERROR - [logger.py:111] - Error during volatility calculation: loop of ufunc does not support argument 0 of type decimal.Decimal which has no callable log method
2025-05-20 23:58:21 - TimeseriesModelEvaluator - INFO - [logger.py:103] - Calculating volatility with window size 20
2025-05-20 23:58:21 - TimeseriesModelEvaluator - ERROR - [logger.py:111] - Error during volatility calculation: loop of ufunc does not support argument 0 of type decimal.Decimal which has no callable log method
2025-05-21 16:38:18 - TimeseriesModelEvaluator - INFO - [logger.py:103] - Calculating volatility with window size 20
2025-05-21 16:38:18 - TimeseriesModelEvaluator - ERROR - [logger.py:111] - Error during volatility calculation: loop of ufunc does not support argument 0 of type decimal.Decimal which has no callable log method
2025-05-21 16:38:29 - TimeseriesModelEvaluator - INFO - [logger.py:103] - Calculating volatility with window size 20
2025-05-21 16:38:29 - TimeseriesModelEvaluator - ERROR - [logger.py:111] - Error during volatility calculation: loop of ufunc does not support argument 0 of type decimal.Decimal which has no callable log method
2025-05-21 16:38:30 - TimeseriesModelEvaluator - INFO - [logger.py:103] - Calculating volatility with window size 20
2025-05-21 16:38:30 - TimeseriesModelEvaluator - ERROR - [logger.py:111] - Error during volatility calculation: loop of ufunc does not support argument 0 of type decimal.Decimal which has no callable log method
2025-05-21 19:28:49 - TimeseriesModelEvaluator - INFO - [logger.py:103] - Calculating volatility with window size 20
2025-05-21 19:28:49 - TimeseriesModelEvaluator - ERROR - [logger.py:111] - Error during volatility calculation: loop of ufunc does not support argument 0 of type decimal.Decimal which has no callable log method
2025-05-21 19:29:02 - TimeseriesModelEvaluator - INFO - [logger.py:103] - Calculating volatility with window size 20
2025-05-21 19:29:02 - TimeseriesModelEvaluator - ERROR - [logger.py:111] - Error during volatility calculation: loop of ufunc does not support argument 0 of type decimal.Decimal which has no callable log method
2025-05-21 19:29:09 - TimeseriesModelEvaluator - INFO - [logger.py:103] - Calculating volatility with window size 20
2025-05-21 19:29:09 - TimeseriesModelEvaluator - ERROR - [logger.py:111] - Error during volatility calculation: loop of ufunc does not support argument 0 of type decimal.Decimal which has no callable log method
2025-05-21 19:52:42 - TimeseriesModelEvaluator - INFO - [logger.py:103] - Calculating volatility with window size 20
2025-05-21 19:52:42 - TimeseriesModelEvaluator - ERROR - [logger.py:111] - Error during volatility calculation: loop of ufunc does not support argument 0 of type decimal.Decimal which has no callable log method
2025-05-21 19:52:49 - TimeseriesModelEvaluator - INFO - [logger.py:103] - Calculating volatility with window size 20
2025-05-21 19:52:49 - TimeseriesModelEvaluator - ERROR - [logger.py:111] - Error during volatility calculation: loop of ufunc does not support argument 0 of type decimal.Decimal which has no callable log method
2025-05-21 19:52:55 - TimeseriesModelEvaluator - INFO - [logger.py:103] - Calculating volatility with window size 20
2025-05-21 19:52:55 - TimeseriesModelEvaluator - ERROR - [logger.py:111] - Error during volatility calculation: loop of ufunc does not support argument 0 of type decimal.Decimal which has no callable log method
2025-05-21 23:53:54 - TimeseriesModelEvaluator - INFO - [logger.py:103] - Calculating volatility with window size 20
2025-05-21 23:53:54 - TimeseriesModelEvaluator - ERROR - [logger.py:111] - Error during volatility calculation: loop of ufunc does not support argument 0 of type decimal.Decimal which has no callable log method
2025-05-21 23:54:00 - TimeseriesModelEvaluator - INFO - [logger.py:103] - Calculating volatility with window size 20
2025-05-21 23:54:00 - TimeseriesModelEvaluator - ERROR - [logger.py:111] - Error during volatility calculation: loop of ufunc does not support argument 0 of type decimal.Decimal which has no callable log method
2025-05-21 23:54:06 - TimeseriesModelEvaluator - INFO - [logger.py:103] - Calculating volatility with window size 20
2025-05-21 23:54:06 - TimeseriesModelEvaluator - ERROR - [logger.py:111] - Error during volatility calculation: loop of ufunc does not support argument 0 of type decimal.Decimal which has no callable log method
2025-05-22 00:07:16 - TimeseriesModelEvaluator - INFO - [logger.py:103] - Calculating volatility with window size 20
2025-05-22 00:07:16 - TimeseriesModelEvaluator - ERROR - [logger.py:111] - Error during volatility calculation: loop of ufunc does not support argument 0 of type decimal.Decimal which has no callable log method
2025-05-22 00:07:23 - TimeseriesModelEvaluator - INFO - [logger.py:103] - Calculating volatility with window size 20
2025-05-22 00:07:23 - TimeseriesModelEvaluator - ERROR - [logger.py:111] - Error during volatility calculation: loop of ufunc does not support argument 0 of type decimal.Decimal which has no callable log method
2025-05-22 00:07:29 - TimeseriesModelEvaluator - INFO - [logger.py:103] - Calculating volatility with window size 20
2025-05-22 00:07:29 - TimeseriesModelEvaluator - ERROR - [logger.py:111] - Error during volatility calculation: loop of ufunc does not support argument 0 of type decimal.Decimal which has no callable log method
2025-05-22 01:16:06 - TimeseriesModelEvaluator - INFO - [logger.py:103] - Converting DataFrame columns to float
2025-05-22 01:16:06 - TimeseriesModelEvaluator - INFO - [logger.py:103] - Converted 5 columns to float out of 24 total columns
2025-05-22 01:16:06 - TimeseriesModelEvaluator - INFO - [logger.py:103] - Converting DataFrame columns to float
2025-05-22 01:16:06 - TimeseriesModelEvaluator - INFO - [logger.py:103] - Converted 5 columns to float out of 24 total columns
2025-05-22 01:16:06 - TimeseriesModelEvaluator - INFO - [logger.py:103] - Converting DataFrame columns to float
2025-05-22 01:16:06 - TimeseriesModelEvaluator - INFO - [logger.py:103] - Converted 5 columns to float out of 24 total columns
2025-05-22 01:16:06 - TimeseriesModelEvaluator - INFO - [logger.py:103] - Converting DataFrame columns to float
2025-05-22 01:16:06 - TimeseriesModelEvaluator - ERROR - [logger.py:111] - Error converting DataFrame to float: 'Series' object has no attribute 'columns'
2025-05-22 01:19:16 - TimeseriesModelEvaluator - INFO - [logger.py:103] - Converting DataFrame columns to float
2025-05-22 01:19:16 - TimeseriesModelEvaluator - INFO - [logger.py:103] - Converted 5 columns to float out of 24 total columns
2025-05-22 01:19:16 - TimeseriesModelEvaluator - INFO - [logger.py:103] - Converting DataFrame columns to float
2025-05-22 01:19:16 - TimeseriesModelEvaluator - INFO - [logger.py:103] - Converted 5 columns to float out of 24 total columns
2025-05-22 01:19:16 - TimeseriesModelEvaluator - INFO - [logger.py:103] - Converting DataFrame columns to float
2025-05-22 01:19:16 - TimeseriesModelEvaluator - INFO - [logger.py:103] - Converted 5 columns to float out of 24 total columns
2025-05-22 01:19:16 - TimeseriesModelEvaluator - INFO - [logger.py:103] - Applying inverse  transformation
2025-05-22 01:19:16 - TimeseriesModelEvaluator - INFO - [logger.py:103] - Calculating volatility with window size 20
2025-05-22 01:19:16 - TimeseriesModelEvaluator - ERROR - [logger.py:111] - Error during volatility calculation: loop of ufunc does not support argument 0 of type decimal.Decimal which has no callable log method
2025-05-22 01:19:23 - TimeseriesModelEvaluator - INFO - [logger.py:103] - Applying inverse  transformation
2025-05-22 01:19:23 - TimeseriesModelEvaluator - INFO - [logger.py:103] - Calculating volatility with window size 20
2025-05-22 01:19:23 - TimeseriesModelEvaluator - ERROR - [logger.py:111] - Error during volatility calculation: loop of ufunc does not support argument 0 of type decimal.Decimal which has no callable log method
2025-05-22 01:19:29 - TimeseriesModelEvaluator - INFO - [logger.py:103] - Applying inverse  transformation
2025-05-22 01:19:29 - TimeseriesModelEvaluator - INFO - [logger.py:103] - Calculating volatility with window size 20
2025-05-22 01:19:29 - TimeseriesModelEvaluator - ERROR - [logger.py:111] - Error during volatility calculation: loop of ufunc does not support argument 0 of type decimal.Decimal which has no callable log method
2025-05-22 01:25:22 - TimeseriesModelEvaluator - INFO - [logger.py:103] - Converting DataFrame columns to float
2025-05-22 01:25:22 - TimeseriesModelEvaluator - INFO - [logger.py:103] - Converted 5 columns to float out of 24 total columns
2025-05-22 01:25:22 - TimeseriesModelEvaluator - INFO - [logger.py:103] - Converting DataFrame columns to float
2025-05-22 01:25:22 - TimeseriesModelEvaluator - INFO - [logger.py:103] - Converted 5 columns to float out of 24 total columns
2025-05-22 01:25:22 - TimeseriesModelEvaluator - INFO - [logger.py:103] - Converting DataFrame columns to float
2025-05-22 01:25:22 - TimeseriesModelEvaluator - INFO - [logger.py:103] - Converted 5 columns to float out of 24 total columns
2025-05-22 01:25:22 - TimeseriesModelEvaluator - INFO - [logger.py:103] - Applying inverse  transformation
2025-05-22 01:25:22 - TimeseriesModelEvaluator - INFO - [logger.py:103] - Calculating volatility with window size 20
2025-05-22 01:25:22 - TimeseriesModelEvaluator - ERROR - [logger.py:111] - Error during volatility calculation: loop of ufunc does not support argument 0 of type decimal.Decimal which has no callable log method
2025-05-22 01:25:29 - TimeseriesModelEvaluator - INFO - [logger.py:103] - Applied 1-order differencing. Original length: 2267, Result length: 2266
2025-05-22 01:25:30 - TimeseriesModelEvaluator - INFO - [logger.py:103] - Applying inverse  transformation
2025-05-22 01:25:30 - TimeseriesModelEvaluator - INFO - [logger.py:103] - Calculating volatility with window size 20
2025-05-22 01:25:30 - TimeseriesModelEvaluator - ERROR - [logger.py:111] - Error during volatility calculation: loop of ufunc does not support argument 0 of type decimal.Decimal which has no callable log method
2025-05-22 01:25:35 - TimeseriesModelEvaluator - INFO - [logger.py:103] - Applied 1-order differencing. Original length: 2267, Result length: 2266
2025-05-22 01:25:40 - TimeseriesModelEvaluator - INFO - [logger.py:103] - Applying inverse  transformation
2025-05-22 01:25:40 - TimeseriesModelEvaluator - INFO - [logger.py:103] - Calculating volatility with window size 20
2025-05-22 01:25:40 - TimeseriesModelEvaluator - ERROR - [logger.py:111] - Error during volatility calculation: loop of ufunc does not support argument 0 of type decimal.Decimal which has no callable log method
2025-05-22 01:25:41 - TimeseriesModelEvaluator - INFO - [logger.py:103] - Applied 1-order differencing. Original length: 1382, Result length: 1381
2025-05-22 01:29:58 - TimeseriesModelEvaluator - INFO - [logger.py:103] - Converting DataFrame columns to float
2025-05-22 01:29:58 - TimeseriesModelEvaluator - INFO - [logger.py:103] - Converted 5 columns to float out of 24 total columns
2025-05-22 01:29:58 - TimeseriesModelEvaluator - INFO - [logger.py:103] - Converting DataFrame columns to float
2025-05-22 01:29:58 - TimeseriesModelEvaluator - INFO - [logger.py:103] - Converted 5 columns to float out of 24 total columns
2025-05-22 01:29:58 - TimeseriesModelEvaluator - INFO - [logger.py:103] - Converting DataFrame columns to float
2025-05-22 01:29:58 - TimeseriesModelEvaluator - INFO - [logger.py:103] - Converted 5 columns to float out of 24 total columns
2025-05-22 01:29:58 - TimeseriesModelEvaluator - INFO - [logger.py:103] - Applying inverse  transformation
2025-05-22 01:29:58 - TimeseriesModelEvaluator - INFO - [logger.py:103] - Calculating volatility with window size 20
2025-05-22 01:29:58 - TimeseriesModelEvaluator - ERROR - [logger.py:111] - Error during volatility calculation: loop of ufunc does not support argument 0 of type decimal.Decimal which has no callable log method
2025-05-22 01:30:06 - TimeseriesModelEvaluator - INFO - [logger.py:103] - Applied 1-order differencing. Original length: 2267, Result length: 2266
2025-05-22 01:30:07 - TimeseriesModelEvaluator - INFO - [logger.py:103] - Applying inverse  transformation
2025-05-22 01:30:07 - TimeseriesModelEvaluator - INFO - [logger.py:103] - Calculating volatility with window size 20
2025-05-22 01:30:07 - TimeseriesModelEvaluator - ERROR - [logger.py:111] - Error during volatility calculation: loop of ufunc does not support argument 0 of type decimal.Decimal which has no callable log method
2025-05-22 01:30:13 - TimeseriesModelEvaluator - INFO - [logger.py:103] - Applied 1-order differencing. Original length: 2267, Result length: 2266
2025-05-22 01:30:18 - TimeseriesModelEvaluator - INFO - [logger.py:103] - Applying inverse  transformation
2025-05-22 01:30:18 - TimeseriesModelEvaluator - INFO - [logger.py:103] - Calculating volatility with window size 20
2025-05-22 01:30:18 - TimeseriesModelEvaluator - ERROR - [logger.py:111] - Error during volatility calculation: loop of ufunc does not support argument 0 of type decimal.Decimal which has no callable log method
2025-05-22 01:30:20 - TimeseriesModelEvaluator - INFO - [logger.py:103] - Applied 1-order differencing. Original length: 1382, Result length: 1381
2025-05-22 15:17:51 - TimeseriesModelEvaluator - INFO - [logger.py:103] - Converting DataFrame columns to float
2025-05-22 15:17:51 - TimeseriesModelEvaluator - INFO - [logger.py:103] - Converted 5 columns to float out of 24 total columns
2025-05-22 15:17:51 - TimeseriesModelEvaluator - INFO - [logger.py:103] - Converting DataFrame columns to float
2025-05-22 15:17:51 - TimeseriesModelEvaluator - INFO - [logger.py:103] - Converted 5 columns to float out of 24 total columns
2025-05-22 15:17:51 - TimeseriesModelEvaluator - INFO - [logger.py:103] - Converting DataFrame columns to float
2025-05-22 15:17:51 - TimeseriesModelEvaluator - INFO - [logger.py:103] - Converted 5 columns to float out of 24 total columns
2025-05-22 15:17:51 - TimeseriesModelEvaluator - INFO - [logger.py:103] - Applying inverse  transformation
2025-05-22 15:17:51 - TimeseriesModelEvaluator - INFO - [logger.py:103] - Calculating volatility with window size 20
2025-05-22 15:17:51 - TimeseriesModelEvaluator - ERROR - [logger.py:111] - Error during volatility calculation: loop of ufunc does not support argument 0 of type decimal.Decimal which has no callable log method
2025-05-22 15:17:59 - TimeseriesModelEvaluator - INFO - [logger.py:103] - Applied 1-order differencing. Original length: 2267, Result length: 2266
2025-05-22 15:18:00 - TimeseriesModelEvaluator - INFO - [logger.py:103] - Applying inverse  transformation
2025-05-22 15:18:00 - TimeseriesModelEvaluator - INFO - [logger.py:103] - Calculating volatility with window size 20
2025-05-22 15:18:00 - TimeseriesModelEvaluator - ERROR - [logger.py:111] - Error during volatility calculation: loop of ufunc does not support argument 0 of type decimal.Decimal which has no callable log method
2025-05-22 15:18:06 - TimeseriesModelEvaluator - INFO - [logger.py:103] - Applied 1-order differencing. Original length: 2267, Result length: 2266
2025-05-22 15:18:10 - TimeseriesModelEvaluator - INFO - [logger.py:103] - Applying inverse  transformation
2025-05-22 15:18:10 - TimeseriesModelEvaluator - INFO - [logger.py:103] - Calculating volatility with window size 20
2025-05-22 15:18:10 - TimeseriesModelEvaluator - ERROR - [logger.py:111] - Error during volatility calculation: loop of ufunc does not support argument 0 of type decimal.Decimal which has no callable log method
2025-05-22 15:18:12 - TimeseriesModelEvaluator - INFO - [logger.py:103] - Applied 1-order differencing. Original length: 1382, Result length: 1381
2025-05-22 17:43:45 - TimeseriesModelEvaluator - INFO - [logger.py:103] - Converting DataFrame columns to float
2025-05-22 17:43:45 - TimeseriesModelEvaluator - INFO - [logger.py:103] - Converted 5 columns to float out of 24 total columns
2025-05-22 17:43:45 - TimeseriesModelEvaluator - INFO - [logger.py:103] - Converting DataFrame columns to float
2025-05-22 17:43:45 - TimeseriesModelEvaluator - INFO - [logger.py:103] - Converted 5 columns to float out of 24 total columns
2025-05-22 17:43:45 - TimeseriesModelEvaluator - INFO - [logger.py:103] - Converting DataFrame columns to float
2025-05-22 17:43:45 - TimeseriesModelEvaluator - INFO - [logger.py:103] - Converted 5 columns to float out of 24 total columns
2025-05-22 17:43:45 - TimeseriesModelEvaluator - INFO - [logger.py:103] - Applying inverse  transformation
2025-05-22 17:43:45 - TimeseriesModelEvaluator - INFO - [logger.py:103] - Calculating volatility with window size 20
2025-05-22 17:43:45 - TimeseriesModelEvaluator - ERROR - [logger.py:111] - Error during volatility calculation: loop of ufunc does not support argument 0 of type decimal.Decimal which has no callable log method
2025-05-22 17:43:53 - TimeseriesModelEvaluator - INFO - [logger.py:103] - Applied 1-order differencing. Original length: 2267, Result length: 2266
2025-05-22 17:43:54 - TimeseriesModelEvaluator - INFO - [logger.py:103] - Applying inverse  transformation
2025-05-22 17:43:54 - TimeseriesModelEvaluator - INFO - [logger.py:103] - Calculating volatility with window size 20
2025-05-22 17:43:54 - TimeseriesModelEvaluator - ERROR - [logger.py:111] - Error during volatility calculation: loop of ufunc does not support argument 0 of type decimal.Decimal which has no callable log method
2025-05-22 17:44:00 - TimeseriesModelEvaluator - INFO - [logger.py:103] - Applied 1-order differencing. Original length: 2267, Result length: 2266
2025-05-22 17:44:04 - TimeseriesModelEvaluator - INFO - [logger.py:103] - Applying inverse  transformation
2025-05-22 17:44:04 - TimeseriesModelEvaluator - INFO - [logger.py:103] - Calculating volatility with window size 20
2025-05-22 17:44:04 - TimeseriesModelEvaluator - ERROR - [logger.py:111] - Error during volatility calculation: loop of ufunc does not support argument 0 of type decimal.Decimal which has no callable log method
2025-05-22 17:44:06 - TimeseriesModelEvaluator - INFO - [logger.py:103] - Applied 1-order differencing. Original length: 1382, Result length: 1381
2025-05-22 19:13:09 - TimeseriesModelEvaluator - INFO - [logger.py:103] - Converting DataFrame columns to float
2025-05-22 19:13:09 - TimeseriesModelEvaluator - INFO - [logger.py:103] - Converted 5 columns to float out of 24 total columns
2025-05-22 19:13:09 - TimeseriesModelEvaluator - INFO - [logger.py:103] - Converting DataFrame columns to float
2025-05-22 19:13:09 - TimeseriesModelEvaluator - INFO - [logger.py:103] - Converted 5 columns to float out of 24 total columns
2025-05-22 19:13:09 - TimeseriesModelEvaluator - INFO - [logger.py:103] - Converting DataFrame columns to float
2025-05-22 19:13:09 - TimeseriesModelEvaluator - INFO - [logger.py:103] - Converted 5 columns to float out of 24 total columns
2025-05-22 19:13:10 - TimeseriesModelEvaluator - INFO - [logger.py:103] - Applying inverse  transformation
2025-05-22 19:13:10 - TimeseriesModelEvaluator - INFO - [logger.py:103] - Calculating volatility with window size 20
2025-05-22 19:13:10 - TimeseriesModelEvaluator - ERROR - [logger.py:111] - Error during volatility calculation: loop of ufunc does not support argument 0 of type decimal.Decimal which has no callable log method
2025-05-22 19:13:17 - TimeseriesModelEvaluator - INFO - [logger.py:103] - Applied 1-order differencing. Original length: 2267, Result length: 2266
2025-05-22 19:13:18 - TimeseriesModelEvaluator - INFO - [logger.py:103] - Applying inverse  transformation
2025-05-22 19:13:18 - TimeseriesModelEvaluator - INFO - [logger.py:103] - Calculating volatility with window size 20
2025-05-22 19:13:18 - TimeseriesModelEvaluator - ERROR - [logger.py:111] - Error during volatility calculation: loop of ufunc does not support argument 0 of type decimal.Decimal which has no callable log method
2025-05-22 19:13:25 - TimeseriesModelEvaluator - INFO - [logger.py:103] - Applied 1-order differencing. Original length: 2267, Result length: 2266
2025-05-22 19:13:29 - TimeseriesModelEvaluator - INFO - [logger.py:103] - Applying inverse  transformation
2025-05-22 19:13:29 - TimeseriesModelEvaluator - INFO - [logger.py:103] - Calculating volatility with window size 20
2025-05-22 19:13:29 - TimeseriesModelEvaluator - ERROR - [logger.py:111] - Error during volatility calculation: loop of ufunc does not support argument 0 of type decimal.Decimal which has no callable log method
2025-05-22 19:13:32 - TimeseriesModelEvaluator - INFO - [logger.py:103] - Applied 1-order differencing. Original length: 1382, Result length: 1381
