2025-05-28 01:37:28 - Cross Features - INFO - [logger.py:103] - Створення ознак-співвідношень...
2025-05-28 01:37:29 - Cross Features - WARNING - [logger.py:107] - Знаменник volume містить 18 нульових значень
2025-05-28 01:37:29 - Cross Features - WARNING - [logger.py:107] - Знаменник volume містить 18 нульових значень
2025-05-28 01:37:29 - Cross Features - WARNING - [logger.py:107] - Знаменник volume містить 18 нульових значень
2025-05-28 01:37:29 - Cross Features - WARNING - [logger.py:107] - Знаменник volume містить 18 нульових значень
2025-05-28 01:37:29 - Cross Features - INFO - [logger.py:103] - Додано 20 ознак-співвідношень
2025-05-28 01:37:29 - Cross Features - INFO - [logger.py:103] - Створення ознак перетинів індикаторів...
2025-05-28 01:37:32 - Cross Features - INFO - [logger.py:103] - Додано 175 ознак перетинів індикаторів
2025-05-28 01:39:09 - Cross Features - INFO - [logger.py:103] - Створення ознак-співвідношень...
2025-05-28 01:39:10 - Cross Features - WARNING - [logger.py:107] - Знаменник volume містить 18 нульових значень
2025-05-28 01:39:10 - Cross Features - WARNING - [logger.py:107] - Знаменник volume містить 18 нульових значень
2025-05-28 01:39:10 - Cross Features - WARNING - [logger.py:107] - Знаменник volume містить 18 нульових значень
2025-05-28 01:39:10 - Cross Features - WARNING - [logger.py:107] - Знаменник volume містить 18 нульових значень
2025-05-28 01:39:10 - Cross Features - INFO - [logger.py:103] - Додано 20 ознак-співвідношень
2025-05-28 01:39:10 - Cross Features - INFO - [logger.py:103] - Створення ознак перетинів індикаторів...
2025-05-28 01:39:12 - Cross Features - INFO - [logger.py:103] - Додано 175 ознак перетинів індикаторів
2025-05-28 01:39:51 - Cross Features - INFO - [logger.py:103] - Створення ознак-співвідношень...
2025-05-28 01:39:52 - Cross Features - WARNING - [logger.py:107] - Знаменник volume містить 18 нульових значень
2025-05-28 01:39:52 - Cross Features - WARNING - [logger.py:107] - Знаменник volume містить 18 нульових значень
2025-05-28 01:39:52 - Cross Features - WARNING - [logger.py:107] - Знаменник volume містить 18 нульових значень
2025-05-28 01:39:52 - Cross Features - WARNING - [logger.py:107] - Знаменник volume містить 18 нульових значень
2025-05-28 01:39:52 - Cross Features - INFO - [logger.py:103] - Додано 20 ознак-співвідношень
2025-05-28 01:39:52 - Cross Features - INFO - [logger.py:103] - Створення ознак перетинів індикаторів...
2025-05-28 01:39:54 - Cross Features - INFO - [logger.py:103] - Додано 175 ознак перетинів індикаторів
2025-05-28 01:42:26 - Cross Features - INFO - [logger.py:103] - Створення ознак-співвідношень...
2025-05-28 01:42:26 - Cross Features - WARNING - [logger.py:107] - Знаменник volume містить 18 нульових значень
2025-05-28 01:42:26 - Cross Features - WARNING - [logger.py:107] - Знаменник volume містить 18 нульових значень
2025-05-28 01:42:26 - Cross Features - WARNING - [logger.py:107] - Знаменник volume містить 18 нульових значень
2025-05-28 01:42:26 - Cross Features - WARNING - [logger.py:107] - Знаменник volume містить 18 нульових значень
2025-05-28 01:42:26 - Cross Features - INFO - [logger.py:103] - Додано 20 ознак-співвідношень
2025-05-28 01:42:26 - Cross Features - INFO - [logger.py:103] - Створення ознак перетинів індикаторів...
2025-05-28 01:42:29 - Cross Features - INFO - [logger.py:103] - Додано 175 ознак перетинів індикаторів
2025-05-28 01:45:01 - Cross Features - INFO - [logger.py:103] - Створення ознак-співвідношень...
2025-05-28 01:45:02 - Cross Features - WARNING - [logger.py:107] - Знаменник volume містить 18 нульових значень
2025-05-28 01:45:02 - Cross Features - WARNING - [logger.py:107] - Знаменник volume містить 18 нульових значень
2025-05-28 01:45:02 - Cross Features - WARNING - [logger.py:107] - Знаменник volume містить 18 нульових значень
2025-05-28 01:45:02 - Cross Features - WARNING - [logger.py:107] - Знаменник volume містить 18 нульових значень
2025-05-28 01:45:02 - Cross Features - INFO - [logger.py:103] - Додано 20 ознак-співвідношень
2025-05-28 01:45:02 - Cross Features - INFO - [logger.py:103] - Створення ознак перетинів індикаторів...
2025-05-28 01:45:04 - Cross Features - INFO - [logger.py:103] - Додано 175 ознак перетинів індикаторів
2025-05-28 01:52:44 - Cross Features - INFO - [logger.py:103] - Створення ознак-співвідношень...
2025-05-28 01:52:45 - Cross Features - WARNING - [logger.py:107] - Знаменник volume містить 18 нульових значень
2025-05-28 01:52:45 - Cross Features - WARNING - [logger.py:107] - Знаменник volume містить 18 нульових значень
2025-05-28 01:52:45 - Cross Features - WARNING - [logger.py:107] - Знаменник volume містить 18 нульових значень
2025-05-28 01:52:45 - Cross Features - WARNING - [logger.py:107] - Знаменник volume містить 18 нульових значень
2025-05-28 01:52:45 - Cross Features - INFO - [logger.py:103] - Додано 20 ознак-співвідношень
2025-05-28 01:52:45 - Cross Features - INFO - [logger.py:103] - Створення ознак перетинів індикаторів...
2025-05-28 01:52:47 - Cross Features - INFO - [logger.py:103] - Додано 175 ознак перетинів індикаторів
2025-05-28 01:55:18 - Cross Features - INFO - [logger.py:103] - Створення ознак-співвідношень...
2025-05-28 01:55:18 - Cross Features - WARNING - [logger.py:107] - Знаменник volume містить 18 нульових значень
2025-05-28 01:55:18 - Cross Features - WARNING - [logger.py:107] - Знаменник volume містить 18 нульових значень
2025-05-28 01:55:18 - Cross Features - WARNING - [logger.py:107] - Знаменник volume містить 18 нульових значень
2025-05-28 01:55:18 - Cross Features - WARNING - [logger.py:107] - Знаменник volume містить 18 нульових значень
2025-05-28 01:55:18 - Cross Features - INFO - [logger.py:103] - Додано 20 ознак-співвідношень
2025-05-28 01:55:18 - Cross Features - INFO - [logger.py:103] - Створення ознак перетинів індикаторів...
2025-05-28 01:55:21 - Cross Features - INFO - [logger.py:103] - Додано 175 ознак перетинів індикаторів
2025-05-28 01:57:13 - Cross Features - INFO - [logger.py:103] - Створення ознак-співвідношень...
2025-05-28 01:57:13 - Cross Features - WARNING - [logger.py:107] - Знаменник volume містить 18 нульових значень
2025-05-28 01:57:13 - Cross Features - WARNING - [logger.py:107] - Знаменник volume містить 18 нульових значень
2025-05-28 01:57:13 - Cross Features - WARNING - [logger.py:107] - Знаменник volume містить 18 нульових значень
2025-05-28 01:57:13 - Cross Features - WARNING - [logger.py:107] - Знаменник volume містить 18 нульових значень
2025-05-28 01:57:13 - Cross Features - INFO - [logger.py:103] - Додано 20 ознак-співвідношень
2025-05-28 01:57:13 - Cross Features - INFO - [logger.py:103] - Створення ознак перетинів індикаторів...
2025-05-28 01:57:16 - Cross Features - INFO - [logger.py:103] - Додано 175 ознак перетинів індикаторів
2025-05-28 01:59:57 - Cross Features - INFO - [logger.py:103] - Створення ознак-співвідношень...
2025-05-28 01:59:58 - Cross Features - WARNING - [logger.py:107] - Знаменник volume містить 18 нульових значень
2025-05-28 01:59:58 - Cross Features - WARNING - [logger.py:107] - Знаменник volume містить 18 нульових значень
2025-05-28 01:59:58 - Cross Features - WARNING - [logger.py:107] - Знаменник volume містить 18 нульових значень
2025-05-28 01:59:58 - Cross Features - WARNING - [logger.py:107] - Знаменник volume містить 18 нульових значень
2025-05-28 01:59:58 - Cross Features - INFO - [logger.py:103] - Додано 20 ознак-співвідношень
2025-05-28 01:59:58 - Cross Features - INFO - [logger.py:103] - Створення ознак перетинів індикаторів...
2025-05-28 02:00:00 - Cross Features - INFO - [logger.py:103] - Додано 175 ознак перетинів індикаторів
2025-05-28 02:02:16 - Cross Features - INFO - [logger.py:103] - Створення ознак-співвідношень...
2025-05-28 02:02:17 - Cross Features - WARNING - [logger.py:107] - Знаменник volume містить 18 нульових значень
2025-05-28 02:02:17 - Cross Features - WARNING - [logger.py:107] - Знаменник volume містить 18 нульових значень
2025-05-28 02:02:17 - Cross Features - WARNING - [logger.py:107] - Знаменник volume містить 18 нульових значень
2025-05-28 02:02:17 - Cross Features - WARNING - [logger.py:107] - Знаменник volume містить 18 нульових значень
2025-05-28 02:02:17 - Cross Features - INFO - [logger.py:103] - Додано 20 ознак-співвідношень
2025-05-28 02:02:17 - Cross Features - INFO - [logger.py:103] - Створення ознак перетинів індикаторів...
2025-05-28 02:02:19 - Cross Features - INFO - [logger.py:103] - Додано 175 ознак перетинів індикаторів
2025-05-28 02:04:59 - Cross Features - INFO - [logger.py:103] - Створення ознак-співвідношень...
2025-05-28 02:04:59 - Cross Features - WARNING - [logger.py:107] - Знаменник volume містить 18 нульових значень
2025-05-28 02:04:59 - Cross Features - WARNING - [logger.py:107] - Знаменник volume містить 18 нульових значень
2025-05-28 02:04:59 - Cross Features - WARNING - [logger.py:107] - Знаменник volume містить 18 нульових значень
2025-05-28 02:04:59 - Cross Features - WARNING - [logger.py:107] - Знаменник volume містить 18 нульових значень
2025-05-28 02:04:59 - Cross Features - INFO - [logger.py:103] - Додано 20 ознак-співвідношень
2025-05-28 02:04:59 - Cross Features - INFO - [logger.py:103] - Створення ознак перетинів індикаторів...
2025-05-28 02:05:02 - Cross Features - INFO - [logger.py:103] - Додано 175 ознак перетинів індикаторів
