2025-05-25 01:56:01 - deep_learning - INFO - [logger.py:103] - Starting training for BTC_1h_lstm
2025-05-25 01:56:01 - deep_learning - ERROR - [logger.py:111] - Error training BTC-1h-lstm: 'NoneType' object is not subscriptable
2025-05-25 01:56:01 - deep_learning - INFO - [logger.py:103] - Starting training for BTC_1h_gru
2025-05-25 01:56:01 - deep_learning - ERROR - [logger.py:111] - Error training BTC-1h-gru: 'NoneType' object is not subscriptable
2025-05-25 01:56:01 - deep_learning - INFO - [logger.py:103] - Starting training for BTC_4h_lstm
2025-05-25 01:56:01 - deep_learning - ERROR - [logger.py:111] - Error training BTC-4h-lstm: 'NoneType' object is not subscriptable
2025-05-25 01:56:01 - deep_learning - INFO - [logger.py:103] - Starting training for BTC_4h_gru
2025-05-25 01:56:01 - deep_learning - ERROR - [logger.py:111] - Error training BTC-4h-gru: 'NoneType' object is not subscriptable
2025-05-25 01:56:01 - deep_learning - INFO - [logger.py:103] - Starting training for ETH_1h_lstm
2025-05-25 01:56:01 - deep_learning - ERROR - [logger.py:111] - Error training ETH-1h-lstm: 'NoneType' object is not subscriptable
2025-05-25 01:56:01 - deep_learning - INFO - [logger.py:103] - Starting training for ETH_1h_gru
2025-05-25 01:56:01 - deep_learning - ERROR - [logger.py:111] - Error training ETH-1h-gru: 'NoneType' object is not subscriptable
2025-05-25 01:56:01 - deep_learning - INFO - [logger.py:103] - Starting training for ETH_4h_lstm
2025-05-25 01:56:01 - deep_learning - ERROR - [logger.py:111] - Error training ETH-4h-lstm: 'NoneType' object is not subscriptable
2025-05-25 01:56:01 - deep_learning - INFO - [logger.py:103] - Starting training for ETH_4h_gru
2025-05-25 01:56:01 - deep_learning - ERROR - [logger.py:111] - Error training ETH-4h-gru: 'NoneType' object is not subscriptable
2025-05-25 02:01:01 - deep_learning - INFO - [logger.py:103] - Starting training for BTC_1h_lstm
2025-05-25 02:01:01 - deep_learning - ERROR - [logger.py:111] - Error training BTC-1h-lstm: 'NoneType' object is not subscriptable
2025-05-25 02:01:01 - deep_learning - INFO - [logger.py:103] - Starting training for BTC_1h_gru
2025-05-25 02:01:01 - deep_learning - ERROR - [logger.py:111] - Error training BTC-1h-gru: 'NoneType' object is not subscriptable
2025-05-25 02:01:01 - deep_learning - INFO - [logger.py:103] - Starting training for BTC_4h_lstm
2025-05-25 02:01:01 - deep_learning - ERROR - [logger.py:111] - Error training BTC-4h-lstm: 'NoneType' object is not subscriptable
2025-05-25 02:01:01 - deep_learning - INFO - [logger.py:103] - Starting training for BTC_4h_gru
2025-05-25 02:01:01 - deep_learning - ERROR - [logger.py:111] - Error training BTC-4h-gru: 'NoneType' object is not subscriptable
2025-05-25 02:01:01 - deep_learning - INFO - [logger.py:103] - Starting training for ETH_1h_lstm
2025-05-25 02:01:01 - deep_learning - ERROR - [logger.py:111] - Error training ETH-1h-lstm: 'NoneType' object is not subscriptable
2025-05-25 02:01:01 - deep_learning - INFO - [logger.py:103] - Starting training for ETH_1h_gru
2025-05-25 02:01:01 - deep_learning - ERROR - [logger.py:111] - Error training ETH-1h-gru: 'NoneType' object is not subscriptable
2025-05-25 02:01:01 - deep_learning - INFO - [logger.py:103] - Starting training for ETH_4h_lstm
2025-05-25 02:01:01 - deep_learning - ERROR - [logger.py:111] - Error training ETH-4h-lstm: 'NoneType' object is not subscriptable
2025-05-25 02:01:01 - deep_learning - INFO - [logger.py:103] - Starting training for ETH_4h_gru
2025-05-25 02:01:01 - deep_learning - ERROR - [logger.py:111] - Error training ETH-4h-gru: 'NoneType' object is not subscriptable
2025-05-25 02:07:13 - deep_learning - INFO - [logger.py:103] - Starting training for BTC_1h_lstm
2025-05-25 02:07:13 - deep_learning - ERROR - [logger.py:111] - Error training BTC-1h-lstm: 'NoneType' object is not subscriptable
2025-05-25 02:07:13 - deep_learning - INFO - [logger.py:103] - Starting training for BTC_1h_gru
2025-05-25 02:07:13 - deep_learning - ERROR - [logger.py:111] - Error training BTC-1h-gru: 'NoneType' object is not subscriptable
2025-05-25 02:07:13 - deep_learning - INFO - [logger.py:103] - Starting training for BTC_4h_lstm
2025-05-25 02:07:13 - deep_learning - ERROR - [logger.py:111] - Error training BTC-4h-lstm: 'NoneType' object is not subscriptable
2025-05-25 02:07:13 - deep_learning - INFO - [logger.py:103] - Starting training for BTC_4h_gru
2025-05-25 02:07:13 - deep_learning - ERROR - [logger.py:111] - Error training BTC-4h-gru: 'NoneType' object is not subscriptable
2025-05-25 02:07:13 - deep_learning - INFO - [logger.py:103] - Starting training for ETH_1h_lstm
2025-05-25 02:07:13 - deep_learning - ERROR - [logger.py:111] - Error training ETH-1h-lstm: 'NoneType' object is not subscriptable
2025-05-25 02:07:13 - deep_learning - INFO - [logger.py:103] - Starting training for ETH_1h_gru
2025-05-25 02:07:13 - deep_learning - ERROR - [logger.py:111] - Error training ETH-1h-gru: 'NoneType' object is not subscriptable
2025-05-25 02:07:13 - deep_learning - INFO - [logger.py:103] - Starting training for ETH_4h_lstm
2025-05-25 02:07:13 - deep_learning - ERROR - [logger.py:111] - Error training ETH-4h-lstm: 'NoneType' object is not subscriptable
2025-05-25 02:07:13 - deep_learning - INFO - [logger.py:103] - Starting training for ETH_4h_gru
2025-05-25 02:07:13 - deep_learning - ERROR - [logger.py:111] - Error training ETH-4h-gru: 'NoneType' object is not subscriptable
2025-05-25 02:17:26 - deep_learning - INFO - [logger.py:103] - Starting training for BTC_1h_lstm
2025-05-25 02:17:27 - deep_learning - ERROR - [logger.py:111] - Error training BTC-1h-lstm: list indices must be integers or slices, not str
2025-05-25 02:17:27 - deep_learning - INFO - [logger.py:103] - Starting training for BTC_1h_gru
2025-05-25 02:17:29 - deep_learning - ERROR - [logger.py:111] - Error training BTC-1h-gru: list indices must be integers or slices, not str
2025-05-25 02:17:29 - deep_learning - INFO - [logger.py:103] - Starting training for BTC_4h_lstm
2025-05-25 02:17:29 - deep_learning - ERROR - [logger.py:111] - Error training BTC-4h-lstm: list indices must be integers or slices, not str
2025-05-25 02:17:29 - deep_learning - INFO - [logger.py:103] - Starting training for BTC_4h_gru
2025-05-25 02:17:30 - deep_learning - ERROR - [logger.py:111] - Error training BTC-4h-gru: list indices must be integers or slices, not str
2025-05-25 02:17:30 - deep_learning - INFO - [logger.py:103] - Starting training for ETH_1h_lstm
2025-05-25 02:17:31 - deep_learning - ERROR - [logger.py:111] - Error training ETH-1h-lstm: list indices must be integers or slices, not str
2025-05-25 02:17:31 - deep_learning - INFO - [logger.py:103] - Starting training for ETH_1h_gru
2025-05-25 02:17:33 - deep_learning - ERROR - [logger.py:111] - Error training ETH-1h-gru: list indices must be integers or slices, not str
2025-05-25 02:17:33 - deep_learning - INFO - [logger.py:103] - Starting training for ETH_4h_lstm
2025-05-25 02:17:33 - deep_learning - ERROR - [logger.py:111] - Error training ETH-4h-lstm: list indices must be integers or slices, not str
2025-05-25 02:17:33 - deep_learning - INFO - [logger.py:103] - Starting training for ETH_4h_gru
2025-05-25 02:17:34 - deep_learning - ERROR - [logger.py:111] - Error training ETH-4h-gru: list indices must be integers or slices, not str
2025-05-25 02:24:35 - deep_learning - INFO - [logger.py:103] - Starting training for BTC_1h_lstm
2025-05-25 02:24:36 - deep_learning - ERROR - [logger.py:111] - Error training BTC-1h-lstm: list indices must be integers or slices, not str
2025-05-25 02:24:36 - deep_learning - INFO - [logger.py:103] - Starting training for BTC_1h_gru
2025-05-25 02:24:38 - deep_learning - ERROR - [logger.py:111] - Error training BTC-1h-gru: list indices must be integers or slices, not str
2025-05-25 02:24:38 - deep_learning - INFO - [logger.py:103] - Starting training for BTC_4h_lstm
2025-05-25 02:24:38 - deep_learning - ERROR - [logger.py:111] - Error training BTC-4h-lstm: list indices must be integers or slices, not str
2025-05-25 02:24:38 - deep_learning - INFO - [logger.py:103] - Starting training for BTC_4h_gru
2025-05-25 02:24:39 - deep_learning - ERROR - [logger.py:111] - Error training BTC-4h-gru: list indices must be integers or slices, not str
2025-05-25 02:24:39 - deep_learning - INFO - [logger.py:103] - Starting training for ETH_1h_lstm
