2025-05-27 01:33:11 - Dimensionality Reducer - INFO - [logger.py:103] - Створення поліноміальних ознак...
2025-05-27 01:33:11 - Dimensionality Reducer - INFO - [logger.py:103] - Автоматично вибрано 23375 числових стовпців
2025-05-27 01:33:11 - Dimensionality Reducer - ERROR - [logger.py:111] - Помилка при створенні поліноміальних ознак: Input X contains infinity or a value too large for dtype('float64').
2025-05-27 01:33:11 - Dimensionality Reducer - INFO - [logger.py:103] - Створення ознак на основі кластеризації методом 'kmeans'...
2025-05-27 01:33:25 - Dimensionality Reducer - INFO - [logger.py:103] - Створення поліноміальних ознак...
2025-05-27 01:33:25 - Dimensionality Reducer - INFO - [logger.py:103] - Автоматично вибрано 23375 числових стовпців
2025-05-27 01:33:25 - Dimensionality Reducer - ERROR - [logger.py:111] - Помилка при створенні поліноміальних ознак: Input X contains infinity or a value too large for dtype('float64').
2025-05-27 01:33:25 - Dimensionality Reducer - INFO - [logger.py:103] - Створення ознак на основі кластеризації методом 'kmeans'...
2025-05-27 01:33:39 - Dimensionality Reducer - INFO - [logger.py:103] - Створення поліноміальних ознак...
2025-05-27 01:33:39 - Dimensionality Reducer - INFO - [logger.py:103] - Автоматично вибрано 23375 числових стовпців
2025-05-27 01:33:40 - Dimensionality Reducer - ERROR - [logger.py:111] - Помилка при створенні поліноміальних ознак: Input X contains infinity or a value too large for dtype('float64').
2025-05-27 01:33:40 - Dimensionality Reducer - INFO - [logger.py:103] - Створення ознак на основі кластеризації методом 'kmeans'...
2025-05-27 01:33:54 - Dimensionality Reducer - INFO - [logger.py:103] - Створення поліноміальних ознак...
2025-05-27 01:33:54 - Dimensionality Reducer - INFO - [logger.py:103] - Автоматично вибрано 23375 числових стовпців
2025-05-27 01:33:54 - Dimensionality Reducer - ERROR - [logger.py:111] - Помилка при створенні поліноміальних ознак: Input X contains infinity or a value too large for dtype('float64').
2025-05-27 01:33:54 - Dimensionality Reducer - INFO - [logger.py:103] - Створення ознак на основі кластеризації методом 'kmeans'...
2025-05-27 01:34:09 - Dimensionality Reducer - INFO - [logger.py:103] - Створення поліноміальних ознак...
2025-05-27 01:34:09 - Dimensionality Reducer - INFO - [logger.py:103] - Автоматично вибрано 23375 числових стовпців
2025-05-27 01:34:09 - Dimensionality Reducer - ERROR - [logger.py:111] - Помилка при створенні поліноміальних ознак: Input X contains infinity or a value too large for dtype('float64').
2025-05-27 01:34:09 - Dimensionality Reducer - INFO - [logger.py:103] - Створення ознак на основі кластеризації методом 'kmeans'...
2025-05-27 01:34:23 - Dimensionality Reducer - INFO - [logger.py:103] - Створення поліноміальних ознак...
2025-05-27 01:34:23 - Dimensionality Reducer - INFO - [logger.py:103] - Автоматично вибрано 23375 числових стовпців
2025-05-27 01:34:23 - Dimensionality Reducer - ERROR - [logger.py:111] - Помилка при створенні поліноміальних ознак: Input X contains infinity or a value too large for dtype('float64').
2025-05-27 01:34:23 - Dimensionality Reducer - INFO - [logger.py:103] - Створення ознак на основі кластеризації методом 'kmeans'...
2025-05-27 01:34:37 - Dimensionality Reducer - INFO - [logger.py:103] - Створення поліноміальних ознак...
2025-05-27 01:34:37 - Dimensionality Reducer - INFO - [logger.py:103] - Автоматично вибрано 23375 числових стовпців
2025-05-27 01:34:37 - Dimensionality Reducer - ERROR - [logger.py:111] - Помилка при створенні поліноміальних ознак: Input X contains infinity or a value too large for dtype('float64').
2025-05-27 01:34:37 - Dimensionality Reducer - INFO - [logger.py:103] - Створення ознак на основі кластеризації методом 'kmeans'...
2025-05-27 01:34:51 - Dimensionality Reducer - INFO - [logger.py:103] - Створення поліноміальних ознак...
2025-05-27 01:34:51 - Dimensionality Reducer - INFO - [logger.py:103] - Автоматично вибрано 23375 числових стовпців
2025-05-27 01:34:51 - Dimensionality Reducer - ERROR - [logger.py:111] - Помилка при створенні поліноміальних ознак: Input X contains infinity or a value too large for dtype('float64').
2025-05-27 01:34:51 - Dimensionality Reducer - INFO - [logger.py:103] - Створення ознак на основі кластеризації методом 'kmeans'...
2025-05-27 01:35:05 - Dimensionality Reducer - INFO - [logger.py:103] - Створення поліноміальних ознак...
2025-05-27 01:35:05 - Dimensionality Reducer - INFO - [logger.py:103] - Автоматично вибрано 23375 числових стовпців
2025-05-27 01:35:05 - Dimensionality Reducer - ERROR - [logger.py:111] - Помилка при створенні поліноміальних ознак: Input X contains infinity or a value too large for dtype('float64').
2025-05-27 01:35:05 - Dimensionality Reducer - INFO - [logger.py:103] - Створення ознак на основі кластеризації методом 'kmeans'...
2025-05-27 12:40:36 - Dimensionality Reducer - INFO - [logger.py:103] - Створення поліноміальних ознак...
2025-05-27 12:40:36 - Dimensionality Reducer - INFO - [logger.py:103] - Автоматично вибрано 23375 числових стовпців
2025-05-27 12:40:36 - Dimensionality Reducer - WARNING - [logger.py:107] - Виявлено нескінченні значення у вхідних даних. Замінюємо їх великими числами.
2025-05-27 12:40:36 - Dimensionality Reducer - INFO - [logger.py:103] - Дані стандартизовано та обрізано до діапазону [-10, 10]
2025-05-27 12:40:36 - Dimensionality Reducer - ERROR - [logger.py:111] - Помилка при створенні поліноміальних ознак: Unable to allocate 807. GiB for an array with shape (396, 273604527) and data type float64
2025-05-27 12:40:36 - Dimensionality Reducer - ERROR - [logger.py:111] - Не вдалося створити поліноміальні ознаки навіть зі степенем 2
2025-05-27 12:40:36 - Dimensionality Reducer - INFO - [logger.py:103] - Створення ознак на основі кластеризації методом 'kmeans'...
2025-05-27 12:40:50 - Dimensionality Reducer - INFO - [logger.py:103] - Створення поліноміальних ознак...
2025-05-27 12:40:50 - Dimensionality Reducer - INFO - [logger.py:103] - Автоматично вибрано 23375 числових стовпців
2025-05-27 12:40:50 - Dimensionality Reducer - WARNING - [logger.py:107] - Виявлено нескінченні значення у вхідних даних. Замінюємо їх великими числами.
2025-05-27 12:40:51 - Dimensionality Reducer - INFO - [logger.py:103] - Дані стандартизовано та обрізано до діапазону [-10, 10]
2025-05-27 12:40:51 - Dimensionality Reducer - ERROR - [logger.py:111] - Помилка при створенні поліноміальних ознак: Unable to allocate 807. GiB for an array with shape (396, 273604527) and data type float64
2025-05-27 12:40:51 - Dimensionality Reducer - ERROR - [logger.py:111] - Не вдалося створити поліноміальні ознаки навіть зі степенем 2
2025-05-27 12:40:51 - Dimensionality Reducer - INFO - [logger.py:103] - Створення ознак на основі кластеризації методом 'kmeans'...
