2025-05-27 13:00:07 - FeaturePreparation - INFO - [logger.py:103] - Preparing ML features for BTC
2025-05-27 13:00:07 - FeaturePreparation - ERROR - [logger.py:111] - Error preparing ML features: DataFrame index must be a DatetimeIndex
2025-05-27 13:00:22 - FeaturePreparation - INFO - [logger.py:103] - Preparing ML features for BTC
2025-05-27 13:00:22 - FeaturePreparation - ERROR - [logger.py:111] - Error preparing ML features: DataFrame index must be a DatetimeIndex
2025-05-27 13:00:36 - FeaturePreparation - INFO - [logger.py:103] - Preparing ML features for BTC
2025-05-27 13:00:36 - FeaturePreparation - ERROR - [logger.py:111] - Error preparing ML features: DataFrame index must be a DatetimeIndex
2025-05-27 15:40:09 - FeaturePreparation - INFO - [logger.py:103] - Preparing ML features for BTC
2025-05-27 15:40:09 - FeaturePreparation - INFO - [logger.py:103] - Successfully prepared 73 features for ML model
2025-05-27 15:40:57 - FeaturePreparation - INFO - [logger.py:103] - Preparing ML features for BTC
2025-05-27 15:40:57 - FeaturePreparation - INFO - [logger.py:103] - Successfully prepared 73 features for ML model
2025-05-27 15:42:16 - FeaturePreparation - INFO - [logger.py:103] - Preparing ML features for BTC
2025-05-27 15:42:16 - FeaturePreparation - INFO - [logger.py:103] - Successfully prepared 58 features for ML model
2025-05-27 15:42:21 - FeaturePreparation - INFO - [logger.py:103] - Preparing ML features for BTC
2025-05-27 15:42:21 - FeaturePreparation - INFO - [logger.py:103] - Successfully prepared 58 features for ML model
2025-05-27 15:42:27 - FeaturePreparation - INFO - [logger.py:103] - Preparing ML features for BTC
2025-05-27 15:42:27 - FeaturePreparation - INFO - [logger.py:103] - Successfully prepared 58 features for ML model
2025-05-27 15:42:32 - FeaturePreparation - INFO - [logger.py:103] - Preparing ML features for ETH
2025-05-27 15:42:32 - FeaturePreparation - ERROR - [logger.py:111] - Error preparing ML features: DataFrame index must be a DatetimeIndex
2025-05-27 15:42:38 - FeaturePreparation - INFO - [logger.py:103] - Preparing ML features for ETH
2025-05-27 15:42:38 - FeaturePreparation - ERROR - [logger.py:111] - Error preparing ML features: DataFrame index must be a DatetimeIndex
2025-05-27 15:42:43 - FeaturePreparation - INFO - [logger.py:103] - Preparing ML features for ETH
2025-05-27 15:42:43 - FeaturePreparation - ERROR - [logger.py:111] - Error preparing ML features: DataFrame index must be a DatetimeIndex
2025-05-27 15:44:12 - FeaturePreparation - INFO - [logger.py:103] - Preparing ML features for BTC
2025-05-27 15:44:12 - FeaturePreparation - INFO - [logger.py:103] - Successfully prepared 73 features for ML model
2025-05-27 15:44:26 - FeaturePreparation - INFO - [logger.py:103] - Preparing ML features for BTC
2025-05-27 15:44:27 - FeaturePreparation - INFO - [logger.py:103] - Successfully prepared 73 features for ML model
2025-05-27 15:44:41 - FeaturePreparation - INFO - [logger.py:103] - Preparing ML features for BTC
2025-05-27 15:44:41 - FeaturePreparation - INFO - [logger.py:103] - Successfully prepared 73 features for ML model
2025-05-27 15:44:56 - FeaturePreparation - INFO - [logger.py:103] - Preparing ML features for ETH
2025-05-27 15:44:56 - FeaturePreparation - ERROR - [logger.py:111] - Error preparing ML features: DataFrame index must be a DatetimeIndex
2025-05-27 15:45:10 - FeaturePreparation - INFO - [logger.py:103] - Preparing ML features for ETH
2025-05-27 15:45:10 - FeaturePreparation - ERROR - [logger.py:111] - Error preparing ML features: DataFrame index must be a DatetimeIndex
2025-05-27 15:45:25 - FeaturePreparation - INFO - [logger.py:103] - Preparing ML features for ETH
2025-05-27 15:45:25 - FeaturePreparation - ERROR - [logger.py:111] - Error preparing ML features: DataFrame index must be a DatetimeIndex
2025-05-27 15:45:39 - FeaturePreparation - INFO - [logger.py:103] - Preparing ML features for SOL
2025-05-27 15:45:39 - FeaturePreparation - ERROR - [logger.py:111] - Error preparing ML features: DataFrame index must be a DatetimeIndex
2025-05-27 15:45:53 - FeaturePreparation - INFO - [logger.py:103] - Preparing ML features for SOL
2025-05-27 15:45:53 - FeaturePreparation - ERROR - [logger.py:111] - Error preparing ML features: DataFrame index must be a DatetimeIndex
2025-05-27 15:46:07 - FeaturePreparation - INFO - [logger.py:103] - Preparing ML features for SOL
2025-05-27 15:46:07 - FeaturePreparation - ERROR - [logger.py:111] - Error preparing ML features: DataFrame index must be a DatetimeIndex
