2025-05-28 01:37:10 - Feature Engineering - INFO - [logger.py:103] - Ініціалізація Feature Engineering Pipeline...
2025-05-28 01:37:10 - Feature Engineering - INFO - [logger.py:103] - Ініціалізація Feature Engineering Pipeline...
2025-05-28 01:37:10 - Feature Engineering - INFO - [logger.py:103] - Ініціалізація Feature Engineering Pipeline...
2025-05-28 01:37:10 - Feature Engineering - INFO - [logger.py:103] - Ініціалізація Feature Engineering Pipeline...
2025-05-28 01:37:10 - Feature Engineering - INFO - [logger.py:103] - Ініціалізація Feature Engineering Pipeline...
2025-05-28 01:37:18 - Feature Engineering - INFO - [logger.py:103] - Запуск уніфікованого пайплайну підготовки даних...
2025-05-28 01:37:18 - Feature Engineering - INFO - [logger.py:103] - Використовуються всі стандартні групи ознак: ['lagged', 'rolling', 'ewm', 'returns', 'technical', 'volatility', 'ratio', 'crossover', 'datetime', 'candle_patterns', 'custom_indicators', 'volume', 'polynomial', 'cluster']
2025-05-28 01:37:18 - Feature Engineering - INFO - [logger.py:103] - Обробка групи ознак: lagged
2025-05-28 01:37:18 - Feature Engineering - INFO - [logger.py:103] - Група lagged: додано 125 нових ознак
2025-05-28 01:37:18 - Feature Engineering - INFO - [logger.py:103] - Обробка групи ознак: rolling
2025-05-28 01:37:19 - Feature Engineering - INFO - [logger.py:103] - Група rolling: додано 2400 нових ознак
2025-05-28 01:37:19 - Feature Engineering - INFO - [logger.py:103] - Обробка групи ознак: ewm
2025-05-28 01:37:24 - Feature Engineering - INFO - [logger.py:103] - Група ewm: додано 20400 нових ознак
2025-05-28 01:37:24 - Feature Engineering - INFO - [logger.py:103] - Обробка групи ознак: returns
2025-05-28 01:37:25 - Feature Engineering - INFO - [logger.py:103] - Група returns: додано 25 нових ознак
2025-05-28 01:37:25 - Feature Engineering - INFO - [logger.py:103] - Обробка групи ознак: technical
2025-05-28 01:37:28 - Feature Engineering - INFO - [logger.py:103] - Група technical: додано 55 нових ознак
2025-05-28 01:37:28 - Feature Engineering - INFO - [logger.py:103] - Обробка групи ознак: volatility
2025-05-28 01:37:28 - Feature Engineering - INFO - [logger.py:103] - Група volatility: додано 26 нових ознак
2025-05-28 01:37:28 - Feature Engineering - INFO - [logger.py:103] - Обробка групи ознак: ratio
2025-05-28 01:37:29 - Feature Engineering - INFO - [logger.py:103] - Група ratio: додано 20 нових ознак
2025-05-28 01:37:29 - Feature Engineering - INFO - [logger.py:103] - Обробка групи ознак: crossover
2025-05-28 01:37:32 - Feature Engineering - INFO - [logger.py:103] - Група crossover: додано 175 нових ознак
2025-05-28 01:37:32 - Feature Engineering - INFO - [logger.py:103] - Обробка групи ознак: datetime
2025-05-28 01:37:33 - Feature Engineering - INFO - [logger.py:103] - Група datetime: додано 24 нових ознак
2025-05-28 01:37:33 - Feature Engineering - INFO - [logger.py:103] - Обробка групи ознак: candle_patterns
2025-05-28 01:37:34 - Feature Engineering - INFO - [logger.py:103] - Група candle_patterns: додано 28 нових ознак
2025-05-28 01:37:34 - Feature Engineering - INFO - [logger.py:103] - Обробка групи ознак: custom_indicators
2025-05-28 01:37:39 - Feature Engineering - INFO - [logger.py:103] - Група custom_indicators: додано 33 нових ознак
2025-05-28 01:37:39 - Feature Engineering - INFO - [logger.py:103] - Обробка групи ознак: volume
2025-05-28 01:37:43 - Feature Engineering - INFO - [logger.py:103] - Група volume: додано 26 нових ознак
2025-05-28 01:37:43 - Feature Engineering - INFO - [logger.py:103] - Обробка групи ознак: polynomial
2025-05-28 01:37:43 - Feature Engineering - WARNING - [logger.py:107] - Група polynomial: нові ознаки не додані
2025-05-28 01:37:43 - Feature Engineering - INFO - [logger.py:103] - Обробка групи ознак: cluster
2025-05-28 01:37:43 - Feature Engineering - WARNING - [logger.py:107] - Група cluster: нові ознаки не додані
2025-05-28 01:37:43 - Feature Engineering - INFO - [logger.py:103] - Створення цільової змінної для close з горизонтом 1
2025-05-28 01:37:43 - Feature Engineering - INFO - [logger.py:103] - Створення цільової змінної типу 'return' з горизонтом 1
2025-05-28 01:37:44 - Feature Engineering - INFO - [logger.py:103] - Створено цільову змінну 'target_return_1p' як процентну зміну ціни
2025-05-28 01:37:44 - Feature Engineering - WARNING - [logger.py:107] - Цільова змінна target_return_1p містить 1 NaN значень
2025-05-28 01:37:44 - Feature Engineering - WARNING - [logger.py:107] - NaN значення в цільовій змінній заповнені медіаною: -0.000845329419758456
2025-05-28 01:37:45 - Feature Engineering - WARNING - [logger.py:107] - Заповнення NaN у 21383 стовпцях
2025-05-28 01:38:51 - Feature Engineering - INFO - [logger.py:103] - Ініціалізація Feature Engineering Pipeline...
2025-05-28 01:38:51 - Feature Engineering - INFO - [logger.py:103] - Ініціалізація Feature Engineering Pipeline...
2025-05-28 01:38:51 - Feature Engineering - INFO - [logger.py:103] - Ініціалізація Feature Engineering Pipeline...
2025-05-28 01:38:51 - Feature Engineering - INFO - [logger.py:103] - Ініціалізація Feature Engineering Pipeline...
2025-05-28 01:38:51 - Feature Engineering - INFO - [logger.py:103] - Ініціалізація Feature Engineering Pipeline...
2025-05-28 01:38:58 - Feature Engineering - INFO - [logger.py:103] - Запуск уніфікованого пайплайну підготовки даних...
2025-05-28 01:38:58 - Feature Engineering - INFO - [logger.py:103] - Використовуються всі стандартні групи ознак: ['lagged', 'rolling', 'ewm', 'returns', 'technical', 'volatility', 'ratio', 'crossover', 'datetime', 'candle_patterns', 'custom_indicators', 'volume', 'polynomial', 'cluster']
2025-05-28 01:38:58 - Feature Engineering - INFO - [logger.py:103] - Обробка групи ознак: lagged
2025-05-28 01:38:58 - Feature Engineering - INFO - [logger.py:103] - Група lagged: додано 125 нових ознак
2025-05-28 01:38:58 - Feature Engineering - INFO - [logger.py:103] - Обробка групи ознак: rolling
2025-05-28 01:38:59 - Feature Engineering - INFO - [logger.py:103] - Група rolling: додано 2400 нових ознак
2025-05-28 01:38:59 - Feature Engineering - INFO - [logger.py:103] - Обробка групи ознак: ewm
2025-05-28 01:39:04 - Feature Engineering - INFO - [logger.py:103] - Група ewm: додано 20400 нових ознак
2025-05-28 01:39:04 - Feature Engineering - INFO - [logger.py:103] - Обробка групи ознак: returns
2025-05-28 01:39:05 - Feature Engineering - INFO - [logger.py:103] - Група returns: додано 25 нових ознак
2025-05-28 01:39:05 - Feature Engineering - INFO - [logger.py:103] - Обробка групи ознак: technical
2025-05-28 01:39:08 - Feature Engineering - INFO - [logger.py:103] - Група technical: додано 55 нових ознак
2025-05-28 01:39:08 - Feature Engineering - INFO - [logger.py:103] - Обробка групи ознак: volatility
2025-05-28 01:39:09 - Feature Engineering - INFO - [logger.py:103] - Група volatility: додано 26 нових ознак
2025-05-28 01:39:09 - Feature Engineering - INFO - [logger.py:103] - Обробка групи ознак: ratio
2025-05-28 01:39:10 - Feature Engineering - INFO - [logger.py:103] - Група ratio: додано 20 нових ознак
2025-05-28 01:39:10 - Feature Engineering - INFO - [logger.py:103] - Обробка групи ознак: crossover
2025-05-28 01:39:12 - Feature Engineering - INFO - [logger.py:103] - Група crossover: додано 175 нових ознак
2025-05-28 01:39:12 - Feature Engineering - INFO - [logger.py:103] - Обробка групи ознак: datetime
2025-05-28 01:39:33 - Feature Engineering - INFO - [logger.py:103] - Ініціалізація Feature Engineering Pipeline...
2025-05-28 01:39:33 - Feature Engineering - INFO - [logger.py:103] - Ініціалізація Feature Engineering Pipeline...
2025-05-28 01:39:33 - Feature Engineering - INFO - [logger.py:103] - Ініціалізація Feature Engineering Pipeline...
2025-05-28 01:39:33 - Feature Engineering - INFO - [logger.py:103] - Ініціалізація Feature Engineering Pipeline...
2025-05-28 01:39:33 - Feature Engineering - INFO - [logger.py:103] - Ініціалізація Feature Engineering Pipeline...
2025-05-28 01:39:41 - Feature Engineering - INFO - [logger.py:103] - Запуск уніфікованого пайплайну підготовки даних...
2025-05-28 01:39:41 - Feature Engineering - INFO - [logger.py:103] - Використовуються всі стандартні групи ознак: ['lagged', 'rolling', 'ewm', 'returns', 'technical', 'volatility', 'ratio', 'crossover', 'datetime', 'candle_patterns', 'custom_indicators', 'volume', 'polynomial', 'cluster']
2025-05-28 01:39:41 - Feature Engineering - INFO - [logger.py:103] - Обробка групи ознак: lagged
2025-05-28 01:39:41 - Feature Engineering - INFO - [logger.py:103] - Група lagged: додано 125 нових ознак
2025-05-28 01:39:41 - Feature Engineering - INFO - [logger.py:103] - Обробка групи ознак: rolling
2025-05-28 01:39:41 - Feature Engineering - INFO - [logger.py:103] - Група rolling: додано 2400 нових ознак
2025-05-28 01:39:41 - Feature Engineering - INFO - [logger.py:103] - Обробка групи ознак: ewm
2025-05-28 01:39:46 - Feature Engineering - INFO - [logger.py:103] - Група ewm: додано 20400 нових ознак
2025-05-28 01:39:46 - Feature Engineering - INFO - [logger.py:103] - Обробка групи ознак: returns
2025-05-28 01:39:47 - Feature Engineering - INFO - [logger.py:103] - Група returns: додано 25 нових ознак
2025-05-28 01:39:47 - Feature Engineering - INFO - [logger.py:103] - Обробка групи ознак: technical
2025-05-28 01:39:50 - Feature Engineering - INFO - [logger.py:103] - Група technical: додано 55 нових ознак
2025-05-28 01:39:50 - Feature Engineering - INFO - [logger.py:103] - Обробка групи ознак: volatility
2025-05-28 01:39:51 - Feature Engineering - INFO - [logger.py:103] - Група volatility: додано 26 нових ознак
2025-05-28 01:39:51 - Feature Engineering - INFO - [logger.py:103] - Обробка групи ознак: ratio
2025-05-28 01:39:52 - Feature Engineering - INFO - [logger.py:103] - Група ratio: додано 20 нових ознак
2025-05-28 01:39:52 - Feature Engineering - INFO - [logger.py:103] - Обробка групи ознак: crossover
2025-05-28 01:39:54 - Feature Engineering - INFO - [logger.py:103] - Група crossover: додано 175 нових ознак
2025-05-28 01:39:54 - Feature Engineering - INFO - [logger.py:103] - Обробка групи ознак: datetime
2025-05-28 01:39:55 - Feature Engineering - INFO - [logger.py:103] - Група datetime: додано 24 нових ознак
2025-05-28 01:39:55 - Feature Engineering - INFO - [logger.py:103] - Обробка групи ознак: candle_patterns
2025-05-28 01:39:56 - Feature Engineering - INFO - [logger.py:103] - Група candle_patterns: додано 28 нових ознак
2025-05-28 01:39:56 - Feature Engineering - INFO - [logger.py:103] - Обробка групи ознак: custom_indicators
2025-05-28 01:40:02 - Feature Engineering - INFO - [logger.py:103] - Група custom_indicators: додано 33 нових ознак
2025-05-28 01:40:02 - Feature Engineering - INFO - [logger.py:103] - Обробка групи ознак: volume
2025-05-28 01:40:06 - Feature Engineering - INFO - [logger.py:103] - Група volume: додано 26 нових ознак
2025-05-28 01:40:06 - Feature Engineering - INFO - [logger.py:103] - Обробка групи ознак: polynomial
2025-05-28 01:40:06 - Feature Engineering - WARNING - [logger.py:107] - Група polynomial: нові ознаки не додані
2025-05-28 01:40:06 - Feature Engineering - INFO - [logger.py:103] - Обробка групи ознак: cluster
2025-05-28 01:40:06 - Feature Engineering - WARNING - [logger.py:107] - Група cluster: нові ознаки не додані
2025-05-28 01:40:06 - Feature Engineering - INFO - [logger.py:103] - Створення цільової змінної для close з горизонтом 1
2025-05-28 01:40:06 - Feature Engineering - INFO - [logger.py:103] - Створення цільової змінної типу 'return' з горизонтом 1
2025-05-28 01:40:07 - Feature Engineering - INFO - [logger.py:103] - Створено цільову змінну 'target_return_1p' як процентну зміну ціни
2025-05-28 01:40:07 - Feature Engineering - WARNING - [logger.py:107] - Цільова змінна target_return_1p містить 1 NaN значень
2025-05-28 01:40:07 - Feature Engineering - WARNING - [logger.py:107] - NaN значення в цільовій змінній заповнені медіаною: -0.000845329419758456
2025-05-28 01:40:07 - Feature Engineering - WARNING - [logger.py:107] - Заповнення NaN у 21383 стовпцях
2025-05-28 01:42:16 - Feature Engineering - INFO - [logger.py:103] - Запуск уніфікованого пайплайну підготовки даних...
2025-05-28 01:42:16 - Feature Engineering - INFO - [logger.py:103] - Використовуються всі стандартні групи ознак: ['lagged', 'rolling', 'ewm', 'returns', 'technical', 'volatility', 'ratio', 'crossover', 'datetime', 'candle_patterns', 'custom_indicators', 'volume', 'polynomial', 'cluster']
2025-05-28 01:42:16 - Feature Engineering - INFO - [logger.py:103] - Обробка групи ознак: lagged
2025-05-28 01:42:16 - Feature Engineering - INFO - [logger.py:103] - Група lagged: додано 125 нових ознак
2025-05-28 01:42:16 - Feature Engineering - INFO - [logger.py:103] - Обробка групи ознак: rolling
2025-05-28 01:42:17 - Feature Engineering - INFO - [logger.py:103] - Група rolling: додано 2400 нових ознак
2025-05-28 01:42:17 - Feature Engineering - INFO - [logger.py:103] - Обробка групи ознак: ewm
2025-05-28 01:42:21 - Feature Engineering - INFO - [logger.py:103] - Група ewm: додано 20400 нових ознак
2025-05-28 01:42:21 - Feature Engineering - INFO - [logger.py:103] - Обробка групи ознак: returns
2025-05-28 01:42:22 - Feature Engineering - INFO - [logger.py:103] - Група returns: додано 25 нових ознак
2025-05-28 01:42:22 - Feature Engineering - INFO - [logger.py:103] - Обробка групи ознак: technical
2025-05-28 01:42:25 - Feature Engineering - INFO - [logger.py:103] - Група technical: додано 55 нових ознак
2025-05-28 01:42:25 - Feature Engineering - INFO - [logger.py:103] - Обробка групи ознак: volatility
2025-05-28 01:42:26 - Feature Engineering - INFO - [logger.py:103] - Група volatility: додано 26 нових ознак
2025-05-28 01:42:26 - Feature Engineering - INFO - [logger.py:103] - Обробка групи ознак: ratio
2025-05-28 01:42:26 - Feature Engineering - INFO - [logger.py:103] - Група ratio: додано 20 нових ознак
2025-05-28 01:42:26 - Feature Engineering - INFO - [logger.py:103] - Обробка групи ознак: crossover
2025-05-28 01:42:29 - Feature Engineering - INFO - [logger.py:103] - Група crossover: додано 175 нових ознак
2025-05-28 01:42:29 - Feature Engineering - INFO - [logger.py:103] - Обробка групи ознак: datetime
2025-05-28 01:42:30 - Feature Engineering - INFO - [logger.py:103] - Група datetime: додано 24 нових ознак
2025-05-28 01:42:30 - Feature Engineering - INFO - [logger.py:103] - Обробка групи ознак: candle_patterns
2025-05-28 01:42:31 - Feature Engineering - INFO - [logger.py:103] - Група candle_patterns: додано 28 нових ознак
2025-05-28 01:42:31 - Feature Engineering - INFO - [logger.py:103] - Обробка групи ознак: custom_indicators
2025-05-28 01:42:36 - Feature Engineering - INFO - [logger.py:103] - Група custom_indicators: додано 33 нових ознак
2025-05-28 01:42:36 - Feature Engineering - INFO - [logger.py:103] - Обробка групи ознак: volume
2025-05-28 01:42:41 - Feature Engineering - INFO - [logger.py:103] - Група volume: додано 26 нових ознак
2025-05-28 01:42:41 - Feature Engineering - INFO - [logger.py:103] - Обробка групи ознак: polynomial
2025-05-28 01:42:41 - Feature Engineering - WARNING - [logger.py:107] - Група polynomial: нові ознаки не додані
2025-05-28 01:42:41 - Feature Engineering - INFO - [logger.py:103] - Обробка групи ознак: cluster
2025-05-28 01:42:41 - Feature Engineering - WARNING - [logger.py:107] - Група cluster: нові ознаки не додані
2025-05-28 01:42:41 - Feature Engineering - INFO - [logger.py:103] - Створення цільової змінної для close з горизонтом 1
2025-05-28 01:42:41 - Feature Engineering - INFO - [logger.py:103] - Створення цільової змінної типу 'return' з горизонтом 1
2025-05-28 01:42:41 - Feature Engineering - INFO - [logger.py:103] - Створено цільову змінну 'target_return_1p' як процентну зміну ціни
2025-05-28 01:42:41 - Feature Engineering - WARNING - [logger.py:107] - Цільова змінна target_return_1p містить 1 NaN значень
2025-05-28 01:42:41 - Feature Engineering - WARNING - [logger.py:107] - NaN значення в цільовій змінній заповнені медіаною: -0.000845329419758456
2025-05-28 01:42:42 - Feature Engineering - WARNING - [logger.py:107] - Заповнення NaN у 21383 стовпцях
2025-05-28 01:44:51 - Feature Engineering - INFO - [logger.py:103] - Запуск уніфікованого пайплайну підготовки даних...
2025-05-28 01:44:51 - Feature Engineering - INFO - [logger.py:103] - Використовуються всі стандартні групи ознак: ['lagged', 'rolling', 'ewm', 'returns', 'technical', 'volatility', 'ratio', 'crossover', 'datetime', 'candle_patterns', 'custom_indicators', 'volume', 'polynomial', 'cluster']
2025-05-28 01:44:51 - Feature Engineering - INFO - [logger.py:103] - Обробка групи ознак: lagged
2025-05-28 01:44:51 - Feature Engineering - INFO - [logger.py:103] - Група lagged: додано 125 нових ознак
2025-05-28 01:44:51 - Feature Engineering - INFO - [logger.py:103] - Обробка групи ознак: rolling
2025-05-28 01:44:52 - Feature Engineering - INFO - [logger.py:103] - Група rolling: додано 2400 нових ознак
2025-05-28 01:44:52 - Feature Engineering - INFO - [logger.py:103] - Обробка групи ознак: ewm
2025-05-28 01:44:56 - Feature Engineering - INFO - [logger.py:103] - Група ewm: додано 20400 нових ознак
2025-05-28 01:44:56 - Feature Engineering - INFO - [logger.py:103] - Обробка групи ознак: returns
2025-05-28 01:44:57 - Feature Engineering - INFO - [logger.py:103] - Група returns: додано 25 нових ознак
2025-05-28 01:44:57 - Feature Engineering - INFO - [logger.py:103] - Обробка групи ознак: technical
2025-05-28 01:45:00 - Feature Engineering - INFO - [logger.py:103] - Група technical: додано 55 нових ознак
2025-05-28 01:45:00 - Feature Engineering - INFO - [logger.py:103] - Обробка групи ознак: volatility
2025-05-28 01:45:01 - Feature Engineering - INFO - [logger.py:103] - Група volatility: додано 26 нових ознак
2025-05-28 01:45:01 - Feature Engineering - INFO - [logger.py:103] - Обробка групи ознак: ratio
2025-05-28 01:45:02 - Feature Engineering - INFO - [logger.py:103] - Група ratio: додано 20 нових ознак
2025-05-28 01:45:02 - Feature Engineering - INFO - [logger.py:103] - Обробка групи ознак: crossover
2025-05-28 01:45:04 - Feature Engineering - INFO - [logger.py:103] - Група crossover: додано 175 нових ознак
2025-05-28 01:45:04 - Feature Engineering - INFO - [logger.py:103] - Обробка групи ознак: datetime
2025-05-28 01:45:05 - Feature Engineering - INFO - [logger.py:103] - Група datetime: додано 24 нових ознак
2025-05-28 01:45:05 - Feature Engineering - INFO - [logger.py:103] - Обробка групи ознак: candle_patterns
2025-05-28 01:45:06 - Feature Engineering - INFO - [logger.py:103] - Група candle_patterns: додано 28 нових ознак
2025-05-28 01:45:06 - Feature Engineering - INFO - [logger.py:103] - Обробка групи ознак: custom_indicators
2025-05-28 01:45:11 - Feature Engineering - INFO - [logger.py:103] - Група custom_indicators: додано 33 нових ознак
2025-05-28 01:45:11 - Feature Engineering - INFO - [logger.py:103] - Обробка групи ознак: volume
2025-05-28 01:45:16 - Feature Engineering - INFO - [logger.py:103] - Група volume: додано 26 нових ознак
2025-05-28 01:45:16 - Feature Engineering - INFO - [logger.py:103] - Обробка групи ознак: polynomial
2025-05-28 01:45:16 - Feature Engineering - WARNING - [logger.py:107] - Група polynomial: нові ознаки не додані
2025-05-28 01:45:16 - Feature Engineering - INFO - [logger.py:103] - Обробка групи ознак: cluster
2025-05-28 01:45:16 - Feature Engineering - WARNING - [logger.py:107] - Група cluster: нові ознаки не додані
2025-05-28 01:45:16 - Feature Engineering - INFO - [logger.py:103] - Створення цільової змінної для close з горизонтом 1
2025-05-28 01:45:16 - Feature Engineering - INFO - [logger.py:103] - Створення цільової змінної типу 'return' з горизонтом 1
2025-05-28 01:45:17 - Feature Engineering - INFO - [logger.py:103] - Створено цільову змінну 'target_return_1p' як процентну зміну ціни
2025-05-28 01:45:17 - Feature Engineering - WARNING - [logger.py:107] - Цільова змінна target_return_1p містить 1 NaN значень
2025-05-28 01:45:17 - Feature Engineering - WARNING - [logger.py:107] - NaN значення в цільовій змінній заповнені медіаною: -0.000845329419758456
2025-05-28 01:45:18 - Feature Engineering - WARNING - [logger.py:107] - Заповнення NaN у 21383 стовпцях
2025-05-28 01:47:29 - Feature Engineering - INFO - [logger.py:103] - Запуск уніфікованого пайплайну підготовки даних...
2025-05-28 01:47:29 - Feature Engineering - INFO - [logger.py:103] - Використовуються всі стандартні групи ознак: ['lagged', 'rolling', 'ewm', 'returns', 'technical', 'volatility', 'ratio', 'crossover', 'datetime', 'candle_patterns', 'custom_indicators', 'volume', 'polynomial', 'cluster']
2025-05-28 01:47:29 - Feature Engineering - INFO - [logger.py:103] - Обробка групи ознак: lagged
2025-05-28 01:47:29 - Feature Engineering - INFO - [logger.py:103] - Група lagged: додано 125 нових ознак
2025-05-28 01:47:29 - Feature Engineering - INFO - [logger.py:103] - Обробка групи ознак: rolling
2025-05-28 01:47:29 - Feature Engineering - INFO - [logger.py:103] - Група rolling: додано 2400 нових ознак
2025-05-28 01:47:29 - Feature Engineering - INFO - [logger.py:103] - Обробка групи ознак: ewm
2025-05-28 01:52:26 - Feature Engineering - INFO - [logger.py:103] - Ініціалізація Feature Engineering Pipeline...
2025-05-28 01:52:26 - Feature Engineering - INFO - [logger.py:103] - Ініціалізація Feature Engineering Pipeline...
2025-05-28 01:52:26 - Feature Engineering - INFO - [logger.py:103] - Ініціалізація Feature Engineering Pipeline...
2025-05-28 01:52:26 - Feature Engineering - INFO - [logger.py:103] - Ініціалізація Feature Engineering Pipeline...
2025-05-28 01:52:26 - Feature Engineering - INFO - [logger.py:103] - Ініціалізація Feature Engineering Pipeline...
2025-05-28 01:52:33 - Feature Engineering - INFO - [logger.py:103] - Запуск уніфікованого пайплайну підготовки даних...
2025-05-28 01:52:33 - Feature Engineering - INFO - [logger.py:103] - Використовуються всі стандартні групи ознак: ['lagged', 'rolling', 'ewm', 'returns', 'technical', 'volatility', 'ratio', 'crossover', 'datetime', 'candle_patterns', 'custom_indicators', 'volume', 'polynomial', 'cluster']
2025-05-28 01:52:33 - Feature Engineering - INFO - [logger.py:103] - Обробка групи ознак: lagged
2025-05-28 01:52:33 - Feature Engineering - INFO - [logger.py:103] - Група lagged: додано 125 нових ознак
2025-05-28 01:52:33 - Feature Engineering - INFO - [logger.py:103] - Обробка групи ознак: rolling
2025-05-28 01:52:34 - Feature Engineering - INFO - [logger.py:103] - Група rolling: додано 2400 нових ознак
2025-05-28 01:52:34 - Feature Engineering - INFO - [logger.py:103] - Обробка групи ознак: ewm
2025-05-28 01:52:39 - Feature Engineering - INFO - [logger.py:103] - Група ewm: додано 20400 нових ознак
2025-05-28 01:52:39 - Feature Engineering - INFO - [logger.py:103] - Обробка групи ознак: returns
2025-05-28 01:52:40 - Feature Engineering - INFO - [logger.py:103] - Група returns: додано 25 нових ознак
2025-05-28 01:52:40 - Feature Engineering - INFO - [logger.py:103] - Обробка групи ознак: technical
2025-05-28 01:52:43 - Feature Engineering - INFO - [logger.py:103] - Група technical: додано 55 нових ознак
2025-05-28 01:52:43 - Feature Engineering - INFO - [logger.py:103] - Обробка групи ознак: volatility
2025-05-28 01:52:44 - Feature Engineering - INFO - [logger.py:103] - Група volatility: додано 26 нових ознак
2025-05-28 01:52:44 - Feature Engineering - INFO - [logger.py:103] - Обробка групи ознак: ratio
2025-05-28 01:52:45 - Feature Engineering - INFO - [logger.py:103] - Група ratio: додано 20 нових ознак
2025-05-28 01:52:45 - Feature Engineering - INFO - [logger.py:103] - Обробка групи ознак: crossover
2025-05-28 01:52:47 - Feature Engineering - INFO - [logger.py:103] - Група crossover: додано 175 нових ознак
2025-05-28 01:52:47 - Feature Engineering - INFO - [logger.py:103] - Обробка групи ознак: datetime
2025-05-28 01:52:48 - Feature Engineering - INFO - [logger.py:103] - Група datetime: додано 24 нових ознак
2025-05-28 01:52:48 - Feature Engineering - INFO - [logger.py:103] - Обробка групи ознак: candle_patterns
2025-05-28 01:52:49 - Feature Engineering - INFO - [logger.py:103] - Група candle_patterns: додано 28 нових ознак
2025-05-28 01:52:49 - Feature Engineering - INFO - [logger.py:103] - Обробка групи ознак: custom_indicators
2025-05-28 01:52:54 - Feature Engineering - INFO - [logger.py:103] - Група custom_indicators: додано 33 нових ознак
2025-05-28 01:52:54 - Feature Engineering - INFO - [logger.py:103] - Обробка групи ознак: volume
2025-05-28 01:52:59 - Feature Engineering - INFO - [logger.py:103] - Група volume: додано 26 нових ознак
2025-05-28 01:52:59 - Feature Engineering - INFO - [logger.py:103] - Обробка групи ознак: polynomial
2025-05-28 01:52:59 - Feature Engineering - WARNING - [logger.py:107] - Група polynomial: нові ознаки не додані
2025-05-28 01:52:59 - Feature Engineering - INFO - [logger.py:103] - Обробка групи ознак: cluster
2025-05-28 01:52:59 - Feature Engineering - WARNING - [logger.py:107] - Група cluster: нові ознаки не додані
2025-05-28 01:52:59 - Feature Engineering - INFO - [logger.py:103] - Створення цільової змінної для close з горизонтом 1
2025-05-28 01:52:59 - Feature Engineering - INFO - [logger.py:103] - Створення цільової змінної типу 'return' з горизонтом 1
2025-05-28 01:52:59 - Feature Engineering - INFO - [logger.py:103] - Створено цільову змінну 'target_return_1p' як процентну зміну ціни
2025-05-28 01:52:59 - Feature Engineering - WARNING - [logger.py:107] - Цільова змінна target_return_1p містить 1 NaN значень
2025-05-28 01:52:59 - Feature Engineering - WARNING - [logger.py:107] - NaN значення в цільовій змінній заповнені медіаною: -0.000845329419758456
2025-05-28 01:53:00 - Feature Engineering - WARNING - [logger.py:107] - Заповнення NaN у 21383 стовпцях
2025-05-28 01:55:08 - Feature Engineering - INFO - [logger.py:103] - Запуск уніфікованого пайплайну підготовки даних...
2025-05-28 01:55:08 - Feature Engineering - INFO - [logger.py:103] - Використовуються всі стандартні групи ознак: ['lagged', 'rolling', 'ewm', 'returns', 'technical', 'volatility', 'ratio', 'crossover', 'datetime', 'candle_patterns', 'custom_indicators', 'volume', 'polynomial', 'cluster']
2025-05-28 01:55:08 - Feature Engineering - INFO - [logger.py:103] - Обробка групи ознак: lagged
2025-05-28 01:55:08 - Feature Engineering - INFO - [logger.py:103] - Група lagged: додано 125 нових ознак
2025-05-28 01:55:08 - Feature Engineering - INFO - [logger.py:103] - Обробка групи ознак: rolling
2025-05-28 01:55:09 - Feature Engineering - INFO - [logger.py:103] - Група rolling: додано 2400 нових ознак
2025-05-28 01:55:09 - Feature Engineering - INFO - [logger.py:103] - Обробка групи ознак: ewm
2025-05-28 01:55:13 - Feature Engineering - INFO - [logger.py:103] - Група ewm: додано 20400 нових ознак
2025-05-28 01:55:13 - Feature Engineering - INFO - [logger.py:103] - Обробка групи ознак: returns
2025-05-28 01:55:14 - Feature Engineering - INFO - [logger.py:103] - Група returns: додано 25 нових ознак
2025-05-28 01:55:14 - Feature Engineering - INFO - [logger.py:103] - Обробка групи ознак: technical
2025-05-28 01:55:17 - Feature Engineering - INFO - [logger.py:103] - Група technical: додано 55 нових ознак
2025-05-28 01:55:17 - Feature Engineering - INFO - [logger.py:103] - Обробка групи ознак: volatility
2025-05-28 01:55:18 - Feature Engineering - INFO - [logger.py:103] - Група volatility: додано 26 нових ознак
2025-05-28 01:55:18 - Feature Engineering - INFO - [logger.py:103] - Обробка групи ознак: ratio
2025-05-28 01:55:18 - Feature Engineering - INFO - [logger.py:103] - Група ratio: додано 20 нових ознак
2025-05-28 01:55:18 - Feature Engineering - INFO - [logger.py:103] - Обробка групи ознак: crossover
2025-05-28 01:55:21 - Feature Engineering - INFO - [logger.py:103] - Група crossover: додано 175 нових ознак
2025-05-28 01:55:21 - Feature Engineering - INFO - [logger.py:103] - Обробка групи ознак: datetime
2025-05-28 01:55:22 - Feature Engineering - INFO - [logger.py:103] - Група datetime: додано 24 нових ознак
2025-05-28 01:55:22 - Feature Engineering - INFO - [logger.py:103] - Обробка групи ознак: candle_patterns
2025-05-28 01:55:23 - Feature Engineering - INFO - [logger.py:103] - Група candle_patterns: додано 28 нових ознак
2025-05-28 01:55:23 - Feature Engineering - INFO - [logger.py:103] - Обробка групи ознак: custom_indicators
2025-05-28 01:55:28 - Feature Engineering - INFO - [logger.py:103] - Група custom_indicators: додано 33 нових ознак
2025-05-28 01:55:28 - Feature Engineering - INFO - [logger.py:103] - Обробка групи ознак: volume
