2025-05-24 16:52:58 - INFO - ERROR - [logger.py:111] - Error preparing ML features: 'NoneType' object has no attribute 'copy'
2025-05-24 16:52:58 - INFO - INFO - [logger.py:103] - Підготовка функцій волатильності для ML з вікнами BTC
2025-05-24 16:52:58 - INFO - ERROR - [logger.py:111] - Помилка при підготовці функцій волатильності для ML: 'NoneType' object has no attribute 'index'
2025-05-24 16:52:58 - INFO - ERROR - [logger.py:111] - Error preparing ML features: 'NoneType' object has no attribute 'copy'
2025-05-24 16:52:58 - INFO - INFO - [logger.py:103] - Підготовка функцій волатильності для ML з вікнами BTC
2025-05-24 16:52:58 - INFO - ERROR - [logger.py:111] - Помилка при підготовці функцій волатильності для ML: 'NoneType' object has no attribute 'index'
2025-05-24 16:52:58 - INFO - ERROR - [logger.py:111] - Error preparing ML features: 'NoneType' object has no attribute 'copy'
2025-05-24 16:52:58 - INFO - INFO - [logger.py:103] - Підготовка функцій волатильності для ML з вікнами BTC
2025-05-24 16:52:58 - INFO - ERROR - [logger.py:111] - Помилка при підготовці функцій волатильності для ML: 'NoneType' object has no attribute 'index'
2025-05-24 16:52:58 - INFO - ERROR - [logger.py:111] - Error preparing ML features: 'NoneType' object has no attribute 'copy'
2025-05-24 16:52:58 - INFO - INFO - [logger.py:103] - Підготовка функцій волатильності для ML з вікнами BTC
2025-05-24 16:52:58 - INFO - ERROR - [logger.py:111] - Помилка при підготовці функцій волатильності для ML: 'NoneType' object has no attribute 'index'
2025-05-24 16:52:58 - INFO - ERROR - [logger.py:111] - Error preparing ML features: 'NoneType' object has no attribute 'copy'
2025-05-24 16:52:58 - INFO - INFO - [logger.py:103] - Підготовка функцій волатильності для ML з вікнами ETH
2025-05-24 16:52:58 - INFO - ERROR - [logger.py:111] - Помилка при підготовці функцій волатильності для ML: 'NoneType' object has no attribute 'index'
2025-05-24 16:52:58 - INFO - ERROR - [logger.py:111] - Error preparing ML features: 'NoneType' object has no attribute 'copy'
2025-05-24 16:52:58 - INFO - INFO - [logger.py:103] - Підготовка функцій волатильності для ML з вікнами ETH
2025-05-24 16:52:58 - INFO - ERROR - [logger.py:111] - Помилка при підготовці функцій волатильності для ML: 'NoneType' object has no attribute 'index'
2025-05-24 16:52:58 - INFO - ERROR - [logger.py:111] - Error preparing ML features: 'NoneType' object has no attribute 'copy'
2025-05-24 16:52:58 - INFO - INFO - [logger.py:103] - Підготовка функцій волатильності для ML з вікнами ETH
2025-05-24 16:52:58 - INFO - ERROR - [logger.py:111] - Помилка при підготовці функцій волатильності для ML: 'NoneType' object has no attribute 'index'
2025-05-24 16:52:58 - INFO - ERROR - [logger.py:111] - Error preparing ML features: 'NoneType' object has no attribute 'copy'
2025-05-24 16:52:58 - INFO - INFO - [logger.py:103] - Підготовка функцій волатильності для ML з вікнами ETH
2025-05-24 16:52:58 - INFO - ERROR - [logger.py:111] - Помилка при підготовці функцій волатильності для ML: 'NoneType' object has no attribute 'index'
2025-05-25 02:38:15 - INFO - ERROR - [logger.py:111] - Error preparing ML features: "['+di', '-di'] not in index"
2025-05-25 02:38:15 - INFO - INFO - [logger.py:103] - Підготовка функцій волатильності для ML з вікнами BTC
2025-05-25 02:38:15 - INFO - ERROR - [logger.py:111] - Помилка при підготовці функцій волатильності для ML: unhashable type: 'dict'
2025-05-25 02:38:15 - INFO - INFO - [logger.py:103] - Створення лагових ознак...
2025-05-25 02:38:15 - INFO - WARNING - [logger.py:107] - Індекс даних не є часовим (DatetimeIndex). Лагові ознаки можуть бути неточними.
2025-05-25 02:38:15 - INFO - INFO - [logger.py:103] - Автоматично вибрано 25 числових стовпців
2025-05-25 02:38:15 - INFO - INFO - [logger.py:103] - Додано 125 лагових ознак
2025-05-25 02:38:15 - INFO - INFO - [logger.py:103] - Створення ознак на основі ковзного вікна...
2025-05-25 02:38:15 - INFO - WARNING - [logger.py:107] - Індекс даних не є часовим (DatetimeIndex). Ознаки ковзного вікна можуть бути неточними.
2025-05-25 02:38:15 - INFO - INFO - [logger.py:103] - Автоматично вибрано 150 числових стовпців
2025-05-25 02:43:22 - INFO - ERROR - [logger.py:111] - Error preparing ML features: "['+di', '-di'] not in index"
2025-05-25 02:43:22 - INFO - INFO - [logger.py:103] - Підготовка функцій волатильності для ML з вікнами BTC
2025-05-25 02:43:22 - INFO - ERROR - [logger.py:111] - Помилка при підготовці функцій волатильності для ML: unhashable type: 'dict'
2025-05-25 02:43:22 - INFO - INFO - [logger.py:103] - Створення лагових ознак...
2025-05-25 02:43:22 - INFO - WARNING - [logger.py:107] - Індекс даних не є часовим (DatetimeIndex). Лагові ознаки можуть бути неточними.
2025-05-25 02:43:22 - INFO - INFO - [logger.py:103] - Автоматично вибрано 25 числових стовпців
2025-05-25 02:43:22 - INFO - INFO - [logger.py:103] - Додано 125 лагових ознак
2025-05-25 02:43:22 - INFO - INFO - [logger.py:103] - Створення ознак на основі ковзного вікна...
2025-05-25 02:43:22 - INFO - WARNING - [logger.py:107] - Індекс даних не є часовим (DatetimeIndex). Ознаки ковзного вікна можуть бути неточними.
2025-05-25 02:43:22 - INFO - INFO - [logger.py:103] - Автоматично вибрано 150 числових стовпців
2025-05-25 02:43:27 - INFO - INFO - [logger.py:103] - Додано 2400 ознак ковзного вікна
2025-05-25 02:43:27 - INFO - INFO - [logger.py:103] - Створення ознак на основі експоненціально зваженого вікна...
2025-05-25 02:43:27 - INFO - INFO - [logger.py:103] - Автоматично вибрано 2550 числових стовпців
2025-05-25 02:43:28 - INFO - WARNING - [logger.py:107] - Стовпці ['id_lag_1', 'sequence_id_lag_1', 'sequence_position_lag_1', 'open_scaled_lag_1', 'high_scaled_lag_1', 'low_scaled_lag_1', 'close_scaled_lag_1', 'volume_scaled_lag_1', 'hour_sin_lag_1', 'hour_cos_lag_1', 'day_of_week_sin_lag_1', 'day_of_week_cos_lag_1', 'month_sin_lag_1', 'month_cos_lag_1', 'day_of_month_sin_lag_1', 'day_of_month_cos_lag_1', 'target_close_1_lag_1', 'target_close_5_lag_1', 'target_close_10_lag_1', 'sequence_length_lag_1', 'open_lag_1', 'high_lag_1', 'low_lag_1', 'close_lag_1', 'volume_lag_1', 'id_lag_3', 'sequence_id_lag_3', 'sequence_position_lag_3', 'open_scaled_lag_3', 'high_scaled_lag_3', 'low_scaled_lag_3', 'close_scaled_lag_3', 'volume_scaled_lag_3', 'hour_sin_lag_3', 'hour_cos_lag_3', 'day_of_week_sin_lag_3', 'day_of_week_cos_lag_3', 'month_sin_lag_3', 'month_cos_lag_3', 'day_of_month_sin_lag_3', 'day_of_month_cos_lag_3', 'target_close_1_lag_3', 'target_close_5_lag_3', 'target_close_10_lag_3', 'sequence_length_lag_3', 'open_lag_3', 'high_lag_3', 'low_lag_3', 'close_lag_3', 'volume_lag_3', 'id_lag_5', 'sequence_id_lag_5', 'sequence_position_lag_5', 'open_scaled_lag_5', 'high_scaled_lag_5', 'low_scaled_lag_5', 'close_scaled_lag_5', 'volume_scaled_lag_5', 'hour_sin_lag_5', 'hour_cos_lag_5', 'day_of_week_sin_lag_5', 'day_of_week_cos_lag_5', 'month_sin_lag_5', 'month_cos_lag_5', 'day_of_month_sin_lag_5', 'day_of_month_cos_lag_5', 'target_close_1_lag_5', 'target_close_5_lag_5', 'target_close_10_lag_5', 'sequence_length_lag_5', 'open_lag_5', 'high_lag_5', 'low_lag_5', 'close_lag_5', 'volume_lag_5', 'id_lag_7', 'sequence_id_lag_7', 'sequence_position_lag_7', 'open_scaled_lag_7', 'high_scaled_lag_7', 'low_scaled_lag_7', 'close_scaled_lag_7', 'volume_scaled_lag_7', 'hour_sin_lag_7', 'hour_cos_lag_7', 'day_of_week_sin_lag_7', 'day_of_week_cos_lag_7', 'month_sin_lag_7', 'month_cos_lag_7', 'day_of_month_sin_lag_7', 'day_of_month_cos_lag_7', 'target_close_1_lag_7', 'target_close_5_lag_7', 'target_close_10_lag_7', 'sequence_length_lag_7', 'open_lag_7', 'high_lag_7', 'low_lag_7', 'close_lag_7', 'volume_lag_7', 'id_lag_14', 'sequence_id_lag_14', 'sequence_position_lag_14', 'open_scaled_lag_14', 'high_scaled_lag_14', 'low_scaled_lag_14', 'close_scaled_lag_14', 'volume_scaled_lag_14', 'hour_sin_lag_14', 'hour_cos_lag_14', 'day_of_week_sin_lag_14', 'day_of_week_cos_lag_14', 'month_sin_lag_14', 'month_cos_lag_14', 'day_of_month_sin_lag_14', 'day_of_month_cos_lag_14', 'target_close_1_lag_14', 'target_close_5_lag_14', 'target_close_10_lag_14', 'sequence_length_lag_14', 'open_lag_14', 'high_lag_14', 'low_lag_14', 'close_lag_14', 'volume_lag_14'] містять NaN значення, вони будуть заповнені
2025-05-26 23:57:02 - INFO - ERROR - [logger.py:111] - Error preparing ML features: "['+di', '-di'] not in index"
2025-05-26 23:57:02 - INFO - INFO - [logger.py:103] - Підготовка функцій волатильності для ML з вікнами BTC
2025-05-26 23:57:02 - INFO - ERROR - [logger.py:111] - Помилка при підготовці функцій волатильності для ML: unhashable type: 'dict'
2025-05-26 23:57:02 - INFO - INFO - [logger.py:103] - Створення лагових ознак...
2025-05-26 23:57:02 - INFO - WARNING - [logger.py:107] - Індекс даних не є часовим (DatetimeIndex). Лагові ознаки можуть бути неточними.
2025-05-26 23:57:02 - INFO - INFO - [logger.py:103] - Автоматично вибрано 25 числових стовпців
2025-05-26 23:57:02 - INFO - INFO - [logger.py:103] - Додано 125 лагових ознак
2025-05-26 23:57:02 - INFO - INFO - [logger.py:103] - Створення ознак на основі ковзного вікна...
2025-05-26 23:57:02 - INFO - WARNING - [logger.py:107] - Індекс даних не є часовим (DatetimeIndex). Ознаки ковзного вікна можуть бути неточними.
2025-05-26 23:57:02 - INFO - INFO - [logger.py:103] - Автоматично вибрано 150 числових стовпців
2025-05-26 23:57:07 - INFO - INFO - [logger.py:103] - Додано 2400 ознак ковзного вікна
2025-05-26 23:57:07 - INFO - INFO - [logger.py:103] - Створення ознак на основі експоненціально зваженого вікна...
2025-05-26 23:57:08 - INFO - INFO - [logger.py:103] - Автоматично вибрано 2550 числових стовпців
2025-05-26 23:57:08 - INFO - WARNING - [logger.py:107] - Стовпці ['id_lag_1', 'sequence_id_lag_1', 'sequence_position_lag_1', 'open_scaled_lag_1', 'high_scaled_lag_1', 'low_scaled_lag_1', 'close_scaled_lag_1', 'volume_scaled_lag_1', 'hour_sin_lag_1', 'hour_cos_lag_1', 'day_of_week_sin_lag_1', 'day_of_week_cos_lag_1', 'month_sin_lag_1', 'month_cos_lag_1', 'day_of_month_sin_lag_1', 'day_of_month_cos_lag_1', 'target_close_1_lag_1', 'target_close_5_lag_1', 'target_close_10_lag_1', 'sequence_length_lag_1', 'open_lag_1', 'high_lag_1', 'low_lag_1', 'close_lag_1', 'volume_lag_1', 'id_lag_3', 'sequence_id_lag_3', 'sequence_position_lag_3', 'open_scaled_lag_3', 'high_scaled_lag_3', 'low_scaled_lag_3', 'close_scaled_lag_3', 'volume_scaled_lag_3', 'hour_sin_lag_3', 'hour_cos_lag_3', 'day_of_week_sin_lag_3', 'day_of_week_cos_lag_3', 'month_sin_lag_3', 'month_cos_lag_3', 'day_of_month_sin_lag_3', 'day_of_month_cos_lag_3', 'target_close_1_lag_3', 'target_close_5_lag_3', 'target_close_10_lag_3', 'sequence_length_lag_3', 'open_lag_3', 'high_lag_3', 'low_lag_3', 'close_lag_3', 'volume_lag_3', 'id_lag_5', 'sequence_id_lag_5', 'sequence_position_lag_5', 'open_scaled_lag_5', 'high_scaled_lag_5', 'low_scaled_lag_5', 'close_scaled_lag_5', 'volume_scaled_lag_5', 'hour_sin_lag_5', 'hour_cos_lag_5', 'day_of_week_sin_lag_5', 'day_of_week_cos_lag_5', 'month_sin_lag_5', 'month_cos_lag_5', 'day_of_month_sin_lag_5', 'day_of_month_cos_lag_5', 'target_close_1_lag_5', 'target_close_5_lag_5', 'target_close_10_lag_5', 'sequence_length_lag_5', 'open_lag_5', 'high_lag_5', 'low_lag_5', 'close_lag_5', 'volume_lag_5', 'id_lag_7', 'sequence_id_lag_7', 'sequence_position_lag_7', 'open_scaled_lag_7', 'high_scaled_lag_7', 'low_scaled_lag_7', 'close_scaled_lag_7', 'volume_scaled_lag_7', 'hour_sin_lag_7', 'hour_cos_lag_7', 'day_of_week_sin_lag_7', 'day_of_week_cos_lag_7', 'month_sin_lag_7', 'month_cos_lag_7', 'day_of_month_sin_lag_7', 'day_of_month_cos_lag_7', 'target_close_1_lag_7', 'target_close_5_lag_7', 'target_close_10_lag_7', 'sequence_length_lag_7', 'open_lag_7', 'high_lag_7', 'low_lag_7', 'close_lag_7', 'volume_lag_7', 'id_lag_14', 'sequence_id_lag_14', 'sequence_position_lag_14', 'open_scaled_lag_14', 'high_scaled_lag_14', 'low_scaled_lag_14', 'close_scaled_lag_14', 'volume_scaled_lag_14', 'hour_sin_lag_14', 'hour_cos_lag_14', 'day_of_week_sin_lag_14', 'day_of_week_cos_lag_14', 'month_sin_lag_14', 'month_cos_lag_14', 'day_of_month_sin_lag_14', 'day_of_month_cos_lag_14', 'target_close_1_lag_14', 'target_close_5_lag_14', 'target_close_10_lag_14', 'sequence_length_lag_14', 'open_lag_14', 'high_lag_14', 'low_lag_14', 'close_lag_14', 'volume_lag_14'] містять NaN значення, вони будуть заповнені
2025-05-27 00:00:28 - INFO - ERROR - [logger.py:111] - Error preparing ML features: "['+di', '-di'] not in index"
2025-05-27 00:00:28 - INFO - INFO - [logger.py:103] - Підготовка функцій волатильності для ML з вікнами BTC
2025-05-27 00:00:29 - INFO - ERROR - [logger.py:111] - Помилка при підготовці функцій волатильності для ML: unhashable type: 'dict'
2025-05-27 00:00:29 - INFO - INFO - [logger.py:103] - Створення лагових ознак...
2025-05-27 00:00:29 - INFO - WARNING - [logger.py:107] - Індекс даних не є часовим (DatetimeIndex). Лагові ознаки можуть бути неточними.
2025-05-27 00:00:29 - INFO - INFO - [logger.py:103] - Автоматично вибрано 25 числових стовпців
2025-05-27 00:00:29 - INFO - INFO - [logger.py:103] - Додано 125 лагових ознак
2025-05-27 00:00:29 - INFO - INFO - [logger.py:103] - Створення ознак на основі ковзного вікна...
2025-05-27 00:00:29 - INFO - WARNING - [logger.py:107] - Індекс даних не є часовим (DatetimeIndex). Ознаки ковзного вікна можуть бути неточними.
2025-05-27 00:00:29 - INFO - INFO - [logger.py:103] - Автоматично вибрано 150 числових стовпців
2025-05-27 00:00:34 - INFO - INFO - [logger.py:103] - Додано 2400 ознак ковзного вікна
2025-05-27 00:00:34 - INFO - INFO - [logger.py:103] - Створення ознак на основі експоненціально зваженого вікна...
2025-05-27 00:00:34 - INFO - INFO - [logger.py:103] - Автоматично вибрано 2550 числових стовпців
2025-05-27 00:00:35 - INFO - WARNING - [logger.py:107] - Стовпці ['id_lag_1', 'sequence_id_lag_1', 'sequence_position_lag_1', 'open_scaled_lag_1', 'high_scaled_lag_1', 'low_scaled_lag_1', 'close_scaled_lag_1', 'volume_scaled_lag_1', 'hour_sin_lag_1', 'hour_cos_lag_1', 'day_of_week_sin_lag_1', 'day_of_week_cos_lag_1', 'month_sin_lag_1', 'month_cos_lag_1', 'day_of_month_sin_lag_1', 'day_of_month_cos_lag_1', 'target_close_1_lag_1', 'target_close_5_lag_1', 'target_close_10_lag_1', 'sequence_length_lag_1', 'open_lag_1', 'high_lag_1', 'low_lag_1', 'close_lag_1', 'volume_lag_1', 'id_lag_3', 'sequence_id_lag_3', 'sequence_position_lag_3', 'open_scaled_lag_3', 'high_scaled_lag_3', 'low_scaled_lag_3', 'close_scaled_lag_3', 'volume_scaled_lag_3', 'hour_sin_lag_3', 'hour_cos_lag_3', 'day_of_week_sin_lag_3', 'day_of_week_cos_lag_3', 'month_sin_lag_3', 'month_cos_lag_3', 'day_of_month_sin_lag_3', 'day_of_month_cos_lag_3', 'target_close_1_lag_3', 'target_close_5_lag_3', 'target_close_10_lag_3', 'sequence_length_lag_3', 'open_lag_3', 'high_lag_3', 'low_lag_3', 'close_lag_3', 'volume_lag_3', 'id_lag_5', 'sequence_id_lag_5', 'sequence_position_lag_5', 'open_scaled_lag_5', 'high_scaled_lag_5', 'low_scaled_lag_5', 'close_scaled_lag_5', 'volume_scaled_lag_5', 'hour_sin_lag_5', 'hour_cos_lag_5', 'day_of_week_sin_lag_5', 'day_of_week_cos_lag_5', 'month_sin_lag_5', 'month_cos_lag_5', 'day_of_month_sin_lag_5', 'day_of_month_cos_lag_5', 'target_close_1_lag_5', 'target_close_5_lag_5', 'target_close_10_lag_5', 'sequence_length_lag_5', 'open_lag_5', 'high_lag_5', 'low_lag_5', 'close_lag_5', 'volume_lag_5', 'id_lag_7', 'sequence_id_lag_7', 'sequence_position_lag_7', 'open_scaled_lag_7', 'high_scaled_lag_7', 'low_scaled_lag_7', 'close_scaled_lag_7', 'volume_scaled_lag_7', 'hour_sin_lag_7', 'hour_cos_lag_7', 'day_of_week_sin_lag_7', 'day_of_week_cos_lag_7', 'month_sin_lag_7', 'month_cos_lag_7', 'day_of_month_sin_lag_7', 'day_of_month_cos_lag_7', 'target_close_1_lag_7', 'target_close_5_lag_7', 'target_close_10_lag_7', 'sequence_length_lag_7', 'open_lag_7', 'high_lag_7', 'low_lag_7', 'close_lag_7', 'volume_lag_7', 'id_lag_14', 'sequence_id_lag_14', 'sequence_position_lag_14', 'open_scaled_lag_14', 'high_scaled_lag_14', 'low_scaled_lag_14', 'close_scaled_lag_14', 'volume_scaled_lag_14', 'hour_sin_lag_14', 'hour_cos_lag_14', 'day_of_week_sin_lag_14', 'day_of_week_cos_lag_14', 'month_sin_lag_14', 'month_cos_lag_14', 'day_of_month_sin_lag_14', 'day_of_month_cos_lag_14', 'target_close_1_lag_14', 'target_close_5_lag_14', 'target_close_10_lag_14', 'sequence_length_lag_14', 'open_lag_14', 'high_lag_14', 'low_lag_14', 'close_lag_14', 'volume_lag_14'] містять NaN значення, вони будуть заповнені
2025-05-27 00:07:20 - INFO - ERROR - [logger.py:111] - Error preparing ML features: "['+di', '-di'] not in index"
2025-05-27 00:07:20 - INFO - INFO - [logger.py:103] - Підготовка функцій волатильності для ML з вікнами BTC
2025-05-27 00:07:21 - INFO - ERROR - [logger.py:111] - Помилка при підготовці функцій волатильності для ML: unhashable type: 'dict'
