2025-05-27 01:33:02 - Statistical Features - INFO - [logger.py:103] - Створення ознак прибутковості...
2025-05-27 01:33:02 - Statistical Features - INFO - [logger.py:103] - Додано 25 ознак прибутковості
2025-05-27 01:33:03 - Statistical Features - INFO - [logger.py:103] - Створення ознак волатильності...
2025-05-27 01:33:03 - Statistical Features - INFO - [logger.py:103] - Додано 26 ознак волатильності
2025-05-27 01:33:11 - Statistical Features - INFO - [logger.py:103] - Створення ознак на основі об'єму...
2025-05-27 01:33:11 - Statistical Features - INFO - [logger.py:103] - Створено 28 ознак на основі об'єму.
2025-05-27 01:33:16 - Statistical Features - INFO - [logger.py:103] - Створення ознак прибутковості...
2025-05-27 01:33:16 - Statistical Features - INFO - [logger.py:103] - Додано 25 ознак прибутковості
2025-05-27 01:33:17 - Statistical Features - INFO - [logger.py:103] - Створення ознак волатильності...
2025-05-27 01:33:17 - Statistical Features - INFO - [logger.py:103] - Додано 26 ознак волатильності
2025-05-27 01:33:25 - Statistical Features - INFO - [logger.py:103] - Створення ознак на основі об'єму...
2025-05-27 01:33:25 - Statistical Features - INFO - [logger.py:103] - Створено 28 ознак на основі об'єму.
2025-05-27 01:33:30 - Statistical Features - INFO - [logger.py:103] - Створення ознак прибутковості...
2025-05-27 01:33:30 - Statistical Features - INFO - [logger.py:103] - Додано 25 ознак прибутковості
2025-05-27 01:33:31 - Statistical Features - INFO - [logger.py:103] - Створення ознак волатильності...
2025-05-27 01:33:31 - Statistical Features - INFO - [logger.py:103] - Додано 26 ознак волатильності
2025-05-27 01:33:39 - Statistical Features - INFO - [logger.py:103] - Створення ознак на основі об'єму...
2025-05-27 01:33:39 - Statistical Features - INFO - [logger.py:103] - Створено 28 ознак на основі об'єму.
2025-05-27 01:33:45 - Statistical Features - INFO - [logger.py:103] - Створення ознак прибутковості...
2025-05-27 01:33:45 - Statistical Features - INFO - [logger.py:103] - Додано 25 ознак прибутковості
2025-05-27 01:33:45 - Statistical Features - INFO - [logger.py:103] - Створення ознак волатильності...
2025-05-27 01:33:45 - Statistical Features - INFO - [logger.py:103] - Додано 26 ознак волатильності
2025-05-27 01:33:54 - Statistical Features - INFO - [logger.py:103] - Створення ознак на основі об'єму...
2025-05-27 01:33:54 - Statistical Features - INFO - [logger.py:103] - Створено 28 ознак на основі об'єму.
2025-05-27 01:33:59 - Statistical Features - INFO - [logger.py:103] - Створення ознак прибутковості...
2025-05-27 01:33:59 - Statistical Features - INFO - [logger.py:103] - Додано 25 ознак прибутковості
2025-05-27 01:34:00 - Statistical Features - INFO - [logger.py:103] - Створення ознак волатильності...
2025-05-27 01:34:00 - Statistical Features - INFO - [logger.py:103] - Додано 26 ознак волатильності
2025-05-27 01:34:08 - Statistical Features - INFO - [logger.py:103] - Створення ознак на основі об'єму...
2025-05-27 01:34:09 - Statistical Features - INFO - [logger.py:103] - Створено 28 ознак на основі об'єму.
2025-05-27 01:34:14 - Statistical Features - INFO - [logger.py:103] - Створення ознак прибутковості...
2025-05-27 01:34:14 - Statistical Features - INFO - [logger.py:103] - Додано 25 ознак прибутковості
2025-05-27 01:34:14 - Statistical Features - INFO - [logger.py:103] - Створення ознак волатильності...
2025-05-27 01:34:14 - Statistical Features - INFO - [logger.py:103] - Додано 26 ознак волатильності
2025-05-27 01:34:23 - Statistical Features - INFO - [logger.py:103] - Створення ознак на основі об'єму...
2025-05-27 01:34:23 - Statistical Features - INFO - [logger.py:103] - Створено 28 ознак на основі об'єму.
2025-05-27 01:34:28 - Statistical Features - INFO - [logger.py:103] - Створення ознак прибутковості...
2025-05-27 01:34:28 - Statistical Features - INFO - [logger.py:103] - Додано 25 ознак прибутковості
2025-05-27 01:34:29 - Statistical Features - INFO - [logger.py:103] - Створення ознак волатильності...
2025-05-27 01:34:29 - Statistical Features - INFO - [logger.py:103] - Додано 26 ознак волатильності
2025-05-27 01:34:37 - Statistical Features - INFO - [logger.py:103] - Створення ознак на основі об'єму...
2025-05-27 01:34:37 - Statistical Features - INFO - [logger.py:103] - Створено 28 ознак на основі об'єму.
2025-05-27 01:34:42 - Statistical Features - INFO - [logger.py:103] - Створення ознак прибутковості...
2025-05-27 01:34:42 - Statistical Features - INFO - [logger.py:103] - Додано 25 ознак прибутковості
2025-05-27 01:34:42 - Statistical Features - INFO - [logger.py:103] - Створення ознак волатильності...
2025-05-27 01:34:43 - Statistical Features - INFO - [logger.py:103] - Додано 26 ознак волатильності
2025-05-27 01:34:51 - Statistical Features - INFO - [logger.py:103] - Створення ознак на основі об'єму...
2025-05-27 01:34:51 - Statistical Features - INFO - [logger.py:103] - Створено 28 ознак на основі об'єму.
2025-05-27 01:34:56 - Statistical Features - INFO - [logger.py:103] - Створення ознак прибутковості...
2025-05-27 01:34:56 - Statistical Features - INFO - [logger.py:103] - Додано 25 ознак прибутковості
2025-05-27 01:34:57 - Statistical Features - INFO - [logger.py:103] - Створення ознак волатильності...
2025-05-27 01:34:57 - Statistical Features - INFO - [logger.py:103] - Додано 26 ознак волатильності
2025-05-27 01:35:05 - Statistical Features - INFO - [logger.py:103] - Створення ознак на основі об'єму...
2025-05-27 01:35:05 - Statistical Features - INFO - [logger.py:103] - Створено 28 ознак на основі об'єму.
2025-05-27 12:40:22 - Statistical Features - INFO - [logger.py:103] - Створення ознак волатильності...
2025-05-27 12:40:22 - Statistical Features - INFO - [logger.py:103] - Додано 26 ознак волатильності
2025-05-27 12:40:27 - Statistical Features - INFO - [logger.py:103] - Створення ознак прибутковості...
2025-05-27 12:40:28 - Statistical Features - INFO - [logger.py:103] - Додано 25 ознак прибутковості
2025-05-27 12:40:28 - Statistical Features - INFO - [logger.py:103] - Створення ознак волатильності...
2025-05-27 12:40:28 - Statistical Features - INFO - [logger.py:103] - Додано 26 ознак волатильності
2025-05-27 12:40:36 - Statistical Features - INFO - [logger.py:103] - Створення ознак на основі об'єму...
2025-05-27 12:40:36 - Statistical Features - INFO - [logger.py:103] - Створено 28 ознак на основі об'єму.
2025-05-27 12:40:42 - Statistical Features - INFO - [logger.py:103] - Створення ознак прибутковості...
2025-05-27 12:40:42 - Statistical Features - INFO - [logger.py:103] - Додано 25 ознак прибутковості
2025-05-27 12:40:42 - Statistical Features - INFO - [logger.py:103] - Створення ознак волатильності...
2025-05-27 12:40:42 - Statistical Features - INFO - [logger.py:103] - Додано 26 ознак волатильності
2025-05-27 12:40:50 - Statistical Features - INFO - [logger.py:103] - Створення ознак на основі об'єму...
2025-05-27 12:40:50 - Statistical Features - INFO - [logger.py:103] - Створено 28 ознак на основі об'єму.
2025-05-27 12:45:46 - Statistical Features - INFO - [logger.py:103] - Створення ознак волатильності...
2025-05-27 12:45:46 - Statistical Features - INFO - [logger.py:103] - Додано 26 ознак волатильності
2025-05-27 12:45:51 - Statistical Features - INFO - [logger.py:103] - Створення ознак прибутковості...
2025-05-27 12:45:51 - Statistical Features - INFO - [logger.py:103] - Додано 25 ознак прибутковості
2025-05-27 12:45:51 - Statistical Features - INFO - [logger.py:103] - Створення ознак волатильності...
2025-05-27 12:45:51 - Statistical Features - INFO - [logger.py:103] - Додано 26 ознак волатильності
2025-05-27 12:45:59 - Statistical Features - INFO - [logger.py:103] - Створення ознак на основі об'єму...
2025-05-27 12:45:59 - Statistical Features - INFO - [logger.py:103] - Створено 28 ознак на основі об'єму.
2025-05-27 12:46:05 - Statistical Features - INFO - [logger.py:103] - Створення ознак прибутковості...
2025-05-27 12:46:05 - Statistical Features - INFO - [logger.py:103] - Додано 25 ознак прибутковості
2025-05-27 12:46:06 - Statistical Features - INFO - [logger.py:103] - Створення ознак волатильності...
2025-05-27 12:46:06 - Statistical Features - INFO - [logger.py:103] - Додано 26 ознак волатильності
2025-05-27 12:46:14 - Statistical Features - INFO - [logger.py:103] - Створення ознак на основі об'єму...
2025-05-27 12:46:14 - Statistical Features - INFO - [logger.py:103] - Створено 28 ознак на основі об'єму.
2025-05-27 12:46:20 - Statistical Features - INFO - [logger.py:103] - Створення ознак прибутковості...
2025-05-27 12:46:20 - Statistical Features - INFO - [logger.py:103] - Додано 25 ознак прибутковості
2025-05-27 12:46:20 - Statistical Features - INFO - [logger.py:103] - Створення ознак волатильності...
2025-05-27 12:46:20 - Statistical Features - INFO - [logger.py:103] - Додано 26 ознак волатильності
2025-05-27 12:46:29 - Statistical Features - INFO - [logger.py:103] - Створення ознак на основі об'єму...
2025-05-27 12:46:29 - Statistical Features - INFO - [logger.py:103] - Створено 28 ознак на основі об'єму.
2025-05-27 12:46:29 - Statistical Features - INFO - [logger.py:103] - Створення ознак волатильності...
2025-05-27 12:46:30 - Statistical Features - INFO - [logger.py:103] - Додано 26 ознак волатильності
2025-05-27 12:46:35 - Statistical Features - INFO - [logger.py:103] - Створення ознак прибутковості...
2025-05-27 12:46:35 - Statistical Features - INFO - [logger.py:103] - Додано 25 ознак прибутковості
2025-05-27 12:46:36 - Statistical Features - INFO - [logger.py:103] - Створення ознак волатильності...
2025-05-27 12:46:36 - Statistical Features - INFO - [logger.py:103] - Додано 26 ознак волатильності
2025-05-27 12:46:44 - Statistical Features - INFO - [logger.py:103] - Створення ознак на основі об'єму...
2025-05-27 12:46:44 - Statistical Features - INFO - [logger.py:103] - Створено 28 ознак на основі об'єму.
2025-05-27 12:46:50 - Statistical Features - INFO - [logger.py:103] - Створення ознак прибутковості...
2025-05-27 12:46:50 - Statistical Features - INFO - [logger.py:103] - Додано 25 ознак прибутковості
2025-05-27 12:46:51 - Statistical Features - INFO - [logger.py:103] - Створення ознак волатильності...
2025-05-27 12:46:51 - Statistical Features - INFO - [logger.py:103] - Додано 26 ознак волатильності
2025-05-27 12:46:59 - Statistical Features - INFO - [logger.py:103] - Створення ознак на основі об'єму...
2025-05-27 12:46:59 - Statistical Features - INFO - [logger.py:103] - Створено 28 ознак на основі об'єму.
2025-05-27 12:47:05 - Statistical Features - INFO - [logger.py:103] - Створення ознак прибутковості...
2025-05-27 12:47:05 - Statistical Features - INFO - [logger.py:103] - Додано 25 ознак прибутковості
2025-05-27 12:47:05 - Statistical Features - INFO - [logger.py:103] - Створення ознак волатильності...
2025-05-27 12:47:05 - Statistical Features - INFO - [logger.py:103] - Додано 26 ознак волатильності
2025-05-27 12:47:13 - Statistical Features - INFO - [logger.py:103] - Створення ознак на основі об'єму...
2025-05-27 12:47:14 - Statistical Features - INFO - [logger.py:103] - Створено 28 ознак на основі об'єму.
2025-05-27 12:47:14 - Statistical Features - INFO - [logger.py:103] - Створення ознак волатильності...
2025-05-27 12:47:14 - Statistical Features - INFO - [logger.py:103] - Додано 26 ознак волатильності
2025-05-27 12:47:19 - Statistical Features - INFO - [logger.py:103] - Створення ознак прибутковості...
2025-05-27 12:47:20 - Statistical Features - INFO - [logger.py:103] - Додано 25 ознак прибутковості
2025-05-27 12:47:20 - Statistical Features - INFO - [logger.py:103] - Створення ознак волатильності...
2025-05-27 12:47:20 - Statistical Features - INFO - [logger.py:103] - Додано 26 ознак волатильності
2025-05-27 12:47:28 - Statistical Features - INFO - [logger.py:103] - Створення ознак на основі об'єму...
2025-05-27 12:47:28 - Statistical Features - INFO - [logger.py:103] - Створено 28 ознак на основі об'єму.
2025-05-27 12:47:34 - Statistical Features - INFO - [logger.py:103] - Створення ознак прибутковості...
2025-05-27 12:47:34 - Statistical Features - INFO - [logger.py:103] - Додано 25 ознак прибутковості
2025-05-27 12:47:34 - Statistical Features - INFO - [logger.py:103] - Створення ознак волатильності...
2025-05-27 12:47:34 - Statistical Features - INFO - [logger.py:103] - Додано 26 ознак волатильності
2025-05-27 12:47:43 - Statistical Features - INFO - [logger.py:103] - Створення ознак на основі об'єму...
2025-05-27 12:47:43 - Statistical Features - INFO - [logger.py:103] - Створено 28 ознак на основі об'єму.
2025-05-27 12:47:48 - Statistical Features - INFO - [logger.py:103] - Створення ознак прибутковості...
2025-05-27 12:47:49 - Statistical Features - INFO - [logger.py:103] - Додано 25 ознак прибутковості
2025-05-27 12:47:49 - Statistical Features - INFO - [logger.py:103] - Створення ознак волатильності...
2025-05-27 12:47:49 - Statistical Features - INFO - [logger.py:103] - Додано 26 ознак волатильності
2025-05-27 12:47:57 - Statistical Features - INFO - [logger.py:103] - Створення ознак на основі об'єму...
2025-05-27 12:47:57 - Statistical Features - INFO - [logger.py:103] - Створено 28 ознак на основі об'єму.
2025-05-27 12:53:02 - Statistical Features - INFO - [logger.py:103] - Створення ознак волатильності...
2025-05-27 12:53:02 - Statistical Features - INFO - [logger.py:103] - Додано 26 ознак волатильності
2025-05-27 12:55:12 - Statistical Features - INFO - [logger.py:103] - Створення ознак волатильності...
2025-05-27 12:55:12 - Statistical Features - INFO - [logger.py:103] - Додано 26 ознак волатильності
2025-05-27 12:55:17 - Statistical Features - INFO - [logger.py:103] - Створення ознак прибутковості...
2025-05-27 12:55:17 - Statistical Features - INFO - [logger.py:103] - Додано 25 ознак прибутковості
2025-05-27 12:55:17 - Statistical Features - INFO - [logger.py:103] - Створення ознак волатильності...
2025-05-27 12:55:17 - Statistical Features - INFO - [logger.py:103] - Додано 26 ознак волатильності
2025-05-27 13:00:07 - Statistical Features - INFO - [logger.py:103] - Створення ознак волатильності...
2025-05-27 13:00:07 - Statistical Features - INFO - [logger.py:103] - Додано 26 ознак волатильності
2025-05-27 13:00:12 - Statistical Features - INFO - [logger.py:103] - Створення ознак прибутковості...
2025-05-27 13:00:13 - Statistical Features - INFO - [logger.py:103] - Додано 25 ознак прибутковості
2025-05-27 13:00:13 - Statistical Features - INFO - [logger.py:103] - Створення ознак волатильності...
2025-05-27 13:00:13 - Statistical Features - INFO - [logger.py:103] - Додано 26 ознак волатильності
2025-05-27 13:00:21 - Statistical Features - INFO - [logger.py:103] - Створення ознак на основі об'єму...
2025-05-27 13:00:21 - Statistical Features - INFO - [logger.py:103] - Створено 28 ознак на основі об'єму.
2025-05-27 13:00:27 - Statistical Features - INFO - [logger.py:103] - Створення ознак прибутковості...
2025-05-27 13:00:27 - Statistical Features - INFO - [logger.py:103] - Додано 25 ознак прибутковості
2025-05-27 13:00:27 - Statistical Features - INFO - [logger.py:103] - Створення ознак волатильності...
2025-05-27 13:00:27 - Statistical Features - INFO - [logger.py:103] - Додано 26 ознак волатильності
2025-05-27 13:00:35 - Statistical Features - INFO - [logger.py:103] - Створення ознак на основі об'єму...
2025-05-27 13:00:36 - Statistical Features - INFO - [logger.py:103] - Створено 28 ознак на основі об'єму.
2025-05-27 13:00:41 - Statistical Features - INFO - [logger.py:103] - Створення ознак прибутковості...
2025-05-27 13:00:42 - Statistical Features - INFO - [logger.py:103] - Додано 25 ознак прибутковості
2025-05-27 13:00:42 - Statistical Features - INFO - [logger.py:103] - Створення ознак волатильності...
2025-05-27 13:00:42 - Statistical Features - INFO - [logger.py:103] - Додано 26 ознак волатильності
