2025-05-28 01:37:18 - Statistical Features - INFO - [logger.py:103] - Створення ознак волатильності...
2025-05-28 01:37:18 - Statistical Features - INFO - [logger.py:103] - Додано 26 ознак волатільності
2025-05-28 01:37:24 - Statistical Features - INFO - [logger.py:103] - Створення ознак прибутковості...
2025-05-28 01:37:24 - Statistical Features - WARNING - [logger.py:107] - Виявлено нульові або від'ємні ціни. Заміна на валідні значення.
2025-05-28 01:37:24 - Statistical Features - INFO - [logger.py:103] - Додано 25 ознак прибутковості
2025-05-28 01:37:28 - Statistical Features - INFO - [logger.py:103] - Створення ознак волатильності...
2025-05-28 01:37:28 - Statistical Features - INFO - [logger.py:103] - Додано 26 ознак волатільності
2025-05-28 01:37:39 - Statistical Features - INFO - [logger.py:103] - Створення ознак на основі об'єму...
2025-05-28 01:37:43 - Statistical Features - INFO - [logger.py:103] - Створено 28 ознак на основі об'єму.
2025-05-28 01:38:58 - Statistical Features - INFO - [logger.py:103] - Створення ознак волатильності...
2025-05-28 01:38:58 - Statistical Features - INFO - [logger.py:103] - Додано 26 ознак волатільності
2025-05-28 01:39:04 - Statistical Features - INFO - [logger.py:103] - Створення ознак прибутковості...
2025-05-28 01:39:05 - Statistical Features - WARNING - [logger.py:107] - Виявлено нульові або від'ємні ціни. Заміна на валідні значення.
2025-05-28 01:39:05 - Statistical Features - INFO - [logger.py:103] - Додано 25 ознак прибутковості
2025-05-28 01:39:08 - Statistical Features - INFO - [logger.py:103] - Створення ознак волатильності...
2025-05-28 01:39:09 - Statistical Features - INFO - [logger.py:103] - Додано 26 ознак волатільності
2025-05-28 01:39:40 - Statistical Features - INFO - [logger.py:103] - Створення ознак волатильності...
2025-05-28 01:39:41 - Statistical Features - INFO - [logger.py:103] - Додано 26 ознак волатільності
2025-05-28 01:39:46 - Statistical Features - INFO - [logger.py:103] - Створення ознак прибутковості...
2025-05-28 01:39:47 - Statistical Features - WARNING - [logger.py:107] - Виявлено нульові або від'ємні ціни. Заміна на валідні значення.
2025-05-28 01:39:47 - Statistical Features - INFO - [logger.py:103] - Додано 25 ознак прибутковості
2025-05-28 01:39:50 - Statistical Features - INFO - [logger.py:103] - Створення ознак волатильності...
2025-05-28 01:39:51 - Statistical Features - INFO - [logger.py:103] - Додано 26 ознак волатільності
2025-05-28 01:40:02 - Statistical Features - INFO - [logger.py:103] - Створення ознак на основі об'єму...
2025-05-28 01:40:06 - Statistical Features - INFO - [logger.py:103] - Створено 28 ознак на основі об'єму.
2025-05-28 01:42:21 - Statistical Features - INFO - [logger.py:103] - Створення ознак прибутковості...
2025-05-28 01:42:22 - Statistical Features - WARNING - [logger.py:107] - Виявлено нульові або від'ємні ціни. Заміна на валідні значення.
2025-05-28 01:42:22 - Statistical Features - INFO - [logger.py:103] - Додано 25 ознак прибутковості
2025-05-28 01:42:25 - Statistical Features - INFO - [logger.py:103] - Створення ознак волатильності...
2025-05-28 01:42:26 - Statistical Features - INFO - [logger.py:103] - Додано 26 ознак волатільності
2025-05-28 01:42:36 - Statistical Features - INFO - [logger.py:103] - Створення ознак на основі об'єму...
2025-05-28 01:42:41 - Statistical Features - INFO - [logger.py:103] - Створено 28 ознак на основі об'єму.
2025-05-28 01:44:56 - Statistical Features - INFO - [logger.py:103] - Створення ознак прибутковості...
2025-05-28 01:44:57 - Statistical Features - WARNING - [logger.py:107] - Виявлено нульові або від'ємні ціни. Заміна на валідні значення.
2025-05-28 01:44:57 - Statistical Features - INFO - [logger.py:103] - Додано 25 ознак прибутковості
2025-05-28 01:45:00 - Statistical Features - INFO - [logger.py:103] - Створення ознак волатильності...
2025-05-28 01:45:01 - Statistical Features - INFO - [logger.py:103] - Додано 26 ознак волатільності
2025-05-28 01:45:11 - Statistical Features - INFO - [logger.py:103] - Створення ознак на основі об'єму...
2025-05-28 01:45:16 - Statistical Features - INFO - [logger.py:103] - Створено 28 ознак на основі об'єму.
2025-05-28 01:47:29 - Statistical Features - INFO - [logger.py:103] - Створення ознак волатильності...
2025-05-28 01:47:29 - Statistical Features - INFO - [logger.py:103] - Додано 26 ознак волатільності
2025-05-28 01:52:33 - Statistical Features - INFO - [logger.py:103] - Створення ознак волатильності...
2025-05-28 01:52:33 - Statistical Features - INFO - [logger.py:103] - Додано 26 ознак волатільності
2025-05-28 01:52:39 - Statistical Features - INFO - [logger.py:103] - Створення ознак прибутковості...
2025-05-28 01:52:40 - Statistical Features - WARNING - [logger.py:107] - Виявлено нульові або від'ємні ціни. Заміна на валідні значення.
2025-05-28 01:52:40 - Statistical Features - INFO - [logger.py:103] - Додано 25 ознак прибутковості
2025-05-28 01:52:43 - Statistical Features - INFO - [logger.py:103] - Створення ознак волатильності...
2025-05-28 01:52:44 - Statistical Features - INFO - [logger.py:103] - Додано 26 ознак волатільності
2025-05-28 01:52:54 - Statistical Features - INFO - [logger.py:103] - Створення ознак на основі об'єму...
2025-05-28 01:52:59 - Statistical Features - INFO - [logger.py:103] - Створено 28 ознак на основі об'єму.
2025-05-28 01:55:13 - Statistical Features - INFO - [logger.py:103] - Створення ознак прибутковості...
2025-05-28 01:55:14 - Statistical Features - WARNING - [logger.py:107] - Виявлено нульові або від'ємні ціни. Заміна на валідні значення.
2025-05-28 01:55:14 - Statistical Features - INFO - [logger.py:103] - Додано 25 ознак прибутковості
2025-05-28 01:55:17 - Statistical Features - INFO - [logger.py:103] - Створення ознак волатильності...
2025-05-28 01:55:18 - Statistical Features - INFO - [logger.py:103] - Додано 26 ознак волатільності
2025-05-28 01:55:28 - Statistical Features - INFO - [logger.py:103] - Створення ознак на основі об'єму...
2025-05-28 01:57:02 - Statistical Features - INFO - [logger.py:103] - Створення ознак волатильності...
2025-05-28 01:57:02 - Statistical Features - INFO - [logger.py:103] - Додано 26 ознак волатільності
2025-05-28 01:57:08 - Statistical Features - INFO - [logger.py:103] - Створення ознак прибутковості...
2025-05-28 01:57:09 - Statistical Features - WARNING - [logger.py:107] - Виявлено нульові або від'ємні ціни. Заміна на валідні значення.
2025-05-28 01:57:09 - Statistical Features - INFO - [logger.py:103] - Додано 25 ознак прибутковості
2025-05-28 01:57:12 - Statistical Features - INFO - [logger.py:103] - Створення ознак волатильності...
2025-05-28 01:57:13 - Statistical Features - INFO - [logger.py:103] - Додано 26 ознак волатільності
2025-05-28 01:57:25 - Statistical Features - INFO - [logger.py:103] - Створення ознак на основі об'єму...
2025-05-28 01:57:30 - Statistical Features - INFO - [logger.py:103] - Створено 28 ознак на основі об'єму.
2025-05-28 01:59:52 - Statistical Features - INFO - [logger.py:103] - Створення ознак прибутковості...
2025-05-28 01:59:53 - Statistical Features - WARNING - [logger.py:107] - Виявлено нульові або від'ємні ціни. Заміна на валідні значення.
2025-05-28 01:59:53 - Statistical Features - INFO - [logger.py:103] - Додано 25 ознак прибутковості
2025-05-28 01:59:56 - Statistical Features - INFO - [logger.py:103] - Створення ознак волатильності...
2025-05-28 01:59:57 - Statistical Features - INFO - [logger.py:103] - Додано 26 ознак волатільності
2025-05-28 02:02:04 - Statistical Features - INFO - [logger.py:103] - Створення ознак волатильності...
2025-05-28 02:02:04 - Statistical Features - INFO - [logger.py:103] - Додано 26 ознак волатільності
2025-05-28 02:02:11 - Statistical Features - INFO - [logger.py:103] - Створення ознак прибутковості...
2025-05-28 02:02:11 - Statistical Features - WARNING - [logger.py:107] - Виявлено нульові або від'ємні ціни. Заміна на валідні значення.
2025-05-28 02:02:11 - Statistical Features - INFO - [logger.py:103] - Додано 25 ознак прибутковості
2025-05-28 02:02:15 - Statistical Features - INFO - [logger.py:103] - Створення ознак волатильності...
2025-05-28 02:02:16 - Statistical Features - INFO - [logger.py:103] - Додано 26 ознак волатільності
2025-05-28 02:02:28 - Statistical Features - INFO - [logger.py:103] - Створення ознак на основі об'єму...
2025-05-28 02:02:33 - Statistical Features - INFO - [logger.py:103] - Створено 28 ознак на основі об'єму.
2025-05-28 02:04:53 - Statistical Features - INFO - [logger.py:103] - Створення ознак прибутковості...
2025-05-28 02:04:54 - Statistical Features - WARNING - [logger.py:107] - Виявлено нульові або від'ємні ціни. Заміна на валідні значення.
2025-05-28 02:04:54 - Statistical Features - INFO - [logger.py:103] - Додано 25 ознак прибутковості
2025-05-28 02:04:57 - Statistical Features - INFO - [logger.py:103] - Створення ознак волатильності...
2025-05-28 02:04:59 - Statistical Features - INFO - [logger.py:103] - Додано 26 ознак волатільності
2025-05-28 02:05:10 - Statistical Features - INFO - [logger.py:103] - Створення ознак на основі об'єму...
2025-05-28 02:05:14 - Statistical Features - INFO - [logger.py:103] - Створено 28 ознак на основі об'єму.
