2025-05-27 01:33:02 - Statistical Features - INFO - [logger.py:103] - Створення ознак прибутковості...
2025-05-27 01:33:02 - Statistical Features - INFO - [logger.py:103] - Додано 25 ознак прибутковості
2025-05-27 01:33:03 - Statistical Features - INFO - [logger.py:103] - Створення ознак волатильності...
2025-05-27 01:33:03 - Statistical Features - INFO - [logger.py:103] - Додано 26 ознак волатильності
2025-05-27 01:33:11 - Statistical Features - INFO - [logger.py:103] - Створення ознак на основі об'єму...
2025-05-27 01:33:11 - Statistical Features - INFO - [logger.py:103] - Створено 28 ознак на основі об'єму.
2025-05-27 01:33:16 - Statistical Features - INFO - [logger.py:103] - Створення ознак прибутковості...
2025-05-27 01:33:16 - Statistical Features - INFO - [logger.py:103] - Додано 25 ознак прибутковості
2025-05-27 01:33:17 - Statistical Features - INFO - [logger.py:103] - Створення ознак волатильності...
2025-05-27 01:33:17 - Statistical Features - INFO - [logger.py:103] - Додано 26 ознак волатильності
2025-05-27 01:33:25 - Statistical Features - INFO - [logger.py:103] - Створення ознак на основі об'єму...
2025-05-27 01:33:25 - Statistical Features - INFO - [logger.py:103] - Створено 28 ознак на основі об'єму.
2025-05-27 01:33:30 - Statistical Features - INFO - [logger.py:103] - Створення ознак прибутковості...
2025-05-27 01:33:30 - Statistical Features - INFO - [logger.py:103] - Додано 25 ознак прибутковості
2025-05-27 01:33:31 - Statistical Features - INFO - [logger.py:103] - Створення ознак волатильності...
2025-05-27 01:33:31 - Statistical Features - INFO - [logger.py:103] - Додано 26 ознак волатильності
2025-05-27 01:33:39 - Statistical Features - INFO - [logger.py:103] - Створення ознак на основі об'єму...
2025-05-27 01:33:39 - Statistical Features - INFO - [logger.py:103] - Створено 28 ознак на основі об'єму.
2025-05-27 01:33:45 - Statistical Features - INFO - [logger.py:103] - Створення ознак прибутковості...
2025-05-27 01:33:45 - Statistical Features - INFO - [logger.py:103] - Додано 25 ознак прибутковості
2025-05-27 01:33:45 - Statistical Features - INFO - [logger.py:103] - Створення ознак волатильності...
2025-05-27 01:33:45 - Statistical Features - INFO - [logger.py:103] - Додано 26 ознак волатильності
2025-05-27 01:33:54 - Statistical Features - INFO - [logger.py:103] - Створення ознак на основі об'єму...
2025-05-27 01:33:54 - Statistical Features - INFO - [logger.py:103] - Створено 28 ознак на основі об'єму.
2025-05-27 01:33:59 - Statistical Features - INFO - [logger.py:103] - Створення ознак прибутковості...
2025-05-27 01:33:59 - Statistical Features - INFO - [logger.py:103] - Додано 25 ознак прибутковості
2025-05-27 01:34:00 - Statistical Features - INFO - [logger.py:103] - Створення ознак волатильності...
2025-05-27 01:34:00 - Statistical Features - INFO - [logger.py:103] - Додано 26 ознак волатильності
2025-05-27 01:34:08 - Statistical Features - INFO - [logger.py:103] - Створення ознак на основі об'єму...
2025-05-27 01:34:09 - Statistical Features - INFO - [logger.py:103] - Створено 28 ознак на основі об'єму.
2025-05-27 01:34:14 - Statistical Features - INFO - [logger.py:103] - Створення ознак прибутковості...
2025-05-27 01:34:14 - Statistical Features - INFO - [logger.py:103] - Додано 25 ознак прибутковості
2025-05-27 01:34:14 - Statistical Features - INFO - [logger.py:103] - Створення ознак волатильності...
2025-05-27 01:34:14 - Statistical Features - INFO - [logger.py:103] - Додано 26 ознак волатильності
2025-05-27 01:34:23 - Statistical Features - INFO - [logger.py:103] - Створення ознак на основі об'єму...
2025-05-27 01:34:23 - Statistical Features - INFO - [logger.py:103] - Створено 28 ознак на основі об'єму.
2025-05-27 01:34:28 - Statistical Features - INFO - [logger.py:103] - Створення ознак прибутковості...
2025-05-27 01:34:28 - Statistical Features - INFO - [logger.py:103] - Додано 25 ознак прибутковості
2025-05-27 01:34:29 - Statistical Features - INFO - [logger.py:103] - Створення ознак волатильності...
2025-05-27 01:34:29 - Statistical Features - INFO - [logger.py:103] - Додано 26 ознак волатильності
2025-05-27 01:34:37 - Statistical Features - INFO - [logger.py:103] - Створення ознак на основі об'єму...
2025-05-27 01:34:37 - Statistical Features - INFO - [logger.py:103] - Створено 28 ознак на основі об'єму.
2025-05-27 01:34:42 - Statistical Features - INFO - [logger.py:103] - Створення ознак прибутковості...
2025-05-27 01:34:42 - Statistical Features - INFO - [logger.py:103] - Додано 25 ознак прибутковості
2025-05-27 01:34:42 - Statistical Features - INFO - [logger.py:103] - Створення ознак волатильності...
2025-05-27 01:34:43 - Statistical Features - INFO - [logger.py:103] - Додано 26 ознак волатильності
2025-05-27 01:34:51 - Statistical Features - INFO - [logger.py:103] - Створення ознак на основі об'єму...
2025-05-27 01:34:51 - Statistical Features - INFO - [logger.py:103] - Створено 28 ознак на основі об'єму.
2025-05-27 01:34:56 - Statistical Features - INFO - [logger.py:103] - Створення ознак прибутковості...
2025-05-27 01:34:56 - Statistical Features - INFO - [logger.py:103] - Додано 25 ознак прибутковості
2025-05-27 01:34:57 - Statistical Features - INFO - [logger.py:103] - Створення ознак волатильності...
2025-05-27 01:34:57 - Statistical Features - INFO - [logger.py:103] - Додано 26 ознак волатильності
2025-05-27 01:35:05 - Statistical Features - INFO - [logger.py:103] - Створення ознак на основі об'єму...
2025-05-27 01:35:05 - Statistical Features - INFO - [logger.py:103] - Створено 28 ознак на основі об'єму.
2025-05-27 12:40:22 - Statistical Features - INFO - [logger.py:103] - Створення ознак волатильності...
2025-05-27 12:40:22 - Statistical Features - INFO - [logger.py:103] - Додано 26 ознак волатильності
2025-05-27 12:40:27 - Statistical Features - INFO - [logger.py:103] - Створення ознак прибутковості...
2025-05-27 12:40:28 - Statistical Features - INFO - [logger.py:103] - Додано 25 ознак прибутковості
2025-05-27 12:40:28 - Statistical Features - INFO - [logger.py:103] - Створення ознак волатильності...
2025-05-27 12:40:28 - Statistical Features - INFO - [logger.py:103] - Додано 26 ознак волатильності
2025-05-27 12:40:36 - Statistical Features - INFO - [logger.py:103] - Створення ознак на основі об'єму...
2025-05-27 12:40:36 - Statistical Features - INFO - [logger.py:103] - Створено 28 ознак на основі об'єму.
2025-05-27 12:40:42 - Statistical Features - INFO - [logger.py:103] - Створення ознак прибутковості...
2025-05-27 12:40:42 - Statistical Features - INFO - [logger.py:103] - Додано 25 ознак прибутковості
2025-05-27 12:40:42 - Statistical Features - INFO - [logger.py:103] - Створення ознак волатильності...
2025-05-27 12:40:42 - Statistical Features - INFO - [logger.py:103] - Додано 26 ознак волатильності
2025-05-27 12:40:50 - Statistical Features - INFO - [logger.py:103] - Створення ознак на основі об'єму...
2025-05-27 12:40:50 - Statistical Features - INFO - [logger.py:103] - Створено 28 ознак на основі об'єму.
