2025-05-28 01:37:25 - Technical Features - INFO - [logger.py:103] - Створення технічних індикаторів...
2025-05-28 01:37:26 - Technical Features - INFO - [logger.py:103] - Використовується базовий набір індикаторів: ['sma', 'ema', 'rsi', 'macd', 'bollinger_bands', 'stochastic', 'atr', 'adx', 'obv', 'roc', 'cci', 'vwap', 'supertrend', 'keltner', 'psar', 'ichimoku']
2025-05-28 01:37:28 - Technical Features - INFO - [logger.py:103] - Додано 55 технічних індикаторів
2025-05-28 01:37:33 - Technical Features - INFO - [logger.py:103] - Створення ознак на основі патернів свічок...
2025-05-28 01:37:34 - Technical Features - INFO - [logger.py:103] - Додано 28 ознак на основі патернів свічок
2025-05-28 01:37:34 - Technical Features - INFO - [logger.py:103] - Створення специфічних індикаторів для криптовалют...
2025-05-28 01:37:39 - Technical Features - INFO - [logger.py:103] - Додано 33 специфічних індикаторів для криптовалют
2025-05-28 01:39:05 - Technical Features - INFO - [logger.py:103] - Створення технічних індикаторів...
2025-05-28 01:39:06 - Technical Features - INFO - [logger.py:103] - Використовується базовий набір індикаторів: ['sma', 'ema', 'rsi', 'macd', 'bollinger_bands', 'stochastic', 'atr', 'adx', 'obv', 'roc', 'cci', 'vwap', 'supertrend', 'keltner', 'psar', 'ichimoku']
2025-05-28 01:39:08 - Technical Features - INFO - [logger.py:103] - Додано 55 технічних індикаторів
2025-05-28 01:39:47 - Technical Features - INFO - [logger.py:103] - Створення технічних індикаторів...
2025-05-28 01:39:48 - Technical Features - INFO - [logger.py:103] - Використовується базовий набір індикаторів: ['sma', 'ema', 'rsi', 'macd', 'bollinger_bands', 'stochastic', 'atr', 'adx', 'obv', 'roc', 'cci', 'vwap', 'supertrend', 'keltner', 'psar', 'ichimoku']
2025-05-28 01:39:50 - Technical Features - INFO - [logger.py:103] - Додано 55 технічних індикаторів
2025-05-28 01:39:55 - Technical Features - INFO - [logger.py:103] - Створення ознак на основі патернів свічок...
2025-05-28 01:39:56 - Technical Features - INFO - [logger.py:103] - Додано 28 ознак на основі патернів свічок
2025-05-28 01:39:56 - Technical Features - INFO - [logger.py:103] - Створення специфічних індикаторів для криптовалют...
2025-05-28 01:40:02 - Technical Features - INFO - [logger.py:103] - Додано 33 специфічних індикаторів для криптовалют
2025-05-28 01:42:22 - Technical Features - INFO - [logger.py:103] - Створення технічних індикаторів...
2025-05-28 01:42:23 - Technical Features - INFO - [logger.py:103] - Використовується базовий набір індикаторів: ['sma', 'ema', 'rsi', 'macd', 'bollinger_bands', 'stochastic', 'atr', 'adx', 'obv', 'roc', 'cci', 'vwap', 'supertrend', 'keltner', 'psar', 'ichimoku']
2025-05-28 01:42:25 - Technical Features - INFO - [logger.py:103] - Додано 55 технічних індикаторів
2025-05-28 01:42:30 - Technical Features - INFO - [logger.py:103] - Створення ознак на основі патернів свічок...
2025-05-28 01:42:31 - Technical Features - INFO - [logger.py:103] - Додано 28 ознак на основі патернів свічок
2025-05-28 01:42:31 - Technical Features - INFO - [logger.py:103] - Створення специфічних індикаторів для криптовалют...
2025-05-28 01:42:36 - Technical Features - INFO - [logger.py:103] - Додано 33 специфічних індикаторів для криптовалют
2025-05-28 01:44:57 - Technical Features - INFO - [logger.py:103] - Створення технічних індикаторів...
2025-05-28 01:44:58 - Technical Features - INFO - [logger.py:103] - Використовується базовий набір індикаторів: ['sma', 'ema', 'rsi', 'macd', 'bollinger_bands', 'stochastic', 'atr', 'adx', 'obv', 'roc', 'cci', 'vwap', 'supertrend', 'keltner', 'psar', 'ichimoku']
2025-05-28 01:45:00 - Technical Features - INFO - [logger.py:103] - Додано 55 технічних індикаторів
2025-05-28 01:45:05 - Technical Features - INFO - [logger.py:103] - Створення ознак на основі патернів свічок...
2025-05-28 01:45:06 - Technical Features - INFO - [logger.py:103] - Додано 28 ознак на основі патернів свічок
2025-05-28 01:45:06 - Technical Features - INFO - [logger.py:103] - Створення специфічних індикаторів для криптовалют...
2025-05-28 01:45:11 - Technical Features - INFO - [logger.py:103] - Додано 33 специфічних індикаторів для криптовалют
2025-05-28 01:52:40 - Technical Features - INFO - [logger.py:103] - Створення технічних індикаторів...
2025-05-28 01:52:41 - Technical Features - INFO - [logger.py:103] - Використовується базовий набір індикаторів: ['sma', 'ema', 'rsi', 'macd', 'bollinger_bands', 'stochastic', 'atr', 'adx', 'obv', 'roc', 'cci', 'vwap', 'supertrend', 'keltner', 'psar', 'ichimoku']
2025-05-28 01:52:43 - Technical Features - INFO - [logger.py:103] - Додано 55 технічних індикаторів
2025-05-28 01:52:48 - Technical Features - INFO - [logger.py:103] - Створення ознак на основі патернів свічок...
2025-05-28 01:52:49 - Technical Features - INFO - [logger.py:103] - Додано 28 ознак на основі патернів свічок
2025-05-28 01:52:49 - Technical Features - INFO - [logger.py:103] - Створення специфічних індикаторів для криптовалют...
2025-05-28 01:52:54 - Technical Features - INFO - [logger.py:103] - Додано 33 специфічних індикаторів для криптовалют
2025-05-28 01:55:14 - Technical Features - INFO - [logger.py:103] - Створення технічних індикаторів...
2025-05-28 01:55:15 - Technical Features - INFO - [logger.py:103] - Використовується базовий набір індикаторів: ['sma', 'ema', 'rsi', 'macd', 'bollinger_bands', 'stochastic', 'atr', 'adx', 'obv', 'roc', 'cci', 'vwap', 'supertrend', 'keltner', 'psar', 'ichimoku']
2025-05-28 01:55:17 - Technical Features - INFO - [logger.py:103] - Додано 55 технічних індикаторів
2025-05-28 01:55:22 - Technical Features - INFO - [logger.py:103] - Створення ознак на основі патернів свічок...
2025-05-28 01:55:23 - Technical Features - INFO - [logger.py:103] - Додано 28 ознак на основі патернів свічок
2025-05-28 01:55:23 - Technical Features - INFO - [logger.py:103] - Створення специфічних індикаторів для криптовалют...
2025-05-28 01:55:28 - Technical Features - INFO - [logger.py:103] - Додано 33 специфічних індикаторів для криптовалют
