2025-05-27 01:33:02 - Technical Features - INFO - [logger.py:103] - Створення технічних індикаторів...
2025-05-27 01:33:02 - Technical Features - INFO - [logger.py:103] - Використовується базовий набір індикаторів: ['sma', 'ema', 'rsi', 'macd', 'bollinger_bands', 'stochastic', 'atr', 'adx', 'obv', 'roc', 'cci', 'vwap', 'supertrend', 'keltner', 'psar', 'ichimoku']
2025-05-27 01:33:03 - Technical Features - ERROR - [logger.py:111] - Помилка при розрахунку індикатора ichimoku: cannot concatenate object of type '<class 'tuple'>'; only Series and DataFrame objs are valid
2025-05-27 01:33:03 - Technical Features - INFO - [logger.py:103] - Додано 42 технічних індикаторів
2025-05-27 01:33:03 - Technical Features - INFO - [logger.py:103] - Створення ознак на основі патернів свічок...
2025-05-27 01:33:07 - Technical Features - INFO - [logger.py:103] - Додано 29 ознак на основі патернів свічок
2025-05-27 01:33:07 - Technical Features - INFO - [logger.py:103] - Створення специфічних індикаторів для криптовалют...
2025-05-27 01:33:11 - Technical Features - INFO - [logger.py:103] - Додано 52 специфічних індикаторів для криптовалют
2025-05-27 01:33:16 - Technical Features - INFO - [logger.py:103] - Створення технічних індикаторів...
2025-05-27 01:33:16 - Technical Features - INFO - [logger.py:103] - Використовується базовий набір індикаторів: ['sma', 'ema', 'rsi', 'macd', 'bollinger_bands', 'stochastic', 'atr', 'adx', 'obv', 'roc', 'cci', 'vwap', 'supertrend', 'keltner', 'psar', 'ichimoku']
2025-05-27 01:33:17 - Technical Features - ERROR - [logger.py:111] - Помилка при розрахунку індикатора ichimoku: cannot concatenate object of type '<class 'tuple'>'; only Series and DataFrame objs are valid
2025-05-27 01:33:17 - Technical Features - INFO - [logger.py:103] - Додано 42 технічних індикаторів
2025-05-27 01:33:17 - Technical Features - INFO - [logger.py:103] - Створення ознак на основі патернів свічок...
2025-05-27 01:33:21 - Technical Features - INFO - [logger.py:103] - Додано 29 ознак на основі патернів свічок
2025-05-27 01:33:21 - Technical Features - INFO - [logger.py:103] - Створення специфічних індикаторів для криптовалют...
2025-05-27 01:33:25 - Technical Features - INFO - [logger.py:103] - Додано 52 специфічних індикаторів для криптовалют
2025-05-27 01:33:30 - Technical Features - INFO - [logger.py:103] - Створення технічних індикаторів...
2025-05-27 01:33:30 - Technical Features - INFO - [logger.py:103] - Використовується базовий набір індикаторів: ['sma', 'ema', 'rsi', 'macd', 'bollinger_bands', 'stochastic', 'atr', 'adx', 'obv', 'roc', 'cci', 'vwap', 'supertrend', 'keltner', 'psar', 'ichimoku']
2025-05-27 01:33:31 - Technical Features - ERROR - [logger.py:111] - Помилка при розрахунку індикатора ichimoku: cannot concatenate object of type '<class 'tuple'>'; only Series and DataFrame objs are valid
2025-05-27 01:33:31 - Technical Features - INFO - [logger.py:103] - Додано 42 технічних індикаторів
2025-05-27 01:33:31 - Technical Features - INFO - [logger.py:103] - Створення ознак на основі патернів свічок...
2025-05-27 01:33:35 - Technical Features - INFO - [logger.py:103] - Додано 29 ознак на основі патернів свічок
2025-05-27 01:33:35 - Technical Features - INFO - [logger.py:103] - Створення специфічних індикаторів для криптовалют...
2025-05-27 01:33:39 - Technical Features - INFO - [logger.py:103] - Додано 52 специфічних індикаторів для криптовалют
2025-05-27 01:33:45 - Technical Features - INFO - [logger.py:103] - Створення технічних індикаторів...
2025-05-27 01:33:45 - Technical Features - INFO - [logger.py:103] - Використовується базовий набір індикаторів: ['sma', 'ema', 'rsi', 'macd', 'bollinger_bands', 'stochastic', 'atr', 'adx', 'obv', 'roc', 'cci', 'vwap', 'supertrend', 'keltner', 'psar', 'ichimoku']
2025-05-27 01:33:45 - Technical Features - ERROR - [logger.py:111] - Помилка при розрахунку індикатора ichimoku: cannot concatenate object of type '<class 'tuple'>'; only Series and DataFrame objs are valid
2025-05-27 01:33:45 - Technical Features - INFO - [logger.py:103] - Додано 42 технічних індикаторів
2025-05-27 01:33:46 - Technical Features - INFO - [logger.py:103] - Створення ознак на основі патернів свічок...
2025-05-27 01:33:49 - Technical Features - INFO - [logger.py:103] - Додано 29 ознак на основі патернів свічок
2025-05-27 01:33:49 - Technical Features - INFO - [logger.py:103] - Створення специфічних індикаторів для криптовалют...
2025-05-27 01:33:54 - Technical Features - INFO - [logger.py:103] - Додано 52 специфічних індикаторів для криптовалют
2025-05-27 01:33:59 - Technical Features - INFO - [logger.py:103] - Створення технічних індикаторів...
2025-05-27 01:33:59 - Technical Features - INFO - [logger.py:103] - Використовується базовий набір індикаторів: ['sma', 'ema', 'rsi', 'macd', 'bollinger_bands', 'stochastic', 'atr', 'adx', 'obv', 'roc', 'cci', 'vwap', 'supertrend', 'keltner', 'psar', 'ichimoku']
2025-05-27 01:34:00 - Technical Features - ERROR - [logger.py:111] - Помилка при розрахунку індикатора ichimoku: cannot concatenate object of type '<class 'tuple'>'; only Series and DataFrame objs are valid
2025-05-27 01:34:00 - Technical Features - INFO - [logger.py:103] - Додано 42 технічних індикаторів
2025-05-27 01:34:00 - Technical Features - INFO - [logger.py:103] - Створення ознак на основі патернів свічок...
2025-05-27 01:34:04 - Technical Features - INFO - [logger.py:103] - Додано 29 ознак на основі патернів свічок
2025-05-27 01:34:04 - Technical Features - INFO - [logger.py:103] - Створення специфічних індикаторів для криптовалют...
2025-05-27 01:34:08 - Technical Features - INFO - [logger.py:103] - Додано 52 специфічних індикаторів для криптовалют
2025-05-27 01:34:14 - Technical Features - INFO - [logger.py:103] - Створення технічних індикаторів...
2025-05-27 01:34:14 - Technical Features - INFO - [logger.py:103] - Використовується базовий набір індикаторів: ['sma', 'ema', 'rsi', 'macd', 'bollinger_bands', 'stochastic', 'atr', 'adx', 'obv', 'roc', 'cci', 'vwap', 'supertrend', 'keltner', 'psar', 'ichimoku']
2025-05-27 01:34:14 - Technical Features - ERROR - [logger.py:111] - Помилка при розрахунку індикатора ichimoku: cannot concatenate object of type '<class 'tuple'>'; only Series and DataFrame objs are valid
2025-05-27 01:34:14 - Technical Features - INFO - [logger.py:103] - Додано 42 технічних індикаторів
2025-05-27 01:34:15 - Technical Features - INFO - [logger.py:103] - Створення ознак на основі патернів свічок...
2025-05-27 01:34:19 - Technical Features - INFO - [logger.py:103] - Додано 29 ознак на основі патернів свічок
2025-05-27 01:34:19 - Technical Features - INFO - [logger.py:103] - Створення специфічних індикаторів для криптовалют...
2025-05-27 01:34:23 - Technical Features - INFO - [logger.py:103] - Додано 52 специфічних індикаторів для криптовалют
2025-05-27 01:34:28 - Technical Features - INFO - [logger.py:103] - Створення технічних індикаторів...
2025-05-27 01:34:28 - Technical Features - INFO - [logger.py:103] - Використовується базовий набір індикаторів: ['sma', 'ema', 'rsi', 'macd', 'bollinger_bands', 'stochastic', 'atr', 'adx', 'obv', 'roc', 'cci', 'vwap', 'supertrend', 'keltner', 'psar', 'ichimoku']
2025-05-27 01:34:29 - Technical Features - ERROR - [logger.py:111] - Помилка при розрахунку індикатора ichimoku: cannot concatenate object of type '<class 'tuple'>'; only Series and DataFrame objs are valid
2025-05-27 01:34:29 - Technical Features - INFO - [logger.py:103] - Додано 42 технічних індикаторів
2025-05-27 01:34:29 - Technical Features - INFO - [logger.py:103] - Створення ознак на основі патернів свічок...
2025-05-27 01:34:33 - Technical Features - INFO - [logger.py:103] - Додано 29 ознак на основі патернів свічок
2025-05-27 01:34:33 - Technical Features - INFO - [logger.py:103] - Створення специфічних індикаторів для криптовалют...
2025-05-27 01:34:37 - Technical Features - INFO - [logger.py:103] - Додано 52 специфічних індикаторів для криптовалют
2025-05-27 01:34:42 - Technical Features - INFO - [logger.py:103] - Створення технічних індикаторів...
2025-05-27 01:34:42 - Technical Features - INFO - [logger.py:103] - Використовується базовий набір індикаторів: ['sma', 'ema', 'rsi', 'macd', 'bollinger_bands', 'stochastic', 'atr', 'adx', 'obv', 'roc', 'cci', 'vwap', 'supertrend', 'keltner', 'psar', 'ichimoku']
2025-05-27 01:34:42 - Technical Features - ERROR - [logger.py:111] - Помилка при розрахунку індикатора ichimoku: cannot concatenate object of type '<class 'tuple'>'; only Series and DataFrame objs are valid
2025-05-27 01:34:42 - Technical Features - INFO - [logger.py:103] - Додано 42 технічних індикаторів
2025-05-27 01:34:43 - Technical Features - INFO - [logger.py:103] - Створення ознак на основі патернів свічок...
2025-05-27 01:34:47 - Technical Features - INFO - [logger.py:103] - Додано 29 ознак на основі патернів свічок
2025-05-27 01:34:47 - Technical Features - INFO - [logger.py:103] - Створення специфічних індикаторів для криптовалют...
2025-05-27 01:34:51 - Technical Features - INFO - [logger.py:103] - Додано 52 специфічних індикаторів для криптовалют
2025-05-27 01:34:56 - Technical Features - INFO - [logger.py:103] - Створення технічних індикаторів...
2025-05-27 01:34:56 - Technical Features - INFO - [logger.py:103] - Використовується базовий набір індикаторів: ['sma', 'ema', 'rsi', 'macd', 'bollinger_bands', 'stochastic', 'atr', 'adx', 'obv', 'roc', 'cci', 'vwap', 'supertrend', 'keltner', 'psar', 'ichimoku']
2025-05-27 01:34:57 - Technical Features - ERROR - [logger.py:111] - Помилка при розрахунку індикатора ichimoku: cannot concatenate object of type '<class 'tuple'>'; only Series and DataFrame objs are valid
2025-05-27 01:34:57 - Technical Features - INFO - [logger.py:103] - Додано 42 технічних індикаторів
2025-05-27 01:34:57 - Technical Features - INFO - [logger.py:103] - Створення ознак на основі патернів свічок...
2025-05-27 01:35:01 - Technical Features - INFO - [logger.py:103] - Додано 29 ознак на основі патернів свічок
2025-05-27 01:35:01 - Technical Features - INFO - [logger.py:103] - Створення специфічних індикаторів для криптовалют...
2025-05-27 01:35:05 - Technical Features - INFO - [logger.py:103] - Додано 52 специфічних індикаторів для криптовалют
2025-05-27 12:40:28 - Technical Features - INFO - [logger.py:103] - Створення технічних індикаторів...
2025-05-27 12:40:28 - Technical Features - INFO - [logger.py:103] - Використовується базовий набір індикаторів: ['sma', 'ema', 'rsi', 'macd', 'bollinger_bands', 'stochastic', 'atr', 'adx', 'obv', 'roc', 'cci', 'vwap', 'supertrend', 'keltner', 'psar', 'ichimoku']
2025-05-27 12:40:28 - Technical Features - ERROR - [logger.py:111] - Помилка при розрахунку індикатора ichimoku: cannot concatenate object of type '<class 'tuple'>'; only Series and DataFrame objs are valid
2025-05-27 12:40:28 - Technical Features - INFO - [logger.py:103] - Додано 42 технічних індикаторів
2025-05-27 12:40:28 - Technical Features - INFO - [logger.py:103] - Створення ознак на основі патернів свічок...
2025-05-27 12:40:32 - Technical Features - INFO - [logger.py:103] - Додано 29 ознак на основі патернів свічок
2025-05-27 12:40:32 - Technical Features - INFO - [logger.py:103] - Створення специфічних індикаторів для криптовалют...
2025-05-27 12:40:36 - Technical Features - INFO - [logger.py:103] - Додано 52 специфічних індикаторів для криптовалют
2025-05-27 12:40:42 - Technical Features - INFO - [logger.py:103] - Створення технічних індикаторів...
2025-05-27 12:40:42 - Technical Features - INFO - [logger.py:103] - Використовується базовий набір індикаторів: ['sma', 'ema', 'rsi', 'macd', 'bollinger_bands', 'stochastic', 'atr', 'adx', 'obv', 'roc', 'cci', 'vwap', 'supertrend', 'keltner', 'psar', 'ichimoku']
2025-05-27 12:40:42 - Technical Features - ERROR - [logger.py:111] - Помилка при розрахунку індикатора ichimoku: cannot concatenate object of type '<class 'tuple'>'; only Series and DataFrame objs are valid
2025-05-27 12:40:42 - Technical Features - INFO - [logger.py:103] - Додано 42 технічних індикаторів
2025-05-27 12:40:43 - Technical Features - INFO - [logger.py:103] - Створення ознак на основі патернів свічок...
2025-05-27 12:40:46 - Technical Features - INFO - [logger.py:103] - Додано 29 ознак на основі патернів свічок
2025-05-27 12:40:46 - Technical Features - INFO - [logger.py:103] - Створення специфічних індикаторів для криптовалют...
2025-05-27 12:40:50 - Technical Features - INFO - [logger.py:103] - Додано 52 специфічних індикаторів для криптовалют
2025-05-27 12:45:51 - Technical Features - INFO - [logger.py:103] - Створення технічних індикаторів...
2025-05-27 12:45:51 - Technical Features - INFO - [logger.py:103] - Використовується базовий набір індикаторів: ['sma', 'ema', 'rsi', 'macd', 'bollinger_bands', 'stochastic', 'atr', 'adx', 'obv', 'roc', 'cci', 'vwap', 'supertrend', 'keltner', 'psar', 'ichimoku']
2025-05-27 12:45:51 - Technical Features - ERROR - [logger.py:111] - Помилка при розрахунку індикатора ichimoku: cannot concatenate object of type '<class 'tuple'>'; only Series and DataFrame objs are valid
2025-05-27 12:45:51 - Technical Features - INFO - [logger.py:103] - Додано 42 технічних індикаторів
2025-05-27 12:45:51 - Technical Features - INFO - [logger.py:103] - Створення ознак на основі патернів свічок...
2025-05-27 12:45:55 - Technical Features - INFO - [logger.py:103] - Додано 29 ознак на основі патернів свічок
2025-05-27 12:45:55 - Technical Features - INFO - [logger.py:103] - Створення специфічних індикаторів для криптовалют...
2025-05-27 12:45:59 - Technical Features - INFO - [logger.py:103] - Додано 52 специфічних індикаторів для криптовалют
2025-05-27 12:46:05 - Technical Features - INFO - [logger.py:103] - Створення технічних індикаторів...
2025-05-27 12:46:05 - Technical Features - INFO - [logger.py:103] - Використовується базовий набір індикаторів: ['sma', 'ema', 'rsi', 'macd', 'bollinger_bands', 'stochastic', 'atr', 'adx', 'obv', 'roc', 'cci', 'vwap', 'supertrend', 'keltner', 'psar', 'ichimoku']
2025-05-27 12:46:06 - Technical Features - ERROR - [logger.py:111] - Помилка при розрахунку індикатора ichimoku: cannot concatenate object of type '<class 'tuple'>'; only Series and DataFrame objs are valid
2025-05-27 12:46:06 - Technical Features - INFO - [logger.py:103] - Додано 42 технічних індикаторів
2025-05-27 12:46:06 - Technical Features - INFO - [logger.py:103] - Створення ознак на основі патернів свічок...
2025-05-27 12:46:10 - Technical Features - INFO - [logger.py:103] - Додано 29 ознак на основі патернів свічок
2025-05-27 12:46:10 - Technical Features - INFO - [logger.py:103] - Створення специфічних індикаторів для криптовалют...
2025-05-27 12:46:14 - Technical Features - INFO - [logger.py:103] - Додано 52 специфічних індикаторів для криптовалют
2025-05-27 12:46:20 - Technical Features - INFO - [logger.py:103] - Створення технічних індикаторів...
2025-05-27 12:46:20 - Technical Features - INFO - [logger.py:103] - Використовується базовий набір індикаторів: ['sma', 'ema', 'rsi', 'macd', 'bollinger_bands', 'stochastic', 'atr', 'adx', 'obv', 'roc', 'cci', 'vwap', 'supertrend', 'keltner', 'psar', 'ichimoku']
2025-05-27 12:46:20 - Technical Features - ERROR - [logger.py:111] - Помилка при розрахунку індикатора ichimoku: cannot concatenate object of type '<class 'tuple'>'; only Series and DataFrame objs are valid
2025-05-27 12:46:20 - Technical Features - INFO - [logger.py:103] - Додано 42 технічних індикаторів
2025-05-27 12:46:21 - Technical Features - INFO - [logger.py:103] - Створення ознак на основі патернів свічок...
2025-05-27 12:46:25 - Technical Features - INFO - [logger.py:103] - Додано 29 ознак на основі патернів свічок
2025-05-27 12:46:25 - Technical Features - INFO - [logger.py:103] - Створення специфічних індикаторів для криптовалют...
2025-05-27 12:46:29 - Technical Features - INFO - [logger.py:103] - Додано 52 специфічних індикаторів для криптовалют
2025-05-27 12:46:35 - Technical Features - INFO - [logger.py:103] - Створення технічних індикаторів...
2025-05-27 12:46:35 - Technical Features - INFO - [logger.py:103] - Використовується базовий набір індикаторів: ['sma', 'ema', 'rsi', 'macd', 'bollinger_bands', 'stochastic', 'atr', 'adx', 'obv', 'roc', 'cci', 'vwap', 'supertrend', 'keltner', 'psar', 'ichimoku']
2025-05-27 12:46:36 - Technical Features - ERROR - [logger.py:111] - Помилка при розрахунку індикатора ichimoku: cannot concatenate object of type '<class 'tuple'>'; only Series and DataFrame objs are valid
2025-05-27 12:46:36 - Technical Features - INFO - [logger.py:103] - Додано 42 технічних індикаторів
2025-05-27 12:46:36 - Technical Features - INFO - [logger.py:103] - Створення ознак на основі патернів свічок...
2025-05-27 12:46:40 - Technical Features - INFO - [logger.py:103] - Додано 29 ознак на основі патернів свічок
2025-05-27 12:46:40 - Technical Features - INFO - [logger.py:103] - Створення специфічних індикаторів для криптовалют...
2025-05-27 12:46:44 - Technical Features - INFO - [logger.py:103] - Додано 52 специфічних індикаторів для криптовалют
2025-05-27 12:46:50 - Technical Features - INFO - [logger.py:103] - Створення технічних індикаторів...
2025-05-27 12:46:50 - Technical Features - INFO - [logger.py:103] - Використовується базовий набір індикаторів: ['sma', 'ema', 'rsi', 'macd', 'bollinger_bands', 'stochastic', 'atr', 'adx', 'obv', 'roc', 'cci', 'vwap', 'supertrend', 'keltner', 'psar', 'ichimoku']
2025-05-27 12:46:51 - Technical Features - ERROR - [logger.py:111] - Помилка при розрахунку індикатора ichimoku: cannot concatenate object of type '<class 'tuple'>'; only Series and DataFrame objs are valid
2025-05-27 12:46:51 - Technical Features - INFO - [logger.py:103] - Додано 42 технічних індикаторів
2025-05-27 12:46:51 - Technical Features - INFO - [logger.py:103] - Створення ознак на основі патернів свічок...
2025-05-27 12:46:55 - Technical Features - INFO - [logger.py:103] - Додано 29 ознак на основі патернів свічок
2025-05-27 12:46:55 - Technical Features - INFO - [logger.py:103] - Створення специфічних індикаторів для криптовалют...
2025-05-27 12:46:59 - Technical Features - INFO - [logger.py:103] - Додано 52 специфічних індикаторів для криптовалют
2025-05-27 12:47:05 - Technical Features - INFO - [logger.py:103] - Створення технічних індикаторів...
2025-05-27 12:47:05 - Technical Features - INFO - [logger.py:103] - Використовується базовий набір індикаторів: ['sma', 'ema', 'rsi', 'macd', 'bollinger_bands', 'stochastic', 'atr', 'adx', 'obv', 'roc', 'cci', 'vwap', 'supertrend', 'keltner', 'psar', 'ichimoku']
2025-05-27 12:47:05 - Technical Features - ERROR - [logger.py:111] - Помилка при розрахунку індикатора ichimoku: cannot concatenate object of type '<class 'tuple'>'; only Series and DataFrame objs are valid
2025-05-27 12:47:05 - Technical Features - INFO - [logger.py:103] - Додано 42 технічних індикаторів
2025-05-27 12:47:06 - Technical Features - INFO - [logger.py:103] - Створення ознак на основі патернів свічок...
2025-05-27 12:47:09 - Technical Features - INFO - [logger.py:103] - Додано 29 ознак на основі патернів свічок
2025-05-27 12:47:09 - Technical Features - INFO - [logger.py:103] - Створення специфічних індикаторів для криптовалют...
2025-05-27 12:47:13 - Technical Features - INFO - [logger.py:103] - Додано 52 специфічних індикаторів для криптовалют
2025-05-27 12:47:20 - Technical Features - INFO - [logger.py:103] - Створення технічних індикаторів...
2025-05-27 12:47:20 - Technical Features - INFO - [logger.py:103] - Використовується базовий набір індикаторів: ['sma', 'ema', 'rsi', 'macd', 'bollinger_bands', 'stochastic', 'atr', 'adx', 'obv', 'roc', 'cci', 'vwap', 'supertrend', 'keltner', 'psar', 'ichimoku']
2025-05-27 12:47:20 - Technical Features - ERROR - [logger.py:111] - Помилка при розрахунку індикатора ichimoku: cannot concatenate object of type '<class 'tuple'>'; only Series and DataFrame objs are valid
2025-05-27 12:47:20 - Technical Features - INFO - [logger.py:103] - Додано 42 технічних індикаторів
2025-05-27 12:47:20 - Technical Features - INFO - [logger.py:103] - Створення ознак на основі патернів свічок...
2025-05-27 12:47:24 - Technical Features - INFO - [logger.py:103] - Додано 29 ознак на основі патернів свічок
2025-05-27 12:47:24 - Technical Features - INFO - [logger.py:103] - Створення специфічних індикаторів для криптовалют...
2025-05-27 12:47:28 - Technical Features - INFO - [logger.py:103] - Додано 52 специфічних індикаторів для криптовалют
2025-05-27 12:47:34 - Technical Features - INFO - [logger.py:103] - Створення технічних індикаторів...
2025-05-27 12:47:34 - Technical Features - INFO - [logger.py:103] - Використовується базовий набір індикаторів: ['sma', 'ema', 'rsi', 'macd', 'bollinger_bands', 'stochastic', 'atr', 'adx', 'obv', 'roc', 'cci', 'vwap', 'supertrend', 'keltner', 'psar', 'ichimoku']
2025-05-27 12:47:34 - Technical Features - ERROR - [logger.py:111] - Помилка при розрахунку індикатора ichimoku: cannot concatenate object of type '<class 'tuple'>'; only Series and DataFrame objs are valid
2025-05-27 12:47:34 - Technical Features - INFO - [logger.py:103] - Додано 42 технічних індикаторів
2025-05-27 12:47:35 - Technical Features - INFO - [logger.py:103] - Створення ознак на основі патернів свічок...
2025-05-27 12:47:39 - Technical Features - INFO - [logger.py:103] - Додано 29 ознак на основі патернів свічок
2025-05-27 12:47:39 - Technical Features - INFO - [logger.py:103] - Створення специфічних індикаторів для криптовалют...
2025-05-27 12:47:43 - Technical Features - INFO - [logger.py:103] - Додано 52 специфічних індикаторів для криптовалют
2025-05-27 12:47:49 - Technical Features - INFO - [logger.py:103] - Створення технічних індикаторів...
2025-05-27 12:47:49 - Technical Features - INFO - [logger.py:103] - Використовується базовий набір індикаторів: ['sma', 'ema', 'rsi', 'macd', 'bollinger_bands', 'stochastic', 'atr', 'adx', 'obv', 'roc', 'cci', 'vwap', 'supertrend', 'keltner', 'psar', 'ichimoku']
2025-05-27 12:47:49 - Technical Features - ERROR - [logger.py:111] - Помилка при розрахунку індикатора ichimoku: cannot concatenate object of type '<class 'tuple'>'; only Series and DataFrame objs are valid
2025-05-27 12:47:49 - Technical Features - INFO - [logger.py:103] - Додано 42 технічних індикаторів
2025-05-27 12:47:49 - Technical Features - INFO - [logger.py:103] - Створення ознак на основі патернів свічок...
2025-05-27 12:47:53 - Technical Features - INFO - [logger.py:103] - Додано 29 ознак на основі патернів свічок
2025-05-27 12:47:53 - Technical Features - INFO - [logger.py:103] - Створення специфічних індикаторів для криптовалют...
2025-05-27 12:47:57 - Technical Features - INFO - [logger.py:103] - Додано 52 специфічних індикаторів для криптовалют
2025-05-27 12:55:17 - Technical Features - INFO - [logger.py:103] - Створення технічних індикаторів...
2025-05-27 12:55:17 - Technical Features - INFO - [logger.py:103] - Використовується базовий набір індикаторів: ['sma', 'ema', 'rsi', 'macd', 'bollinger_bands', 'stochastic', 'atr', 'adx', 'obv', 'roc', 'cci', 'vwap', 'supertrend', 'keltner', 'psar', 'ichimoku']
2025-05-27 12:55:17 - Technical Features - ERROR - [logger.py:111] - Помилка при розрахунку індикатора ichimoku: cannot concatenate object of type '<class 'tuple'>'; only Series and DataFrame objs are valid
2025-05-27 12:55:17 - Technical Features - INFO - [logger.py:103] - Додано 42 технічних індикаторів
2025-05-27 12:55:18 - Technical Features - INFO - [logger.py:103] - Створення ознак на основі патернів свічок...
2025-05-27 13:00:13 - Technical Features - INFO - [logger.py:103] - Створення технічних індикаторів...
2025-05-27 13:00:13 - Technical Features - INFO - [logger.py:103] - Використовується базовий набір індикаторів: ['sma', 'ema', 'rsi', 'macd', 'bollinger_bands', 'stochastic', 'atr', 'adx', 'obv', 'roc', 'cci', 'vwap', 'supertrend', 'keltner', 'psar', 'ichimoku']
2025-05-27 13:00:13 - Technical Features - ERROR - [logger.py:111] - Помилка при розрахунку індикатора ichimoku: cannot concatenate object of type '<class 'tuple'>'; only Series and DataFrame objs are valid
2025-05-27 13:00:13 - Technical Features - INFO - [logger.py:103] - Додано 42 технічних індикаторів
2025-05-27 13:00:13 - Technical Features - INFO - [logger.py:103] - Створення ознак на основі патернів свічок...
2025-05-27 13:00:17 - Technical Features - INFO - [logger.py:103] - Додано 29 ознак на основі патернів свічок
2025-05-27 13:00:17 - Technical Features - INFO - [logger.py:103] - Створення специфічних індикаторів для криптовалют...
2025-05-27 13:00:21 - Technical Features - INFO - [logger.py:103] - Додано 52 специфічних індикаторів для криптовалют
2025-05-27 13:00:27 - Technical Features - INFO - [logger.py:103] - Створення технічних індикаторів...
2025-05-27 13:00:27 - Technical Features - INFO - [logger.py:103] - Використовується базовий набір індикаторів: ['sma', 'ema', 'rsi', 'macd', 'bollinger_bands', 'stochastic', 'atr', 'adx', 'obv', 'roc', 'cci', 'vwap', 'supertrend', 'keltner', 'psar', 'ichimoku']
2025-05-27 13:00:27 - Technical Features - ERROR - [logger.py:111] - Помилка при розрахунку індикатора ichimoku: cannot concatenate object of type '<class 'tuple'>'; only Series and DataFrame objs are valid
2025-05-27 13:00:27 - Technical Features - INFO - [logger.py:103] - Додано 42 технічних індикаторів
2025-05-27 13:00:28 - Technical Features - INFO - [logger.py:103] - Створення ознак на основі патернів свічок...
2025-05-27 13:00:32 - Technical Features - INFO - [logger.py:103] - Додано 29 ознак на основі патернів свічок
2025-05-27 13:00:32 - Technical Features - INFO - [logger.py:103] - Створення специфічних індикаторів для криптовалют...
2025-05-27 13:00:35 - Technical Features - INFO - [logger.py:103] - Додано 52 специфічних індикаторів для криптовалют
2025-05-27 13:00:42 - Technical Features - INFO - [logger.py:103] - Створення технічних індикаторів...
2025-05-27 13:00:42 - Technical Features - INFO - [logger.py:103] - Використовується базовий набір індикаторів: ['sma', 'ema', 'rsi', 'macd', 'bollinger_bands', 'stochastic', 'atr', 'adx', 'obv', 'roc', 'cci', 'vwap', 'supertrend', 'keltner', 'psar', 'ichimoku']
2025-05-27 13:00:42 - Technical Features - ERROR - [logger.py:111] - Помилка при розрахунку індикатора ichimoku: cannot concatenate object of type '<class 'tuple'>'; only Series and DataFrame objs are valid
2025-05-27 13:00:42 - Technical Features - INFO - [logger.py:103] - Додано 42 технічних індикаторів
2025-05-27 13:00:42 - Technical Features - INFO - [logger.py:103] - Створення ознак на основі патернів свічок...
