2025-05-27 01:33:11 - trainer - INFO - [logger.py:103] - Використовується звичайне навчання
2025-05-27 01:33:11 - trainer - INFO - [logger.py:103] - Початок стандартного навчання моделі BTC_1w_lstm
2025-05-27 01:33:25 - trainer - INFO - [logger.py:103] - Використовується звичайне навчання
2025-05-27 01:33:25 - trainer - INFO - [logger.py:103] - Початок стандартного навчання моделі BTC_1w_gru
2025-05-27 01:33:40 - trainer - INFO - [logger.py:103] - Використовується звичайне навчання
2025-05-27 01:33:40 - trainer - INFO - [logger.py:103] - Початок стандартного навчання моделі BTC_1w_transformer
2025-05-27 01:33:54 - trainer - INFO - [logger.py:103] - Використовується звичайне навчання
2025-05-27 01:33:54 - trainer - INFO - [logger.py:103] - Початок стандартного навчання моделі ETH_1w_lstm
2025-05-27 01:34:09 - trainer - INFO - [logger.py:103] - Використовується звичайне навчання
2025-05-27 01:34:09 - trainer - INFO - [logger.py:103] - Початок стандартного навчання моделі ETH_1w_gru
2025-05-27 01:34:23 - trainer - INFO - [logger.py:103] - Використовується звичайне навчання
2025-05-27 01:34:23 - trainer - INFO - [logger.py:103] - Початок стандартного навчання моделі ETH_1w_transformer
2025-05-27 01:34:37 - trainer - INFO - [logger.py:103] - Використовується звичайне навчання
2025-05-27 01:34:37 - trainer - INFO - [logger.py:103] - Початок стандартного навчання моделі SOL_1w_lstm
2025-05-27 01:34:51 - trainer - INFO - [logger.py:103] - Використовується звичайне навчання
2025-05-27 01:34:51 - trainer - INFO - [logger.py:103] - Початок стандартного навчання моделі SOL_1w_gru
2025-05-27 01:35:05 - trainer - INFO - [logger.py:103] - Використовується звичайне навчання
2025-05-27 01:35:05 - trainer - INFO - [logger.py:103] - Початок стандартного навчання моделі SOL_1w_transformer
2025-05-27 01:35:05 - trainer - WARNING - [logger.py:107] - Модель BTC_1w_lstm не знайдена за шляхом models/BTC/1w/lstm_model.pth
2025-05-27 12:40:37 - trainer - INFO - [logger.py:103] - Використовується звичайне навчання
2025-05-27 12:40:37 - trainer - INFO - [logger.py:103] - Початок стандартного навчання моделі BTC_1w_lstm
2025-05-27 12:40:51 - trainer - INFO - [logger.py:103] - Використовується звичайне навчання
2025-05-27 12:40:51 - trainer - INFO - [logger.py:103] - Початок стандартного навчання моделі BTC_1w_gru
2025-05-27 12:46:00 - trainer - INFO - [logger.py:103] - Використовується звичайне навчання
2025-05-27 12:46:00 - trainer - INFO - [logger.py:103] - Початок стандартного навчання моделі BTC_1w_lstm
2025-05-27 12:46:15 - trainer - INFO - [logger.py:103] - Використовується звичайне навчання
2025-05-27 12:46:15 - trainer - INFO - [logger.py:103] - Початок стандартного навчання моделі BTC_1w_gru
2025-05-27 12:46:29 - trainer - INFO - [logger.py:103] - Використовується звичайне навчання
2025-05-27 12:46:29 - trainer - INFO - [logger.py:103] - Початок стандартного навчання моделі BTC_1w_transformer
2025-05-27 12:46:45 - trainer - INFO - [logger.py:103] - Використовується звичайне навчання
2025-05-27 12:46:45 - trainer - INFO - [logger.py:103] - Початок стандартного навчання моделі ETH_1w_lstm
2025-05-27 12:47:00 - trainer - INFO - [logger.py:103] - Використовується звичайне навчання
2025-05-27 12:47:00 - trainer - INFO - [logger.py:103] - Початок стандартного навчання моделі ETH_1w_gru
2025-05-27 12:47:14 - trainer - INFO - [logger.py:103] - Використовується звичайне навчання
2025-05-27 12:47:14 - trainer - INFO - [logger.py:103] - Початок стандартного навчання моделі ETH_1w_transformer
2025-05-27 12:47:29 - trainer - INFO - [logger.py:103] - Використовується звичайне навчання
2025-05-27 12:47:29 - trainer - INFO - [logger.py:103] - Початок стандартного навчання моделі SOL_1w_lstm
2025-05-27 12:47:43 - trainer - INFO - [logger.py:103] - Використовується звичайне навчання
2025-05-27 12:47:43 - trainer - INFO - [logger.py:103] - Початок стандартного навчання моделі SOL_1w_gru
2025-05-27 12:47:58 - trainer - INFO - [logger.py:103] - Використовується звичайне навчання
2025-05-27 12:47:58 - trainer - INFO - [logger.py:103] - Початок стандартного навчання моделі SOL_1w_transformer
2025-05-27 12:47:58 - trainer - WARNING - [logger.py:107] - Модель BTC_1w_lstm не знайдена за шляхом models/BTC/1w/lstm_model.pth
2025-05-27 13:00:22 - trainer - INFO - [logger.py:103] - Використовується звичайне навчання
2025-05-27 13:00:22 - trainer - INFO - [logger.py:103] - Початок стандартного навчання моделі BTC_1w_lstm
2025-05-27 13:00:36 - trainer - INFO - [logger.py:103] - Використовується звичайне навчання
2025-05-27 13:00:36 - trainer - INFO - [logger.py:103] - Початок стандартного навчання моделі BTC_1w_gru
