2025-05-27 00:15:43 - volatility_analysis - INFO - [logger.py:103] - Підготовка функцій волатильності для ML з вікнами BTC
2025-05-27 00:15:43 - volatility_analysis - ERROR - [logger.py:111] - Помилка при підготовці функцій волатильності для ML: unhashable type: 'dict'
2025-05-27 01:32:57 - volatility_analysis - INFO - [logger.py:103] - Підготовка функцій волатильності для ML з вікнами BTC
2025-05-27 01:32:57 - volatility_analysis - ERROR - [logger.py:111] - Помилка при підготовці функцій волатильності для ML: unhashable type: 'dict'
2025-05-27 01:33:11 - volatility_analysis - INFO - [logger.py:103] - Підготовка функцій волатильності для ML з вікнами BTC
2025-05-27 01:33:11 - volatility_analysis - ERROR - [logger.py:111] - Помилка при підготовці функцій волатильності для ML: unhashable type: 'dict'
2025-05-27 01:33:25 - volatility_analysis - INFO - [logger.py:103] - Підготовка функцій волатильності для ML з вікнами BTC
2025-05-27 01:33:25 - volatility_analysis - ERROR - [logger.py:111] - Помилка при підготовці функцій волатильності для ML: unhashable type: 'dict'
2025-05-27 01:33:40 - volatility_analysis - INFO - [logger.py:103] - Підготовка функцій волатильності для ML з вікнами ETH
2025-05-27 01:33:40 - volatility_analysis - ERROR - [logger.py:111] - Помилка при підготовці функцій волатильності для ML: unhashable type: 'dict'
2025-05-27 01:33:54 - volatility_analysis - INFO - [logger.py:103] - Підготовка функцій волатильності для ML з вікнами ETH
2025-05-27 01:33:54 - volatility_analysis - ERROR - [logger.py:111] - Помилка при підготовці функцій волатильності для ML: unhashable type: 'dict'
2025-05-27 01:34:09 - volatility_analysis - INFO - [logger.py:103] - Підготовка функцій волатильності для ML з вікнами ETH
2025-05-27 01:34:09 - volatility_analysis - ERROR - [logger.py:111] - Помилка при підготовці функцій волатильності для ML: unhashable type: 'dict'
2025-05-27 01:34:23 - volatility_analysis - INFO - [logger.py:103] - Підготовка функцій волатильності для ML з вікнами SOL
2025-05-27 01:34:23 - volatility_analysis - ERROR - [logger.py:111] - Помилка при підготовці функцій волатильності для ML: unhashable type: 'dict'
2025-05-27 01:34:37 - volatility_analysis - INFO - [logger.py:103] - Підготовка функцій волатильності для ML з вікнами SOL
2025-05-27 01:34:37 - volatility_analysis - ERROR - [logger.py:111] - Помилка при підготовці функцій волатильності для ML: unhashable type: 'dict'
2025-05-27 01:34:51 - volatility_analysis - INFO - [logger.py:103] - Підготовка функцій волатильності для ML з вікнами SOL
2025-05-27 01:34:51 - volatility_analysis - ERROR - [logger.py:111] - Помилка при підготовці функцій волатильності для ML: unhashable type: 'dict'
2025-05-27 12:40:22 - volatility_analysis - INFO - [logger.py:103] - Підготовка функцій волатільності для ML з вікнами BTC
2025-05-27 12:40:22 - volatility_analysis - WARNING - [logger.py:107] - Знайдено нульові або від'ємні ціни - замінюються на попередні значення
2025-05-27 12:40:22 - volatility_analysis - ERROR - [logger.py:111] - Помилка при обчисленні історичної волатильності: window must be an integer 0 or greater
2025-05-27 12:40:22 - volatility_analysis - WARNING - [logger.py:107] - Знайдено нульові або від'ємні ціни - замінюються на попередні значення
2025-05-27 12:40:22 - volatility_analysis - WARNING - [logger.py:107] - Знайдено нульові або від'ємні ціни - замінюються на попередні значення
2025-05-27 12:40:22 - volatility_analysis - WARNING - [logger.py:107] - Знайдено нульові або від'ємні значення в 'high' або 'low' - ці точки будуть пропущені
2025-05-27 12:40:22 - volatility_analysis - ERROR - [logger.py:111] - Помилка при обчисленні історичної волатильності: window must be an integer 0 or greater
2025-05-27 12:40:22 - volatility_analysis - ERROR - [logger.py:111] - Помилка при обчисленні історичної волатильності: window must be an integer 0 or greater
2025-05-27 12:40:22 - volatility_analysis - ERROR - [logger.py:111] - Помилка при обчисленні функцій для вікна B: window must be an integer 0 or greater
2025-05-27 12:40:22 - volatility_analysis - WARNING - [logger.py:107] - Знайдено нульові або від'ємні значення в 'high' або 'low' - ці точки будуть пропущені
2025-05-27 12:40:22 - volatility_analysis - WARNING - [logger.py:107] - Знайдено нульові або від'ємні значення в 'high' або 'low' - ці точки будуть пропущені
2025-05-27 12:40:22 - volatility_analysis - ERROR - [logger.py:111] - Помилка при обчисленні функцій для вікна T: window must be an integer 0 or greater
2025-05-27 12:40:22 - volatility_analysis - ERROR - [logger.py:111] - Помилка при обчисленні функцій для вікна C: window must be an integer 0 or greater
2025-05-27 12:40:22 - volatility_analysis - INFO - [logger.py:103] - Успішно підготовлено 57 функцій волатільності для ML
2025-05-27 12:40:37 - volatility_analysis - INFO - [logger.py:103] - Підготовка функцій волатільності для ML з вікнами BTC
2025-05-27 12:40:37 - volatility_analysis - WARNING - [logger.py:107] - Знайдено нульові або від'ємні ціни - замінюються на попередні значення
2025-05-27 12:40:37 - volatility_analysis - WARNING - [logger.py:107] - Знайдено нульові або від'ємні ціни - замінюються на попередні значення
2025-05-27 12:40:37 - volatility_analysis - WARNING - [logger.py:107] - Знайдено нульові або від'ємні ціни - замінюються на попередні значення
2025-05-27 12:40:37 - volatility_analysis - ERROR - [logger.py:111] - Помилка при обчисленні історичної волатильності: window must be an integer 0 or greater
2025-05-27 12:40:37 - volatility_analysis - ERROR - [logger.py:111] - Помилка при обчисленні історичної волатильності: window must be an integer 0 or greater
2025-05-27 12:40:37 - volatility_analysis - ERROR - [logger.py:111] - Помилка при обчисленні історичної волатильності: window must be an integer 0 or greater
2025-05-27 12:40:37 - volatility_analysis - WARNING - [logger.py:107] - Знайдено нульові або від'ємні значення в 'high' або 'low' - ці точки будуть пропущені
2025-05-27 12:40:37 - volatility_analysis - WARNING - [logger.py:107] - Знайдено нульові або від'ємні значення в 'high' або 'low' - ці точки будуть пропущені
2025-05-27 12:40:37 - volatility_analysis - WARNING - [logger.py:107] - Знайдено нульові або від'ємні значення в 'high' або 'low' - ці точки будуть пропущені
2025-05-27 12:40:37 - volatility_analysis - ERROR - [logger.py:111] - Помилка при обчисленні функцій для вікна B: window must be an integer 0 or greater
2025-05-27 12:40:37 - volatility_analysis - ERROR - [logger.py:111] - Помилка при обчисленні функцій для вікна T: window must be an integer 0 or greater
2025-05-27 12:40:37 - volatility_analysis - ERROR - [logger.py:111] - Помилка при обчисленні функцій для вікна C: window must be an integer 0 or greater
2025-05-27 12:40:37 - volatility_analysis - INFO - [logger.py:103] - Успішно підготовлено 57 функцій волатільності для ML
2025-05-27 12:40:51 - volatility_analysis - INFO - [logger.py:103] - Підготовка функцій волатільності для ML з вікнами BTC
2025-05-27 12:40:51 - volatility_analysis - WARNING - [logger.py:107] - Знайдено нульові або від'ємні ціни - замінюються на попередні значення
2025-05-27 12:40:51 - volatility_analysis - WARNING - [logger.py:107] - Знайдено нульові або від'ємні ціни - замінюються на попередні значення
2025-05-27 12:40:51 - volatility_analysis - WARNING - [logger.py:107] - Знайдено нульові або від'ємні ціни - замінюються на попередні значення
2025-05-27 12:40:51 - volatility_analysis - ERROR - [logger.py:111] - Помилка при обчисленні історичної волатильності: window must be an integer 0 or greater
2025-05-27 12:40:51 - volatility_analysis - ERROR - [logger.py:111] - Помилка при обчисленні історичної волатильності: window must be an integer 0 or greater
2025-05-27 12:40:51 - volatility_analysis - ERROR - [logger.py:111] - Помилка при обчисленні історичної волатильності: window must be an integer 0 or greater
2025-05-27 12:40:51 - volatility_analysis - WARNING - [logger.py:107] - Знайдено нульові або від'ємні значення в 'high' або 'low' - ці точки будуть пропущені
2025-05-27 12:40:51 - volatility_analysis - WARNING - [logger.py:107] - Знайдено нульові або від'ємні значення в 'high' або 'low' - ці точки будуть пропущені
2025-05-27 12:40:51 - volatility_analysis - WARNING - [logger.py:107] - Знайдено нульові або від'ємні значення в 'high' або 'low' - ці точки будуть пропущені
2025-05-27 12:40:51 - volatility_analysis - ERROR - [logger.py:111] - Помилка при обчисленні функцій для вікна B: window must be an integer 0 or greater
2025-05-27 12:40:51 - volatility_analysis - ERROR - [logger.py:111] - Помилка при обчисленні функцій для вікна T: window must be an integer 0 or greater
2025-05-27 12:40:51 - volatility_analysis - ERROR - [logger.py:111] - Помилка при обчисленні функцій для вікна C: window must be an integer 0 or greater
2025-05-27 12:40:51 - volatility_analysis - INFO - [logger.py:103] - Успішно підготовлено 57 функцій волатільності для ML
