2025-05-19 02:24:03 - BitcoinCycleFeatureExtractor - INFO - [logger.py:104] - Starting calculation of Bitcoin halving cycle features
2025-05-19 02:24:03 - BitcoinCycleFeatureExtractor - INFO - [logger.py:104] - Using halving dates: [Timestamp('2012-11-28 00:00:00'), Timestamp('2016-07-09 00:00:00'), Timestamp('2020-05-11 00:00:00'), Timestamp('2024-04-20 00:00:00')]
2025-05-19 02:24:03 - BitcoinCycleFeatureExtractor - INFO - [logger.py:104] - Last known halving: 2024-04-20 00:00:00, estimated next halving: 2028-04-20 00:00:00
2025-05-19 02:24:03 - BitcoinCycleFeatureExtractor - INFO - [logger.py:104] - Processing 2831 data points for halving cycle features
2025-05-19 02:24:03 - BitcoinCycleFeatureExtractor - INFO - [logger.py:104] - Calculating additional derived features
2025-05-19 02:24:03 - BitcoinCycleFeatureExtractor - INFO - [logger.py:104] - Calculating price change since halving for each cycle
2025-05-19 02:24:03 - BitcoinCycleFeatureExtractor - INFO - [logger.py:104] - Bitcoin halving cycle features calculation completed
2025-05-19 02:24:03 - BitcoinCycleFeatureExtractor - INFO - [logger.py:104] - Starting calculation of Bitcoin halving cycle features
2025-05-19 02:24:03 - BitcoinCycleFeatureExtractor - INFO - [logger.py:104] - Using halving dates: [Timestamp('2012-11-28 00:00:00'), Timestamp('2016-07-09 00:00:00'), Timestamp('2020-05-11 00:00:00'), Timestamp('2024-04-20 00:00:00')]
2025-05-19 02:24:03 - BitcoinCycleFeatureExtractor - INFO - [logger.py:104] - Last known halving: 2024-04-20 00:00:00, estimated next halving: 2028-04-20 00:00:00
2025-05-19 02:24:03 - BitcoinCycleFeatureExtractor - INFO - [logger.py:104] - Processing 2831 data points for halving cycle features
2025-05-19 02:24:03 - BitcoinCycleFeatureExtractor - INFO - [logger.py:104] - Calculating additional derived features
2025-05-19 02:24:03 - BitcoinCycleFeatureExtractor - INFO - [logger.py:104] - Calculating price change since halving for each cycle
2025-05-19 02:24:03 - BitcoinCycleFeatureExtractor - INFO - [logger.py:104] - Bitcoin halving cycle features calculation completed
2025-05-19 02:24:03 - BitcoinCycleFeatureExtractor - INFO - [logger.py:104] - Starting calculation of Bitcoin halving cycle features
2025-05-19 02:24:03 - BitcoinCycleFeatureExtractor - INFO - [logger.py:104] - Using halving dates: [Timestamp('2012-11-28 00:00:00'), Timestamp('2016-07-09 00:00:00'), Timestamp('2020-05-11 00:00:00'), Timestamp('2024-04-20 00:00:00')]
2025-05-19 02:24:03 - BitcoinCycleFeatureExtractor - INFO - [logger.py:104] - Last known halving: 2024-04-20 00:00:00, estimated next halving: 2028-04-20 00:00:00
2025-05-19 02:24:03 - BitcoinCycleFeatureExtractor - INFO - [logger.py:104] - Processing 2831 data points for halving cycle features
2025-05-19 02:24:03 - BitcoinCycleFeatureExtractor - INFO - [logger.py:104] - Calculating additional derived features
2025-05-19 02:24:03 - BitcoinCycleFeatureExtractor - INFO - [logger.py:104] - Calculating price change since halving for each cycle
2025-05-19 02:24:03 - BitcoinCycleFeatureExtractor - INFO - [logger.py:104] - Bitcoin halving cycle features calculation completed
2025-05-19 02:24:03 - BitcoinCycleFeatureExtractor - INFO - [logger.py:104] - Starting calculation of Bitcoin halving cycle features
2025-05-19 02:24:03 - BitcoinCycleFeatureExtractor - INFO - [logger.py:104] - Using halving dates: [Timestamp('2012-11-28 00:00:00'), Timestamp('2016-07-09 00:00:00'), Timestamp('2020-05-11 00:00:00'), Timestamp('2024-04-20 00:00:00')]
2025-05-19 02:24:03 - BitcoinCycleFeatureExtractor - INFO - [logger.py:104] - Last known halving: 2024-04-20 00:00:00, estimated next halving: 2028-04-20 00:00:00
2025-05-19 02:24:03 - BitcoinCycleFeatureExtractor - INFO - [logger.py:104] - Processing 2831 data points for halving cycle features
2025-05-19 02:24:04 - BitcoinCycleFeatureExtractor - INFO - [logger.py:104] - Calculating additional derived features
2025-05-19 02:24:04 - BitcoinCycleFeatureExtractor - INFO - [logger.py:104] - Calculating price change since halving for each cycle
2025-05-19 02:24:04 - BitcoinCycleFeatureExtractor - INFO - [logger.py:104] - Bitcoin halving cycle features calculation completed
