2025-05-18 00:23:01 - __main__ - INFO - [logger.py:104] - Running full volatility analysis for BTCUSDT on 1d timeframe
2025-05-18 00:23:01 - __main__ - ERROR - [logger.py:112] - Error in full volatility analysis for BTCUSDT: 'close'
2025-05-18 00:27:02 - __main__ - INFO - [logger.py:104] - Ініціалізація аналізатора ринкової кореляції
2025-05-18 00:27:02 - __main__ - INFO - [logger.py:104] - Розрахунок кореляції цін для 8 символів з таймфреймом 1d
2025-05-18 00:27:02 - __main__ - ERROR - [logger.py:112] - Помилка при розрахунку кореляції цін: 'close'
2025-05-18 00:27:26 - __main__ - INFO - [logger.py:104] - Ініціалізація аналізатора ринкової кореляції
2025-05-18 00:27:26 - __main__ - INFO - [logger.py:104] - Розрахунок кореляції цін для 3 символів з таймфреймом 1d
2025-05-18 00:27:26 - __main__ - ERROR - [logger.py:112] - Помилка при розрахунку кореляції цін: 'close'
2025-05-18 00:27:45 - __main__ - INFO - [logger.py:104] - Ініціалізація аналізатора ринкової кореляції
2025-05-18 00:27:45 - __main__ - INFO - [logger.py:104] - Розрахунок кореляції цін для 3 символів з таймфреймом 1d
2025-05-18 00:27:45 - __main__ - INFO - [logger.py:104] - Матриця кореляції цін успішно розрахована з використанням методу pearson
2025-05-18 00:27:45 - __main__ - INFO - [logger.py:104] - Saving price correlation matrix to database
2025-05-18 00:27:45 - __main__ - ERROR - [logger.py:112] - Error saving correlation to database: 'DatabaseManager' object has no attribute 'save_correlation_matrices'
2025-05-18 00:27:45 - __main__ - INFO - [logger.py:104] - Found 3 highly correlated pairs with threshold 0.7
2025-05-18 00:27:45 - __main__ - INFO - [logger.py:104] - Found 0 highly anti-correlated pairs with threshold -0.3
2025-05-18 00:27:45 - __main__ - INFO - [logger.py:104] - Розрахунок кореляції доходності для 3 символів з таймфреймом 1h та періодом 1
2025-05-18 00:27:46 - __main__ - INFO - [logger.py:104] - Матриця кореляції доходності успішно розрахована з використанням методу pearson
2025-05-18 00:27:46 - __main__ - INFO - [logger.py:104] - Saving returns correlation matrix to database
2025-05-18 00:27:46 - __main__ - ERROR - [logger.py:112] - Error saving correlation to database: 'DatabaseManager' object has no attribute 'save_correlation_matrices'
2025-05-18 00:27:46 - __main__ - INFO - [logger.py:104] - Розрахунок кореляції волатильності для 3 символів з таймфреймом 1h та вікном 30
2025-05-18 00:27:46 - __main__ - INFO - [logger.py:104] - Матриця кореляції волатильності успішно розрахована з використанням методу pearson
2025-05-18 00:27:46 - __main__ - INFO - [logger.py:104] - Saving volatility correlation matrix to database
2025-05-18 00:27:46 - __main__ - ERROR - [logger.py:112] - Error saving correlation to database: 'DatabaseManager' object has no attribute 'save_correlation_matrices'
2025-05-18 00:27:46 - __main__ - INFO - [logger.py:104] - Розрахунок кореляції об'ємів торгівлі для 3 символів з таймфреймом 1h
2025-05-18 00:27:46 - __main__ - ERROR - [logger.py:112] - Помилка при розрахунку кореляції об'ємів торгівлі: unsupported operand type(s) for -: 'float' and 'decimal.Decimal'
2025-05-18 00:36:06 - __main__ - INFO - [logger.py:104] - Ініціалізація аналізатора ринкової кореляції
2025-05-18 00:36:06 - __main__ - INFO - [logger.py:104] - Розрахунок кореляції цін для 3 символів з таймфреймом 1d
2025-05-18 00:36:06 - __main__ - INFO - [logger.py:104] - Матриця кореляції цін успішно розрахована з використанням методу pearson
2025-05-18 00:36:06 - __main__ - INFO - [logger.py:104] - Saving price correlation matrix to database
2025-05-18 00:36:06 - __main__ - ERROR - [logger.py:112] - Error saving correlation to database: DatabaseManager.save_correlation_matrix() missing 6 required positional arguments: 'symbols_list', 'correlation_type', 'timeframe', 'start_time', 'end_time', and 'method'
2025-05-18 00:36:06 - __main__ - INFO - [logger.py:104] - Found 3 highly correlated pairs with threshold 0.7
2025-05-18 00:36:06 - __main__ - INFO - [logger.py:104] - Found 0 highly anti-correlated pairs with threshold -0.3
2025-05-18 00:36:06 - __main__ - INFO - [logger.py:104] - Розрахунок кореляції доходності для 3 символів з таймфреймом 1h та періодом 1
2025-05-18 00:36:06 - __main__ - INFO - [logger.py:104] - Матриця кореляції доходності успішно розрахована з використанням методу pearson
2025-05-18 00:36:06 - __main__ - INFO - [logger.py:104] - Saving returns correlation matrix to database
2025-05-18 00:36:06 - __main__ - ERROR - [logger.py:112] - Error saving correlation to database: DatabaseManager.save_correlation_matrix() missing 6 required positional arguments: 'symbols_list', 'correlation_type', 'timeframe', 'start_time', 'end_time', and 'method'
2025-05-18 00:36:06 - __main__ - INFO - [logger.py:104] - Розрахунок кореляції волатильності для 3 символів з таймфреймом 1h та вікном 30
2025-05-18 00:36:06 - __main__ - INFO - [logger.py:104] - Матриця кореляції волатильності успішно розрахована з використанням методу pearson
2025-05-18 00:36:06 - __main__ - INFO - [logger.py:104] - Saving volatility correlation matrix to database
2025-05-18 00:36:06 - __main__ - ERROR - [logger.py:112] - Error saving correlation to database: DatabaseManager.save_correlation_matrix() missing 6 required positional arguments: 'symbols_list', 'correlation_type', 'timeframe', 'start_time', 'end_time', and 'method'
2025-05-18 00:36:06 - __main__ - INFO - [logger.py:104] - Розрахунок кореляції об'ємів торгівлі для 3 символів з таймфреймом 1h
2025-05-18 00:36:06 - __main__ - ERROR - [logger.py:112] - Помилка при розрахунку кореляції об'ємів торгівлі: unsupported operand type(s) for -: 'float' and 'decimal.Decimal'
2025-05-18 00:48:04 - __main__ - INFO - [logger.py:104] - Ініціалізація аналізатора ринкової кореляції
2025-05-18 00:48:04 - __main__ - INFO - [logger.py:104] - Розрахунок кореляції цін для 3 символів з таймфреймом 1d
2025-05-18 00:48:04 - __main__ - INFO - [logger.py:104] - Матриця кореляції цін успішно розрахована з використанням методу pearson
2025-05-18 00:48:04 - __main__ - INFO - [logger.py:104] - Saving price correlation matrix to database
2025-05-18 00:48:04 - __main__ - ERROR - [logger.py:112] - Error saving correlation to database: DatabaseManager.save_correlation_matrix() missing 1 required positional argument: 'method'
2025-05-18 00:48:04 - __main__ - INFO - [logger.py:104] - Found 3 highly correlated pairs with threshold 0.7
2025-05-18 00:48:04 - __main__ - INFO - [logger.py:104] - Found 0 highly anti-correlated pairs with threshold -0.3
2025-05-18 00:48:04 - __main__ - INFO - [logger.py:104] - Розрахунок кореляції доходності для 3 символів з таймфреймом 1h та періодом 1
2025-05-18 00:48:04 - __main__ - INFO - [logger.py:104] - Матриця кореляції доходності успішно розрахована з використанням методу pearson
2025-05-18 00:48:04 - __main__ - INFO - [logger.py:104] - Saving returns correlation matrix to database
2025-05-18 00:48:04 - __main__ - ERROR - [logger.py:112] - Error saving correlation to database: DatabaseManager.save_correlation_matrix() missing 1 required positional argument: 'method'
2025-05-18 00:48:04 - __main__ - INFO - [logger.py:104] - Розрахунок кореляції волатильності для 3 символів з таймфреймом 1h та вікном 30
2025-05-18 00:48:04 - __main__ - INFO - [logger.py:104] - Матриця кореляції волатильності успішно розрахована з використанням методу pearson
2025-05-18 00:48:04 - __main__ - INFO - [logger.py:104] - Saving volatility correlation matrix to database
2025-05-18 00:48:04 - __main__ - ERROR - [logger.py:112] - Error saving correlation to database: DatabaseManager.save_correlation_matrix() missing 1 required positional argument: 'method'
2025-05-18 00:48:04 - __main__ - INFO - [logger.py:104] - Розрахунок кореляції об'ємів торгівлі для 3 символів з таймфреймом 1h
2025-05-18 00:48:04 - __main__ - ERROR - [logger.py:112] - Помилка при розрахунку кореляції об'ємів торгівлі: unsupported operand type(s) for -: 'float' and 'decimal.Decimal'
2025-05-18 00:51:40 - __main__ - INFO - [logger.py:104] - Ініціалізація аналізатора ринкової кореляції
2025-05-18 00:51:40 - __main__ - INFO - [logger.py:104] - Розрахунок кореляції цін для 3 символів з таймфреймом 1d
2025-05-18 00:51:40 - __main__ - INFO - [logger.py:104] - Матриця кореляції цін успішно розрахована з використанням методу pearson
2025-05-18 00:51:40 - __main__ - INFO - [logger.py:104] - Saving price correlation matrix to database
2025-05-18 00:51:40 - __main__ - ERROR - [logger.py:112] - Error saving correlation to database: DatabaseManager.save_correlation_matrix() missing 1 required positional argument: 'method'
2025-05-18 00:51:40 - __main__ - INFO - [logger.py:104] - Found 3 highly correlated pairs with threshold 0.7
2025-05-18 00:51:40 - __main__ - INFO - [logger.py:104] - Found 0 highly anti-correlated pairs with threshold -0.3
2025-05-18 00:51:40 - __main__ - INFO - [logger.py:104] - Розрахунок кореляції доходності для 3 символів з таймфреймом 1h та періодом 1
2025-05-18 00:51:40 - __main__ - INFO - [logger.py:104] - Матриця кореляції доходності успішно розрахована з використанням методу pearson
2025-05-18 00:51:40 - __main__ - INFO - [logger.py:104] - Saving returns correlation matrix to database
2025-05-18 00:51:40 - __main__ - ERROR - [logger.py:112] - Error saving correlation to database: DatabaseManager.save_correlation_matrix() missing 1 required positional argument: 'method'
2025-05-18 00:51:40 - __main__ - INFO - [logger.py:104] - Розрахунок кореляції волатильності для 3 символів з таймфреймом 1h та вікном 30
2025-05-18 00:51:40 - __main__ - INFO - [logger.py:104] - Матриця кореляції волатильності успішно розрахована з використанням методу pearson
2025-05-18 00:51:40 - __main__ - INFO - [logger.py:104] - Saving volatility correlation matrix to database
2025-05-18 00:51:40 - __main__ - ERROR - [logger.py:112] - Error saving correlation to database: DatabaseManager.save_correlation_matrix() missing 1 required positional argument: 'method'
2025-05-18 00:51:40 - __main__ - INFO - [logger.py:104] - Розрахунок кореляції об'ємів торгівлі для 3 символів з таймфреймом 1h
2025-05-18 00:51:40 - __main__ - WARNING - [logger.py:108] - Виявлено 15 викидів об'єму для BTC. Заміна значеннями за медіаною
2025-05-18 00:51:40 - __main__ - WARNING - [logger.py:108] - Виявлено 10 викидів об'єму для ETH. Заміна значеннями за медіаною
2025-05-18 00:51:40 - __main__ - WARNING - [logger.py:108] - Виявлено 12 викидів об'єму для SOL. Заміна значеннями за медіаною
2025-05-18 00:51:40 - __main__ - INFO - [logger.py:104] - Матриця кореляції об'ємів торгівлі успішно розрахована з використанням методу pearson
2025-05-18 00:51:40 - __main__ - INFO - [logger.py:104] - Saving volume correlation matrix to database
2025-05-18 00:51:40 - __main__ - ERROR - [logger.py:112] - Error saving correlation to database: DatabaseManager.save_correlation_matrix() missing 1 required positional argument: 'method'
2025-05-18 00:51:40 - __main__ - INFO - [logger.py:104] - Calculating rolling correlation between ETH and SOL with window=24
2025-05-18 00:51:40 - __main__ - ERROR - [logger.py:112] - Error calculating rolling correlation: Rolling.corr() got an unexpected keyword argument 'method'
2025-05-18 00:54:08 - __main__ - INFO - [logger.py:104] - Ініціалізація аналізатора ринкової кореляції
2025-05-18 00:54:08 - __main__ - INFO - [logger.py:104] - Розрахунок кореляції цін для 3 символів з таймфреймом 1d
2025-05-18 00:54:08 - __main__ - INFO - [logger.py:104] - Матриця кореляції цін успішно розрахована з використанням методу pearson
2025-05-18 00:54:08 - __main__ - INFO - [logger.py:104] - Saving price correlation matrix to database
2025-05-18 00:54:08 - __main__ - ERROR - [logger.py:112] - Error saving correlation to database: DatabaseManager.save_correlation_matrix() missing 1 required positional argument: 'method'
2025-05-18 00:54:08 - __main__ - INFO - [logger.py:104] - Found 3 highly correlated pairs with threshold 0.7
2025-05-18 00:54:08 - __main__ - INFO - [logger.py:104] - Found 0 highly anti-correlated pairs with threshold -0.3
2025-05-18 00:54:08 - __main__ - INFO - [logger.py:104] - Розрахунок кореляції доходності для 3 символів з таймфреймом 1h та періодом 1
2025-05-18 00:54:08 - __main__ - INFO - [logger.py:104] - Матриця кореляції доходності успішно розрахована з використанням методу pearson
2025-05-18 00:54:08 - __main__ - INFO - [logger.py:104] - Saving returns correlation matrix to database
2025-05-18 00:54:08 - __main__ - ERROR - [logger.py:112] - Error saving correlation to database: DatabaseManager.save_correlation_matrix() missing 1 required positional argument: 'method'
2025-05-18 00:54:08 - __main__ - INFO - [logger.py:104] - Розрахунок кореляції волатильності для 3 символів з таймфреймом 1h та вікном 30
2025-05-18 00:54:08 - __main__ - INFO - [logger.py:104] - Матриця кореляції волатильності успішно розрахована з використанням методу pearson
2025-05-18 00:54:08 - __main__ - INFO - [logger.py:104] - Saving volatility correlation matrix to database
2025-05-18 00:54:08 - __main__ - ERROR - [logger.py:112] - Error saving correlation to database: DatabaseManager.save_correlation_matrix() missing 1 required positional argument: 'method'
2025-05-18 00:54:08 - __main__ - INFO - [logger.py:104] - Розрахунок кореляції об'ємів торгівлі для 3 символів з таймфреймом 1h
2025-05-18 00:54:08 - __main__ - WARNING - [logger.py:108] - Виявлено 15 викидів об'єму для BTC. Заміна значеннями за медіаною
2025-05-18 00:54:08 - __main__ - WARNING - [logger.py:108] - Виявлено 10 викидів об'єму для ETH. Заміна значеннями за медіаною
2025-05-18 00:54:08 - __main__ - WARNING - [logger.py:108] - Виявлено 12 викидів об'єму для SOL. Заміна значеннями за медіаною
2025-05-18 00:54:08 - __main__ - INFO - [logger.py:104] - Матриця кореляції об'ємів торгівлі успішно розрахована з використанням методу pearson
2025-05-18 00:54:08 - __main__ - INFO - [logger.py:104] - Saving volume correlation matrix to database
2025-05-18 00:54:08 - __main__ - ERROR - [logger.py:112] - Error saving correlation to database: DatabaseManager.save_correlation_matrix() missing 1 required positional argument: 'method'
2025-05-18 00:54:08 - __main__ - INFO - [logger.py:104] - Calculating rolling correlation between ETH and SOL with window=24
2025-05-18 00:54:08 - __main__ - INFO - [logger.py:104] - Successfully calculated rolling correlation with 644 data points
2025-05-18 00:54:08 - __main__ - INFO - [logger.py:104] - Detecting correlation breakdowns between ETH and SOL with threshold 0.2
2025-05-18 00:54:08 - __main__ - INFO - [logger.py:104] - Calculating rolling correlation between ETH and SOL with window=30
2025-05-18 00:54:09 - __main__ - INFO - [logger.py:104] - Successfully calculated rolling correlation with 644 data points
2025-05-18 00:54:09 - __main__ - INFO - [logger.py:104] - Found 1 correlation breakdown points
2025-05-18 00:54:09 - __main__ - ERROR - [logger.py:112] - Error detecting correlation breakdowns: column "breakdown_time" is of type timestamp without time zone but expression is of type integer
LINE 5:                     ) VALUES ('ETH', 'SOL', 132, 0.753422233...
                                                    ^
HINT:  You will need to rewrite or cast the expression.

2025-05-18 00:56:13 - __main__ - INFO - [logger.py:104] - Ініціалізація аналізатора ринкової кореляції
2025-05-18 00:56:13 - __main__ - INFO - [logger.py:104] - Розрахунок кореляції цін для 3 символів з таймфреймом 1d
2025-05-18 00:56:13 - __main__ - INFO - [logger.py:104] - Матриця кореляції цін успішно розрахована з використанням методу pearson
2025-05-18 00:56:13 - __main__ - INFO - [logger.py:104] - Saving price correlation matrix to database
2025-05-18 00:56:13 - __main__ - ERROR - [logger.py:112] - Error saving correlation to database: DatabaseManager.save_correlation_matrix() missing 1 required positional argument: 'method'
2025-05-18 00:56:13 - __main__ - INFO - [logger.py:104] - Found 3 highly correlated pairs with threshold 0.7
2025-05-18 00:56:13 - __main__ - INFO - [logger.py:104] - Found 0 highly anti-correlated pairs with threshold -0.3
2025-05-18 00:56:13 - __main__ - INFO - [logger.py:104] - Розрахунок кореляції доходності для 3 символів з таймфреймом 1h та періодом 1
2025-05-18 00:56:13 - __main__ - INFO - [logger.py:104] - Матриця кореляції доходності успішно розрахована з використанням методу pearson
2025-05-18 00:56:13 - __main__ - INFO - [logger.py:104] - Saving returns correlation matrix to database
2025-05-18 00:56:13 - __main__ - ERROR - [logger.py:112] - Error saving correlation to database: DatabaseManager.save_correlation_matrix() missing 1 required positional argument: 'method'
2025-05-18 00:56:13 - __main__ - INFO - [logger.py:104] - Розрахунок кореляції волатильності для 3 символів з таймфреймом 1h та вікном 30
2025-05-18 00:56:13 - __main__ - INFO - [logger.py:104] - Матриця кореляції волатильності успішно розрахована з використанням методу pearson
2025-05-18 00:56:13 - __main__ - INFO - [logger.py:104] - Saving volatility correlation matrix to database
2025-05-18 00:56:13 - __main__ - ERROR - [logger.py:112] - Error saving correlation to database: DatabaseManager.save_correlation_matrix() missing 1 required positional argument: 'method'
2025-05-18 00:56:13 - __main__ - INFO - [logger.py:104] - Розрахунок кореляції об'ємів торгівлі для 3 символів з таймфреймом 1h
2025-05-18 00:56:13 - __main__ - WARNING - [logger.py:108] - Виявлено 15 викидів об'єму для BTC. Заміна значеннями за медіаною
2025-05-18 00:56:13 - __main__ - WARNING - [logger.py:108] - Виявлено 10 викидів об'єму для ETH. Заміна значеннями за медіаною
2025-05-18 00:56:13 - __main__ - WARNING - [logger.py:108] - Виявлено 12 викидів об'єму для SOL. Заміна значеннями за медіаною
2025-05-18 00:56:13 - __main__ - INFO - [logger.py:104] - Матриця кореляції об'ємів торгівлі успішно розрахована з використанням методу pearson
2025-05-18 00:56:13 - __main__ - INFO - [logger.py:104] - Saving volume correlation matrix to database
2025-05-18 00:56:13 - __main__ - ERROR - [logger.py:112] - Error saving correlation to database: DatabaseManager.save_correlation_matrix() missing 1 required positional argument: 'method'
2025-05-18 00:56:13 - __main__ - INFO - [logger.py:104] - Calculating rolling correlation between ETH and SOL with window=24
2025-05-18 00:56:13 - __main__ - INFO - [logger.py:104] - Successfully calculated rolling correlation with 644 data points
2025-05-18 00:56:13 - __main__ - INFO - [logger.py:104] - Detecting correlation breakdowns between ETH and SOL with threshold 0.2
2025-05-18 00:56:13 - __main__ - INFO - [logger.py:104] - Calculating rolling correlation between ETH and SOL with window=30
2025-05-18 00:56:13 - __main__ - INFO - [logger.py:104] - Successfully calculated rolling correlation with 644 data points
2025-05-18 00:56:13 - __main__ - INFO - [logger.py:104] - Found 1 correlation breakdown points
2025-05-18 00:56:13 - __main__ - INFO - [logger.py:104] - Calculating market beta for BTC relative to BTCUSDT
2025-05-18 00:56:13 - __main__ - ERROR - [logger.py:112] - Error calculating market beta: 'close'
2025-05-18 00:57:09 - __main__ - INFO - [logger.py:104] - Ініціалізація аналізатора ринкової кореляції
2025-05-18 00:57:09 - __main__ - INFO - [logger.py:104] - Розрахунок кореляції цін для 3 символів з таймфреймом 1d
2025-05-18 00:57:09 - __main__ - INFO - [logger.py:104] - Матриця кореляції цін успішно розрахована з використанням методу pearson
2025-05-18 00:57:09 - __main__ - INFO - [logger.py:104] - Saving price correlation matrix to database
2025-05-18 00:57:09 - __main__ - ERROR - [logger.py:112] - Error saving correlation to database: DatabaseManager.save_correlation_matrix() missing 1 required positional argument: 'method'
2025-05-18 00:57:09 - __main__ - INFO - [logger.py:104] - Found 3 highly correlated pairs with threshold 0.7
2025-05-18 00:57:09 - __main__ - INFO - [logger.py:104] - Found 0 highly anti-correlated pairs with threshold -0.3
2025-05-18 00:57:09 - __main__ - INFO - [logger.py:104] - Розрахунок кореляції доходності для 3 символів з таймфреймом 1h та періодом 1
2025-05-18 00:57:09 - __main__ - INFO - [logger.py:104] - Матриця кореляції доходності успішно розрахована з використанням методу pearson
2025-05-18 00:57:09 - __main__ - INFO - [logger.py:104] - Saving returns correlation matrix to database
2025-05-18 00:57:09 - __main__ - ERROR - [logger.py:112] - Error saving correlation to database: DatabaseManager.save_correlation_matrix() missing 1 required positional argument: 'method'
2025-05-18 00:57:09 - __main__ - INFO - [logger.py:104] - Розрахунок кореляції волатильності для 3 символів з таймфреймом 1h та вікном 30
2025-05-18 00:57:09 - __main__ - INFO - [logger.py:104] - Матриця кореляції волатильності успішно розрахована з використанням методу pearson
2025-05-18 00:57:09 - __main__ - INFO - [logger.py:104] - Saving volatility correlation matrix to database
2025-05-18 00:57:09 - __main__ - ERROR - [logger.py:112] - Error saving correlation to database: DatabaseManager.save_correlation_matrix() missing 1 required positional argument: 'method'
2025-05-18 00:57:09 - __main__ - INFO - [logger.py:104] - Розрахунок кореляції об'ємів торгівлі для 3 символів з таймфреймом 1h
2025-05-18 00:57:09 - __main__ - WARNING - [logger.py:108] - Виявлено 15 викидів об'єму для BTC. Заміна значеннями за медіаною
2025-05-18 00:57:09 - __main__ - WARNING - [logger.py:108] - Виявлено 10 викидів об'єму для ETH. Заміна значеннями за медіаною
2025-05-18 00:57:09 - __main__ - WARNING - [logger.py:108] - Виявлено 12 викидів об'єму для SOL. Заміна значеннями за медіаною
2025-05-18 00:57:09 - __main__ - INFO - [logger.py:104] - Матриця кореляції об'ємів торгівлі успішно розрахована з використанням методу pearson
2025-05-18 00:57:09 - __main__ - INFO - [logger.py:104] - Saving volume correlation matrix to database
2025-05-18 00:57:09 - __main__ - ERROR - [logger.py:112] - Error saving correlation to database: DatabaseManager.save_correlation_matrix() missing 1 required positional argument: 'method'
2025-05-18 00:57:09 - __main__ - INFO - [logger.py:104] - Calculating rolling correlation between ETH and SOL with window=24
2025-05-18 00:57:09 - __main__ - INFO - [logger.py:104] - Successfully calculated rolling correlation with 644 data points
2025-05-18 00:57:09 - __main__ - INFO - [logger.py:104] - Detecting correlation breakdowns between ETH and SOL with threshold 0.2
2025-05-18 00:57:09 - __main__ - INFO - [logger.py:104] - Calculating rolling correlation between ETH and SOL with window=30
2025-05-18 00:57:09 - __main__ - INFO - [logger.py:104] - Successfully calculated rolling correlation with 644 data points
2025-05-18 00:57:09 - __main__ - INFO - [logger.py:104] - Found 1 correlation breakdown points
2025-05-18 00:57:09 - __main__ - INFO - [logger.py:104] - Calculating market beta for BTC relative to BTCUSDT
2025-05-18 00:57:09 - __main__ - ERROR - [logger.py:112] - Error calculating market beta: 'close'
2025-05-18 00:57:53 - __main__ - INFO - [logger.py:104] - Ініціалізація аналізатора ринкової кореляції
2025-05-18 00:57:53 - __main__ - INFO - [logger.py:104] - Розрахунок кореляції цін для 3 символів з таймфреймом 1d
2025-05-18 00:57:53 - __main__ - INFO - [logger.py:104] - Матриця кореляції цін успішно розрахована з використанням методу pearson
2025-05-18 00:57:53 - __main__ - INFO - [logger.py:104] - Saving price correlation matrix to database
2025-05-18 00:57:53 - __main__ - ERROR - [logger.py:112] - Error saving correlation to database: DatabaseManager.save_correlation_matrix() missing 1 required positional argument: 'method'
2025-05-18 00:57:53 - __main__ - INFO - [logger.py:104] - Found 3 highly correlated pairs with threshold 0.7
2025-05-18 00:57:53 - __main__ - INFO - [logger.py:104] - Found 0 highly anti-correlated pairs with threshold -0.3
2025-05-18 00:57:53 - __main__ - INFO - [logger.py:104] - Розрахунок кореляції доходності для 3 символів з таймфреймом 1h та періодом 1
2025-05-18 00:57:53 - __main__ - INFO - [logger.py:104] - Матриця кореляції доходності успішно розрахована з використанням методу pearson
2025-05-18 00:57:53 - __main__ - INFO - [logger.py:104] - Saving returns correlation matrix to database
2025-05-18 00:57:53 - __main__ - ERROR - [logger.py:112] - Error saving correlation to database: DatabaseManager.save_correlation_matrix() missing 1 required positional argument: 'method'
2025-05-18 00:57:53 - __main__ - INFO - [logger.py:104] - Розрахунок кореляції волатильності для 3 символів з таймфреймом 1h та вікном 30
2025-05-18 00:57:53 - __main__ - INFO - [logger.py:104] - Матриця кореляції волатильності успішно розрахована з використанням методу pearson
2025-05-18 00:57:53 - __main__ - INFO - [logger.py:104] - Saving volatility correlation matrix to database
2025-05-18 00:57:53 - __main__ - ERROR - [logger.py:112] - Error saving correlation to database: DatabaseManager.save_correlation_matrix() missing 1 required positional argument: 'method'
2025-05-18 00:57:53 - __main__ - INFO - [logger.py:104] - Розрахунок кореляції об'ємів торгівлі для 3 символів з таймфреймом 1h
2025-05-18 00:57:53 - __main__ - WARNING - [logger.py:108] - Виявлено 15 викидів об'єму для BTC. Заміна значеннями за медіаною
2025-05-18 00:57:53 - __main__ - WARNING - [logger.py:108] - Виявлено 10 викидів об'єму для ETH. Заміна значеннями за медіаною
2025-05-18 00:57:53 - __main__ - WARNING - [logger.py:108] - Виявлено 12 викидів об'єму для SOL. Заміна значеннями за медіаною
2025-05-18 00:57:53 - __main__ - INFO - [logger.py:104] - Матриця кореляції об'ємів торгівлі успішно розрахована з використанням методу pearson
2025-05-18 00:57:53 - __main__ - INFO - [logger.py:104] - Saving volume correlation matrix to database
2025-05-18 00:57:53 - __main__ - ERROR - [logger.py:112] - Error saving correlation to database: DatabaseManager.save_correlation_matrix() missing 1 required positional argument: 'method'
2025-05-18 00:57:53 - __main__ - INFO - [logger.py:104] - Calculating rolling correlation between ETH and SOL with window=24
2025-05-18 00:57:53 - __main__ - INFO - [logger.py:104] - Successfully calculated rolling correlation with 644 data points
2025-05-18 00:57:53 - __main__ - INFO - [logger.py:104] - Detecting correlation breakdowns between ETH and SOL with threshold 0.2
2025-05-18 00:57:53 - __main__ - INFO - [logger.py:104] - Calculating rolling correlation between ETH and SOL with window=30
2025-05-18 00:57:53 - __main__ - INFO - [logger.py:104] - Successfully calculated rolling correlation with 644 data points
2025-05-18 00:57:53 - __main__ - INFO - [logger.py:104] - Found 1 correlation breakdown points
2025-05-18 00:57:53 - __main__ - INFO - [logger.py:104] - Calculating market beta for ETH relative to BTC
2025-05-18 00:57:53 - __main__ - ERROR - [logger.py:112] - Error calculating market beta: syntax error at or near "OR"
LINE 2:         INSERT OR REPLACE INTO beta_time_series
                       ^

2025-05-18 00:59:13 - __main__ - INFO - [logger.py:104] - Ініціалізація аналізатора ринкової кореляції
2025-05-18 00:59:13 - __main__ - INFO - [logger.py:104] - Розрахунок кореляції цін для 3 символів з таймфреймом 1d
2025-05-18 00:59:13 - __main__ - INFO - [logger.py:104] - Матриця кореляції цін успішно розрахована з використанням методу pearson
2025-05-18 00:59:13 - __main__ - INFO - [logger.py:104] - Saving price correlation matrix to database
2025-05-18 00:59:13 - __main__ - ERROR - [logger.py:112] - Error saving correlation to database: DatabaseManager.save_correlation_matrix() missing 1 required positional argument: 'method'
2025-05-18 00:59:13 - __main__ - INFO - [logger.py:104] - Found 3 highly correlated pairs with threshold 0.7
2025-05-18 00:59:13 - __main__ - INFO - [logger.py:104] - Found 0 highly anti-correlated pairs with threshold -0.3
2025-05-18 00:59:13 - __main__ - INFO - [logger.py:104] - Розрахунок кореляції доходності для 3 символів з таймфреймом 1h та періодом 1
2025-05-18 00:59:13 - __main__ - INFO - [logger.py:104] - Матриця кореляції доходності успішно розрахована з використанням методу pearson
2025-05-18 00:59:13 - __main__ - INFO - [logger.py:104] - Saving returns correlation matrix to database
2025-05-18 00:59:13 - __main__ - ERROR - [logger.py:112] - Error saving correlation to database: DatabaseManager.save_correlation_matrix() missing 1 required positional argument: 'method'
2025-05-18 00:59:13 - __main__ - INFO - [logger.py:104] - Розрахунок кореляції волатильності для 3 символів з таймфреймом 1h та вікном 30
2025-05-18 00:59:13 - __main__ - INFO - [logger.py:104] - Матриця кореляції волатильності успішно розрахована з використанням методу pearson
2025-05-18 00:59:13 - __main__ - INFO - [logger.py:104] - Saving volatility correlation matrix to database
2025-05-18 00:59:13 - __main__ - ERROR - [logger.py:112] - Error saving correlation to database: DatabaseManager.save_correlation_matrix() missing 1 required positional argument: 'method'
2025-05-18 00:59:13 - __main__ - INFO - [logger.py:104] - Розрахунок кореляції об'ємів торгівлі для 3 символів з таймфреймом 1h
2025-05-18 00:59:13 - __main__ - WARNING - [logger.py:108] - Виявлено 15 викидів об'єму для BTC. Заміна значеннями за медіаною
2025-05-18 00:59:13 - __main__ - WARNING - [logger.py:108] - Виявлено 10 викидів об'єму для ETH. Заміна значеннями за медіаною
2025-05-18 00:59:13 - __main__ - WARNING - [logger.py:108] - Виявлено 12 викидів об'єму для SOL. Заміна значеннями за медіаною
2025-05-18 00:59:13 - __main__ - INFO - [logger.py:104] - Матриця кореляції об'ємів торгівлі успішно розрахована з використанням методу pearson
2025-05-18 00:59:13 - __main__ - INFO - [logger.py:104] - Saving volume correlation matrix to database
2025-05-18 00:59:13 - __main__ - ERROR - [logger.py:112] - Error saving correlation to database: DatabaseManager.save_correlation_matrix() missing 1 required positional argument: 'method'
2025-05-18 00:59:13 - __main__ - INFO - [logger.py:104] - Calculating rolling correlation between ETH and SOL with window=24
2025-05-18 00:59:13 - __main__ - INFO - [logger.py:104] - Successfully calculated rolling correlation with 644 data points
2025-05-18 00:59:13 - __main__ - INFO - [logger.py:104] - Detecting correlation breakdowns between ETH and SOL with threshold 0.2
2025-05-18 00:59:13 - __main__ - INFO - [logger.py:104] - Calculating rolling correlation between ETH and SOL with window=30
2025-05-18 00:59:13 - __main__ - INFO - [logger.py:104] - Successfully calculated rolling correlation with 644 data points
2025-05-18 00:59:13 - __main__ - INFO - [logger.py:104] - Found 1 correlation breakdown points
2025-05-18 00:59:13 - __main__ - INFO - [logger.py:104] - Calculating market beta for ETH relative to BTC
2025-05-18 00:59:13 - __main__ - ERROR - [logger.py:112] - Error calculating market beta: column "timestamp" is of type timestamp without time zone but expression is of type integer
LINE 4:                 VALUES ('ETH', 'BTC', 30, 1.7345640535875873...
                                              ^
HINT:  You will need to rewrite or cast the expression.

2025-05-18 01:01:03 - __main__ - INFO - [logger.py:104] - Ініціалізація аналізатора ринкової кореляції
2025-05-18 01:01:03 - __main__ - INFO - [logger.py:104] - Розрахунок кореляції цін для 3 символів з таймфреймом 1d
2025-05-18 01:01:03 - __main__ - INFO - [logger.py:104] - Матриця кореляції цін успішно розрахована з використанням методу pearson
2025-05-18 01:01:03 - __main__ - INFO - [logger.py:104] - Saving price correlation matrix to database
2025-05-18 01:01:03 - __main__ - ERROR - [logger.py:112] - Error saving correlation to database: DatabaseManager.save_correlation_matrix() missing 1 required positional argument: 'method'
2025-05-18 01:01:03 - __main__ - INFO - [logger.py:104] - Found 3 highly correlated pairs with threshold 0.7
2025-05-18 01:01:03 - __main__ - INFO - [logger.py:104] - Found 0 highly anti-correlated pairs with threshold -0.3
2025-05-18 01:01:03 - __main__ - INFO - [logger.py:104] - Розрахунок кореляції доходності для 3 символів з таймфреймом 1h та періодом 1
2025-05-18 01:01:03 - __main__ - INFO - [logger.py:104] - Матриця кореляції доходності успішно розрахована з використанням методу pearson
2025-05-18 01:01:03 - __main__ - INFO - [logger.py:104] - Saving returns correlation matrix to database
2025-05-18 01:01:03 - __main__ - ERROR - [logger.py:112] - Error saving correlation to database: DatabaseManager.save_correlation_matrix() missing 1 required positional argument: 'method'
2025-05-18 01:01:03 - __main__ - INFO - [logger.py:104] - Розрахунок кореляції волатильності для 3 символів з таймфреймом 1h та вікном 30
2025-05-18 01:01:03 - __main__ - INFO - [logger.py:104] - Матриця кореляції волатильності успішно розрахована з використанням методу pearson
2025-05-18 01:01:03 - __main__ - INFO - [logger.py:104] - Saving volatility correlation matrix to database
2025-05-18 01:01:03 - __main__ - ERROR - [logger.py:112] - Error saving correlation to database: DatabaseManager.save_correlation_matrix() missing 1 required positional argument: 'method'
2025-05-18 01:01:03 - __main__ - INFO - [logger.py:104] - Розрахунок кореляції об'ємів торгівлі для 3 символів з таймфреймом 1h
2025-05-18 01:01:03 - __main__ - WARNING - [logger.py:108] - Виявлено 15 викидів об'єму для BTC. Заміна значеннями за медіаною
2025-05-18 01:01:03 - __main__ - WARNING - [logger.py:108] - Виявлено 10 викидів об'єму для ETH. Заміна значеннями за медіаною
2025-05-18 01:01:03 - __main__ - WARNING - [logger.py:108] - Виявлено 12 викидів об'єму для SOL. Заміна значеннями за медіаною
2025-05-18 01:01:03 - __main__ - INFO - [logger.py:104] - Матриця кореляції об'ємів торгівлі успішно розрахована з використанням методу pearson
2025-05-18 01:01:03 - __main__ - INFO - [logger.py:104] - Saving volume correlation matrix to database
2025-05-18 01:01:03 - __main__ - ERROR - [logger.py:112] - Error saving correlation to database: DatabaseManager.save_correlation_matrix() missing 1 required positional argument: 'method'
2025-05-18 01:01:03 - __main__ - INFO - [logger.py:104] - Calculating rolling correlation between ETH and SOL with window=24
2025-05-18 01:01:03 - __main__ - INFO - [logger.py:104] - Successfully calculated rolling correlation with 643 data points
2025-05-18 01:01:03 - __main__ - INFO - [logger.py:104] - Detecting correlation breakdowns between ETH and SOL with threshold 0.2
2025-05-18 01:01:03 - __main__ - INFO - [logger.py:104] - Calculating rolling correlation between ETH and SOL with window=30
2025-05-18 01:01:03 - __main__ - INFO - [logger.py:104] - Successfully calculated rolling correlation with 643 data points
2025-05-18 01:01:03 - __main__ - INFO - [logger.py:104] - Found 1 correlation breakdown points
2025-05-18 01:01:03 - __main__ - INFO - [logger.py:104] - Calculating market beta for ETH relative to BTC
2025-05-18 01:01:03 - __main__ - ERROR - [logger.py:112] - Error calculating market beta: column "timestamp" is of type timestamp without time zone but expression is of type integer
LINE 4:                 VALUES ('ETH', 'BTC', 30, 1.7345640535875873...
                                              ^
HINT:  You will need to rewrite or cast the expression.

2025-05-18 01:01:38 - __main__ - INFO - [logger.py:104] - Ініціалізація аналізатора ринкової кореляції
2025-05-18 01:01:38 - __main__ - INFO - [logger.py:104] - Розрахунок кореляції цін для 3 символів з таймфреймом 1d
2025-05-18 01:01:38 - __main__ - INFO - [logger.py:104] - Матриця кореляції цін успішно розрахована з використанням методу pearson
2025-05-18 01:01:38 - __main__ - INFO - [logger.py:104] - Saving price correlation matrix to database
2025-05-18 01:01:38 - __main__ - ERROR - [logger.py:112] - Error saving correlation to database: DatabaseManager.save_correlation_matrix() missing 1 required positional argument: 'method'
2025-05-18 01:01:38 - __main__ - INFO - [logger.py:104] - Found 3 highly correlated pairs with threshold 0.7
2025-05-18 01:01:38 - __main__ - INFO - [logger.py:104] - Found 0 highly anti-correlated pairs with threshold -0.3
2025-05-18 01:01:38 - __main__ - INFO - [logger.py:104] - Розрахунок кореляції доходності для 3 символів з таймфреймом 1h та періодом 1
2025-05-18 01:01:38 - __main__ - INFO - [logger.py:104] - Матриця кореляції доходності успішно розрахована з використанням методу pearson
2025-05-18 01:01:38 - __main__ - INFO - [logger.py:104] - Saving returns correlation matrix to database
2025-05-18 01:01:38 - __main__ - ERROR - [logger.py:112] - Error saving correlation to database: DatabaseManager.save_correlation_matrix() missing 1 required positional argument: 'method'
2025-05-18 01:01:38 - __main__ - INFO - [logger.py:104] - Розрахунок кореляції волатильності для 3 символів з таймфреймом 1h та вікном 30
2025-05-18 01:01:38 - __main__ - INFO - [logger.py:104] - Матриця кореляції волатильності успішно розрахована з використанням методу pearson
2025-05-18 01:01:38 - __main__ - INFO - [logger.py:104] - Saving volatility correlation matrix to database
2025-05-18 01:01:38 - __main__ - ERROR - [logger.py:112] - Error saving correlation to database: DatabaseManager.save_correlation_matrix() missing 1 required positional argument: 'method'
2025-05-18 01:01:38 - __main__ - INFO - [logger.py:104] - Розрахунок кореляції об'ємів торгівлі для 3 символів з таймфреймом 1h
2025-05-18 01:01:38 - __main__ - WARNING - [logger.py:108] - Виявлено 15 викидів об'єму для BTC. Заміна значеннями за медіаною
2025-05-18 01:01:38 - __main__ - WARNING - [logger.py:108] - Виявлено 10 викидів об'єму для ETH. Заміна значеннями за медіаною
2025-05-18 01:01:38 - __main__ - WARNING - [logger.py:108] - Виявлено 12 викидів об'єму для SOL. Заміна значеннями за медіаною
2025-05-18 01:01:38 - __main__ - INFO - [logger.py:104] - Матриця кореляції об'ємів торгівлі успішно розрахована з використанням методу pearson
2025-05-18 01:01:38 - __main__ - INFO - [logger.py:104] - Saving volume correlation matrix to database
2025-05-18 01:01:38 - __main__ - ERROR - [logger.py:112] - Error saving correlation to database: DatabaseManager.save_correlation_matrix() missing 1 required positional argument: 'method'
2025-05-18 01:01:38 - __main__ - INFO - [logger.py:104] - Calculating rolling correlation between ETH and SOL with window=24
2025-05-18 01:01:38 - __main__ - INFO - [logger.py:104] - Successfully calculated rolling correlation with 643 data points
2025-05-18 01:01:38 - __main__ - INFO - [logger.py:104] - Detecting correlation breakdowns between ETH and SOL with threshold 0.2
2025-05-18 01:01:38 - __main__ - INFO - [logger.py:104] - Calculating rolling correlation between ETH and SOL with window=30
2025-05-18 01:01:38 - __main__ - INFO - [logger.py:104] - Successfully calculated rolling correlation with 643 data points
2025-05-18 01:01:38 - __main__ - INFO - [logger.py:104] - Found 1 correlation breakdown points
2025-05-18 01:01:38 - __main__ - INFO - [logger.py:104] - Calculating market beta for ETH relative to BTC
2025-05-18 01:01:38 - __main__ - INFO - [logger.py:104] - Calculating market beta for SOL relative to BTC
2025-05-18 01:01:38 - __main__ - INFO - [logger.py:104] - Finding leading indicators for BTC among 2 candidates
2025-05-18 01:01:38 - __main__ - ERROR - [logger.py:112] - Error finding leading indicators: 'lag_period'
2025-05-18 01:03:25 - __main__ - INFO - [logger.py:104] - Ініціалізація аналізатора ринкової кореляції
2025-05-18 01:03:25 - __main__ - INFO - [logger.py:104] - Розрахунок кореляції цін для 3 символів з таймфреймом 1d
2025-05-18 01:03:25 - __main__ - INFO - [logger.py:104] - Матриця кореляції цін успішно розрахована з використанням методу pearson
2025-05-18 01:03:25 - __main__ - INFO - [logger.py:104] - Saving price correlation matrix to database
2025-05-18 01:03:25 - __main__ - ERROR - [logger.py:112] - Error saving correlation to database: DatabaseManager.save_correlation_matrix() missing 1 required positional argument: 'end_time'
2025-05-18 01:03:25 - __main__ - INFO - [logger.py:104] - Found 3 highly correlated pairs with threshold 0.7
2025-05-18 01:03:25 - __main__ - INFO - [logger.py:104] - Found 0 highly anti-correlated pairs with threshold -0.3
2025-05-18 01:03:25 - __main__ - INFO - [logger.py:104] - Розрахунок кореляції доходності для 3 символів з таймфреймом 1h та періодом 1
2025-05-18 01:03:25 - __main__ - INFO - [logger.py:104] - Матриця кореляції доходності успішно розрахована з використанням методу pearson
2025-05-18 01:03:25 - __main__ - INFO - [logger.py:104] - Saving returns correlation matrix to database
2025-05-18 01:03:25 - __main__ - ERROR - [logger.py:112] - Error saving correlation to database: DatabaseManager.save_correlation_matrix() missing 1 required positional argument: 'end_time'
2025-05-18 01:03:25 - __main__ - INFO - [logger.py:104] - Розрахунок кореляції волатильності для 3 символів з таймфреймом 1h та вікном 30
2025-05-18 01:03:25 - __main__ - INFO - [logger.py:104] - Матриця кореляції волатильності успішно розрахована з використанням методу pearson
2025-05-18 01:03:25 - __main__ - INFO - [logger.py:104] - Saving volatility correlation matrix to database
2025-05-18 01:03:25 - __main__ - ERROR - [logger.py:112] - Error saving correlation to database: DatabaseManager.save_correlation_matrix() missing 1 required positional argument: 'end_time'
2025-05-18 01:03:25 - __main__ - INFO - [logger.py:104] - Розрахунок кореляції об'ємів торгівлі для 3 символів з таймфреймом 1h
2025-05-18 01:03:25 - __main__ - WARNING - [logger.py:108] - Виявлено 15 викидів об'єму для BTC. Заміна значеннями за медіаною
2025-05-18 01:03:25 - __main__ - WARNING - [logger.py:108] - Виявлено 10 викидів об'єму для ETH. Заміна значеннями за медіаною
2025-05-18 01:03:25 - __main__ - WARNING - [logger.py:108] - Виявлено 12 викидів об'єму для SOL. Заміна значеннями за медіаною
2025-05-18 01:03:25 - __main__ - INFO - [logger.py:104] - Матриця кореляції об'ємів торгівлі успішно розрахована з використанням методу pearson
2025-05-18 01:03:25 - __main__ - INFO - [logger.py:104] - Saving volume correlation matrix to database
2025-05-18 01:03:25 - __main__ - ERROR - [logger.py:112] - Error saving correlation to database: DatabaseManager.save_correlation_matrix() missing 1 required positional argument: 'end_time'
2025-05-18 01:03:25 - __main__ - INFO - [logger.py:104] - Calculating rolling correlation between ETH and SOL with window=24
2025-05-18 01:03:25 - __main__ - INFO - [logger.py:104] - Successfully calculated rolling correlation with 643 data points
2025-05-18 01:03:25 - __main__ - INFO - [logger.py:104] - Detecting correlation breakdowns between ETH and SOL with threshold 0.2
2025-05-18 01:03:25 - __main__ - INFO - [logger.py:104] - Calculating rolling correlation between ETH and SOL with window=30
2025-05-18 01:03:25 - __main__ - INFO - [logger.py:104] - Successfully calculated rolling correlation with 643 data points
2025-05-18 01:03:25 - __main__ - INFO - [logger.py:104] - Found 1 correlation breakdown points
2025-05-18 01:03:25 - __main__ - INFO - [logger.py:104] - Calculating market beta for ETH relative to BTC
2025-05-18 01:03:25 - __main__ - INFO - [logger.py:104] - Calculating market beta for SOL relative to BTC
2025-05-18 01:03:25 - __main__ - INFO - [logger.py:104] - Finding leading indicators for BTC among 2 candidates
2025-05-18 01:03:25 - __main__ - ERROR - [logger.py:112] - Error finding leading indicators: 'correlation_value'
2025-05-18 01:04:13 - __main__ - INFO - [logger.py:104] - Ініціалізація аналізатора ринкової кореляції
2025-05-18 01:04:13 - __main__ - INFO - [logger.py:104] - Розрахунок кореляції цін для 3 символів з таймфреймом 1d
2025-05-18 01:04:13 - __main__ - INFO - [logger.py:104] - Матриця кореляції цін успішно розрахована з використанням методу pearson
2025-05-18 01:04:13 - __main__ - INFO - [logger.py:104] - Saving price correlation matrix to database
2025-05-18 01:04:13 - __main__ - ERROR - [logger.py:112] - Error saving correlation to database: DatabaseManager.save_correlation_matrix() missing 1 required positional argument: 'end_time'
2025-05-18 01:04:13 - __main__ - INFO - [logger.py:104] - Found 3 highly correlated pairs with threshold 0.7
2025-05-18 01:04:13 - __main__ - INFO - [logger.py:104] - Found 0 highly anti-correlated pairs with threshold -0.3
2025-05-18 01:04:13 - __main__ - INFO - [logger.py:104] - Розрахунок кореляції доходності для 3 символів з таймфреймом 1h та періодом 1
2025-05-18 01:04:13 - __main__ - INFO - [logger.py:104] - Матриця кореляції доходності успішно розрахована з використанням методу pearson
2025-05-18 01:04:13 - __main__ - INFO - [logger.py:104] - Saving returns correlation matrix to database
2025-05-18 01:04:13 - __main__ - ERROR - [logger.py:112] - Error saving correlation to database: DatabaseManager.save_correlation_matrix() missing 1 required positional argument: 'end_time'
2025-05-18 01:04:13 - __main__ - INFO - [logger.py:104] - Розрахунок кореляції волатильності для 3 символів з таймфреймом 1h та вікном 30
2025-05-18 01:04:13 - __main__ - INFO - [logger.py:104] - Матриця кореляції волатильності успішно розрахована з використанням методу pearson
2025-05-18 01:04:13 - __main__ - INFO - [logger.py:104] - Saving volatility correlation matrix to database
2025-05-18 01:04:13 - __main__ - ERROR - [logger.py:112] - Error saving correlation to database: DatabaseManager.save_correlation_matrix() missing 1 required positional argument: 'end_time'
2025-05-18 01:04:13 - __main__ - INFO - [logger.py:104] - Розрахунок кореляції об'ємів торгівлі для 3 символів з таймфреймом 1h
2025-05-18 01:04:13 - __main__ - WARNING - [logger.py:108] - Виявлено 15 викидів об'єму для BTC. Заміна значеннями за медіаною
2025-05-18 01:04:13 - __main__ - WARNING - [logger.py:108] - Виявлено 10 викидів об'єму для ETH. Заміна значеннями за медіаною
2025-05-18 01:04:13 - __main__ - WARNING - [logger.py:108] - Виявлено 12 викидів об'єму для SOL. Заміна значеннями за медіаною
2025-05-18 01:04:13 - __main__ - INFO - [logger.py:104] - Матриця кореляції об'ємів торгівлі успішно розрахована з використанням методу pearson
2025-05-18 01:04:13 - __main__ - INFO - [logger.py:104] - Saving volume correlation matrix to database
2025-05-18 01:04:13 - __main__ - ERROR - [logger.py:112] - Error saving correlation to database: DatabaseManager.save_correlation_matrix() missing 1 required positional argument: 'end_time'
2025-05-18 01:04:13 - __main__ - INFO - [logger.py:104] - Calculating rolling correlation between ETH and SOL with window=24
2025-05-18 01:04:13 - __main__ - INFO - [logger.py:104] - Successfully calculated rolling correlation with 643 data points
2025-05-18 01:04:13 - __main__ - INFO - [logger.py:104] - Detecting correlation breakdowns between ETH and SOL with threshold 0.2
2025-05-18 01:04:13 - __main__ - INFO - [logger.py:104] - Calculating rolling correlation between ETH and SOL with window=30
2025-05-18 01:04:13 - __main__ - INFO - [logger.py:104] - Successfully calculated rolling correlation with 643 data points
2025-05-18 01:04:13 - __main__ - INFO - [logger.py:104] - Found 1 correlation breakdown points
2025-05-18 01:04:13 - __main__ - INFO - [logger.py:104] - Calculating market beta for ETH relative to BTC
2025-05-18 01:04:13 - __main__ - INFO - [logger.py:104] - Calculating market beta for SOL relative to BTC
2025-05-18 01:04:13 - __main__ - INFO - [logger.py:104] - Finding leading indicators for BTC among 2 candidates
2025-05-18 01:04:13 - __main__ - ERROR - [logger.py:112] - Error finding leading indicators: 'method'
2025-05-18 01:05:03 - __main__ - INFO - [logger.py:104] - Ініціалізація аналізатора ринкової кореляції
2025-05-18 01:05:03 - __main__ - INFO - [logger.py:104] - Розрахунок кореляції цін для 3 символів з таймфреймом 1d
2025-05-18 01:05:03 - __main__ - INFO - [logger.py:104] - Матриця кореляції цін успішно розрахована з використанням методу pearson
2025-05-18 01:05:03 - __main__ - INFO - [logger.py:104] - Saving price correlation matrix to database
2025-05-18 01:05:03 - __main__ - ERROR - [logger.py:112] - Error saving correlation to database: DatabaseManager.save_correlation_matrix() missing 1 required positional argument: 'end_time'
2025-05-18 01:05:03 - __main__ - INFO - [logger.py:104] - Found 3 highly correlated pairs with threshold 0.7
2025-05-18 01:05:03 - __main__ - INFO - [logger.py:104] - Found 0 highly anti-correlated pairs with threshold -0.3
2025-05-18 01:05:03 - __main__ - INFO - [logger.py:104] - Розрахунок кореляції доходності для 3 символів з таймфреймом 1h та періодом 1
2025-05-18 01:05:03 - __main__ - INFO - [logger.py:104] - Матриця кореляції доходності успішно розрахована з використанням методу pearson
2025-05-18 01:05:03 - __main__ - INFO - [logger.py:104] - Saving returns correlation matrix to database
2025-05-18 01:05:03 - __main__ - ERROR - [logger.py:112] - Error saving correlation to database: DatabaseManager.save_correlation_matrix() missing 1 required positional argument: 'end_time'
2025-05-18 01:05:03 - __main__ - INFO - [logger.py:104] - Розрахунок кореляції волатильності для 3 символів з таймфреймом 1h та вікном 30
2025-05-18 01:05:03 - __main__ - INFO - [logger.py:104] - Матриця кореляції волатильності успішно розрахована з використанням методу pearson
2025-05-18 01:05:03 - __main__ - INFO - [logger.py:104] - Saving volatility correlation matrix to database
2025-05-18 01:05:03 - __main__ - ERROR - [logger.py:112] - Error saving correlation to database: DatabaseManager.save_correlation_matrix() missing 1 required positional argument: 'end_time'
2025-05-18 01:05:03 - __main__ - INFO - [logger.py:104] - Розрахунок кореляції об'ємів торгівлі для 3 символів з таймфреймом 1h
2025-05-18 01:05:03 - __main__ - WARNING - [logger.py:108] - Виявлено 15 викидів об'єму для BTC. Заміна значеннями за медіаною
2025-05-18 01:05:03 - __main__ - WARNING - [logger.py:108] - Виявлено 10 викидів об'єму для ETH. Заміна значеннями за медіаною
2025-05-18 01:05:03 - __main__ - WARNING - [logger.py:108] - Виявлено 12 викидів об'єму для SOL. Заміна значеннями за медіаною
2025-05-18 01:05:03 - __main__ - INFO - [logger.py:104] - Матриця кореляції об'ємів торгівлі успішно розрахована з використанням методу pearson
2025-05-18 01:05:03 - __main__ - INFO - [logger.py:104] - Saving volume correlation matrix to database
2025-05-18 01:05:03 - __main__ - ERROR - [logger.py:112] - Error saving correlation to database: DatabaseManager.save_correlation_matrix() missing 1 required positional argument: 'end_time'
2025-05-18 01:05:03 - __main__ - INFO - [logger.py:104] - Calculating rolling correlation between ETH and SOL with window=24
2025-05-18 01:05:03 - __main__ - INFO - [logger.py:104] - Successfully calculated rolling correlation with 643 data points
2025-05-18 01:05:03 - __main__ - INFO - [logger.py:104] - Detecting correlation breakdowns between ETH and SOL with threshold 0.2
2025-05-18 01:05:03 - __main__ - INFO - [logger.py:104] - Calculating rolling correlation between ETH and SOL with window=30
2025-05-18 01:05:03 - __main__ - INFO - [logger.py:104] - Successfully calculated rolling correlation with 643 data points
2025-05-18 01:05:03 - __main__ - INFO - [logger.py:104] - Found 1 correlation breakdown points
2025-05-18 01:05:03 - __main__ - INFO - [logger.py:104] - Calculating market beta for ETH relative to BTC
2025-05-18 01:05:03 - __main__ - INFO - [logger.py:104] - Calculating market beta for SOL relative to BTC
2025-05-18 01:05:03 - __main__ - INFO - [logger.py:104] - Finding leading indicators for BTC among 2 candidates
2025-05-18 01:05:03 - __main__ - ERROR - [logger.py:112] - Error finding leading indicators: syntax error at or near "OR"
LINE 2:         INSERT OR REPLACE INTO leading_indicators
                       ^

2025-05-18 01:05:52 - __main__ - INFO - [logger.py:104] - Ініціалізація аналізатора ринкової кореляції
2025-05-18 01:05:52 - __main__ - INFO - [logger.py:104] - Розрахунок кореляції цін для 3 символів з таймфреймом 1d
2025-05-18 01:05:52 - __main__ - INFO - [logger.py:104] - Матриця кореляції цін успішно розрахована з використанням методу pearson
2025-05-18 01:05:52 - __main__ - INFO - [logger.py:104] - Saving price correlation matrix to database
2025-05-18 01:05:52 - __main__ - ERROR - [logger.py:112] - Error saving correlation to database: DatabaseManager.save_correlation_matrix() missing 1 required positional argument: 'end_time'
2025-05-18 01:05:52 - __main__ - INFO - [logger.py:104] - Found 3 highly correlated pairs with threshold 0.7
2025-05-18 01:05:52 - __main__ - INFO - [logger.py:104] - Found 0 highly anti-correlated pairs with threshold -0.3
2025-05-18 01:05:52 - __main__ - INFO - [logger.py:104] - Розрахунок кореляції доходності для 3 символів з таймфреймом 1h та періодом 1
2025-05-18 01:05:52 - __main__ - INFO - [logger.py:104] - Матриця кореляції доходності успішно розрахована з використанням методу pearson
2025-05-18 01:05:52 - __main__ - INFO - [logger.py:104] - Saving returns correlation matrix to database
2025-05-18 01:05:52 - __main__ - ERROR - [logger.py:112] - Error saving correlation to database: DatabaseManager.save_correlation_matrix() missing 1 required positional argument: 'end_time'
2025-05-18 01:05:52 - __main__ - INFO - [logger.py:104] - Розрахунок кореляції волатильності для 3 символів з таймфреймом 1h та вікном 30
2025-05-18 01:05:52 - __main__ - INFO - [logger.py:104] - Матриця кореляції волатильності успішно розрахована з використанням методу pearson
2025-05-18 01:05:52 - __main__ - INFO - [logger.py:104] - Saving volatility correlation matrix to database
2025-05-18 01:05:52 - __main__ - ERROR - [logger.py:112] - Error saving correlation to database: DatabaseManager.save_correlation_matrix() missing 1 required positional argument: 'end_time'
2025-05-18 01:05:52 - __main__ - INFO - [logger.py:104] - Розрахунок кореляції об'ємів торгівлі для 3 символів з таймфреймом 1h
2025-05-18 01:05:53 - __main__ - WARNING - [logger.py:108] - Виявлено 15 викидів об'єму для BTC. Заміна значеннями за медіаною
2025-05-18 01:05:53 - __main__ - WARNING - [logger.py:108] - Виявлено 10 викидів об'єму для ETH. Заміна значеннями за медіаною
2025-05-18 01:05:53 - __main__ - WARNING - [logger.py:108] - Виявлено 12 викидів об'єму для SOL. Заміна значеннями за медіаною
2025-05-18 01:05:53 - __main__ - INFO - [logger.py:104] - Матриця кореляції об'ємів торгівлі успішно розрахована з використанням методу pearson
2025-05-18 01:05:53 - __main__ - INFO - [logger.py:104] - Saving volume correlation matrix to database
2025-05-18 01:05:53 - __main__ - ERROR - [logger.py:112] - Error saving correlation to database: DatabaseManager.save_correlation_matrix() missing 1 required positional argument: 'end_time'
2025-05-18 01:05:53 - __main__ - INFO - [logger.py:104] - Calculating rolling correlation between ETH and SOL with window=24
2025-05-18 01:05:53 - __main__ - INFO - [logger.py:104] - Successfully calculated rolling correlation with 643 data points
2025-05-18 01:05:53 - __main__ - INFO - [logger.py:104] - Detecting correlation breakdowns between ETH and SOL with threshold 0.2
2025-05-18 01:05:53 - __main__ - INFO - [logger.py:104] - Calculating rolling correlation between ETH and SOL with window=30
2025-05-18 01:05:53 - __main__ - INFO - [logger.py:104] - Successfully calculated rolling correlation with 643 data points
2025-05-18 01:05:53 - __main__ - INFO - [logger.py:104] - Found 1 correlation breakdown points
2025-05-18 01:05:53 - __main__ - INFO - [logger.py:104] - Calculating market beta for ETH relative to BTC
2025-05-18 01:05:53 - __main__ - INFO - [logger.py:104] - Calculating market beta for SOL relative to BTC
2025-05-18 01:05:53 - __main__ - INFO - [logger.py:104] - Finding leading indicators for BTC among 2 candidates
2025-05-18 01:05:53 - __main__ - INFO - [logger.py:104] - Predicting movement for BTC using 2 correlated symbols with horizon 24
2025-05-18 01:05:54 - __main__ - INFO - [logger.py:104] - Prediction model R² score: -0.0046
2025-05-18 01:05:54 - __main__ - ERROR - [logger.py:112] - Error in correlated movement prediction: unsupported operand type(s) for *: 'decimal.Decimal' and 'float'
2025-05-18 01:05:54 - __main__ - INFO - [logger.py:104] - Analyzing market regime correlations for 3 symbols across 2 regimes
2025-05-18 01:05:54 - __main__ - INFO - [logger.py:104] - Analyzing regime 'Перша половина періоду' from 2025-04-18 01:05:52.920601 to 2025-05-03 01:05:52.920601
2025-05-18 01:05:54 - __main__ - INFO - [logger.py:104] - Розрахунок кореляції цін для 3 символів з таймфреймом 1d
2025-05-18 01:05:54 - __main__ - INFO - [logger.py:104] - Матриця кореляції цін успішно розрахована з використанням методу pearson
2025-05-18 01:05:54 - __main__ - INFO - [logger.py:104] - Saving price correlation matrix to database
2025-05-18 01:05:54 - __main__ - ERROR - [logger.py:112] - Error saving correlation to database: DatabaseManager.save_correlation_matrix() missing 1 required positional argument: 'end_time'
2025-05-18 01:05:54 - __main__ - INFO - [logger.py:104] - Розрахунок кореляції доходності для 3 символів з таймфреймом 1h та періодом 1
2025-05-18 01:05:54 - __main__ - INFO - [logger.py:104] - Матриця кореляції доходності успішно розрахована з використанням методу pearson
2025-05-18 01:05:54 - __main__ - INFO - [logger.py:104] - Saving returns correlation matrix to database
2025-05-18 01:05:54 - __main__ - ERROR - [logger.py:112] - Error saving correlation to database: DatabaseManager.save_correlation_matrix() missing 1 required positional argument: 'end_time'
2025-05-18 01:05:54 - __main__ - INFO - [logger.py:104] - Розрахунок кореляції волатильності для 3 символів з таймфреймом 1h та вікном 30
2025-05-18 01:05:54 - __main__ - INFO - [logger.py:104] - Матриця кореляції волатильності успішно розрахована з використанням методу pearson
2025-05-18 01:05:54 - __main__ - INFO - [logger.py:104] - Saving volatility correlation matrix to database
2025-05-18 01:05:54 - __main__ - ERROR - [logger.py:112] - Error saving correlation to database: DatabaseManager.save_correlation_matrix() missing 1 required positional argument: 'end_time'
2025-05-18 01:05:54 - __main__ - INFO - [logger.py:104] - Розрахунок кореляції об'ємів торгівлі для 3 символів з таймфреймом 1h
2025-05-18 01:05:54 - __main__ - WARNING - [logger.py:108] - Виявлено 8 викидів об'єму для BTC. Заміна значеннями за медіаною
2025-05-18 01:05:54 - __main__ - WARNING - [logger.py:108] - Виявлено 5 викидів об'єму для ETH. Заміна значеннями за медіаною
2025-05-18 01:05:54 - __main__ - WARNING - [logger.py:108] - Виявлено 5 викидів об'єму для SOL. Заміна значеннями за медіаною
2025-05-18 01:05:54 - __main__ - INFO - [logger.py:104] - Матриця кореляції об'ємів торгівлі успішно розрахована з використанням методу pearson
2025-05-18 01:05:54 - __main__ - INFO - [logger.py:104] - Saving volume correlation matrix to database
2025-05-18 01:05:54 - __main__ - ERROR - [logger.py:112] - Error saving correlation to database: DatabaseManager.save_correlation_matrix() missing 1 required positional argument: 'end_time'
2025-05-18 01:05:54 - __main__ - INFO - [logger.py:104] - Regime Перша половина періоду - Average correlation: 0.7726
2025-05-18 01:05:54 - __main__ - INFO - [logger.py:104] - Analyzing regime 'Друга половина періоду' from 2025-05-03 01:05:52.920601 to 2025-05-18 01:05:52.920601
2025-05-18 01:05:54 - __main__ - INFO - [logger.py:104] - Розрахунок кореляції цін для 3 символів з таймфреймом 1d
2025-05-18 01:05:54 - __main__ - INFO - [logger.py:104] - Матриця кореляції цін успішно розрахована з використанням методу pearson
2025-05-18 01:05:54 - __main__ - INFO - [logger.py:104] - Saving price correlation matrix to database
2025-05-18 01:05:54 - __main__ - ERROR - [logger.py:112] - Error saving correlation to database: DatabaseManager.save_correlation_matrix() missing 1 required positional argument: 'end_time'
2025-05-18 01:05:54 - __main__ - INFO - [logger.py:104] - Розрахунок кореляції доходності для 3 символів з таймфреймом 1h та періодом 1
2025-05-18 01:05:54 - __main__ - INFO - [logger.py:104] - Матриця кореляції доходності успішно розрахована з використанням методу pearson
2025-05-18 01:05:54 - __main__ - INFO - [logger.py:104] - Saving returns correlation matrix to database
2025-05-18 01:05:54 - __main__ - ERROR - [logger.py:112] - Error saving correlation to database: DatabaseManager.save_correlation_matrix() missing 1 required positional argument: 'end_time'
2025-05-18 01:05:54 - __main__ - INFO - [logger.py:104] - Розрахунок кореляції волатильності для 3 символів з таймфреймом 1h та вікном 30
2025-05-18 01:05:54 - __main__ - INFO - [logger.py:104] - Матриця кореляції волатильності успішно розрахована з використанням методу pearson
2025-05-18 01:05:54 - __main__ - INFO - [logger.py:104] - Saving volatility correlation matrix to database
2025-05-18 01:05:54 - __main__ - ERROR - [logger.py:112] - Error saving correlation to database: DatabaseManager.save_correlation_matrix() missing 1 required positional argument: 'end_time'
2025-05-18 01:05:54 - __main__ - INFO - [logger.py:104] - Розрахунок кореляції об'ємів торгівлі для 3 символів з таймфреймом 1h
2025-05-18 01:05:54 - __main__ - WARNING - [logger.py:108] - Виявлено 8 викидів об'єму для BTC. Заміна значеннями за медіаною
2025-05-18 01:05:54 - __main__ - WARNING - [logger.py:108] - Виявлено 5 викидів об'єму для ETH. Заміна значеннями за медіаною
2025-05-18 01:05:54 - __main__ - WARNING - [logger.py:108] - Виявлено 7 викидів об'єму для SOL. Заміна значеннями за медіаною
2025-05-18 01:05:54 - __main__ - INFO - [logger.py:104] - Матриця кореляції об'ємів торгівлі успішно розрахована з використанням методу pearson
2025-05-18 01:05:54 - __main__ - INFO - [logger.py:104] - Saving volume correlation matrix to database
2025-05-18 01:05:54 - __main__ - ERROR - [logger.py:112] - Error saving correlation to database: DatabaseManager.save_correlation_matrix() missing 1 required positional argument: 'end_time'
2025-05-18 01:05:54 - __main__ - INFO - [logger.py:104] - Regime Друга половина періоду - Average correlation: 0.6675
2025-05-18 01:05:54 - __main__ - INFO - [logger.py:104] - Market regime correlation analysis complete for 2 regimes
2025-05-18 01:16:24 - __main__ - INFO - [logger.py:104] - Ініціалізація аналізатора ринкової кореляції
2025-05-18 01:16:24 - __main__ - INFO - [logger.py:104] - Розрахунок кореляції цін для 3 символів з таймфреймом 1d
2025-05-18 01:16:24 - __main__ - INFO - [logger.py:104] - Матриця кореляції цін успішно розрахована з використанням методу pearson
2025-05-18 01:16:24 - __main__ - INFO - [logger.py:104] - Saving price correlation matrix to database
2025-05-18 01:16:24 - __main__ - ERROR - [logger.py:112] - Error saving correlation to database: DatabaseManager.save_correlation_matrix() missing 1 required positional argument: 'end_time'
2025-05-18 01:16:25 - __main__ - INFO - [logger.py:104] - Found 3 highly correlated pairs with threshold 0.7
2025-05-18 01:16:25 - __main__ - INFO - [logger.py:104] - Found 0 highly anti-correlated pairs with threshold -0.3
2025-05-18 01:16:25 - __main__ - INFO - [logger.py:104] - Розрахунок кореляції доходності для 3 символів з таймфреймом 1h та періодом 1
2025-05-18 01:16:25 - __main__ - INFO - [logger.py:104] - Матриця кореляції доходності успішно розрахована з використанням методу pearson
2025-05-18 01:16:25 - __main__ - INFO - [logger.py:104] - Saving returns correlation matrix to database
2025-05-18 01:16:25 - __main__ - ERROR - [logger.py:112] - Error saving correlation to database: DatabaseManager.save_correlation_matrix() missing 1 required positional argument: 'end_time'
2025-05-18 01:16:25 - __main__ - INFO - [logger.py:104] - Розрахунок кореляції волатильності для 3 символів з таймфреймом 1h та вікном 30
2025-05-18 01:16:25 - __main__ - INFO - [logger.py:104] - Матриця кореляції волатильності успішно розрахована з використанням методу pearson
2025-05-18 01:16:25 - __main__ - INFO - [logger.py:104] - Saving volatility correlation matrix to database
2025-05-18 01:16:25 - __main__ - ERROR - [logger.py:112] - Error saving correlation to database: DatabaseManager.save_correlation_matrix() missing 1 required positional argument: 'end_time'
2025-05-18 01:16:25 - __main__ - INFO - [logger.py:104] - Розрахунок кореляції об'ємів торгівлі для 3 символів з таймфреймом 1h
2025-05-18 01:16:25 - __main__ - WARNING - [logger.py:108] - Виявлено 15 викидів об'єму для BTC. Заміна значеннями за медіаною
2025-05-18 01:16:25 - __main__ - WARNING - [logger.py:108] - Виявлено 10 викидів об'єму для ETH. Заміна значеннями за медіаною
2025-05-18 01:16:25 - __main__ - WARNING - [logger.py:108] - Виявлено 12 викидів об'єму для SOL. Заміна значеннями за медіаною
2025-05-18 01:16:25 - __main__ - INFO - [logger.py:104] - Матриця кореляції об'ємів торгівлі успішно розрахована з використанням методу pearson
2025-05-18 01:16:25 - __main__ - INFO - [logger.py:104] - Saving volume correlation matrix to database
2025-05-18 01:16:25 - __main__ - ERROR - [logger.py:112] - Error saving correlation to database: DatabaseManager.save_correlation_matrix() missing 1 required positional argument: 'end_time'
2025-05-18 01:16:25 - __main__ - INFO - [logger.py:104] - Calculating rolling correlation between ETH and SOL with window=24
2025-05-18 01:16:25 - __main__ - INFO - [logger.py:104] - Successfully calculated rolling correlation with 643 data points
2025-05-18 01:16:25 - __main__ - INFO - [logger.py:104] - Detecting correlation breakdowns between ETH and SOL with threshold 0.2
2025-05-18 01:16:25 - __main__ - INFO - [logger.py:104] - Calculating rolling correlation between ETH and SOL with window=30
2025-05-18 01:16:25 - __main__ - INFO - [logger.py:104] - Successfully calculated rolling correlation with 643 data points
2025-05-18 01:16:25 - __main__ - INFO - [logger.py:104] - Found 1 correlation breakdown points
2025-05-18 01:16:25 - __main__ - INFO - [logger.py:104] - Calculating market beta for ETH relative to BTC
2025-05-18 01:16:25 - __main__ - INFO - [logger.py:104] - Calculating market beta for SOL relative to BTC
2025-05-18 01:16:25 - __main__ - INFO - [logger.py:104] - Finding leading indicators for BTC among 2 candidates
2025-05-18 01:16:25 - __main__ - INFO - [logger.py:104] - Predicting movement for BTC using 2 correlated symbols with horizon 24
2025-05-18 01:16:26 - __main__ - INFO - [logger.py:104] - Prediction model R² score: -0.0046
2025-05-18 01:16:26 - __main__ - INFO - [logger.py:104] - Successfully generated prediction for BTC with 24 periods horizon
2025-05-18 01:16:26 - __main__ - INFO - [logger.py:104] - Analyzing market regime correlations for 3 symbols across 2 regimes
2025-05-18 01:16:26 - __main__ - INFO - [logger.py:104] - Analyzing regime 'Перша половина періоду' from 2025-04-18 01:16:24.993892 to 2025-05-03 01:16:24.993892
2025-05-18 01:16:26 - __main__ - INFO - [logger.py:104] - Розрахунок кореляції цін для 3 символів з таймфреймом 1d
2025-05-18 01:16:26 - __main__ - INFO - [logger.py:104] - Матриця кореляції цін успішно розрахована з використанням методу pearson
2025-05-18 01:16:26 - __main__ - INFO - [logger.py:104] - Saving price correlation matrix to database
2025-05-18 01:16:26 - __main__ - ERROR - [logger.py:112] - Error saving correlation to database: DatabaseManager.save_correlation_matrix() missing 1 required positional argument: 'end_time'
2025-05-18 01:16:26 - __main__ - INFO - [logger.py:104] - Розрахунок кореляції доходності для 3 символів з таймфреймом 1h та періодом 1
2025-05-18 01:16:26 - __main__ - INFO - [logger.py:104] - Матриця кореляції доходності успішно розрахована з використанням методу pearson
2025-05-18 01:16:26 - __main__ - INFO - [logger.py:104] - Saving returns correlation matrix to database
2025-05-18 01:16:26 - __main__ - ERROR - [logger.py:112] - Error saving correlation to database: DatabaseManager.save_correlation_matrix() missing 1 required positional argument: 'end_time'
2025-05-18 01:16:26 - __main__ - INFO - [logger.py:104] - Розрахунок кореляції волатильності для 3 символів з таймфреймом 1h та вікном 30
2025-05-18 01:16:26 - __main__ - INFO - [logger.py:104] - Матриця кореляції волатильності успішно розрахована з використанням методу pearson
2025-05-18 01:16:26 - __main__ - INFO - [logger.py:104] - Saving volatility correlation matrix to database
2025-05-18 01:16:26 - __main__ - ERROR - [logger.py:112] - Error saving correlation to database: DatabaseManager.save_correlation_matrix() missing 1 required positional argument: 'end_time'
2025-05-18 01:16:26 - __main__ - INFO - [logger.py:104] - Розрахунок кореляції об'ємів торгівлі для 3 символів з таймфреймом 1h
2025-05-18 01:16:26 - __main__ - WARNING - [logger.py:108] - Виявлено 8 викидів об'єму для BTC. Заміна значеннями за медіаною
2025-05-18 01:16:26 - __main__ - WARNING - [logger.py:108] - Виявлено 5 викидів об'єму для ETH. Заміна значеннями за медіаною
2025-05-18 01:16:26 - __main__ - WARNING - [logger.py:108] - Виявлено 5 викидів об'єму для SOL. Заміна значеннями за медіаною
2025-05-18 01:16:26 - __main__ - INFO - [logger.py:104] - Матриця кореляції об'ємів торгівлі успішно розрахована з використанням методу pearson
2025-05-18 01:16:26 - __main__ - INFO - [logger.py:104] - Saving volume correlation matrix to database
2025-05-18 01:16:26 - __main__ - ERROR - [logger.py:112] - Error saving correlation to database: DatabaseManager.save_correlation_matrix() missing 1 required positional argument: 'end_time'
2025-05-18 01:16:26 - __main__ - INFO - [logger.py:104] - Regime Перша половина періоду - Average correlation: 0.7726
2025-05-18 01:16:26 - __main__ - INFO - [logger.py:104] - Analyzing regime 'Друга половина періоду' from 2025-05-03 01:16:24.993892 to 2025-05-18 01:16:24.993892
2025-05-18 01:16:26 - __main__ - INFO - [logger.py:104] - Розрахунок кореляції цін для 3 символів з таймфреймом 1d
2025-05-18 01:16:26 - __main__ - INFO - [logger.py:104] - Матриця кореляції цін успішно розрахована з використанням методу pearson
2025-05-18 01:16:26 - __main__ - INFO - [logger.py:104] - Saving price correlation matrix to database
2025-05-18 01:16:26 - __main__ - ERROR - [logger.py:112] - Error saving correlation to database: DatabaseManager.save_correlation_matrix() missing 1 required positional argument: 'end_time'
2025-05-18 01:16:26 - __main__ - INFO - [logger.py:104] - Розрахунок кореляції доходності для 3 символів з таймфреймом 1h та періодом 1
2025-05-18 01:16:26 - __main__ - INFO - [logger.py:104] - Матриця кореляції доходності успішно розрахована з використанням методу pearson
2025-05-18 01:16:26 - __main__ - INFO - [logger.py:104] - Saving returns correlation matrix to database
2025-05-18 01:16:26 - __main__ - ERROR - [logger.py:112] - Error saving correlation to database: DatabaseManager.save_correlation_matrix() missing 1 required positional argument: 'end_time'
2025-05-18 01:16:26 - __main__ - INFO - [logger.py:104] - Розрахунок кореляції волатильності для 3 символів з таймфреймом 1h та вікном 30
2025-05-18 01:16:26 - __main__ - INFO - [logger.py:104] - Матриця кореляції волатильності успішно розрахована з використанням методу pearson
2025-05-18 01:16:26 - __main__ - INFO - [logger.py:104] - Saving volatility correlation matrix to database
2025-05-18 01:16:26 - __main__ - ERROR - [logger.py:112] - Error saving correlation to database: DatabaseManager.save_correlation_matrix() missing 1 required positional argument: 'end_time'
2025-05-18 01:16:26 - __main__ - INFO - [logger.py:104] - Розрахунок кореляції об'ємів торгівлі для 3 символів з таймфреймом 1h
2025-05-18 01:16:26 - __main__ - WARNING - [logger.py:108] - Виявлено 8 викидів об'єму для BTC. Заміна значеннями за медіаною
2025-05-18 01:16:26 - __main__ - WARNING - [logger.py:108] - Виявлено 5 викидів об'єму для ETH. Заміна значеннями за медіаною
2025-05-18 01:16:26 - __main__ - WARNING - [logger.py:108] - Виявлено 7 викидів об'єму для SOL. Заміна значеннями за медіаною
2025-05-18 01:16:26 - __main__ - INFO - [logger.py:104] - Матриця кореляції об'ємів торгівлі успішно розрахована з використанням методу pearson
2025-05-18 01:16:26 - __main__ - INFO - [logger.py:104] - Saving volume correlation matrix to database
2025-05-18 01:16:26 - __main__ - ERROR - [logger.py:112] - Error saving correlation to database: DatabaseManager.save_correlation_matrix() missing 1 required positional argument: 'end_time'
2025-05-18 01:16:26 - __main__ - INFO - [logger.py:104] - Regime Друга половина періоду - Average correlation: 0.6675
2025-05-18 01:16:26 - __main__ - INFO - [logger.py:104] - Market regime correlation analysis complete for 2 regimes
2025-05-18 01:25:01 - __main__ - INFO - [logger.py:104] - Ініціалізація аналізатора ринкової кореляції
2025-05-18 01:25:01 - __main__ - INFO - [logger.py:104] - Розрахунок кореляції цін для 3 символів з таймфреймом 1d
2025-05-18 01:25:01 - __main__ - ERROR - [logger.py:112] - Помилка при розрахунку кореляції цін: 'timestamp'
2025-05-18 01:28:30 - __main__ - INFO - [logger.py:104] - Ініціалізація аналізатора ринкової кореляції
2025-05-18 01:28:30 - __main__ - INFO - [logger.py:104] - Розрахунок кореляції цін для 3 символів з таймфреймом 1d
2025-05-18 01:28:30 - __main__ - INFO - [logger.py:104] - Матриця кореляції цін успішно розрахована з використанням методу pearson
2025-05-18 01:28:30 - __main__ - INFO - [logger.py:104] - Saving price correlation matrix to database
2025-05-18 01:28:30 - __main__ - ERROR - [logger.py:112] - Error saving correlation to database: DatabaseManager.save_correlation_matrix() missing 1 required positional argument: 'end_time'
2025-05-18 01:28:30 - __main__ - INFO - [logger.py:104] - Found 3 highly correlated pairs with threshold 0.7
2025-05-18 01:28:30 - __main__ - INFO - [logger.py:104] - Found 0 highly anti-correlated pairs with threshold -0.3
2025-05-18 01:28:30 - __main__ - INFO - [logger.py:104] - Розрахунок кореляції доходності для 3 символів з таймфреймом 1h та періодом 1
2025-05-18 01:28:30 - __main__ - INFO - [logger.py:104] - Матриця кореляції доходності успішно розрахована з використанням методу pearson
2025-05-18 01:28:30 - __main__ - INFO - [logger.py:104] - Saving returns correlation matrix to database
2025-05-18 01:28:30 - __main__ - ERROR - [logger.py:112] - Error saving correlation to database: DatabaseManager.save_correlation_matrix() missing 1 required positional argument: 'end_time'
2025-05-18 01:28:30 - __main__ - INFO - [logger.py:104] - Розрахунок кореляції волатильності для 3 символів з таймфреймом 1h та вікном 30
2025-05-18 01:28:30 - __main__ - INFO - [logger.py:104] - Матриця кореляції волатильності успішно розрахована з використанням методу pearson
2025-05-18 01:28:30 - __main__ - INFO - [logger.py:104] - Saving volatility correlation matrix to database
2025-05-18 01:28:30 - __main__ - ERROR - [logger.py:112] - Error saving correlation to database: DatabaseManager.save_correlation_matrix() missing 1 required positional argument: 'end_time'
2025-05-18 01:28:30 - __main__ - INFO - [logger.py:104] - Розрахунок кореляції об'ємів торгівлі для 3 символів з таймфреймом 1h
2025-05-18 01:28:30 - __main__ - WARNING - [logger.py:108] - Виявлено 15 викидів об'єму для BTC. Заміна значеннями за медіаною
2025-05-18 01:28:30 - __main__ - WARNING - [logger.py:108] - Виявлено 10 викидів об'єму для ETH. Заміна значеннями за медіаною
2025-05-18 01:28:30 - __main__ - WARNING - [logger.py:108] - Виявлено 12 викидів об'єму для SOL. Заміна значеннями за медіаною
2025-05-18 01:28:30 - __main__ - INFO - [logger.py:104] - Матриця кореляції об'ємів торгівлі успішно розрахована з використанням методу pearson
2025-05-18 01:28:30 - __main__ - INFO - [logger.py:104] - Saving volume correlation matrix to database
2025-05-18 01:28:30 - __main__ - ERROR - [logger.py:112] - Error saving correlation to database: DatabaseManager.save_correlation_matrix() missing 1 required positional argument: 'end_time'
2025-05-18 01:28:30 - __main__ - INFO - [logger.py:104] - Calculating rolling correlation between ETH and SOL with window=24
2025-05-18 01:28:30 - __main__ - INFO - [logger.py:104] - Successfully calculated rolling correlation with 643 data points
2025-05-18 01:28:30 - __main__ - INFO - [logger.py:104] - Detecting correlation breakdowns between ETH and SOL with threshold 0.2
2025-05-18 01:28:30 - __main__ - INFO - [logger.py:104] - Calculating rolling correlation between ETH and SOL with window=30
2025-05-18 01:28:30 - __main__ - INFO - [logger.py:104] - Successfully calculated rolling correlation with 643 data points
2025-05-18 01:28:30 - __main__ - INFO - [logger.py:104] - Found 1 correlation breakdown points
2025-05-18 01:28:30 - __main__ - INFO - [logger.py:104] - Calculating market beta for ETH relative to BTC
2025-05-18 01:28:30 - __main__ - INFO - [logger.py:104] - Calculating market beta for SOL relative to BTC
2025-05-18 01:28:30 - __main__ - INFO - [logger.py:104] - Finding leading indicators for BTC among 2 candidates
2025-05-18 01:28:30 - __main__ - INFO - [logger.py:104] - Predicting movement for BTC using 2 correlated symbols with horizon 24
2025-05-18 01:28:31 - __main__ - INFO - [logger.py:104] - Prediction model R² score: -0.0046
2025-05-18 01:28:31 - __main__ - INFO - [logger.py:104] - Successfully generated prediction for BTC with 24 periods horizon
2025-05-18 01:28:31 - __main__ - INFO - [logger.py:104] - Analyzing market regime correlations for 3 symbols across 2 regimes
2025-05-18 01:28:31 - __main__ - INFO - [logger.py:104] - Analyzing regime 'Перша половина періоду' from 2025-04-18 01:28:30.463604 to 2025-05-03 01:28:30.463604
2025-05-18 01:28:31 - __main__ - INFO - [logger.py:104] - Розрахунок кореляції цін для 3 символів з таймфреймом 1d
2025-05-18 01:28:31 - __main__ - INFO - [logger.py:104] - Матриця кореляції цін успішно розрахована з використанням методу pearson
2025-05-18 01:28:31 - __main__ - INFO - [logger.py:104] - Saving price correlation matrix to database
2025-05-18 01:28:31 - __main__ - ERROR - [logger.py:112] - Error saving correlation to database: DatabaseManager.save_correlation_matrix() missing 1 required positional argument: 'end_time'
2025-05-18 01:28:31 - __main__ - INFO - [logger.py:104] - Розрахунок кореляції доходності для 3 символів з таймфреймом 1h та періодом 1
2025-05-18 01:28:31 - __main__ - INFO - [logger.py:104] - Матриця кореляції доходності успішно розрахована з використанням методу pearson
2025-05-18 01:28:31 - __main__ - INFO - [logger.py:104] - Saving returns correlation matrix to database
2025-05-18 01:28:31 - __main__ - ERROR - [logger.py:112] - Error saving correlation to database: DatabaseManager.save_correlation_matrix() missing 1 required positional argument: 'end_time'
2025-05-18 01:28:31 - __main__ - INFO - [logger.py:104] - Розрахунок кореляції волатильності для 3 символів з таймфреймом 1h та вікном 30
2025-05-18 01:28:31 - __main__ - INFO - [logger.py:104] - Матриця кореляції волатильності успішно розрахована з використанням методу pearson
2025-05-18 01:28:31 - __main__ - INFO - [logger.py:104] - Saving volatility correlation matrix to database
2025-05-18 01:28:31 - __main__ - ERROR - [logger.py:112] - Error saving correlation to database: DatabaseManager.save_correlation_matrix() missing 1 required positional argument: 'end_time'
2025-05-18 01:28:31 - __main__ - INFO - [logger.py:104] - Розрахунок кореляції об'ємів торгівлі для 3 символів з таймфреймом 1h
2025-05-18 01:28:31 - __main__ - WARNING - [logger.py:108] - Виявлено 8 викидів об'єму для BTC. Заміна значеннями за медіаною
2025-05-18 01:28:31 - __main__ - WARNING - [logger.py:108] - Виявлено 5 викидів об'єму для ETH. Заміна значеннями за медіаною
2025-05-18 01:28:31 - __main__ - WARNING - [logger.py:108] - Виявлено 5 викидів об'єму для SOL. Заміна значеннями за медіаною
2025-05-18 01:28:31 - __main__ - INFO - [logger.py:104] - Матриця кореляції об'ємів торгівлі успішно розрахована з використанням методу pearson
2025-05-18 01:28:31 - __main__ - INFO - [logger.py:104] - Saving volume correlation matrix to database
2025-05-18 01:28:31 - __main__ - ERROR - [logger.py:112] - Error saving correlation to database: DatabaseManager.save_correlation_matrix() missing 1 required positional argument: 'end_time'
2025-05-18 01:28:31 - __main__ - INFO - [logger.py:104] - Regime Перша половина періоду - Average correlation: 0.7726
2025-05-18 01:28:31 - __main__ - INFO - [logger.py:104] - Analyzing regime 'Друга половина періоду' from 2025-05-03 01:28:30.463604 to 2025-05-18 01:28:30.463604
2025-05-18 01:28:31 - __main__ - INFO - [logger.py:104] - Розрахунок кореляції цін для 3 символів з таймфреймом 1d
2025-05-18 01:28:31 - __main__ - INFO - [logger.py:104] - Матриця кореляції цін успішно розрахована з використанням методу pearson
2025-05-18 01:28:31 - __main__ - INFO - [logger.py:104] - Saving price correlation matrix to database
2025-05-18 01:28:31 - __main__ - ERROR - [logger.py:112] - Error saving correlation to database: DatabaseManager.save_correlation_matrix() missing 1 required positional argument: 'end_time'
2025-05-18 01:28:31 - __main__ - INFO - [logger.py:104] - Розрахунок кореляції доходності для 3 символів з таймфреймом 1h та періодом 1
2025-05-18 01:28:31 - __main__ - INFO - [logger.py:104] - Матриця кореляції доходності успішно розрахована з використанням методу pearson
2025-05-18 01:28:31 - __main__ - INFO - [logger.py:104] - Saving returns correlation matrix to database
2025-05-18 01:28:31 - __main__ - ERROR - [logger.py:112] - Error saving correlation to database: DatabaseManager.save_correlation_matrix() missing 1 required positional argument: 'end_time'
2025-05-18 01:28:31 - __main__ - INFO - [logger.py:104] - Розрахунок кореляції волатильності для 3 символів з таймфреймом 1h та вікном 30
2025-05-18 01:28:31 - __main__ - INFO - [logger.py:104] - Матриця кореляції волатильності успішно розрахована з використанням методу pearson
2025-05-18 01:28:31 - __main__ - INFO - [logger.py:104] - Saving volatility correlation matrix to database
2025-05-18 01:28:31 - __main__ - ERROR - [logger.py:112] - Error saving correlation to database: DatabaseManager.save_correlation_matrix() missing 1 required positional argument: 'end_time'
2025-05-18 01:28:31 - __main__ - INFO - [logger.py:104] - Розрахунок кореляції об'ємів торгівлі для 3 символів з таймфреймом 1h
2025-05-18 01:28:31 - __main__ - WARNING - [logger.py:108] - Виявлено 8 викидів об'єму для BTC. Заміна значеннями за медіаною
2025-05-18 01:28:31 - __main__ - WARNING - [logger.py:108] - Виявлено 5 викидів об'єму для ETH. Заміна значеннями за медіаною
2025-05-18 01:28:31 - __main__ - WARNING - [logger.py:108] - Виявлено 7 викидів об'єму для SOL. Заміна значеннями за медіаною
2025-05-18 01:28:31 - __main__ - INFO - [logger.py:104] - Матриця кореляції об'ємів торгівлі успішно розрахована з використанням методу pearson
2025-05-18 01:28:31 - __main__ - INFO - [logger.py:104] - Saving volume correlation matrix to database
2025-05-18 01:28:31 - __main__ - ERROR - [logger.py:112] - Error saving correlation to database: DatabaseManager.save_correlation_matrix() missing 1 required positional argument: 'end_time'
2025-05-18 01:28:31 - __main__ - INFO - [logger.py:104] - Regime Друга половина періоду - Average correlation: 0.6675
2025-05-18 01:28:31 - __main__ - INFO - [logger.py:104] - Market regime correlation analysis complete for 2 regimes
2025-05-18 01:56:32 - __main__ - INFO - [logger.py:104] - Running full volatility analysis for BTC on 1d timeframe
2025-05-18 01:56:32 - __main__ - ERROR - [logger.py:112] - Error in full volatility analysis for BTC: loop of ufunc does not support argument 0 of type float which has no callable log method
2025-05-18 01:59:42 - __main__ - INFO - [logger.py:104] - Running full volatility analysis for BTC on 1d timeframe
2025-05-18 01:59:42 - __main__ - ERROR - [logger.py:112] - Помилка при обчисленні історичної волатильності: loop of ufunc does not support argument 0 of type float which has no callable log method
2025-05-18 01:59:42 - __main__ - ERROR - [logger.py:112] - Помилка при обчисленні історичної волатильності: loop of ufunc does not support argument 0 of type float which has no callable log method
2025-05-18 01:59:42 - __main__ - ERROR - [logger.py:112] - Помилка при обчисленні історичної волатильності: loop of ufunc does not support argument 0 of type float which has no callable log method
2025-05-18 01:59:42 - __main__ - ERROR - [logger.py:112] - Помилка при обчисленні історичної волатильності: loop of ufunc does not support argument 0 of type float which has no callable log method
2025-05-18 01:59:42 - __main__ - ERROR - [logger.py:112] - Error in full volatility analysis for BTC: loop of ufunc does not support argument 0 of type decimal.Decimal which has no callable log method
2025-05-18 02:08:30 - __main__ - INFO - [logger.py:104] - Running full volatility analysis for BTC on 1d timeframe
2025-05-18 02:08:30 - __main__ - WARNING - [logger.py:108] - Знайдено нульові або від'ємні значення в OHLC даних - ці точки будуть пропущені
2025-05-18 02:08:30 - __main__ - INFO - [logger.py:104] - Виявлення 3 режимів волатильності за методом kmeans
2025-05-18 02:08:30 - __main__ - INFO - [logger.py:104] - Успішно виявлено 3 режимів волатильності
2025-05-18 02:08:30 - __main__ - INFO - [logger.py:104] - Обчислення метрик ризику волатильності
2025-05-18 02:08:30 - __main__ - INFO - [logger.py:104] - Виявлено 188 проривів волатильності з 2831 точок
2025-05-18 02:08:30 - __main__ - ERROR - [logger.py:112] - Помилка при вилученні сезонності з волатильності: Length mismatch: Expected axis has 1 elements, new values have 7 elements
2025-05-18 02:08:30 - __main__ - ERROR - [logger.py:112] - Помилка при вилученні сезонності з волатильності: Length mismatch: Expected axis has 1 elements, new values have 12 elements
2025-05-18 02:08:30 - __main__ - ERROR - [logger.py:112] - Error in full volatility analysis for BTC: unhashable type: 'Series'
2025-05-18 02:11:51 - __main__ - INFO - [logger.py:104] - Running full volatility analysis for BTC on 1d timeframe
2025-05-18 02:11:51 - __main__ - WARNING - [logger.py:108] - Знайдено нульові або від'ємні значення в OHLC даних - ці точки будуть пропущені
2025-05-18 02:11:51 - __main__ - INFO - [logger.py:104] - Виявлення 3 режимів волатильності за методом kmeans
2025-05-18 02:11:51 - __main__ - INFO - [logger.py:104] - Успішно виявлено 3 режимів волатильності
2025-05-18 02:11:51 - __main__ - INFO - [logger.py:104] - Обчислення метрик ризику волатильності
2025-05-18 02:11:51 - __main__ - INFO - [logger.py:104] - Виявлено 188 проривів волатильності з 2831 точок
2025-05-18 02:11:51 - __main__ - ERROR - [logger.py:112] - Помилка при вилученні сезонності з волатильності: Length mismatch: Expected axis has 1 elements, new values have 7 elements
2025-05-18 02:11:51 - __main__ - ERROR - [logger.py:112] - Помилка при вилученні сезонності з волатильності: Length mismatch: Expected axis has 1 elements, new values have 12 elements
2025-05-18 02:11:51 - __main__ - ERROR - [logger.py:112] - Error in full volatility analysis for BTC: unhashable type: 'Series'
2025-05-18 12:04:39 - __main__ - INFO - [logger.py:104] - Running full volatility analysis for BTC on 1d timeframe
2025-05-18 12:04:39 - __main__ - WARNING - [logger.py:108] - Знайдено нульові або від'ємні значення в OHLC даних - ці точки будуть пропущені
2025-05-18 12:04:39 - __main__ - INFO - [logger.py:104] - Виявлення 3 режимів волатильності за методом kmeans
2025-05-18 12:04:39 - __main__ - INFO - [logger.py:104] - Успішно виявлено 3 режимів волатильності
2025-05-18 12:04:39 - __main__ - INFO - [logger.py:104] - Обчислення метрик ризику волатильності
2025-05-18 12:04:39 - __main__ - INFO - [logger.py:104] - Виявлено 188 проривів волатильності з 2831 точок
2025-05-18 12:04:39 - __main__ - ERROR - [logger.py:112] - Помилка при вилученні сезонності з волатильності: Length mismatch: Expected axis has 1 elements, new values have 7 elements
2025-05-18 12:04:39 - __main__ - ERROR - [logger.py:112] - Помилка при вилученні сезонності з волатильності: Length mismatch: Expected axis has 1 elements, new values have 12 elements
2025-05-18 12:04:39 - __main__ - ERROR - [logger.py:112] - Error in full volatility analysis for BTC: unhashable type: 'Series'
2025-05-18 15:19:04 - __main__ - INFO - [logger.py:104] - Ініціалізація аналізатора ринкової кореляції
2025-05-18 15:19:04 - __main__ - INFO - [logger.py:104] - Розрахунок кореляції цін для 3 символів з таймфреймом 1d
2025-05-18 15:19:04 - __main__ - INFO - [logger.py:104] - Матриця кореляції цін успішно розрахована з використанням методу pearson
2025-05-18 15:19:04 - __main__ - INFO - [logger.py:104] - Saving price correlation matrix to database
2025-05-18 15:19:04 - __main__ - ERROR - [logger.py:112] - Error saving correlation to database: DatabaseManager.save_correlation_matrix() missing 1 required positional argument: 'start_time'
2025-05-18 15:19:04 - __main__ - INFO - [logger.py:104] - Found 3 highly correlated pairs with threshold 0.7
2025-05-18 15:19:04 - __main__ - INFO - [logger.py:104] - Found 0 highly anti-correlated pairs with threshold -0.3
2025-05-18 15:19:04 - __main__ - INFO - [logger.py:104] - Розрахунок кореляції доходності для 3 символів з таймфреймом 1h та періодом 1
2025-05-18 15:19:04 - __main__ - INFO - [logger.py:104] - Матриця кореляції доходності успішно розрахована з використанням методу pearson
2025-05-18 15:19:04 - __main__ - INFO - [logger.py:104] - Saving returns correlation matrix to database
2025-05-18 15:19:04 - __main__ - ERROR - [logger.py:112] - Error saving correlation to database: DatabaseManager.save_correlation_matrix() missing 1 required positional argument: 'start_time'
2025-05-18 15:19:04 - __main__ - INFO - [logger.py:104] - Розрахунок кореляції волатильності для 3 символів з таймфреймом 1h та вікном 30
2025-05-18 15:19:04 - __main__ - INFO - [logger.py:104] - Матриця кореляції волатильності успішно розрахована з використанням методу pearson
2025-05-18 15:19:04 - __main__ - INFO - [logger.py:104] - Saving volatility correlation matrix to database
2025-05-18 15:19:04 - __main__ - ERROR - [logger.py:112] - Error saving correlation to database: DatabaseManager.save_correlation_matrix() missing 1 required positional argument: 'start_time'
2025-05-18 15:19:04 - __main__ - INFO - [logger.py:104] - Розрахунок кореляції об'ємів торгівлі для 3 символів з таймфреймом 1h
2025-05-18 15:19:04 - __main__ - WARNING - [logger.py:108] - Виявлено 16 викидів об'єму для BTC. Заміна значеннями за медіаною
2025-05-18 15:19:04 - __main__ - WARNING - [logger.py:108] - Виявлено 11 викидів об'єму для ETH. Заміна значеннями за медіаною
2025-05-18 15:19:04 - __main__ - WARNING - [logger.py:108] - Виявлено 14 викидів об'єму для SOL. Заміна значеннями за медіаною
2025-05-18 15:19:04 - __main__ - INFO - [logger.py:104] - Матриця кореляції об'ємів торгівлі успішно розрахована з використанням методу pearson
2025-05-18 15:19:04 - __main__ - INFO - [logger.py:104] - Saving volume correlation matrix to database
2025-05-18 15:19:04 - __main__ - ERROR - [logger.py:112] - Error saving correlation to database: DatabaseManager.save_correlation_matrix() missing 1 required positional argument: 'start_time'
2025-05-18 15:19:04 - __main__ - INFO - [logger.py:104] - Calculating rolling correlation between ETH and SOL with window=24
2025-05-18 15:19:04 - __main__ - INFO - [logger.py:104] - Successfully calculated rolling correlation with 701 data points
2025-05-18 15:19:04 - __main__ - INFO - [logger.py:104] - Detecting correlation breakdowns between ETH and SOL with threshold 0.2
2025-05-18 15:19:04 - __main__ - INFO - [logger.py:104] - Calculating rolling correlation between ETH and SOL with window=30
2025-05-18 15:19:04 - __main__ - INFO - [logger.py:104] - Successfully calculated rolling correlation with 701 data points
2025-05-18 15:19:04 - __main__ - INFO - [logger.py:104] - Found 1 correlation breakdown points
2025-05-18 15:19:04 - __main__ - INFO - [logger.py:104] - Calculating market beta for ETH relative to BTC
2025-05-18 15:19:04 - __main__ - INFO - [logger.py:104] - Calculating market beta for SOL relative to BTC
2025-05-18 15:19:04 - __main__ - INFO - [logger.py:104] - Finding leading indicators for BTC among 2 candidates
2025-05-18 15:19:05 - __main__ - INFO - [logger.py:104] - Predicting movement for BTC using 2 correlated symbols with horizon 24
2025-05-18 15:19:05 - __main__ - INFO - [logger.py:104] - Prediction model R² score: -0.0047
2025-05-18 15:19:05 - __main__ - INFO - [logger.py:104] - Successfully generated prediction for BTC with 24 periods horizon
2025-05-18 15:19:05 - __main__ - INFO - [logger.py:104] - Analyzing market regime correlations for 3 symbols across 2 regimes
2025-05-18 15:19:05 - __main__ - INFO - [logger.py:104] - Analyzing regime 'Перша половина періоду' from 2025-04-18 15:19:04.745913 to 2025-05-03 15:19:04.745913
2025-05-18 15:19:05 - __main__ - INFO - [logger.py:104] - Розрахунок кореляції цін для 3 символів з таймфреймом 1d
2025-05-18 15:19:05 - __main__ - INFO - [logger.py:104] - Матриця кореляції цін успішно розрахована з використанням методу pearson
2025-05-18 15:19:05 - __main__ - INFO - [logger.py:104] - Saving price correlation matrix to database
2025-05-18 15:19:05 - __main__ - ERROR - [logger.py:112] - Error saving correlation to database: DatabaseManager.save_correlation_matrix() missing 1 required positional argument: 'start_time'
2025-05-18 15:19:05 - __main__ - INFO - [logger.py:104] - Розрахунок кореляції доходності для 3 символів з таймфреймом 1h та періодом 1
2025-05-18 15:19:05 - __main__ - INFO - [logger.py:104] - Матриця кореляції доходності успішно розрахована з використанням методу pearson
2025-05-18 15:19:05 - __main__ - INFO - [logger.py:104] - Saving returns correlation matrix to database
2025-05-18 15:19:05 - __main__ - ERROR - [logger.py:112] - Error saving correlation to database: DatabaseManager.save_correlation_matrix() missing 1 required positional argument: 'start_time'
2025-05-18 15:19:05 - __main__ - INFO - [logger.py:104] - Розрахунок кореляції волатильності для 3 символів з таймфреймом 1h та вікном 30
2025-05-18 15:19:05 - __main__ - INFO - [logger.py:104] - Матриця кореляції волатильності успішно розрахована з використанням методу pearson
2025-05-18 15:19:05 - __main__ - INFO - [logger.py:104] - Saving volatility correlation matrix to database
2025-05-18 15:19:05 - __main__ - ERROR - [logger.py:112] - Error saving correlation to database: DatabaseManager.save_correlation_matrix() missing 1 required positional argument: 'start_time'
2025-05-18 15:19:05 - __main__ - INFO - [logger.py:104] - Розрахунок кореляції об'ємів торгівлі для 3 символів з таймфреймом 1h
2025-05-18 15:19:05 - __main__ - WARNING - [logger.py:108] - Виявлено 8 викидів об'єму для BTC. Заміна значеннями за медіаною
2025-05-18 15:19:05 - __main__ - WARNING - [logger.py:108] - Виявлено 5 викидів об'єму для ETH. Заміна значеннями за медіаною
2025-05-18 15:19:05 - __main__ - WARNING - [logger.py:108] - Виявлено 5 викидів об'єму для SOL. Заміна значеннями за медіаною
2025-05-18 15:19:05 - __main__ - INFO - [logger.py:104] - Матриця кореляції об'ємів торгівлі успішно розрахована з використанням методу pearson
2025-05-18 15:19:05 - __main__ - INFO - [logger.py:104] - Saving volume correlation matrix to database
2025-05-18 15:19:05 - __main__ - ERROR - [logger.py:112] - Error saving correlation to database: DatabaseManager.save_correlation_matrix() missing 1 required positional argument: 'start_time'
2025-05-18 15:19:05 - __main__ - INFO - [logger.py:104] - Regime Перша половина періоду - Average correlation: 0.7738
2025-05-18 15:19:05 - __main__ - INFO - [logger.py:104] - Analyzing regime 'Друга половина періоду' from 2025-05-03 15:19:04.745913 to 2025-05-18 15:19:04.745913
2025-05-18 15:19:05 - __main__ - INFO - [logger.py:104] - Розрахунок кореляції цін для 3 символів з таймфреймом 1d
2025-05-18 15:19:05 - __main__ - INFO - [logger.py:104] - Матриця кореляції цін успішно розрахована з використанням методу pearson
2025-05-18 15:19:05 - __main__ - INFO - [logger.py:104] - Saving price correlation matrix to database
2025-05-18 15:19:05 - __main__ - ERROR - [logger.py:112] - Error saving correlation to database: DatabaseManager.save_correlation_matrix() missing 1 required positional argument: 'start_time'
2025-05-18 15:19:05 - __main__ - INFO - [logger.py:104] - Розрахунок кореляції доходності для 3 символів з таймфреймом 1h та періодом 1
2025-05-18 15:19:05 - __main__ - INFO - [logger.py:104] - Матриця кореляції доходності успішно розрахована з використанням методу pearson
2025-05-18 15:19:05 - __main__ - INFO - [logger.py:104] - Saving returns correlation matrix to database
2025-05-18 15:19:05 - __main__ - ERROR - [logger.py:112] - Error saving correlation to database: DatabaseManager.save_correlation_matrix() missing 1 required positional argument: 'start_time'
2025-05-18 15:19:05 - __main__ - INFO - [logger.py:104] - Розрахунок кореляції волатильності для 3 символів з таймфреймом 1h та вікном 30
2025-05-18 15:19:05 - __main__ - INFO - [logger.py:104] - Матриця кореляції волатильності успішно розрахована з використанням методу pearson
2025-05-18 15:19:05 - __main__ - INFO - [logger.py:104] - Saving volatility correlation matrix to database
2025-05-18 15:19:05 - __main__ - ERROR - [logger.py:112] - Error saving correlation to database: DatabaseManager.save_correlation_matrix() missing 1 required positional argument: 'start_time'
2025-05-18 15:19:05 - __main__ - INFO - [logger.py:104] - Розрахунок кореляції об'ємів торгівлі для 3 символів з таймфреймом 1h
2025-05-18 15:19:05 - __main__ - WARNING - [logger.py:108] - Виявлено 8 викидів об'єму для BTC. Заміна значеннями за медіаною
2025-05-18 15:19:05 - __main__ - WARNING - [logger.py:108] - Виявлено 6 викидів об'єму для ETH. Заміна значеннями за медіаною
2025-05-18 15:19:05 - __main__ - WARNING - [logger.py:108] - Виявлено 7 викидів об'єму для SOL. Заміна значеннями за медіаною
2025-05-18 15:19:05 - __main__ - INFO - [logger.py:104] - Матриця кореляції об'ємів торгівлі успішно розрахована з використанням методу pearson
2025-05-18 15:19:05 - __main__ - INFO - [logger.py:104] - Saving volume correlation matrix to database
2025-05-18 15:19:05 - __main__ - ERROR - [logger.py:112] - Error saving correlation to database: DatabaseManager.save_correlation_matrix() missing 1 required positional argument: 'start_time'
2025-05-18 15:19:05 - __main__ - INFO - [logger.py:104] - Regime Друга половина періоду - Average correlation: 0.7011
2025-05-18 15:19:05 - __main__ - INFO - [logger.py:104] - Market regime correlation analysis complete for 2 regimes
