2025-05-27 11:57:12 - supportresistantanalyzer - INFO - [logger.py:103] - Identified 2 support and 2 resistance levels
2025-05-27 12:03:33 - supportresistantanalyzer - INFO - [logger.py:103] - Identified 2 support and 2 resistance levels
2025-05-27 12:06:38 - supportresistantanalyzer - INFO - [logger.py:103] - Identified 2 support and 2 resistance levels
2025-05-27 12:08:50 - supportresistantanalyzer - INFO - [logger.py:103] - Identified 2 support and 2 resistance levels
2025-05-27 12:21:53 - supportresistantanalyzer - INFO - [logger.py:103] - Identified 2 support and 2 resistance levels
2025-05-27 12:29:41 - supportresistantanalyzer - INFO - [logger.py:103] - Identified 2 support and 2 resistance levels
2025-05-27 12:35:24 - supportresistantanalyzer - INFO - [logger.py:103] - Identified 2 support and 2 resistance levels
2025-05-27 12:35:24 - supportresistantanalyzer - INFO - [logger.py:103] - Використовуємо останні 30 записів для розрахунку Фібоначчі
2025-05-27 12:35:24 - supportresistantanalyzer - INFO - [logger.py:103] - Розраховано 17 рівнів Фібоначчі для downtrend
2025-05-27 12:35:24 - supportresistantanalyzer - INFO - [logger.py:103] - Swing High: 4939.19, Swing Low: 3400.0
2025-05-27 12:35:24 - supportresistantanalyzer - INFO - [logger.py:103] - Поточна ціна: 4285.08, діапазон: 1539.19
2025-05-27 12:37:33 - supportresistantanalyzer - INFO - [logger.py:103] - Identified 2 support and 2 resistance levels
2025-05-27 12:37:52 - supportresistantanalyzer - INFO - [logger.py:103] - Identified 2 support and 2 resistance levels
2025-05-27 12:37:53 - supportresistantanalyzer - INFO - [logger.py:103] - Використовуємо останні 30 записів для розрахунку Фібоначчі
2025-05-27 12:37:53 - supportresistantanalyzer - INFO - [logger.py:103] - Розраховано 17 рівнів Фібоначчі для downtrend
2025-05-27 12:37:53 - supportresistantanalyzer - INFO - [logger.py:103] - Swing High: 4939.19, Swing Low: 3400.0
2025-05-27 12:37:53 - supportresistantanalyzer - INFO - [logger.py:103] - Поточна ціна: 4285.08, діапазон: 1539.19
2025-05-27 12:39:20 - supportresistantanalyzer - INFO - [logger.py:103] - Identified 2 support and 2 resistance levels
2025-05-27 12:39:20 - supportresistantanalyzer - INFO - [logger.py:103] - Використовуємо останні 30 записів для розрахунку Фібоначчі
2025-05-27 12:39:20 - supportresistantanalyzer - INFO - [logger.py:103] - Розраховано 12 рівнів Фібоначчі для downtrend
2025-05-27 12:39:20 - supportresistantanalyzer - INFO - [logger.py:103] - Swing High: 4939.19, Swing Low: 3400.0
2025-05-27 12:39:20 - supportresistantanalyzer - INFO - [logger.py:103] - Поточна ціна: 4285.08, діапазон: 1539.19
